2021-05-07 11:46:04,229 - INFO - Running Bidsearch....
2021-05-07 11:46:06,177 - INFO - Starting at: https://app.bidsearch.com/bids?alertId=601040e8bdfada0021033605&title=Search20210126
2021-05-07 11:48:09,265 - ERROR - Exception occurred
Traceback (most recent call last):
  File "C:\Users\Movie Computer\Desktop\certification-data-scraper\Scrapers\base_scraper.py", line 57, in run
    self.table_len = len(self.get_table())
  File "C:\Users\Movie Computer\Desktop\certification-data-scraper\Scrapers\US\bidsearch.py", line 42, in get_table
    table_parent = self.driver.find_element_by_class_name("chakra-table")
  File "C:\Users\Movie Computer\AppData\Local\Programs\Python\Python38\lib\site-packages\selenium\webdriver\remote\webdriver.py", line 564, in find_element_by_class_name
    return self.find_element(by=By.CLASS_NAME, value=name)
  File "C:\Users\Movie Computer\AppData\Local\Programs\Python\Python38\lib\site-packages\selenium\webdriver\remote\webdriver.py", line 976, in find_element
    return self.execute(Command.FIND_ELEMENT, {
  File "C:\Users\Movie Computer\AppData\Local\Programs\Python\Python38\lib\site-packages\selenium\webdriver\remote\webdriver.py", line 321, in execute
    self.error_handler.check_response(response)
  File "C:\Users\Movie Computer\AppData\Local\Programs\Python\Python38\lib\site-packages\selenium\webdriver\remote\errorhandler.py", line 242, in check_response
    raise exception_class(message, screen, stacktrace)
selenium.common.exceptions.NoSuchElementException: Message: no such element: Unable to locate element: {"method":"css selector","selector":".chakra-table"}
  (Session info: chrome=90.0.4430.93)

2021-05-07 11:48:09,277 - INFO - Stopped at page 1 and on opportunity 2
2021-05-07 11:48:09,278 - INFO - Sheet ID is 15snZKmwKgsQ4DURozGOWl7kZsLefQiApB1Ga2a4yt3s
2021-05-07 11:48:09,298 - WARNING - Retry no. 1
2021-05-07 11:48:10,258 - INFO - Starting at: https://app.bidsearch.com/bids?alertId=601040e8bdfada0021033605&title=Search20210126
2021-05-07 11:51:46,989 - INFO - Running Bidsearch....
2021-05-07 11:51:48,306 - INFO - Starting at: https://app.bidsearch.com/bids?alertId=601040e8bdfada0021033605&title=Search20210126
2021-05-07 11:56:53,799 - INFO - URL being requested: GET https://www.googleapis.com/discovery/v1/apis/drive/v3/rest
2021-05-07 11:56:54,283 - INFO - URL being requested: POST https://www.googleapis.com/drive/v3/files?fields=webViewLink%2C+id&alt=json
2021-05-07 11:57:46,330 - INFO - Number of datapoints: 1
2021-05-07 11:57:46,331 - INFO - Currently at 4 of 102
2021-05-07 11:57:46,331 - INFO - Time to upload...
2021-05-07 11:57:46,340 - INFO - URL being requested: GET https://www.googleapis.com/discovery/v1/apis/sheets/v4/rest
2021-05-07 11:57:49,183 - INFO - URL being requested: POST https://sheets.googleapis.com/v4/spreadsheets/15snZKmwKgsQ4DURozGOWl7kZsLefQiApB1Ga2a4yt3s/values/Blad1:append?valueInputOption=RAW&fields=tableRange&alt=json
2021-05-07 12:00:07,038 - ERROR - Exception occurred
Traceback (most recent call last):
  File "C:\Users\Movie Computer\Desktop\certification-data-scraper\Scrapers\base_scraper.py", line 64, in run
    data = self.click_links()
  File "C:\Users\Movie Computer\Desktop\certification-data-scraper\Scrapers\US\bidsearch.py", line 57, in click_links
    data = self.extract_bidsearch_info([link] + info_list)
  File "C:\Users\Movie Computer\Desktop\certification-data-scraper\Scrapers\US\bidsearch.py", line 104, in extract_bidsearch_info
    description += "{} ".format(el.text)
  File "C:\Users\Movie Computer\AppData\Local\Programs\Python\Python38\lib\site-packages\selenium\webdriver\remote\webelement.py", line 76, in text
    return self._execute(Command.GET_ELEMENT_TEXT)['value']
  File "C:\Users\Movie Computer\AppData\Local\Programs\Python\Python38\lib\site-packages\selenium\webdriver\remote\webelement.py", line 633, in _execute
    return self._parent.execute(command, params)
  File "C:\Users\Movie Computer\AppData\Local\Programs\Python\Python38\lib\site-packages\selenium\webdriver\remote\webdriver.py", line 321, in execute
    self.error_handler.check_response(response)
  File "C:\Users\Movie Computer\AppData\Local\Programs\Python\Python38\lib\site-packages\selenium\webdriver\remote\errorhandler.py", line 242, in check_response
    raise exception_class(message, screen, stacktrace)
selenium.common.exceptions.StaleElementReferenceException: Message: stale element reference: element is not attached to the page document
  (Session info: chrome=90.0.4430.93)

2021-05-07 12:00:07,116 - INFO - Stopped at page 1 and on opportunity 6
2021-05-07 12:00:07,117 - INFO - Sheet ID is 15snZKmwKgsQ4DURozGOWl7kZsLefQiApB1Ga2a4yt3s
2021-05-07 12:00:07,126 - WARNING - Retry no. 1
2021-05-07 12:00:08,515 - INFO - Starting at: https://app.bidsearch.com/bids?alertId=601040e8bdfada0021033605&title=Search20210126
2021-05-07 12:03:56,431 - INFO - URL being requested: GET https://www.googleapis.com/discovery/v1/apis/drive/v3/rest
2021-05-07 12:03:56,956 - INFO - URL being requested: POST https://www.googleapis.com/drive/v3/files?fields=webViewLink%2C+id&alt=json
2021-05-07 12:03:57,915 - INFO - URL being requested: POST https://www.googleapis.com/upload/drive/v3/files?fields=id&alt=json&uploadType=multipart
2021-05-07 12:04:49,550 - INFO - Number of datapoints: 2
2021-05-07 12:04:49,550 - INFO - Currently at 7 of 102
2021-05-07 12:04:49,551 - INFO - Time to upload...
2021-05-07 12:04:49,560 - INFO - URL being requested: GET https://www.googleapis.com/discovery/v1/apis/sheets/v4/rest
2021-05-07 12:04:51,680 - INFO - URL being requested: POST https://sheets.googleapis.com/v4/spreadsheets/15snZKmwKgsQ4DURozGOWl7kZsLefQiApB1Ga2a4yt3s/values/Blad1:append?valueInputOption=RAW&fields=tableRange&alt=json
2021-05-07 12:06:36,238 - INFO - Number of datapoints: 3
2021-05-07 12:06:36,239 - INFO - Currently at 8 of 102
2021-05-07 12:06:36,240 - INFO - Time to upload...
2021-05-07 12:06:36,249 - INFO - URL being requested: GET https://www.googleapis.com/discovery/v1/apis/sheets/v4/rest
2021-05-07 12:06:39,268 - INFO - URL being requested: POST https://sheets.googleapis.com/v4/spreadsheets/15snZKmwKgsQ4DURozGOWl7kZsLefQiApB1Ga2a4yt3s/values/Blad1:append?valueInputOption=RAW&fields=tableRange&alt=json
2021-05-07 12:10:14,164 - ERROR - Exception occurred
Traceback (most recent call last):
  File "C:\Users\Movie Computer\Desktop\certification-data-scraper\Scrapers\base_scraper.py", line 64, in run
    data = self.click_links()
  File "C:\Users\Movie Computer\Desktop\certification-data-scraper\Scrapers\US\bidsearch.py", line 57, in click_links
    data = self.extract_bidsearch_info([link] + info_list)
  File "C:\Users\Movie Computer\Desktop\certification-data-scraper\Scrapers\US\bidsearch.py", line 104, in extract_bidsearch_info
    description += "{} ".format(el.text)
  File "C:\Users\Movie Computer\AppData\Local\Programs\Python\Python38\lib\site-packages\selenium\webdriver\remote\webelement.py", line 76, in text
    return self._execute(Command.GET_ELEMENT_TEXT)['value']
  File "C:\Users\Movie Computer\AppData\Local\Programs\Python\Python38\lib\site-packages\selenium\webdriver\remote\webelement.py", line 633, in _execute
    return self._parent.execute(command, params)
  File "C:\Users\Movie Computer\AppData\Local\Programs\Python\Python38\lib\site-packages\selenium\webdriver\remote\webdriver.py", line 321, in execute
    self.error_handler.check_response(response)
  File "C:\Users\Movie Computer\AppData\Local\Programs\Python\Python38\lib\site-packages\selenium\webdriver\remote\errorhandler.py", line 242, in check_response
    raise exception_class(message, screen, stacktrace)
selenium.common.exceptions.StaleElementReferenceException: Message: stale element reference: element is not attached to the page document
  (Session info: chrome=90.0.4430.93)

2021-05-07 12:10:14,168 - INFO - Stopped at page 1 and on opportunity 12
2021-05-07 12:10:14,168 - INFO - Sheet ID is 15snZKmwKgsQ4DURozGOWl7kZsLefQiApB1Ga2a4yt3s
2021-05-07 12:10:14,173 - WARNING - Retry no. 2
2021-05-07 12:10:15,259 - INFO - Starting at: https://app.bidsearch.com/bids?alertId=601040e8bdfada0021033605&title=Search20210126
2021-05-07 12:13:15,961 - INFO - Number of datapoints: 4
2021-05-07 12:13:15,962 - INFO - Currently at 13 of 102
2021-05-07 12:13:15,962 - INFO - Time to upload...
2021-05-07 12:13:15,972 - INFO - URL being requested: GET https://www.googleapis.com/discovery/v1/apis/sheets/v4/rest
2021-05-07 12:13:18,793 - INFO - URL being requested: POST https://sheets.googleapis.com/v4/spreadsheets/15snZKmwKgsQ4DURozGOWl7kZsLefQiApB1Ga2a4yt3s/values/Blad1:append?valueInputOption=RAW&fields=tableRange&alt=json
2021-05-07 12:17:35,636 - INFO - URL being requested: GET https://www.googleapis.com/discovery/v1/apis/drive/v3/rest
2021-05-07 12:17:35,942 - INFO - URL being requested: POST https://www.googleapis.com/drive/v3/files?fields=webViewLink%2C+id&alt=json
2021-05-07 12:17:36,870 - INFO - URL being requested: POST https://www.googleapis.com/upload/drive/v3/files?fields=id&alt=json&uploadType=multipart
2021-05-07 12:17:38,223 - INFO - URL being requested: POST https://www.googleapis.com/upload/drive/v3/files?fields=id&alt=json&uploadType=multipart
2021-05-07 12:18:30,673 - INFO - Number of datapoints: 5
2021-05-07 12:18:30,674 - INFO - Currently at 16 of 102
2021-05-07 12:18:30,674 - INFO - Time to upload...
2021-05-07 12:18:30,683 - INFO - URL being requested: GET https://www.googleapis.com/discovery/v1/apis/sheets/v4/rest
2021-05-07 12:18:33,294 - INFO - URL being requested: POST https://sheets.googleapis.com/v4/spreadsheets/15snZKmwKgsQ4DURozGOWl7kZsLefQiApB1Ga2a4yt3s/values/Blad1:append?valueInputOption=RAW&fields=tableRange&alt=json
2021-05-07 12:20:31,386 - INFO - Number of datapoints: 6
2021-05-07 12:20:31,387 - INFO - Currently at 17 of 102
2021-05-07 12:20:31,388 - INFO - Time to upload...
2021-05-07 12:20:31,407 - INFO - URL being requested: GET https://www.googleapis.com/discovery/v1/apis/sheets/v4/rest
2021-05-07 12:20:33,644 - INFO - URL being requested: POST https://sheets.googleapis.com/v4/spreadsheets/15snZKmwKgsQ4DURozGOWl7kZsLefQiApB1Ga2a4yt3s/values/Blad1:append?valueInputOption=RAW&fields=tableRange&alt=json
2021-05-07 12:24:14,842 - INFO - URL being requested: GET https://www.googleapis.com/discovery/v1/apis/drive/v3/rest
2021-05-07 12:24:15,398 - INFO - URL being requested: POST https://www.googleapis.com/drive/v3/files?fields=webViewLink%2C+id&alt=json
2021-05-07 12:24:16,499 - INFO - URL being requested: POST https://www.googleapis.com/upload/drive/v3/files?fields=id&alt=json&uploadType=multipart
2021-05-07 12:24:18,546 - INFO - URL being requested: POST https://www.googleapis.com/upload/drive/v3/files?fields=id&alt=json&uploadType=multipart
2021-05-07 12:25:10,885 - INFO - Number of datapoints: 7
2021-05-07 12:25:10,886 - INFO - Currently at 18 of 102
2021-05-07 12:25:10,886 - INFO - Time to upload...
2021-05-07 12:25:10,895 - INFO - URL being requested: GET https://www.googleapis.com/discovery/v1/apis/sheets/v4/rest
2021-05-07 12:25:13,300 - INFO - URL being requested: POST https://sheets.googleapis.com/v4/spreadsheets/15snZKmwKgsQ4DURozGOWl7kZsLefQiApB1Ga2a4yt3s/values/Blad1:append?valueInputOption=RAW&fields=tableRange&alt=json
2021-05-07 12:28:42,849 - INFO - undefined: <PDFCIDFont: basefont='61E15a0TimesNewRoman,Bold', cidcoding='Adobe-UCS'>, 4
2021-05-07 12:28:42,850 - INFO - undefined: <PDFCIDFont: basefont='61E15a0TimesNewRoman,Bold', cidcoding='Adobe-UCS'>, 5
2021-05-07 12:28:42,851 - INFO - undefined: <PDFCIDFont: basefont='61E15a0TimesNewRoman,Bold', cidcoding='Adobe-UCS'>, 5
2021-05-07 12:28:42,851 - INFO - undefined: <PDFCIDFont: basefont='61E15a0TimesNewRoman,Bold', cidcoding='Adobe-UCS'>, 6
2021-05-07 12:28:42,852 - INFO - undefined: <PDFCIDFont: basefont='61E15a0TimesNewRoman,Bold', cidcoding='Adobe-UCS'>, 7
2021-05-07 12:28:42,852 - INFO - undefined: <PDFCIDFont: basefont='61E15a0TimesNewRoman,Bold', cidcoding='Adobe-UCS'>, 6
2021-05-07 12:28:42,853 - INFO - undefined: <PDFCIDFont: basefont='61E15a0TimesNewRoman,Bold', cidcoding='Adobe-UCS'>, 8
2021-05-07 12:28:42,854 - INFO - undefined: <PDFCIDFont: basefont='61E15a0TimesNewRoman,Bold', cidcoding='Adobe-UCS'>, 9
2021-05-07 12:28:42,854 - INFO - undefined: <PDFCIDFont: basefont='61E15a0TimesNewRoman,Bold', cidcoding='Adobe-UCS'>, 4
2021-05-07 12:28:42,855 - INFO - undefined: <PDFCIDFont: basefont='61E15a0TimesNewRoman,Bold', cidcoding='Adobe-UCS'>, 10
2021-05-07 12:28:42,855 - INFO - undefined: <PDFCIDFont: basefont='61E15a0TimesNewRoman,Bold', cidcoding='Adobe-UCS'>, 7
2021-05-07 12:28:42,856 - INFO - undefined: <PDFCIDFont: basefont='61E15a0TimesNewRoman,Bold', cidcoding='Adobe-UCS'>, 11
2021-05-07 12:28:42,856 - INFO - undefined: <PDFCIDFont: basefont='61E15a0TimesNewRoman,Bold', cidcoding='Adobe-UCS'>, 12
2021-05-07 12:28:42,857 - INFO - undefined: <PDFCIDFont: basefont='61E15a0TimesNewRoman,Bold', cidcoding='Adobe-UCS'>, 13
2021-05-07 12:28:42,858 - INFO - undefined: <PDFCIDFont: basefont='61E15a0TimesNewRoman,Bold', cidcoding='Adobe-UCS'>, 14
2021-05-07 12:28:42,858 - INFO - undefined: <PDFCIDFont: basefont='61E15a0TimesNewRoman,Bold', cidcoding='Adobe-UCS'>, 4
2021-05-07 12:28:42,859 - INFO - undefined: <PDFCIDFont: basefont='61E15a0TimesNewRoman,Bold', cidcoding='Adobe-UCS'>, 9
2021-05-07 12:28:42,859 - INFO - undefined: <PDFCIDFont: basefont='61E15a0TimesNewRoman,Bold', cidcoding='Adobe-UCS'>, 5
2021-05-07 12:28:42,860 - INFO - undefined: <PDFCIDFont: basefont='61E15a0TimesNewRoman,Bold', cidcoding='Adobe-UCS'>, 15
2021-05-07 12:28:42,861 - INFO - undefined: <PDFCIDFont: basefont='61E15a0TimesNewRoman,Bold', cidcoding='Adobe-UCS'>, 8
2021-05-07 12:28:42,861 - INFO - undefined: <PDFCIDFont: basefont='61E15a0TimesNewRoman,Bold', cidcoding='Adobe-UCS'>, 9
2021-05-07 12:28:42,862 - INFO - undefined: <PDFCIDFont: basefont='61E15a0TimesNewRoman,Bold', cidcoding='Adobe-UCS'>, 5
2021-05-07 12:28:42,862 - INFO - undefined: <PDFCIDFont: basefont='61E15a0TimesNewRoman,Bold', cidcoding='Adobe-UCS'>, 6
2021-05-07 12:28:42,863 - INFO - undefined: <PDFCIDFont: basefont='61E15a0TimesNewRoman,Bold', cidcoding='Adobe-UCS'>, 7
2021-05-07 12:28:42,863 - INFO - undefined: <PDFCIDFont: basefont='61E15a0TimesNewRoman,Bold', cidcoding='Adobe-UCS'>, 6
2021-05-07 12:28:42,864 - INFO - undefined: <PDFCIDFont: basefont='61E15a0TimesNewRoman,Bold', cidcoding='Adobe-UCS'>, 8
2021-05-07 12:28:42,864 - INFO - undefined: <PDFCIDFont: basefont='61E15a0TimesNewRoman,Bold', cidcoding='Adobe-UCS'>, 9
2021-05-07 12:28:42,865 - INFO - undefined: <PDFCIDFont: basefont='61E15a0TimesNewRoman,Bold', cidcoding='Adobe-UCS'>, 14
2021-05-07 12:28:42,870 - INFO - undefined: <PDFCIDFont: basefont='62E15a3TimesNewRoman', cidcoding='Adobe-UCS'>, 4
2021-05-07 12:28:42,871 - INFO - undefined: <PDFCIDFont: basefont='62E15a3TimesNewRoman', cidcoding='Adobe-UCS'>, 5
2021-05-07 12:28:42,871 - INFO - undefined: <PDFCIDFont: basefont='62E15a3TimesNewRoman', cidcoding='Adobe-UCS'>, 5
2021-05-07 12:28:42,872 - INFO - undefined: <PDFCIDFont: basefont='62E15a3TimesNewRoman', cidcoding='Adobe-UCS'>, 6
2021-05-07 12:28:42,872 - INFO - undefined: <PDFCIDFont: basefont='62E15a3TimesNewRoman', cidcoding='Adobe-UCS'>, 7
2021-05-07 12:28:42,873 - INFO - undefined: <PDFCIDFont: basefont='62E15a3TimesNewRoman', cidcoding='Adobe-UCS'>, 7
2021-05-07 12:28:42,873 - INFO - undefined: <PDFCIDFont: basefont='62E15a3TimesNewRoman', cidcoding='Adobe-UCS'>, 6
2021-05-07 12:28:42,874 - INFO - undefined: <PDFCIDFont: basefont='62E15a3TimesNewRoman', cidcoding='Adobe-UCS'>, 8
2021-05-07 12:28:42,875 - INFO - undefined: <PDFCIDFont: basefont='62E15a3TimesNewRoman', cidcoding='Adobe-UCS'>, 9
2021-05-07 12:28:42,876 - INFO - undefined: <PDFCIDFont: basefont='62E15a3TimesNewRoman', cidcoding='Adobe-UCS'>, 5
2021-05-07 12:28:42,876 - INFO - undefined: <PDFCIDFont: basefont='62E15a3TimesNewRoman', cidcoding='Adobe-UCS'>, 10
2021-05-07 12:28:42,877 - INFO - undefined: <PDFCIDFont: basefont='62E15a3TimesNewRoman', cidcoding='Adobe-UCS'>, 10
2021-05-07 12:28:42,878 - INFO - undefined: <PDFCIDFont: basefont='62E15a3TimesNewRoman', cidcoding='Adobe-UCS'>, 11
2021-05-07 12:28:42,878 - INFO - undefined: <PDFCIDFont: basefont='62E15a3TimesNewRoman', cidcoding='Adobe-UCS'>, 8
2021-05-07 12:28:42,879 - INFO - undefined: <PDFCIDFont: basefont='62E15a3TimesNewRoman', cidcoding='Adobe-UCS'>, 12
2021-05-07 12:28:42,880 - INFO - undefined: <PDFCIDFont: basefont='62E15a3TimesNewRoman', cidcoding='Adobe-UCS'>, 13
2021-05-07 12:28:42,881 - INFO - undefined: <PDFCIDFont: basefont='62E15a3TimesNewRoman', cidcoding='Adobe-UCS'>, 5
2021-05-07 12:28:42,881 - INFO - undefined: <PDFCIDFont: basefont='62E15a3TimesNewRoman', cidcoding='Adobe-UCS'>, 14
2021-05-07 12:28:42,882 - INFO - undefined: <PDFCIDFont: basefont='62E15a3TimesNewRoman', cidcoding='Adobe-UCS'>, 7
2021-05-07 12:28:42,882 - INFO - undefined: <PDFCIDFont: basefont='62E15a3TimesNewRoman', cidcoding='Adobe-UCS'>, 15
2021-05-07 12:28:42,883 - INFO - undefined: <PDFCIDFont: basefont='62E15a3TimesNewRoman', cidcoding='Adobe-UCS'>, 16
2021-05-07 12:28:42,884 - INFO - undefined: <PDFCIDFont: basefont='62E15a3TimesNewRoman', cidcoding='Adobe-UCS'>, 17
2021-05-07 12:28:42,884 - INFO - undefined: <PDFCIDFont: basefont='62E15a3TimesNewRoman', cidcoding='Adobe-UCS'>, 18
2021-05-07 12:28:42,885 - INFO - undefined: <PDFCIDFont: basefont='62E15a3TimesNewRoman', cidcoding='Adobe-UCS'>, 11
2021-05-07 12:28:42,886 - INFO - undefined: <PDFCIDFont: basefont='62E15a3TimesNewRoman', cidcoding='Adobe-UCS'>, 19
2021-05-07 12:28:42,886 - INFO - undefined: <PDFCIDFont: basefont='62E15a3TimesNewRoman', cidcoding='Adobe-UCS'>, 6
2021-05-07 12:28:42,887 - INFO - undefined: <PDFCIDFont: basefont='62E15a3TimesNewRoman', cidcoding='Adobe-UCS'>, 10
2021-05-07 12:28:42,888 - INFO - undefined: <PDFCIDFont: basefont='62E15a3TimesNewRoman', cidcoding='Adobe-UCS'>, 10
2021-05-07 12:28:42,888 - INFO - undefined: <PDFCIDFont: basefont='62E15a3TimesNewRoman', cidcoding='Adobe-UCS'>, 20
2021-05-07 12:28:42,889 - INFO - undefined: <PDFCIDFont: basefont='62E15a3TimesNewRoman', cidcoding='Adobe-UCS'>, 7
2021-05-07 12:28:42,890 - INFO - undefined: <PDFCIDFont: basefont='62E15a3TimesNewRoman', cidcoding='Adobe-UCS'>, 20
2021-05-07 12:28:42,890 - INFO - undefined: <PDFCIDFont: basefont='62E15a3TimesNewRoman', cidcoding='Adobe-UCS'>, 11
2021-05-07 12:28:42,891 - INFO - undefined: <PDFCIDFont: basefont='62E15a3TimesNewRoman', cidcoding='Adobe-UCS'>, 14
2021-05-07 12:28:42,891 - INFO - undefined: <PDFCIDFont: basefont='62E15a3TimesNewRoman', cidcoding='Adobe-UCS'>, 6
2021-05-07 12:28:42,892 - INFO - undefined: <PDFCIDFont: basefont='62E15a3TimesNewRoman', cidcoding='Adobe-UCS'>, 21
2021-05-07 12:28:42,893 - INFO - undefined: <PDFCIDFont: basefont='62E15a3TimesNewRoman', cidcoding='Adobe-UCS'>, 22
2021-05-07 12:28:42,893 - INFO - undefined: <PDFCIDFont: basefont='62E15a3TimesNewRoman', cidcoding='Adobe-UCS'>, 5
2021-05-07 12:28:42,894 - INFO - undefined: <PDFCIDFont: basefont='62E15a3TimesNewRoman', cidcoding='Adobe-UCS'>, 19
2021-05-07 12:28:42,895 - INFO - undefined: <PDFCIDFont: basefont='62E15a3TimesNewRoman', cidcoding='Adobe-UCS'>, 13
2021-05-07 12:28:42,895 - INFO - undefined: <PDFCIDFont: basefont='62E15a3TimesNewRoman', cidcoding='Adobe-UCS'>, 16
2021-05-07 12:28:42,896 - INFO - undefined: <PDFCIDFont: basefont='62E15a3TimesNewRoman', cidcoding='Adobe-UCS'>, 6
2021-05-07 12:28:42,897 - INFO - undefined: <PDFCIDFont: basefont='62E15a3TimesNewRoman', cidcoding='Adobe-UCS'>, 14
2021-05-07 12:28:42,897 - INFO - undefined: <PDFCIDFont: basefont='62E15a3TimesNewRoman', cidcoding='Adobe-UCS'>, 10
2021-05-07 12:28:42,898 - INFO - undefined: <PDFCIDFont: basefont='62E15a3TimesNewRoman', cidcoding='Adobe-UCS'>, 23
2021-05-07 12:28:42,899 - INFO - undefined: <PDFCIDFont: basefont='62E15a3TimesNewRoman', cidcoding='Adobe-UCS'>, 11
2021-05-07 12:28:42,899 - INFO - undefined: <PDFCIDFont: basefont='62E15a3TimesNewRoman', cidcoding='Adobe-UCS'>, 14
2021-05-07 12:28:42,900 - INFO - undefined: <PDFCIDFont: basefont='62E15a3TimesNewRoman', cidcoding='Adobe-UCS'>, 10
2021-05-07 12:28:42,901 - INFO - undefined: <PDFCIDFont: basefont='62E15a3TimesNewRoman', cidcoding='Adobe-UCS'>, 20
2021-05-07 12:28:42,901 - INFO - undefined: <PDFCIDFont: basefont='62E15a3TimesNewRoman', cidcoding='Adobe-UCS'>, 7
2021-05-07 12:28:42,902 - INFO - undefined: <PDFCIDFont: basefont='62E15a3TimesNewRoman', cidcoding='Adobe-UCS'>, 20
2021-05-07 12:28:42,903 - INFO - undefined: <PDFCIDFont: basefont='62E15a3TimesNewRoman', cidcoding='Adobe-UCS'>, 11
2021-05-07 12:28:42,903 - INFO - undefined: <PDFCIDFont: basefont='62E15a3TimesNewRoman', cidcoding='Adobe-UCS'>, 14
2021-05-07 12:28:42,904 - INFO - undefined: <PDFCIDFont: basefont='62E15a3TimesNewRoman', cidcoding='Adobe-UCS'>, 16
2021-05-07 12:29:09,052 - INFO - URL being requested: GET https://www.googleapis.com/discovery/v1/apis/drive/v3/rest
2021-05-07 12:29:09,385 - INFO - URL being requested: POST https://www.googleapis.com/drive/v3/files?fields=webViewLink%2C+id&alt=json
2021-05-07 12:29:10,638 - INFO - URL being requested: POST https://www.googleapis.com/upload/drive/v3/files?fields=id&alt=json&uploadType=multipart
2021-05-07 12:29:13,305 - INFO - URL being requested: POST https://www.googleapis.com/upload/drive/v3/files?fields=id&alt=json&uploadType=multipart
2021-05-07 12:29:14,543 - INFO - URL being requested: POST https://www.googleapis.com/upload/drive/v3/files?fields=id&alt=json&uploadType=multipart
2021-05-07 12:30:07,173 - INFO - Number of datapoints: 8
2021-05-07 12:30:07,173 - INFO - Currently at 19 of 102
2021-05-07 12:30:07,174 - INFO - Time to upload...
2021-05-07 12:30:07,193 - INFO - URL being requested: GET https://www.googleapis.com/discovery/v1/apis/sheets/v4/rest
2021-05-07 12:30:09,445 - INFO - URL being requested: POST https://sheets.googleapis.com/v4/spreadsheets/15snZKmwKgsQ4DURozGOWl7kZsLefQiApB1Ga2a4yt3s/values/Blad1:append?valueInputOption=RAW&fields=tableRange&alt=json
2021-05-07 12:32:07,624 - INFO - Number of datapoints: 9
2021-05-07 12:32:07,625 - INFO - Currently at 20 of 102
2021-05-07 12:32:07,625 - INFO - Time to upload...
2021-05-07 12:32:07,644 - INFO - URL being requested: GET https://www.googleapis.com/discovery/v1/apis/sheets/v4/rest
2021-05-07 12:32:09,917 - INFO - URL being requested: POST https://sheets.googleapis.com/v4/spreadsheets/15snZKmwKgsQ4DURozGOWl7kZsLefQiApB1Ga2a4yt3s/values/Blad1:append?valueInputOption=RAW&fields=tableRange&alt=json
2021-05-07 12:35:28,418 - INFO - URL being requested: GET https://www.googleapis.com/discovery/v1/apis/drive/v3/rest
2021-05-07 12:35:28,645 - INFO - URL being requested: POST https://www.googleapis.com/drive/v3/files?fields=webViewLink%2C+id&alt=json
2021-05-07 12:35:29,541 - INFO - URL being requested: POST https://www.googleapis.com/upload/drive/v3/files?fields=id&alt=json&uploadType=multipart
2021-05-07 12:35:30,776 - INFO - URL being requested: POST https://www.googleapis.com/upload/drive/v3/files?fields=id&alt=json&uploadType=multipart
2021-05-07 12:35:32,019 - INFO - URL being requested: POST https://www.googleapis.com/upload/drive/v3/files?fields=id&alt=json&uploadType=multipart
2021-05-07 12:35:33,103 - INFO - URL being requested: POST https://www.googleapis.com/upload/drive/v3/files?fields=id&alt=json&uploadType=multipart
2021-05-07 12:36:25,295 - INFO - Number of datapoints: 10
2021-05-07 12:36:25,296 - INFO - Currently at 21 of 102
2021-05-07 12:36:25,296 - INFO - Time to upload...
2021-05-07 12:36:25,307 - INFO - URL being requested: GET https://www.googleapis.com/discovery/v1/apis/sheets/v4/rest
2021-05-07 12:36:27,446 - INFO - URL being requested: POST https://sheets.googleapis.com/v4/spreadsheets/15snZKmwKgsQ4DURozGOWl7kZsLefQiApB1Ga2a4yt3s/values/Blad1:append?valueInputOption=RAW&fields=tableRange&alt=json
2021-05-07 12:38:52,455 - INFO - Number of datapoints: 11
2021-05-07 12:38:52,456 - INFO - Currently at 23 of 102
2021-05-07 12:38:52,456 - INFO - Time to upload...
2021-05-07 12:38:52,466 - INFO - URL being requested: GET https://www.googleapis.com/discovery/v1/apis/sheets/v4/rest
2021-05-07 12:38:55,019 - INFO - URL being requested: POST https://sheets.googleapis.com/v4/spreadsheets/15snZKmwKgsQ4DURozGOWl7kZsLefQiApB1Ga2a4yt3s/values/Blad1:append?valueInputOption=RAW&fields=tableRange&alt=json
2021-05-07 12:41:46,757 - INFO - URL being requested: GET https://www.googleapis.com/discovery/v1/apis/drive/v3/rest
2021-05-07 12:41:46,986 - INFO - URL being requested: POST https://www.googleapis.com/drive/v3/files?fields=webViewLink%2C+id&alt=json
2021-05-07 12:41:48,909 - INFO - URL being requested: POST https://www.googleapis.com/upload/drive/v3/files?fields=id&alt=json&uploadType=multipart
2021-05-07 12:42:41,318 - INFO - Number of datapoints: 12
2021-05-07 12:42:41,318 - INFO - Currently at 24 of 102
2021-05-07 12:42:41,319 - INFO - Time to upload...
2021-05-07 12:42:41,338 - INFO - URL being requested: GET https://www.googleapis.com/discovery/v1/apis/sheets/v4/rest
2021-05-07 12:42:43,724 - INFO - URL being requested: POST https://sheets.googleapis.com/v4/spreadsheets/15snZKmwKgsQ4DURozGOWl7kZsLefQiApB1Ga2a4yt3s/values/Blad1:append?valueInputOption=RAW&fields=tableRange&alt=json
2021-05-07 12:44:39,474 - INFO - Number of datapoints: 13
2021-05-07 12:44:39,475 - INFO - Currently at 25 of 102
2021-05-07 12:44:39,475 - INFO - Time to upload...
2021-05-07 12:44:39,484 - INFO - URL being requested: GET https://www.googleapis.com/discovery/v1/apis/sheets/v4/rest
2021-05-07 12:44:42,060 - INFO - URL being requested: POST https://sheets.googleapis.com/v4/spreadsheets/15snZKmwKgsQ4DURozGOWl7kZsLefQiApB1Ga2a4yt3s/values/Blad1:append?valueInputOption=RAW&fields=tableRange&alt=json
2021-05-07 12:46:26,243 - INFO - Number of datapoints: 14
2021-05-07 12:46:26,244 - INFO - Currently at 26 of 102
2021-05-07 12:46:26,245 - INFO - Time to upload...
2021-05-07 12:46:26,254 - INFO - URL being requested: GET https://www.googleapis.com/discovery/v1/apis/sheets/v4/rest
2021-05-07 12:46:28,185 - INFO - URL being requested: POST https://sheets.googleapis.com/v4/spreadsheets/15snZKmwKgsQ4DURozGOWl7kZsLefQiApB1Ga2a4yt3s/values/Blad1:append?valueInputOption=RAW&fields=tableRange&alt=json
2021-05-07 12:49:00,385 - INFO - Number of datapoints: 15
2021-05-07 12:49:00,386 - INFO - Currently at 27 of 102
2021-05-07 12:49:00,386 - INFO - Time to upload...
2021-05-07 12:49:00,409 - INFO - URL being requested: GET https://www.googleapis.com/discovery/v1/apis/sheets/v4/rest
2021-05-07 12:49:02,951 - INFO - URL being requested: POST https://sheets.googleapis.com/v4/spreadsheets/15snZKmwKgsQ4DURozGOWl7kZsLefQiApB1Ga2a4yt3s/values/Blad1:append?valueInputOption=RAW&fields=tableRange&alt=json
2021-05-07 12:50:55,649 - INFO - Number of datapoints: 16
2021-05-07 12:50:55,650 - INFO - Currently at 28 of 102
2021-05-07 12:50:55,651 - INFO - Time to upload...
2021-05-07 12:50:55,659 - INFO - URL being requested: GET https://www.googleapis.com/discovery/v1/apis/sheets/v4/rest
2021-05-07 12:50:57,644 - INFO - URL being requested: POST https://sheets.googleapis.com/v4/spreadsheets/15snZKmwKgsQ4DURozGOWl7kZsLefQiApB1Ga2a4yt3s/values/Blad1:append?valueInputOption=RAW&fields=tableRange&alt=json
2021-05-07 12:52:45,752 - INFO - Number of datapoints: 17
2021-05-07 12:52:45,753 - INFO - Currently at 29 of 102
2021-05-07 12:52:45,753 - INFO - Time to upload...
2021-05-07 12:52:45,767 - INFO - URL being requested: GET https://www.googleapis.com/discovery/v1/apis/sheets/v4/rest
2021-05-07 12:52:47,971 - INFO - URL being requested: POST https://sheets.googleapis.com/v4/spreadsheets/15snZKmwKgsQ4DURozGOWl7kZsLefQiApB1Ga2a4yt3s/values/Blad1:append?valueInputOption=RAW&fields=tableRange&alt=json
2021-05-07 12:55:42,064 - INFO - URL being requested: GET https://www.googleapis.com/discovery/v1/apis/drive/v3/rest
2021-05-07 12:55:42,667 - INFO - URL being requested: POST https://www.googleapis.com/drive/v3/files?fields=webViewLink%2C+id&alt=json
2021-05-07 12:55:43,822 - INFO - URL being requested: POST https://www.googleapis.com/upload/drive/v3/files?fields=id&alt=json&uploadType=multipart
2021-05-07 12:55:44,963 - INFO - URL being requested: POST https://www.googleapis.com/upload/drive/v3/files?fields=id&alt=json&uploadType=multipart
2021-05-07 12:56:36,666 - INFO - Number of datapoints: 18
2021-05-07 12:56:36,666 - INFO - Currently at 30 of 102
2021-05-07 12:56:36,667 - INFO - Time to upload...
2021-05-07 12:56:36,676 - INFO - URL being requested: GET https://www.googleapis.com/discovery/v1/apis/sheets/v4/rest
2021-05-07 12:56:38,638 - INFO - URL being requested: POST https://sheets.googleapis.com/v4/spreadsheets/15snZKmwKgsQ4DURozGOWl7kZsLefQiApB1Ga2a4yt3s/values/Blad1:append?valueInputOption=RAW&fields=tableRange&alt=json
2021-05-07 12:58:23,476 - INFO - Number of datapoints: 19
2021-05-07 12:58:23,476 - INFO - Currently at 31 of 102
2021-05-07 12:58:23,477 - INFO - Time to upload...
2021-05-07 12:58:23,497 - INFO - URL being requested: GET https://www.googleapis.com/discovery/v1/apis/sheets/v4/rest
2021-05-07 12:58:25,656 - INFO - URL being requested: POST https://sheets.googleapis.com/v4/spreadsheets/15snZKmwKgsQ4DURozGOWl7kZsLefQiApB1Ga2a4yt3s/values/Blad1:append?valueInputOption=RAW&fields=tableRange&alt=json
2021-05-07 13:02:43,551 - INFO - URL being requested: GET https://www.googleapis.com/discovery/v1/apis/drive/v3/rest
2021-05-07 13:02:43,889 - INFO - URL being requested: POST https://www.googleapis.com/drive/v3/files?fields=webViewLink%2C+id&alt=json
2021-05-07 13:02:44,747 - INFO - URL being requested: POST https://www.googleapis.com/upload/drive/v3/files?fields=id&alt=json&uploadType=multipart
2021-05-07 13:02:46,082 - INFO - URL being requested: POST https://www.googleapis.com/upload/drive/v3/files?fields=id&alt=json&uploadType=multipart
2021-05-07 13:03:39,921 - INFO - Number of datapoints: 20
2021-05-07 13:03:39,921 - INFO - Currently at 33 of 102
2021-05-07 13:03:39,922 - INFO - Time to upload...
2021-05-07 13:03:39,928 - INFO - URL being requested: GET https://www.googleapis.com/discovery/v1/apis/sheets/v4/rest
2021-05-07 13:03:41,676 - INFO - URL being requested: POST https://sheets.googleapis.com/v4/spreadsheets/15snZKmwKgsQ4DURozGOWl7kZsLefQiApB1Ga2a4yt3s/values/Blad1:append?valueInputOption=RAW&fields=tableRange&alt=json
2021-05-07 13:07:36,520 - INFO - URL being requested: GET https://www.googleapis.com/discovery/v1/apis/drive/v3/rest
2021-05-07 13:07:36,788 - INFO - URL being requested: POST https://www.googleapis.com/drive/v3/files?fields=webViewLink%2C+id&alt=json
2021-05-07 13:07:37,681 - INFO - URL being requested: POST https://www.googleapis.com/upload/drive/v3/files?fields=id&alt=json&uploadType=multipart
2021-05-07 13:08:29,837 - INFO - Number of datapoints: 21
2021-05-07 13:08:29,838 - INFO - Currently at 34 of 102
2021-05-07 13:08:29,838 - INFO - Time to upload...
2021-05-07 13:08:29,846 - INFO - URL being requested: GET https://www.googleapis.com/discovery/v1/apis/sheets/v4/rest
2021-05-07 13:08:32,298 - INFO - URL being requested: POST https://sheets.googleapis.com/v4/spreadsheets/15snZKmwKgsQ4DURozGOWl7kZsLefQiApB1Ga2a4yt3s/values/Blad1:append?valueInputOption=RAW&fields=tableRange&alt=json
2021-05-07 13:10:19,546 - INFO - Number of datapoints: 22
2021-05-07 13:10:19,547 - INFO - Currently at 35 of 102
2021-05-07 13:10:19,547 - INFO - Time to upload...
2021-05-07 13:10:19,561 - INFO - URL being requested: GET https://www.googleapis.com/discovery/v1/apis/sheets/v4/rest
2021-05-07 13:10:21,562 - INFO - URL being requested: POST https://sheets.googleapis.com/v4/spreadsheets/15snZKmwKgsQ4DURozGOWl7kZsLefQiApB1Ga2a4yt3s/values/Blad1:append?valueInputOption=RAW&fields=tableRange&alt=json
2021-05-07 13:13:18,996 - INFO - URL being requested: GET https://www.googleapis.com/discovery/v1/apis/drive/v3/rest
2021-05-07 13:13:19,407 - INFO - URL being requested: POST https://www.googleapis.com/drive/v3/files?fields=webViewLink%2C+id&alt=json
2021-05-07 13:13:20,332 - INFO - URL being requested: POST https://www.googleapis.com/upload/drive/v3/files?fields=id&alt=json&uploadType=multipart
2021-05-07 13:14:12,032 - INFO - Number of datapoints: 23
2021-05-07 13:14:12,033 - INFO - Currently at 36 of 102
2021-05-07 13:14:12,033 - INFO - Time to upload...
2021-05-07 13:14:12,042 - INFO - URL being requested: GET https://www.googleapis.com/discovery/v1/apis/sheets/v4/rest
2021-05-07 13:14:14,093 - INFO - URL being requested: POST https://sheets.googleapis.com/v4/spreadsheets/15snZKmwKgsQ4DURozGOWl7kZsLefQiApB1Ga2a4yt3s/values/Blad1:append?valueInputOption=RAW&fields=tableRange&alt=json
2021-05-07 13:17:09,850 - INFO - URL being requested: GET https://www.googleapis.com/discovery/v1/apis/drive/v3/rest
2021-05-07 13:17:10,094 - INFO - URL being requested: POST https://www.googleapis.com/drive/v3/files?fields=webViewLink%2C+id&alt=json
2021-05-07 13:17:10,939 - INFO - URL being requested: POST https://www.googleapis.com/upload/drive/v3/files?fields=id&alt=json&uploadType=multipart
2021-05-07 13:18:02,957 - INFO - Number of datapoints: 24
2021-05-07 13:18:02,957 - INFO - Currently at 37 of 102
2021-05-07 13:18:02,961 - INFO - Time to upload...
2021-05-07 13:18:02,969 - INFO - URL being requested: GET https://www.googleapis.com/discovery/v1/apis/sheets/v4/rest
2021-05-07 13:18:04,969 - INFO - URL being requested: POST https://sheets.googleapis.com/v4/spreadsheets/15snZKmwKgsQ4DURozGOWl7kZsLefQiApB1Ga2a4yt3s/values/Blad1:append?valueInputOption=RAW&fields=tableRange&alt=json
2021-05-07 13:21:31,475 - INFO - URL being requested: GET https://www.googleapis.com/discovery/v1/apis/drive/v3/rest
2021-05-07 13:21:31,851 - INFO - URL being requested: POST https://www.googleapis.com/drive/v3/files?fields=webViewLink%2C+id&alt=json
2021-05-07 13:21:32,739 - INFO - URL being requested: POST https://www.googleapis.com/upload/drive/v3/files?fields=id&alt=json&uploadType=multipart
2021-05-07 13:22:24,947 - INFO - Number of datapoints: 25
2021-05-07 13:22:24,948 - INFO - Currently at 39 of 102
2021-05-07 13:22:24,948 - INFO - Time to upload...
2021-05-07 13:22:24,956 - INFO - URL being requested: GET https://www.googleapis.com/discovery/v1/apis/sheets/v4/rest
2021-05-07 13:22:26,885 - INFO - URL being requested: POST https://sheets.googleapis.com/v4/spreadsheets/15snZKmwKgsQ4DURozGOWl7kZsLefQiApB1Ga2a4yt3s/values/Blad1:append?valueInputOption=RAW&fields=tableRange&alt=json
2021-05-07 13:24:10,213 - INFO - Number of datapoints: 26
2021-05-07 13:24:10,213 - INFO - Currently at 40 of 102
2021-05-07 13:24:10,214 - INFO - Time to upload...
2021-05-07 13:24:10,227 - INFO - URL being requested: GET https://www.googleapis.com/discovery/v1/apis/sheets/v4/rest
2021-05-07 13:24:12,510 - INFO - URL being requested: POST https://sheets.googleapis.com/v4/spreadsheets/15snZKmwKgsQ4DURozGOWl7kZsLefQiApB1Ga2a4yt3s/values/Blad1:append?valueInputOption=RAW&fields=tableRange&alt=json
2021-05-07 13:27:35,248 - INFO - URL being requested: GET https://www.googleapis.com/discovery/v1/apis/drive/v3/rest
2021-05-07 13:27:35,530 - INFO - URL being requested: POST https://www.googleapis.com/drive/v3/files?fields=webViewLink%2C+id&alt=json
2021-05-07 13:27:36,437 - INFO - URL being requested: POST https://www.googleapis.com/upload/drive/v3/files?fields=id&alt=json&uploadType=multipart
2021-05-07 13:28:28,737 - INFO - Number of datapoints: 27
2021-05-07 13:28:28,737 - INFO - Currently at 42 of 102
2021-05-07 13:28:28,738 - INFO - Time to upload...
2021-05-07 13:28:28,747 - INFO - URL being requested: GET https://www.googleapis.com/discovery/v1/apis/sheets/v4/rest
2021-05-07 13:28:30,887 - INFO - URL being requested: POST https://sheets.googleapis.com/v4/spreadsheets/15snZKmwKgsQ4DURozGOWl7kZsLefQiApB1Ga2a4yt3s/values/Blad1:append?valueInputOption=RAW&fields=tableRange&alt=json
2021-05-07 13:31:56,658 - INFO - URL being requested: GET https://www.googleapis.com/discovery/v1/apis/drive/v3/rest
2021-05-07 13:31:56,853 - INFO - URL being requested: POST https://www.googleapis.com/drive/v3/files?fields=webViewLink%2C+id&alt=json
2021-05-07 13:31:57,667 - INFO - URL being requested: POST https://www.googleapis.com/upload/drive/v3/files?fields=id&alt=json&uploadType=multipart
2021-05-07 13:32:49,459 - INFO - Number of datapoints: 28
2021-05-07 13:32:49,459 - INFO - Currently at 44 of 102
2021-05-07 13:32:49,460 - INFO - Time to upload...
2021-05-07 13:32:49,470 - INFO - URL being requested: GET https://www.googleapis.com/discovery/v1/apis/sheets/v4/rest
2021-05-07 13:32:51,441 - INFO - URL being requested: POST https://sheets.googleapis.com/v4/spreadsheets/15snZKmwKgsQ4DURozGOWl7kZsLefQiApB1Ga2a4yt3s/values/Blad1:append?valueInputOption=RAW&fields=tableRange&alt=json
2021-05-07 13:35:41,399 - INFO - URL being requested: GET https://www.googleapis.com/discovery/v1/apis/drive/v3/rest
2021-05-07 13:35:41,767 - INFO - URL being requested: POST https://www.googleapis.com/drive/v3/files?fields=webViewLink%2C+id&alt=json
2021-05-07 13:35:42,723 - INFO - URL being requested: POST https://www.googleapis.com/upload/drive/v3/files?fields=id&alt=json&uploadType=multipart
2021-05-07 13:36:34,610 - INFO - Number of datapoints: 29
2021-05-07 13:36:34,611 - INFO - Currently at 45 of 102
2021-05-07 13:36:34,611 - INFO - Time to upload...
2021-05-07 13:36:34,619 - INFO - URL being requested: GET https://www.googleapis.com/discovery/v1/apis/sheets/v4/rest
2021-05-07 13:36:36,740 - INFO - URL being requested: POST https://sheets.googleapis.com/v4/spreadsheets/15snZKmwKgsQ4DURozGOWl7kZsLefQiApB1Ga2a4yt3s/values/Blad1:append?valueInputOption=RAW&fields=tableRange&alt=json
2021-05-07 13:39:21,216 - INFO - Number of datapoints: 30
2021-05-07 13:39:21,216 - INFO - Currently at 47 of 102
2021-05-07 13:39:21,217 - INFO - Time to upload...
2021-05-07 13:39:21,224 - INFO - URL being requested: GET https://www.googleapis.com/discovery/v1/apis/sheets/v4/rest
2021-05-07 13:39:23,519 - INFO - URL being requested: POST https://sheets.googleapis.com/v4/spreadsheets/15snZKmwKgsQ4DURozGOWl7kZsLefQiApB1Ga2a4yt3s/values/Blad1:append?valueInputOption=RAW&fields=tableRange&alt=json
2021-05-07 13:42:11,423 - INFO - URL being requested: GET https://www.googleapis.com/discovery/v1/apis/drive/v3/rest
2021-05-07 13:42:11,670 - INFO - URL being requested: POST https://www.googleapis.com/drive/v3/files?fields=webViewLink%2C+id&alt=json
2021-05-07 13:42:12,589 - INFO - URL being requested: POST https://www.googleapis.com/upload/drive/v3/files?fields=id&alt=json&uploadType=multipart
2021-05-07 13:43:04,752 - INFO - Number of datapoints: 31
2021-05-07 13:43:04,753 - INFO - Currently at 48 of 102
2021-05-07 13:43:04,753 - INFO - Time to upload...
2021-05-07 13:43:04,761 - INFO - URL being requested: GET https://www.googleapis.com/discovery/v1/apis/sheets/v4/rest
2021-05-07 13:43:06,924 - INFO - URL being requested: POST https://sheets.googleapis.com/v4/spreadsheets/15snZKmwKgsQ4DURozGOWl7kZsLefQiApB1Ga2a4yt3s/values/Blad1:append?valueInputOption=RAW&fields=tableRange&alt=json
2021-05-07 13:45:55,645 - INFO - URL being requested: GET https://www.googleapis.com/discovery/v1/apis/drive/v3/rest
2021-05-07 13:45:55,833 - INFO - URL being requested: POST https://www.googleapis.com/drive/v3/files?fields=webViewLink%2C+id&alt=json
2021-05-07 13:45:56,752 - INFO - URL being requested: POST https://www.googleapis.com/upload/drive/v3/files?fields=id&alt=json&uploadType=multipart
2021-05-07 13:46:48,533 - INFO - Number of datapoints: 32
2021-05-07 13:46:48,534 - INFO - Currently at 49 of 102
2021-05-07 13:46:48,534 - INFO - Time to upload...
2021-05-07 13:46:48,543 - INFO - URL being requested: GET https://www.googleapis.com/discovery/v1/apis/sheets/v4/rest
2021-05-07 13:46:50,393 - INFO - URL being requested: POST https://sheets.googleapis.com/v4/spreadsheets/15snZKmwKgsQ4DURozGOWl7kZsLefQiApB1Ga2a4yt3s/values/Blad1:append?valueInputOption=RAW&fields=tableRange&alt=json
2021-05-07 13:49:48,042 - INFO - URL being requested: GET https://www.googleapis.com/discovery/v1/apis/drive/v3/rest
2021-05-07 13:49:48,395 - INFO - URL being requested: POST https://www.googleapis.com/drive/v3/files?fields=webViewLink%2C+id&alt=json
2021-05-07 13:49:49,384 - INFO - URL being requested: POST https://www.googleapis.com/upload/drive/v3/files?fields=id&alt=json&uploadType=multipart
2021-05-07 13:50:41,434 - INFO - Number of datapoints: 33
2021-05-07 13:50:41,435 - INFO - Currently at 50 of 102
2021-05-07 13:50:41,436 - INFO - Time to upload...
2021-05-07 13:50:41,444 - INFO - URL being requested: GET https://www.googleapis.com/discovery/v1/apis/sheets/v4/rest
2021-05-07 13:50:43,578 - INFO - URL being requested: POST https://sheets.googleapis.com/v4/spreadsheets/15snZKmwKgsQ4DURozGOWl7kZsLefQiApB1Ga2a4yt3s/values/Blad1:append?valueInputOption=RAW&fields=tableRange&alt=json
2021-05-07 13:52:26,366 - INFO - Number of datapoints: 34
2021-05-07 13:52:26,367 - INFO - Currently at 51 of 102
2021-05-07 13:52:26,367 - INFO - Time to upload...
2021-05-07 13:52:26,382 - INFO - URL being requested: GET https://www.googleapis.com/discovery/v1/apis/sheets/v4/rest
2021-05-07 13:52:28,710 - INFO - URL being requested: POST https://sheets.googleapis.com/v4/spreadsheets/15snZKmwKgsQ4DURozGOWl7kZsLefQiApB1Ga2a4yt3s/values/Blad1:append?valueInputOption=RAW&fields=tableRange&alt=json
2021-05-07 13:56:07,132 - INFO - URL being requested: GET https://www.googleapis.com/discovery/v1/apis/drive/v3/rest
2021-05-07 13:56:07,344 - INFO - URL being requested: POST https://www.googleapis.com/drive/v3/files?fields=webViewLink%2C+id&alt=json
2021-05-07 13:56:08,396 - INFO - URL being requested: POST https://www.googleapis.com/upload/drive/v3/files?fields=id&alt=json&uploadType=multipart
2021-05-07 13:57:00,442 - INFO - Number of datapoints: 35
2021-05-07 13:57:00,442 - INFO - Currently at 52 of 102
2021-05-07 13:57:00,443 - INFO - Time to upload...
2021-05-07 13:57:00,451 - INFO - URL being requested: GET https://www.googleapis.com/discovery/v1/apis/sheets/v4/rest
2021-05-07 13:57:02,418 - INFO - URL being requested: POST https://sheets.googleapis.com/v4/spreadsheets/15snZKmwKgsQ4DURozGOWl7kZsLefQiApB1Ga2a4yt3s/values/Blad1:append?valueInputOption=RAW&fields=tableRange&alt=json
2021-05-07 13:59:18,259 - INFO - Number of datapoints: 36
2021-05-07 13:59:18,260 - INFO - Currently at 54 of 102
2021-05-07 13:59:18,260 - INFO - Time to upload...
2021-05-07 13:59:18,269 - INFO - URL being requested: GET https://www.googleapis.com/discovery/v1/apis/sheets/v4/rest
2021-05-07 13:59:20,422 - INFO - URL being requested: POST https://sheets.googleapis.com/v4/spreadsheets/15snZKmwKgsQ4DURozGOWl7kZsLefQiApB1Ga2a4yt3s/values/Blad1:append?valueInputOption=RAW&fields=tableRange&alt=json
2021-05-07 14:01:37,659 - INFO - Number of datapoints: 37
2021-05-07 14:01:37,659 - INFO - Currently at 56 of 102
2021-05-07 14:01:37,660 - INFO - Time to upload...
2021-05-07 14:01:37,670 - INFO - URL being requested: GET https://www.googleapis.com/discovery/v1/apis/sheets/v4/rest
2021-05-07 14:01:39,934 - INFO - URL being requested: POST https://sheets.googleapis.com/v4/spreadsheets/15snZKmwKgsQ4DURozGOWl7kZsLefQiApB1Ga2a4yt3s/values/Blad1:append?valueInputOption=RAW&fields=tableRange&alt=json
2021-05-07 14:03:39,774 - INFO - Number of datapoints: 38
2021-05-07 14:03:39,775 - INFO - Currently at 57 of 102
2021-05-07 14:03:39,775 - INFO - Time to upload...
2021-05-07 14:03:39,789 - INFO - URL being requested: GET https://www.googleapis.com/discovery/v1/apis/sheets/v4/rest
2021-05-07 14:03:42,141 - INFO - URL being requested: POST https://sheets.googleapis.com/v4/spreadsheets/15snZKmwKgsQ4DURozGOWl7kZsLefQiApB1Ga2a4yt3s/values/Blad1:append?valueInputOption=RAW&fields=tableRange&alt=json
2021-05-07 14:05:34,582 - INFO - Number of datapoints: 39
2021-05-07 14:05:34,583 - INFO - Currently at 58 of 102
2021-05-07 14:05:34,583 - INFO - Time to upload...
2021-05-07 14:05:34,592 - INFO - URL being requested: GET https://www.googleapis.com/discovery/v1/apis/sheets/v4/rest
2021-05-07 14:05:36,738 - INFO - URL being requested: POST https://sheets.googleapis.com/v4/spreadsheets/15snZKmwKgsQ4DURozGOWl7kZsLefQiApB1Ga2a4yt3s/values/Blad1:append?valueInputOption=RAW&fields=tableRange&alt=json
2021-05-07 14:07:48,800 - INFO - Number of datapoints: 40
2021-05-07 14:07:48,801 - INFO - Currently at 60 of 102
2021-05-07 14:07:48,801 - INFO - Time to upload...
2021-05-07 14:07:48,812 - INFO - URL being requested: GET https://www.googleapis.com/discovery/v1/apis/sheets/v4/rest
2021-05-07 14:07:50,845 - INFO - URL being requested: POST https://sheets.googleapis.com/v4/spreadsheets/15snZKmwKgsQ4DURozGOWl7kZsLefQiApB1Ga2a4yt3s/values/Blad1:append?valueInputOption=RAW&fields=tableRange&alt=json
2021-05-07 14:09:32,803 - INFO - Number of datapoints: 41
2021-05-07 14:09:32,804 - INFO - Currently at 61 of 102
2021-05-07 14:09:32,804 - INFO - Time to upload...
2021-05-07 14:09:32,813 - INFO - URL being requested: GET https://www.googleapis.com/discovery/v1/apis/sheets/v4/rest
2021-05-07 14:09:34,642 - INFO - URL being requested: POST https://sheets.googleapis.com/v4/spreadsheets/15snZKmwKgsQ4DURozGOWl7kZsLefQiApB1Ga2a4yt3s/values/Blad1:append?valueInputOption=RAW&fields=tableRange&alt=json
2021-05-07 14:16:37,146 - INFO - URL being requested: GET https://www.googleapis.com/discovery/v1/apis/drive/v3/rest
2021-05-07 14:16:37,558 - INFO - URL being requested: POST https://www.googleapis.com/drive/v3/files?fields=webViewLink%2C+id&alt=json
2021-05-07 14:16:39,576 - INFO - URL being requested: POST https://www.googleapis.com/upload/drive/v3/files?fields=id&alt=json&uploadType=multipart
2021-05-07 14:17:35,115 - INFO - Number of datapoints: 42
2021-05-07 14:17:35,116 - INFO - Currently at 62 of 102
2021-05-07 14:17:35,116 - INFO - Time to upload...
2021-05-07 14:17:35,125 - INFO - URL being requested: GET https://www.googleapis.com/discovery/v1/apis/sheets/v4/rest
2021-05-07 14:17:37,368 - INFO - URL being requested: POST https://sheets.googleapis.com/v4/spreadsheets/15snZKmwKgsQ4DURozGOWl7kZsLefQiApB1Ga2a4yt3s/values/Blad1:append?valueInputOption=RAW&fields=tableRange&alt=json
2021-05-07 14:19:19,537 - INFO - Number of datapoints: 43
2021-05-07 14:19:19,537 - INFO - Currently at 63 of 102
2021-05-07 14:19:19,538 - INFO - Time to upload...
2021-05-07 14:19:19,556 - INFO - URL being requested: GET https://www.googleapis.com/discovery/v1/apis/sheets/v4/rest
2021-05-07 14:19:22,771 - INFO - URL being requested: POST https://sheets.googleapis.com/v4/spreadsheets/15snZKmwKgsQ4DURozGOWl7kZsLefQiApB1Ga2a4yt3s/values/Blad1:append?valueInputOption=RAW&fields=tableRange&alt=json
2021-05-07 14:23:02,488 - INFO - URL being requested: GET https://www.googleapis.com/discovery/v1/apis/drive/v3/rest
2021-05-07 14:23:02,729 - INFO - URL being requested: POST https://www.googleapis.com/drive/v3/files?fields=webViewLink%2C+id&alt=json
2021-05-07 14:23:03,895 - INFO - URL being requested: POST https://www.googleapis.com/upload/drive/v3/files?fields=id&alt=json&uploadType=multipart
2021-05-07 14:23:55,767 - INFO - Number of datapoints: 44
2021-05-07 14:23:55,767 - INFO - Currently at 64 of 102
2021-05-07 14:23:55,768 - INFO - Time to upload...
2021-05-07 14:23:55,776 - INFO - URL being requested: GET https://www.googleapis.com/discovery/v1/apis/sheets/v4/rest
2021-05-07 14:23:58,066 - INFO - URL being requested: POST https://sheets.googleapis.com/v4/spreadsheets/15snZKmwKgsQ4DURozGOWl7kZsLefQiApB1Ga2a4yt3s/values/Blad1:append?valueInputOption=RAW&fields=tableRange&alt=json
2021-05-07 14:27:01,435 - INFO - URL being requested: GET https://www.googleapis.com/discovery/v1/apis/drive/v3/rest
2021-05-07 14:27:01,619 - INFO - URL being requested: POST https://www.googleapis.com/drive/v3/files?fields=webViewLink%2C+id&alt=json
2021-05-07 14:27:02,501 - INFO - URL being requested: POST https://www.googleapis.com/upload/drive/v3/files?fields=id&alt=json&uploadType=multipart
2021-05-07 14:27:03,672 - INFO - URL being requested: POST https://www.googleapis.com/upload/drive/v3/files?fields=id&alt=json&uploadType=multipart
2021-05-07 14:27:04,916 - INFO - URL being requested: POST https://www.googleapis.com/upload/drive/v3/files?fields=id&alt=json&uploadType=multipart
2021-05-07 14:27:06,062 - INFO - URL being requested: POST https://www.googleapis.com/upload/drive/v3/files?fields=id&alt=json&uploadType=multipart
2021-05-07 14:27:58,130 - INFO - Number of datapoints: 45
2021-05-07 14:27:58,131 - INFO - Currently at 65 of 102
2021-05-07 14:27:58,131 - INFO - Time to upload...
2021-05-07 14:27:58,141 - INFO - URL being requested: GET https://www.googleapis.com/discovery/v1/apis/sheets/v4/rest
2021-05-07 14:28:00,390 - INFO - URL being requested: POST https://sheets.googleapis.com/v4/spreadsheets/15snZKmwKgsQ4DURozGOWl7kZsLefQiApB1Ga2a4yt3s/values/Blad1:append?valueInputOption=RAW&fields=tableRange&alt=json
2021-05-07 14:29:42,876 - INFO - Number of datapoints: 46
2021-05-07 14:29:42,876 - INFO - Currently at 66 of 102
2021-05-07 14:29:42,877 - INFO - Time to upload...
2021-05-07 14:29:42,890 - INFO - URL being requested: GET https://www.googleapis.com/discovery/v1/apis/sheets/v4/rest
2021-05-07 14:29:45,051 - INFO - URL being requested: POST https://sheets.googleapis.com/v4/spreadsheets/15snZKmwKgsQ4DURozGOWl7kZsLefQiApB1Ga2a4yt3s/values/Blad1:append?valueInputOption=RAW&fields=tableRange&alt=json
2021-05-07 14:33:09,340 - INFO - URL being requested: GET https://www.googleapis.com/discovery/v1/apis/drive/v3/rest
2021-05-07 14:33:09,873 - INFO - URL being requested: POST https://www.googleapis.com/drive/v3/files?fields=webViewLink%2C+id&alt=json
2021-05-07 14:33:10,809 - INFO - URL being requested: POST https://www.googleapis.com/upload/drive/v3/files?fields=id&alt=json&uploadType=multipart
2021-05-07 14:34:02,486 - INFO - Number of datapoints: 47
2021-05-07 14:34:02,486 - INFO - Currently at 68 of 102
2021-05-07 14:34:02,487 - INFO - Time to upload...
2021-05-07 14:34:02,496 - INFO - URL being requested: GET https://www.googleapis.com/discovery/v1/apis/sheets/v4/rest
2021-05-07 14:34:04,937 - INFO - URL being requested: POST https://sheets.googleapis.com/v4/spreadsheets/15snZKmwKgsQ4DURozGOWl7kZsLefQiApB1Ga2a4yt3s/values/Blad1:append?valueInputOption=RAW&fields=tableRange&alt=json
2021-05-07 14:35:51,972 - INFO - Number of datapoints: 48
2021-05-07 14:35:51,973 - INFO - Currently at 69 of 102
2021-05-07 14:35:51,973 - INFO - Time to upload...
2021-05-07 14:35:51,986 - INFO - URL being requested: GET https://www.googleapis.com/discovery/v1/apis/sheets/v4/rest
2021-05-07 14:35:54,083 - INFO - URL being requested: POST https://sheets.googleapis.com/v4/spreadsheets/15snZKmwKgsQ4DURozGOWl7kZsLefQiApB1Ga2a4yt3s/values/Blad1:append?valueInputOption=RAW&fields=tableRange&alt=json
2021-05-07 14:39:08,194 - INFO - Number of datapoints: 49
2021-05-07 14:39:08,195 - INFO - Currently at 73 of 102
2021-05-07 14:39:08,195 - INFO - Time to upload...
2021-05-07 14:39:08,204 - INFO - URL being requested: GET https://www.googleapis.com/discovery/v1/apis/sheets/v4/rest
2021-05-07 14:39:10,347 - INFO - URL being requested: POST https://sheets.googleapis.com/v4/spreadsheets/15snZKmwKgsQ4DURozGOWl7kZsLefQiApB1Ga2a4yt3s/values/Blad1:append?valueInputOption=RAW&fields=tableRange&alt=json
2021-05-07 14:40:49,973 - INFO - Number of datapoints: 50
2021-05-07 14:40:49,974 - INFO - Currently at 74 of 102
2021-05-07 14:40:49,974 - INFO - Time to upload...
2021-05-07 14:40:49,983 - INFO - URL being requested: GET https://www.googleapis.com/discovery/v1/apis/sheets/v4/rest
2021-05-07 14:40:51,861 - INFO - URL being requested: POST https://sheets.googleapis.com/v4/spreadsheets/15snZKmwKgsQ4DURozGOWl7kZsLefQiApB1Ga2a4yt3s/values/Blad1:append?valueInputOption=RAW&fields=tableRange&alt=json
2021-05-07 14:43:05,726 - INFO - Number of datapoints: 51
2021-05-07 14:43:05,726 - INFO - Currently at 76 of 102
2021-05-07 14:43:05,727 - INFO - Time to upload...
2021-05-07 14:43:05,740 - INFO - URL being requested: GET https://www.googleapis.com/discovery/v1/apis/sheets/v4/rest
2021-05-07 14:43:07,957 - INFO - URL being requested: POST https://sheets.googleapis.com/v4/spreadsheets/15snZKmwKgsQ4DURozGOWl7kZsLefQiApB1Ga2a4yt3s/values/Blad1:append?valueInputOption=RAW&fields=tableRange&alt=json
2021-05-07 14:46:28,999 - INFO - URL being requested: GET https://www.googleapis.com/discovery/v1/apis/drive/v3/rest
2021-05-07 14:46:29,344 - INFO - URL being requested: POST https://www.googleapis.com/drive/v3/files?fields=webViewLink%2C+id&alt=json
2021-05-07 14:46:30,341 - INFO - URL being requested: POST https://www.googleapis.com/upload/drive/v3/files?fields=id&alt=json&uploadType=multipart
2021-05-07 14:47:22,496 - INFO - Number of datapoints: 52
2021-05-07 14:47:22,496 - INFO - Currently at 78 of 102
2021-05-07 14:47:22,497 - INFO - Time to upload...
2021-05-07 14:47:22,506 - INFO - URL being requested: GET https://www.googleapis.com/discovery/v1/apis/sheets/v4/rest
2021-05-07 14:47:24,600 - INFO - URL being requested: POST https://sheets.googleapis.com/v4/spreadsheets/15snZKmwKgsQ4DURozGOWl7kZsLefQiApB1Ga2a4yt3s/values/Blad1:append?valueInputOption=RAW&fields=tableRange&alt=json
2021-05-07 14:49:01,187 - INFO - Number of datapoints: 53
2021-05-07 14:49:01,187 - INFO - Currently at 79 of 102
2021-05-07 14:49:01,188 - INFO - Time to upload...
2021-05-07 14:49:01,197 - INFO - URL being requested: GET https://www.googleapis.com/discovery/v1/apis/sheets/v4/rest
2021-05-07 14:49:03,455 - INFO - URL being requested: POST https://sheets.googleapis.com/v4/spreadsheets/15snZKmwKgsQ4DURozGOWl7kZsLefQiApB1Ga2a4yt3s/values/Blad1:append?valueInputOption=RAW&fields=tableRange&alt=json
2021-05-07 14:52:03,986 - INFO - URL being requested: GET https://www.googleapis.com/discovery/v1/apis/drive/v3/rest
2021-05-07 14:52:04,181 - INFO - URL being requested: POST https://www.googleapis.com/drive/v3/files?fields=webViewLink%2C+id&alt=json
2021-05-07 14:52:05,103 - INFO - URL being requested: POST https://www.googleapis.com/upload/drive/v3/files?fields=id&alt=json&uploadType=multipart
2021-05-07 14:52:57,271 - INFO - Number of datapoints: 54
2021-05-07 14:52:57,272 - INFO - Currently at 80 of 102
2021-05-07 14:52:57,272 - INFO - Time to upload...
2021-05-07 14:52:57,280 - INFO - URL being requested: GET https://www.googleapis.com/discovery/v1/apis/sheets/v4/rest
2021-05-07 14:52:59,637 - INFO - URL being requested: POST https://sheets.googleapis.com/v4/spreadsheets/15snZKmwKgsQ4DURozGOWl7kZsLefQiApB1Ga2a4yt3s/values/Blad1:append?valueInputOption=RAW&fields=tableRange&alt=json
2021-05-07 15:00:30,535 - INFO - URL being requested: GET https://www.googleapis.com/discovery/v1/apis/drive/v3/rest
2021-05-07 15:00:30,947 - INFO - URL being requested: POST https://www.googleapis.com/drive/v3/files?fields=webViewLink%2C+id&alt=json
2021-05-07 15:00:32,904 - INFO - URL being requested: POST https://www.googleapis.com/upload/drive/v3/files?fields=id&alt=json&uploadType=multipart
2021-05-07 15:01:28,197 - INFO - Number of datapoints: 55
2021-05-07 15:01:28,197 - INFO - Currently at 81 of 102
2021-05-07 15:01:28,198 - INFO - Time to upload...
2021-05-07 15:01:28,207 - INFO - URL being requested: GET https://www.googleapis.com/discovery/v1/apis/sheets/v4/rest
2021-05-07 15:01:30,327 - INFO - URL being requested: POST https://sheets.googleapis.com/v4/spreadsheets/15snZKmwKgsQ4DURozGOWl7kZsLefQiApB1Ga2a4yt3s/values/Blad1:append?valueInputOption=RAW&fields=tableRange&alt=json
2021-05-07 15:04:28,266 - INFO - URL being requested: GET https://www.googleapis.com/discovery/v1/apis/drive/v3/rest
2021-05-07 15:04:28,573 - INFO - URL being requested: POST https://www.googleapis.com/drive/v3/files?fields=webViewLink%2C+id&alt=json
2021-05-07 15:04:29,495 - INFO - URL being requested: POST https://www.googleapis.com/upload/drive/v3/files?fields=id&alt=json&uploadType=multipart
2021-05-07 15:05:21,342 - INFO - Number of datapoints: 56
2021-05-07 15:05:21,342 - INFO - Currently at 82 of 102
2021-05-07 15:05:21,343 - INFO - Time to upload...
2021-05-07 15:05:21,350 - INFO - URL being requested: GET https://www.googleapis.com/discovery/v1/apis/sheets/v4/rest
2021-05-07 15:05:23,510 - INFO - URL being requested: POST https://sheets.googleapis.com/v4/spreadsheets/15snZKmwKgsQ4DURozGOWl7kZsLefQiApB1Ga2a4yt3s/values/Blad1:append?valueInputOption=RAW&fields=tableRange&alt=json
2021-05-07 15:07:08,601 - INFO - Running Merx....
2021-05-07 15:07:18,206 - INFO - Starting at: https://merx.com
2021-05-07 15:08:14,329 - ERROR - Exception occurred
Traceback (most recent call last):
  File "C:\Users\Movie Computer\Desktop\certification-data-scraper\Scrapers\base_scraper.py", line 49, in run
    self.login()
  File "C:\Users\Movie Computer\Desktop\certification-data-scraper\Scrapers\US\merx.py", line 42, in login
    self.driver.find_element_by_name("ContinueButton").click()
  File "C:\Users\Movie Computer\AppData\Local\Programs\Python\Python38\lib\site-packages\selenium\webdriver\remote\webdriver.py", line 496, in find_element_by_name
    return self.find_element(by=By.NAME, value=name)
  File "C:\Users\Movie Computer\AppData\Local\Programs\Python\Python38\lib\site-packages\selenium\webdriver\remote\webdriver.py", line 976, in find_element
    return self.execute(Command.FIND_ELEMENT, {
  File "C:\Users\Movie Computer\AppData\Local\Programs\Python\Python38\lib\site-packages\selenium\webdriver\remote\webdriver.py", line 321, in execute
    self.error_handler.check_response(response)
  File "C:\Users\Movie Computer\AppData\Local\Programs\Python\Python38\lib\site-packages\selenium\webdriver\remote\errorhandler.py", line 242, in check_response
    raise exception_class(message, screen, stacktrace)
selenium.common.exceptions.NoSuchElementException: Message: no such element: Unable to locate element: {"method":"css selector","selector":"[name="ContinueButton"]"}
  (Session info: chrome=90.0.4430.93)

2021-05-07 15:08:14,372 - INFO - Stopped at page 1 and on opportunity 6
2021-05-07 15:08:14,372 - INFO - Sheet ID is 1J8VajkuZe6SZlpeiLiOlxK00qEswXAtpgs-Fhj_LzzI
2021-05-07 15:08:14,380 - WARNING - Retry no. 1
2021-05-07 15:08:20,153 - INFO - Starting at: https://merx.com
2021-05-07 15:09:31,024 - INFO - Number of datapoints: 1
2021-05-07 15:09:31,024 - INFO - Currently at 6 of 0
2021-05-07 15:09:31,025 - INFO - Time to upload...
2021-05-07 15:09:31,052 - INFO - URL being requested: GET https://www.googleapis.com/discovery/v1/apis/sheets/v4/rest
2021-05-07 15:09:32,683 - INFO - URL being requested: POST https://sheets.googleapis.com/v4/spreadsheets/1J8VajkuZe6SZlpeiLiOlxK00qEswXAtpgs-Fhj_LzzI/values/Blad1:append?valueInputOption=RAW&fields=tableRange&alt=json
2021-05-07 15:10:44,624 - INFO - Number of datapoints: 2
2021-05-07 15:10:44,624 - INFO - Currently at 7 of 0
2021-05-07 15:10:44,625 - INFO - Time to upload...
2021-05-07 15:10:44,636 - INFO - URL being requested: GET https://www.googleapis.com/discovery/v1/apis/sheets/v4/rest
2021-05-07 15:10:46,334 - INFO - URL being requested: POST https://sheets.googleapis.com/v4/spreadsheets/1J8VajkuZe6SZlpeiLiOlxK00qEswXAtpgs-Fhj_LzzI/values/Blad1:append?valueInputOption=RAW&fields=tableRange&alt=json
2021-05-07 15:11:57,977 - INFO - Number of datapoints: 3
2021-05-07 15:11:57,977 - INFO - Currently at 8 of 0
2021-05-07 15:11:57,978 - INFO - Time to upload...
2021-05-07 15:11:57,989 - INFO - URL being requested: GET https://www.googleapis.com/discovery/v1/apis/sheets/v4/rest
2021-05-07 15:11:59,357 - INFO - URL being requested: POST https://sheets.googleapis.com/v4/spreadsheets/1J8VajkuZe6SZlpeiLiOlxK00qEswXAtpgs-Fhj_LzzI/values/Blad1:append?valueInputOption=RAW&fields=tableRange&alt=json
2021-05-07 15:13:10,130 - INFO - Number of datapoints: 4
2021-05-07 15:13:10,130 - INFO - Currently at 9 of 0
2021-05-07 15:13:10,131 - INFO - Time to upload...
2021-05-07 15:13:10,137 - INFO - URL being requested: GET https://www.googleapis.com/discovery/v1/apis/sheets/v4/rest
2021-05-07 15:13:11,657 - INFO - URL being requested: POST https://sheets.googleapis.com/v4/spreadsheets/1J8VajkuZe6SZlpeiLiOlxK00qEswXAtpgs-Fhj_LzzI/values/Blad1:append?valueInputOption=RAW&fields=tableRange&alt=json
2021-05-07 15:14:22,232 - INFO - Number of datapoints: 5
2021-05-07 15:14:22,232 - INFO - Currently at 10 of 0
2021-05-07 15:14:22,233 - INFO - Time to upload...
2021-05-07 15:14:22,246 - INFO - URL being requested: GET https://www.googleapis.com/discovery/v1/apis/sheets/v4/rest
2021-05-07 15:14:23,739 - INFO - URL being requested: POST https://sheets.googleapis.com/v4/spreadsheets/1J8VajkuZe6SZlpeiLiOlxK00qEswXAtpgs-Fhj_LzzI/values/Blad1:append?valueInputOption=RAW&fields=tableRange&alt=json
2021-05-07 15:15:35,141 - INFO - Number of datapoints: 6
2021-05-07 15:15:35,141 - INFO - Currently at 11 of 0
2021-05-07 15:15:35,142 - INFO - Time to upload...
2021-05-07 15:15:35,151 - INFO - URL being requested: GET https://www.googleapis.com/discovery/v1/apis/sheets/v4/rest
2021-05-07 15:15:36,558 - INFO - URL being requested: POST https://sheets.googleapis.com/v4/spreadsheets/1J8VajkuZe6SZlpeiLiOlxK00qEswXAtpgs-Fhj_LzzI/values/Blad1:append?valueInputOption=RAW&fields=tableRange&alt=json
2021-05-07 15:16:48,134 - INFO - Number of datapoints: 7
2021-05-07 15:16:48,134 - INFO - Currently at 12 of 0
2021-05-07 15:16:48,135 - INFO - Time to upload...
2021-05-07 15:16:48,143 - INFO - URL being requested: GET https://www.googleapis.com/discovery/v1/apis/sheets/v4/rest
2021-05-07 15:16:49,520 - INFO - URL being requested: POST https://sheets.googleapis.com/v4/spreadsheets/1J8VajkuZe6SZlpeiLiOlxK00qEswXAtpgs-Fhj_LzzI/values/Blad1:append?valueInputOption=RAW&fields=tableRange&alt=json
2021-05-07 15:18:00,177 - INFO - Number of datapoints: 8
2021-05-07 15:18:00,178 - INFO - Currently at 13 of 0
2021-05-07 15:18:00,178 - INFO - Time to upload...
2021-05-07 15:18:00,188 - INFO - URL being requested: GET https://www.googleapis.com/discovery/v1/apis/sheets/v4/rest
2021-05-07 15:18:02,022 - INFO - URL being requested: POST https://sheets.googleapis.com/v4/spreadsheets/1J8VajkuZe6SZlpeiLiOlxK00qEswXAtpgs-Fhj_LzzI/values/Blad1:append?valueInputOption=RAW&fields=tableRange&alt=json
2021-05-07 15:19:13,079 - INFO - Number of datapoints: 9
2021-05-07 15:19:13,080 - INFO - Currently at 14 of 0
2021-05-07 15:19:13,081 - INFO - Time to upload...
2021-05-07 15:19:13,091 - INFO - URL being requested: GET https://www.googleapis.com/discovery/v1/apis/sheets/v4/rest
2021-05-07 15:19:14,722 - INFO - URL being requested: POST https://sheets.googleapis.com/v4/spreadsheets/1J8VajkuZe6SZlpeiLiOlxK00qEswXAtpgs-Fhj_LzzI/values/Blad1:append?valueInputOption=RAW&fields=tableRange&alt=json
2021-05-07 15:20:26,114 - INFO - Number of datapoints: 10
2021-05-07 15:20:26,114 - INFO - Currently at 15 of 0
2021-05-07 15:20:26,115 - INFO - Time to upload...
2021-05-07 15:20:26,124 - INFO - URL being requested: GET https://www.googleapis.com/discovery/v1/apis/sheets/v4/rest
2021-05-07 15:20:27,457 - INFO - URL being requested: POST https://sheets.googleapis.com/v4/spreadsheets/1J8VajkuZe6SZlpeiLiOlxK00qEswXAtpgs-Fhj_LzzI/values/Blad1:append?valueInputOption=RAW&fields=tableRange&alt=json
2021-05-07 15:21:39,261 - INFO - Number of datapoints: 11
2021-05-07 15:21:39,261 - INFO - Currently at 16 of 0
2021-05-07 15:21:39,262 - INFO - Time to upload...
2021-05-07 15:21:39,270 - INFO - URL being requested: GET https://www.googleapis.com/discovery/v1/apis/sheets/v4/rest
2021-05-07 15:21:40,714 - INFO - URL being requested: POST https://sheets.googleapis.com/v4/spreadsheets/1J8VajkuZe6SZlpeiLiOlxK00qEswXAtpgs-Fhj_LzzI/values/Blad1:append?valueInputOption=RAW&fields=tableRange&alt=json
2021-05-07 15:22:53,734 - INFO - Number of datapoints: 12
2021-05-07 15:22:53,734 - INFO - Currently at 17 of 0
2021-05-07 15:22:53,735 - INFO - Time to upload...
2021-05-07 15:22:53,741 - INFO - URL being requested: GET https://www.googleapis.com/discovery/v1/apis/sheets/v4/rest
2021-05-07 15:22:55,202 - INFO - URL being requested: POST https://sheets.googleapis.com/v4/spreadsheets/1J8VajkuZe6SZlpeiLiOlxK00qEswXAtpgs-Fhj_LzzI/values/Blad1:append?valueInputOption=RAW&fields=tableRange&alt=json
2021-05-07 15:24:05,815 - INFO - Number of datapoints: 13
2021-05-07 15:24:05,815 - INFO - Currently at 18 of 0
2021-05-07 15:24:05,816 - INFO - Time to upload...
2021-05-07 15:24:05,821 - INFO - URL being requested: GET https://www.googleapis.com/discovery/v1/apis/sheets/v4/rest
2021-05-07 15:24:07,067 - INFO - URL being requested: POST https://sheets.googleapis.com/v4/spreadsheets/1J8VajkuZe6SZlpeiLiOlxK00qEswXAtpgs-Fhj_LzzI/values/Blad1:append?valueInputOption=RAW&fields=tableRange&alt=json
2021-05-07 15:25:18,274 - INFO - Number of datapoints: 14
2021-05-07 15:25:18,274 - INFO - Currently at 19 of 0
2021-05-07 15:25:18,275 - INFO - Time to upload...
2021-05-07 15:25:18,287 - INFO - URL being requested: GET https://www.googleapis.com/discovery/v1/apis/sheets/v4/rest
2021-05-07 15:25:19,711 - INFO - URL being requested: POST https://sheets.googleapis.com/v4/spreadsheets/1J8VajkuZe6SZlpeiLiOlxK00qEswXAtpgs-Fhj_LzzI/values/Blad1:append?valueInputOption=RAW&fields=tableRange&alt=json
2021-05-07 15:26:32,148 - INFO - Number of datapoints: 15
2021-05-07 15:26:32,148 - INFO - Currently at 20 of 0
2021-05-07 15:26:32,149 - INFO - Time to upload...
2021-05-07 15:26:32,158 - INFO - URL being requested: GET https://www.googleapis.com/discovery/v1/apis/sheets/v4/rest
2021-05-07 15:26:33,617 - INFO - URL being requested: POST https://sheets.googleapis.com/v4/spreadsheets/1J8VajkuZe6SZlpeiLiOlxK00qEswXAtpgs-Fhj_LzzI/values/Blad1:append?valueInputOption=RAW&fields=tableRange&alt=json
2021-05-07 15:26:34,194 - INFO - Done with Merx!
