2021-05-19 18:14:17,458 - INFO - Running TED Expanded....
2021-05-19 18:14:17,816 - INFO - URL being requested: GET https://www.googleapis.com/discovery/v1/apis/drive/v3/rest
2021-05-19 18:14:18,316 - INFO - URL being requested: POST https://www.googleapis.com/drive/v3/files?fields=id&alt=json
2021-05-19 18:14:21,945 - INFO - URL being requested: GET https://www.googleapis.com/discovery/v1/apis/sheets/v4/rest
2021-05-19 18:14:23,726 - INFO - URL being requested: POST https://sheets.googleapis.com/v4/spreadsheets/1FP6CTlx3jhqdnechmFSVQ9AFyWXPJGkvJJTnRnkoRE8:batchUpdate?alt=json
2021-05-19 18:14:24,444 - INFO - URL being requested: GET https://www.googleapis.com/discovery/v1/apis/sheets/v4/rest
2021-05-19 18:14:26,312 - INFO - URL being requested: POST https://sheets.googleapis.com/v4/spreadsheets/1FP6CTlx3jhqdnechmFSVQ9AFyWXPJGkvJJTnRnkoRE8/values/Blad1:append?valueInputOption=USER_ENTERED&alt=json
2021-05-19 18:14:26,931 - INFO - URL being requested: POST https://sheets.googleapis.com/v4/spreadsheets/1FP6CTlx3jhqdnechmFSVQ9AFyWXPJGkvJJTnRnkoRE8:batchUpdate?alt=json
2021-05-19 18:14:33,002 - INFO - Starting at: https://ted.europa.eu/TED/browse/browseByMap.do
2021-05-19 18:14:55,123 - INFO - Number of datapoints: 1
2021-05-19 18:14:55,123 - INFO - Currently at 1 of 25
2021-05-19 18:14:55,123 - INFO - Time to upload...
2021-05-19 18:14:55,138 - INFO - URL being requested: GET https://www.googleapis.com/discovery/v1/apis/sheets/v4/rest
2021-05-19 18:14:56,461 - INFO - URL being requested: POST https://sheets.googleapis.com/v4/spreadsheets/1FP6CTlx3jhqdnechmFSVQ9AFyWXPJGkvJJTnRnkoRE8/values/Blad1:append?valueInputOption=RAW&fields=tableRange&alt=json
2021-05-19 18:14:58,164 - INFO - Number of datapoints: 2
2021-05-19 18:14:58,180 - INFO - Currently at 2 of 25
2021-05-19 18:14:58,180 - INFO - Time to upload...
2021-05-19 18:14:58,180 - INFO - URL being requested: GET https://www.googleapis.com/discovery/v1/apis/sheets/v4/rest
2021-05-19 18:14:59,408 - INFO - URL being requested: POST https://sheets.googleapis.com/v4/spreadsheets/1FP6CTlx3jhqdnechmFSVQ9AFyWXPJGkvJJTnRnkoRE8/values/Blad1:append?valueInputOption=RAW&fields=tableRange&alt=json
2021-05-19 18:15:01,036 - INFO - Number of datapoints: 3
2021-05-19 18:15:01,036 - INFO - Currently at 3 of 25
2021-05-19 18:15:01,036 - INFO - Time to upload...
2021-05-19 18:15:01,036 - INFO - URL being requested: GET https://www.googleapis.com/discovery/v1/apis/sheets/v4/rest
2021-05-19 18:15:02,286 - INFO - URL being requested: POST https://sheets.googleapis.com/v4/spreadsheets/1FP6CTlx3jhqdnechmFSVQ9AFyWXPJGkvJJTnRnkoRE8/values/Blad1:append?valueInputOption=RAW&fields=tableRange&alt=json
2021-05-19 18:15:03,995 - INFO - Number of datapoints: 4
2021-05-19 18:15:03,995 - INFO - Currently at 4 of 25
2021-05-19 18:15:03,995 - INFO - Time to upload...
2021-05-19 18:15:03,995 - INFO - URL being requested: GET https://www.googleapis.com/discovery/v1/apis/sheets/v4/rest
2021-05-19 18:15:05,277 - INFO - URL being requested: POST https://sheets.googleapis.com/v4/spreadsheets/1FP6CTlx3jhqdnechmFSVQ9AFyWXPJGkvJJTnRnkoRE8/values/Blad1:append?valueInputOption=RAW&fields=tableRange&alt=json
2021-05-19 18:15:07,531 - INFO - Number of datapoints: 5
2021-05-19 18:15:07,531 - INFO - Currently at 5 of 25
2021-05-19 18:15:07,531 - INFO - Time to upload...
2021-05-19 18:15:07,531 - INFO - URL being requested: GET https://www.googleapis.com/discovery/v1/apis/sheets/v4/rest
2021-05-19 18:15:08,911 - INFO - URL being requested: POST https://sheets.googleapis.com/v4/spreadsheets/1FP6CTlx3jhqdnechmFSVQ9AFyWXPJGkvJJTnRnkoRE8/values/Blad1:append?valueInputOption=RAW&fields=tableRange&alt=json
2021-05-19 18:15:12,942 - INFO - Number of datapoints: 6
2021-05-19 18:15:12,942 - INFO - Currently at 6 of 25
2021-05-19 18:15:12,942 - INFO - Time to upload...
2021-05-19 18:15:12,958 - INFO - URL being requested: GET https://www.googleapis.com/discovery/v1/apis/sheets/v4/rest
2021-05-19 18:15:14,301 - INFO - URL being requested: POST https://sheets.googleapis.com/v4/spreadsheets/1FP6CTlx3jhqdnechmFSVQ9AFyWXPJGkvJJTnRnkoRE8/values/Blad1:append?valueInputOption=RAW&fields=tableRange&alt=json
2021-05-19 18:15:16,536 - INFO - Number of datapoints: 7
2021-05-19 18:15:16,536 - INFO - Currently at 7 of 25
2021-05-19 18:15:16,536 - INFO - Time to upload...
2021-05-19 18:15:16,536 - INFO - URL being requested: GET https://www.googleapis.com/discovery/v1/apis/sheets/v4/rest
2021-05-19 18:15:17,834 - INFO - URL being requested: POST https://sheets.googleapis.com/v4/spreadsheets/1FP6CTlx3jhqdnechmFSVQ9AFyWXPJGkvJJTnRnkoRE8/values/Blad1:append?valueInputOption=RAW&fields=tableRange&alt=json
2021-05-19 18:15:19,260 - INFO - Number of datapoints: 8
2021-05-19 18:15:19,260 - INFO - Currently at 8 of 25
2021-05-19 18:15:19,260 - INFO - Time to upload...
2021-05-19 18:15:19,275 - INFO - URL being requested: GET https://www.googleapis.com/discovery/v1/apis/sheets/v4/rest
2021-05-19 18:15:20,776 - INFO - URL being requested: POST https://sheets.googleapis.com/v4/spreadsheets/1FP6CTlx3jhqdnechmFSVQ9AFyWXPJGkvJJTnRnkoRE8/values/Blad1:append?valueInputOption=RAW&fields=tableRange&alt=json
2021-05-19 18:15:23,744 - INFO - Number of datapoints: 9
2021-05-19 18:15:23,744 - INFO - Currently at 9 of 25
2021-05-19 18:15:23,744 - INFO - Time to upload...
2021-05-19 18:15:23,760 - INFO - URL being requested: GET https://www.googleapis.com/discovery/v1/apis/sheets/v4/rest
2021-05-19 18:15:25,057 - INFO - URL being requested: POST https://sheets.googleapis.com/v4/spreadsheets/1FP6CTlx3jhqdnechmFSVQ9AFyWXPJGkvJJTnRnkoRE8/values/Blad1:append?valueInputOption=RAW&fields=tableRange&alt=json
2021-05-19 18:15:26,353 - INFO - Number of datapoints: 10
2021-05-19 18:15:26,353 - INFO - Currently at 10 of 25
2021-05-19 18:15:26,353 - INFO - Time to upload...
2021-05-19 18:15:26,369 - INFO - URL being requested: GET https://www.googleapis.com/discovery/v1/apis/sheets/v4/rest
2021-05-19 18:15:27,760 - INFO - URL being requested: POST https://sheets.googleapis.com/v4/spreadsheets/1FP6CTlx3jhqdnechmFSVQ9AFyWXPJGkvJJTnRnkoRE8/values/Blad1:append?valueInputOption=RAW&fields=tableRange&alt=json
2021-05-19 18:15:29,025 - INFO - Number of datapoints: 11
2021-05-19 18:15:29,025 - INFO - Currently at 11 of 25
2021-05-19 18:15:29,025 - INFO - Time to upload...
2021-05-19 18:15:29,025 - INFO - URL being requested: GET https://www.googleapis.com/discovery/v1/apis/sheets/v4/rest
2021-05-19 18:15:30,463 - INFO - URL being requested: POST https://sheets.googleapis.com/v4/spreadsheets/1FP6CTlx3jhqdnechmFSVQ9AFyWXPJGkvJJTnRnkoRE8/values/Blad1:append?valueInputOption=RAW&fields=tableRange&alt=json
2021-05-19 18:15:32,077 - INFO - Number of datapoints: 12
2021-05-19 18:15:32,077 - INFO - Currently at 12 of 25
2021-05-19 18:15:32,077 - INFO - Time to upload...
2021-05-19 18:15:32,077 - INFO - URL being requested: GET https://www.googleapis.com/discovery/v1/apis/sheets/v4/rest
2021-05-19 18:15:33,374 - INFO - URL being requested: POST https://sheets.googleapis.com/v4/spreadsheets/1FP6CTlx3jhqdnechmFSVQ9AFyWXPJGkvJJTnRnkoRE8/values/Blad1:append?valueInputOption=RAW&fields=tableRange&alt=json
2021-05-19 18:15:35,749 - INFO - Number of datapoints: 13
2021-05-19 18:15:35,749 - INFO - Currently at 13 of 25
2021-05-19 18:15:35,749 - INFO - Time to upload...
2021-05-19 18:15:35,749 - INFO - URL being requested: GET https://www.googleapis.com/discovery/v1/apis/sheets/v4/rest
2021-05-19 18:15:37,030 - INFO - URL being requested: POST https://sheets.googleapis.com/v4/spreadsheets/1FP6CTlx3jhqdnechmFSVQ9AFyWXPJGkvJJTnRnkoRE8/values/Blad1:append?valueInputOption=RAW&fields=tableRange&alt=json
2021-05-19 18:15:38,702 - INFO - Number of datapoints: 14
2021-05-19 18:15:38,702 - INFO - Currently at 14 of 25
2021-05-19 18:15:38,702 - INFO - Time to upload...
2021-05-19 18:15:38,718 - INFO - URL being requested: GET https://www.googleapis.com/discovery/v1/apis/sheets/v4/rest
2021-05-19 18:15:39,968 - INFO - URL being requested: POST https://sheets.googleapis.com/v4/spreadsheets/1FP6CTlx3jhqdnechmFSVQ9AFyWXPJGkvJJTnRnkoRE8/values/Blad1:append?valueInputOption=RAW&fields=tableRange&alt=json
2021-05-19 18:15:41,968 - INFO - Number of datapoints: 15
2021-05-19 18:15:41,968 - INFO - Currently at 15 of 25
2021-05-19 18:15:41,968 - INFO - Time to upload...
2021-05-19 18:15:41,983 - INFO - URL being requested: GET https://www.googleapis.com/discovery/v1/apis/sheets/v4/rest
2021-05-19 18:15:43,265 - INFO - URL being requested: POST https://sheets.googleapis.com/v4/spreadsheets/1FP6CTlx3jhqdnechmFSVQ9AFyWXPJGkvJJTnRnkoRE8/values/Blad1:append?valueInputOption=RAW&fields=tableRange&alt=json
2021-05-19 18:15:44,702 - INFO - Number of datapoints: 16
2021-05-19 18:15:44,702 - INFO - Currently at 16 of 25
2021-05-19 18:15:44,702 - INFO - Time to upload...
2021-05-19 18:15:44,702 - INFO - URL being requested: GET https://www.googleapis.com/discovery/v1/apis/sheets/v4/rest
2021-05-19 18:15:46,186 - INFO - URL being requested: POST https://sheets.googleapis.com/v4/spreadsheets/1FP6CTlx3jhqdnechmFSVQ9AFyWXPJGkvJJTnRnkoRE8/values/Blad1:append?valueInputOption=RAW&fields=tableRange&alt=json
2021-05-19 18:15:47,452 - INFO - Number of datapoints: 17
2021-05-19 18:15:47,452 - INFO - Currently at 17 of 25
2021-05-19 18:15:47,452 - INFO - Time to upload...
2021-05-19 18:15:47,468 - INFO - URL being requested: GET https://www.googleapis.com/discovery/v1/apis/sheets/v4/rest
2021-05-19 18:15:48,827 - INFO - URL being requested: POST https://sheets.googleapis.com/v4/spreadsheets/1FP6CTlx3jhqdnechmFSVQ9AFyWXPJGkvJJTnRnkoRE8/values/Blad1:append?valueInputOption=RAW&fields=tableRange&alt=json
2021-05-19 18:15:50,139 - INFO - Number of datapoints: 18
2021-05-19 18:15:50,139 - INFO - Currently at 18 of 25
2021-05-19 18:15:50,139 - INFO - Time to upload...
2021-05-19 18:15:50,139 - INFO - URL being requested: GET https://www.googleapis.com/discovery/v1/apis/sheets/v4/rest
2021-05-19 18:15:51,342 - INFO - URL being requested: POST https://sheets.googleapis.com/v4/spreadsheets/1FP6CTlx3jhqdnechmFSVQ9AFyWXPJGkvJJTnRnkoRE8/values/Blad1:append?valueInputOption=RAW&fields=tableRange&alt=json
2021-05-19 18:15:54,637 - INFO - Number of datapoints: 19
2021-05-19 18:15:54,637 - INFO - Currently at 19 of 25
2021-05-19 18:15:54,637 - INFO - Time to upload...
2021-05-19 18:15:54,637 - INFO - URL being requested: GET https://www.googleapis.com/discovery/v1/apis/sheets/v4/rest
2021-05-19 18:15:55,903 - INFO - URL being requested: POST https://sheets.googleapis.com/v4/spreadsheets/1FP6CTlx3jhqdnechmFSVQ9AFyWXPJGkvJJTnRnkoRE8/values/Blad1:append?valueInputOption=RAW&fields=tableRange&alt=json
2021-05-19 18:15:57,184 - INFO - Number of datapoints: 20
2021-05-19 18:15:57,184 - INFO - Currently at 20 of 25
2021-05-19 18:15:57,184 - INFO - Time to upload...
2021-05-19 18:15:57,200 - INFO - URL being requested: GET https://www.googleapis.com/discovery/v1/apis/sheets/v4/rest
2021-05-19 18:15:58,606 - INFO - URL being requested: POST https://sheets.googleapis.com/v4/spreadsheets/1FP6CTlx3jhqdnechmFSVQ9AFyWXPJGkvJJTnRnkoRE8/values/Blad1:append?valueInputOption=RAW&fields=tableRange&alt=json
2021-05-19 18:15:59,965 - INFO - Number of datapoints: 21
2021-05-19 18:15:59,965 - INFO - Currently at 21 of 25
2021-05-19 18:15:59,965 - INFO - Time to upload...
2021-05-19 18:15:59,981 - INFO - URL being requested: GET https://www.googleapis.com/discovery/v1/apis/sheets/v4/rest
2021-05-19 18:16:01,200 - INFO - URL being requested: POST https://sheets.googleapis.com/v4/spreadsheets/1FP6CTlx3jhqdnechmFSVQ9AFyWXPJGkvJJTnRnkoRE8/values/Blad1:append?valueInputOption=RAW&fields=tableRange&alt=json
2021-05-19 18:16:03,215 - INFO - Number of datapoints: 22
2021-05-19 18:16:03,231 - INFO - Currently at 22 of 25
2021-05-19 18:16:03,231 - INFO - Time to upload...
2021-05-19 18:16:03,231 - INFO - URL being requested: GET https://www.googleapis.com/discovery/v1/apis/sheets/v4/rest
2021-05-19 18:16:04,747 - INFO - URL being requested: POST https://sheets.googleapis.com/v4/spreadsheets/1FP6CTlx3jhqdnechmFSVQ9AFyWXPJGkvJJTnRnkoRE8/values/Blad1:append?valueInputOption=RAW&fields=tableRange&alt=json
2021-05-19 18:16:07,896 - INFO - Number of datapoints: 23
2021-05-19 18:16:07,896 - INFO - Currently at 23 of 25
2021-05-19 18:16:07,896 - INFO - Time to upload...
2021-05-19 18:16:07,896 - INFO - URL being requested: GET https://www.googleapis.com/discovery/v1/apis/sheets/v4/rest
2021-05-19 18:16:09,083 - INFO - URL being requested: POST https://sheets.googleapis.com/v4/spreadsheets/1FP6CTlx3jhqdnechmFSVQ9AFyWXPJGkvJJTnRnkoRE8/values/Blad1:append?valueInputOption=RAW&fields=tableRange&alt=json
2021-05-19 18:16:10,599 - INFO - Number of datapoints: 24
2021-05-19 18:16:10,599 - INFO - Currently at 24 of 25
2021-05-19 18:16:10,599 - INFO - Time to upload...
2021-05-19 18:16:10,614 - INFO - URL being requested: GET https://www.googleapis.com/discovery/v1/apis/sheets/v4/rest
2021-05-19 18:16:11,958 - INFO - URL being requested: POST https://sheets.googleapis.com/v4/spreadsheets/1FP6CTlx3jhqdnechmFSVQ9AFyWXPJGkvJJTnRnkoRE8/values/Blad1:append?valueInputOption=RAW&fields=tableRange&alt=json
2021-05-19 18:16:13,614 - INFO - Number of datapoints: 25
2021-05-19 18:16:13,614 - INFO - Currently at 25 of 25
2021-05-19 18:16:13,614 - INFO - Time to upload...
2021-05-19 18:16:13,630 - INFO - URL being requested: GET https://www.googleapis.com/discovery/v1/apis/sheets/v4/rest
2021-05-19 18:16:14,927 - INFO - URL being requested: POST https://sheets.googleapis.com/v4/spreadsheets/1FP6CTlx3jhqdnechmFSVQ9AFyWXPJGkvJJTnRnkoRE8/values/Blad1:append?valueInputOption=RAW&fields=tableRange&alt=json
2021-05-19 18:16:18,504 - INFO - Number of datapoints: 26
2021-05-19 18:16:18,504 - INFO - Currently at 1 of 25
2021-05-19 18:16:18,504 - INFO - Time to upload...
2021-05-19 18:16:18,504 - INFO - URL being requested: GET https://www.googleapis.com/discovery/v1/apis/sheets/v4/rest
2021-05-19 18:16:19,707 - INFO - URL being requested: POST https://sheets.googleapis.com/v4/spreadsheets/1FP6CTlx3jhqdnechmFSVQ9AFyWXPJGkvJJTnRnkoRE8/values/Blad1:append?valueInputOption=RAW&fields=tableRange&alt=json
2021-05-19 18:16:21,529 - INFO - Number of datapoints: 27
2021-05-19 18:16:21,529 - INFO - Currently at 2 of 25
2021-05-19 18:16:21,529 - INFO - Time to upload...
2021-05-19 18:16:21,529 - INFO - URL being requested: GET https://www.googleapis.com/discovery/v1/apis/sheets/v4/rest
2021-05-19 18:16:22,853 - INFO - URL being requested: POST https://sheets.googleapis.com/v4/spreadsheets/1FP6CTlx3jhqdnechmFSVQ9AFyWXPJGkvJJTnRnkoRE8/values/Blad1:append?valueInputOption=RAW&fields=tableRange&alt=json
2021-05-19 18:16:24,297 - INFO - Number of datapoints: 28
2021-05-19 18:16:24,297 - INFO - Currently at 3 of 25
2021-05-19 18:16:24,297 - INFO - Time to upload...
2021-05-19 18:16:24,313 - INFO - URL being requested: GET https://www.googleapis.com/discovery/v1/apis/sheets/v4/rest
2021-05-19 18:16:25,600 - INFO - URL being requested: POST https://sheets.googleapis.com/v4/spreadsheets/1FP6CTlx3jhqdnechmFSVQ9AFyWXPJGkvJJTnRnkoRE8/values/Blad1:append?valueInputOption=RAW&fields=tableRange&alt=json
2021-05-19 18:16:27,626 - INFO - Number of datapoints: 29
2021-05-19 18:16:27,626 - INFO - Currently at 4 of 25
2021-05-19 18:16:27,626 - INFO - Time to upload...
2021-05-19 18:16:27,642 - INFO - URL being requested: GET https://www.googleapis.com/discovery/v1/apis/sheets/v4/rest
2021-05-19 18:16:28,782 - INFO - URL being requested: POST https://sheets.googleapis.com/v4/spreadsheets/1FP6CTlx3jhqdnechmFSVQ9AFyWXPJGkvJJTnRnkoRE8/values/Blad1:append?valueInputOption=RAW&fields=tableRange&alt=json
2021-05-19 18:16:32,361 - INFO - Number of datapoints: 30
2021-05-19 18:16:32,361 - INFO - Currently at 5 of 25
2021-05-19 18:16:32,361 - INFO - Time to upload...
2021-05-19 18:16:32,367 - INFO - URL being requested: GET https://www.googleapis.com/discovery/v1/apis/sheets/v4/rest
2021-05-19 18:16:33,548 - INFO - URL being requested: POST https://sheets.googleapis.com/v4/spreadsheets/1FP6CTlx3jhqdnechmFSVQ9AFyWXPJGkvJJTnRnkoRE8/values/Blad1:append?valueInputOption=RAW&fields=tableRange&alt=json
2021-05-19 18:16:36,329 - INFO - Number of datapoints: 31
2021-05-19 18:16:36,329 - INFO - Currently at 6 of 25
2021-05-19 18:16:36,329 - INFO - Time to upload...
2021-05-19 18:16:36,345 - INFO - URL being requested: GET https://www.googleapis.com/discovery/v1/apis/sheets/v4/rest
2021-05-19 18:16:37,516 - INFO - URL being requested: POST https://sheets.googleapis.com/v4/spreadsheets/1FP6CTlx3jhqdnechmFSVQ9AFyWXPJGkvJJTnRnkoRE8/values/Blad1:append?valueInputOption=RAW&fields=tableRange&alt=json
2021-05-19 18:16:49,670 - INFO - Number of datapoints: 32
2021-05-19 18:16:49,670 - INFO - Currently at 7 of 25
2021-05-19 18:16:49,670 - INFO - Time to upload...
2021-05-19 18:16:49,685 - INFO - URL being requested: GET https://www.googleapis.com/discovery/v1/apis/sheets/v4/rest
2021-05-19 18:16:50,810 - INFO - URL being requested: POST https://sheets.googleapis.com/v4/spreadsheets/1FP6CTlx3jhqdnechmFSVQ9AFyWXPJGkvJJTnRnkoRE8/values/Blad1:append?valueInputOption=RAW&fields=tableRange&alt=json
2021-05-19 18:16:57,110 - INFO - Number of datapoints: 33
2021-05-19 18:16:57,110 - INFO - Currently at 8 of 25
2021-05-19 18:16:57,110 - INFO - Time to upload...
2021-05-19 18:16:57,110 - INFO - URL being requested: GET https://www.googleapis.com/discovery/v1/apis/sheets/v4/rest
2021-05-19 18:16:58,298 - INFO - URL being requested: POST https://sheets.googleapis.com/v4/spreadsheets/1FP6CTlx3jhqdnechmFSVQ9AFyWXPJGkvJJTnRnkoRE8/values/Blad1:append?valueInputOption=RAW&fields=tableRange&alt=json
2021-05-19 18:17:03,132 - INFO - Number of datapoints: 34
2021-05-19 18:17:03,132 - INFO - Currently at 9 of 25
2021-05-19 18:17:03,132 - INFO - Time to upload...
2021-05-19 18:17:03,147 - INFO - URL being requested: GET https://www.googleapis.com/discovery/v1/apis/sheets/v4/rest
2021-05-19 18:17:04,444 - INFO - URL being requested: POST https://sheets.googleapis.com/v4/spreadsheets/1FP6CTlx3jhqdnechmFSVQ9AFyWXPJGkvJJTnRnkoRE8/values/Blad1:append?valueInputOption=RAW&fields=tableRange&alt=json
2021-05-19 18:17:08,241 - INFO - Number of datapoints: 35
2021-05-19 18:17:08,241 - INFO - Currently at 10 of 25
2021-05-19 18:17:08,241 - INFO - Time to upload...
2021-05-19 18:17:08,256 - INFO - URL being requested: GET https://www.googleapis.com/discovery/v1/apis/sheets/v4/rest
2021-05-19 18:17:09,535 - INFO - URL being requested: POST https://sheets.googleapis.com/v4/spreadsheets/1FP6CTlx3jhqdnechmFSVQ9AFyWXPJGkvJJTnRnkoRE8/values/Blad1:append?valueInputOption=RAW&fields=tableRange&alt=json
2021-05-19 18:17:12,016 - INFO - Number of datapoints: 36
2021-05-19 18:17:12,016 - INFO - Currently at 11 of 25
2021-05-19 18:17:12,016 - INFO - Time to upload...
2021-05-19 18:17:12,032 - INFO - URL being requested: GET https://www.googleapis.com/discovery/v1/apis/sheets/v4/rest
2021-05-19 18:17:13,282 - INFO - URL being requested: POST https://sheets.googleapis.com/v4/spreadsheets/1FP6CTlx3jhqdnechmFSVQ9AFyWXPJGkvJJTnRnkoRE8/values/Blad1:append?valueInputOption=RAW&fields=tableRange&alt=json
2021-05-19 18:17:17,641 - INFO - Number of datapoints: 37
2021-05-19 18:17:17,641 - INFO - Currently at 12 of 25
2021-05-19 18:17:17,641 - INFO - Time to upload...
2021-05-19 18:17:17,657 - INFO - URL being requested: GET https://www.googleapis.com/discovery/v1/apis/sheets/v4/rest
2021-05-19 18:17:18,657 - INFO - URL being requested: POST https://sheets.googleapis.com/v4/spreadsheets/1FP6CTlx3jhqdnechmFSVQ9AFyWXPJGkvJJTnRnkoRE8/values/Blad1:append?valueInputOption=RAW&fields=tableRange&alt=json
2021-05-19 18:17:30,609 - INFO - Number of datapoints: 38
2021-05-19 18:17:30,609 - INFO - Currently at 13 of 25
2021-05-19 18:17:30,609 - INFO - Time to upload...
2021-05-19 18:17:30,625 - INFO - URL being requested: GET https://www.googleapis.com/discovery/v1/apis/sheets/v4/rest
2021-05-19 18:17:31,812 - INFO - URL being requested: POST https://sheets.googleapis.com/v4/spreadsheets/1FP6CTlx3jhqdnechmFSVQ9AFyWXPJGkvJJTnRnkoRE8/values/Blad1:append?valueInputOption=RAW&fields=tableRange&alt=json
2021-05-19 18:17:34,047 - INFO - Number of datapoints: 39
2021-05-19 18:17:34,047 - INFO - Currently at 14 of 25
2021-05-19 18:17:34,047 - INFO - Time to upload...
2021-05-19 18:17:34,062 - INFO - URL being requested: GET https://www.googleapis.com/discovery/v1/apis/sheets/v4/rest
2021-05-19 18:17:35,343 - INFO - URL being requested: POST https://sheets.googleapis.com/v4/spreadsheets/1FP6CTlx3jhqdnechmFSVQ9AFyWXPJGkvJJTnRnkoRE8/values/Blad1:append?valueInputOption=RAW&fields=tableRange&alt=json
2021-05-19 18:17:37,453 - INFO - Number of datapoints: 40
2021-05-19 18:17:37,453 - INFO - Currently at 15 of 25
2021-05-19 18:17:37,468 - INFO - Time to upload...
2021-05-19 18:17:37,468 - INFO - URL being requested: GET https://www.googleapis.com/discovery/v1/apis/sheets/v4/rest
2021-05-19 18:17:38,890 - INFO - URL being requested: POST https://sheets.googleapis.com/v4/spreadsheets/1FP6CTlx3jhqdnechmFSVQ9AFyWXPJGkvJJTnRnkoRE8/values/Blad1:append?valueInputOption=RAW&fields=tableRange&alt=json
2021-05-19 18:17:40,765 - INFO - Number of datapoints: 41
2021-05-19 18:17:40,765 - INFO - Currently at 16 of 25
2021-05-19 18:17:40,765 - INFO - Time to upload...
2021-05-19 18:17:40,765 - INFO - URL being requested: GET https://www.googleapis.com/discovery/v1/apis/sheets/v4/rest
2021-05-19 18:17:41,953 - INFO - URL being requested: POST https://sheets.googleapis.com/v4/spreadsheets/1FP6CTlx3jhqdnechmFSVQ9AFyWXPJGkvJJTnRnkoRE8/values/Blad1:append?valueInputOption=RAW&fields=tableRange&alt=json
2021-05-19 18:17:43,984 - INFO - Number of datapoints: 42
2021-05-19 18:17:43,984 - INFO - Currently at 17 of 25
2021-05-19 18:17:43,984 - INFO - Time to upload...
2021-05-19 18:17:43,984 - INFO - URL being requested: GET https://www.googleapis.com/discovery/v1/apis/sheets/v4/rest
2021-05-19 18:17:45,156 - INFO - URL being requested: POST https://sheets.googleapis.com/v4/spreadsheets/1FP6CTlx3jhqdnechmFSVQ9AFyWXPJGkvJJTnRnkoRE8/values/Blad1:append?valueInputOption=RAW&fields=tableRange&alt=json
2021-05-19 18:17:47,656 - INFO - Number of datapoints: 43
2021-05-19 18:17:47,656 - INFO - Currently at 18 of 25
2021-05-19 18:17:47,656 - INFO - Time to upload...
2021-05-19 18:17:47,672 - INFO - URL being requested: GET https://www.googleapis.com/discovery/v1/apis/sheets/v4/rest
2021-05-19 18:17:48,797 - INFO - URL being requested: POST https://sheets.googleapis.com/v4/spreadsheets/1FP6CTlx3jhqdnechmFSVQ9AFyWXPJGkvJJTnRnkoRE8/values/Blad1:append?valueInputOption=RAW&fields=tableRange&alt=json
2021-05-19 18:17:54,218 - INFO - Number of datapoints: 44
2021-05-19 18:17:54,218 - INFO - Currently at 19 of 25
2021-05-19 18:17:54,218 - INFO - Time to upload...
2021-05-19 18:17:54,218 - INFO - URL being requested: GET https://www.googleapis.com/discovery/v1/apis/sheets/v4/rest
2021-05-19 18:17:55,468 - INFO - URL being requested: POST https://sheets.googleapis.com/v4/spreadsheets/1FP6CTlx3jhqdnechmFSVQ9AFyWXPJGkvJJTnRnkoRE8/values/Blad1:append?valueInputOption=RAW&fields=tableRange&alt=json
2021-05-19 18:17:57,593 - INFO - Number of datapoints: 45
2021-05-19 18:17:57,593 - INFO - Currently at 20 of 25
2021-05-19 18:17:57,593 - INFO - Time to upload...
2021-05-19 18:17:57,593 - INFO - URL being requested: GET https://www.googleapis.com/discovery/v1/apis/sheets/v4/rest
2021-05-19 18:17:58,687 - INFO - URL being requested: POST https://sheets.googleapis.com/v4/spreadsheets/1FP6CTlx3jhqdnechmFSVQ9AFyWXPJGkvJJTnRnkoRE8/values/Blad1:append?valueInputOption=RAW&fields=tableRange&alt=json
2021-05-19 18:18:01,296 - INFO - Number of datapoints: 46
2021-05-19 18:18:01,296 - INFO - Currently at 21 of 25
2021-05-19 18:18:01,296 - INFO - Time to upload...
2021-05-19 18:18:01,296 - INFO - URL being requested: GET https://www.googleapis.com/discovery/v1/apis/sheets/v4/rest
2021-05-19 18:18:02,406 - INFO - URL being requested: POST https://sheets.googleapis.com/v4/spreadsheets/1FP6CTlx3jhqdnechmFSVQ9AFyWXPJGkvJJTnRnkoRE8/values/Blad1:append?valueInputOption=RAW&fields=tableRange&alt=json
2021-05-19 18:18:09,804 - INFO - Number of datapoints: 47
2021-05-19 18:18:09,804 - INFO - Currently at 22 of 25
2021-05-19 18:18:09,804 - INFO - Time to upload...
2021-05-19 18:18:09,820 - INFO - URL being requested: GET https://www.googleapis.com/discovery/v1/apis/sheets/v4/rest
2021-05-19 18:18:11,143 - INFO - URL being requested: POST https://sheets.googleapis.com/v4/spreadsheets/1FP6CTlx3jhqdnechmFSVQ9AFyWXPJGkvJJTnRnkoRE8/values/Blad1:append?valueInputOption=RAW&fields=tableRange&alt=json
2021-05-19 18:18:18,083 - INFO - Number of datapoints: 48
2021-05-19 18:18:18,083 - INFO - Currently at 23 of 25
2021-05-19 18:18:18,083 - INFO - Time to upload...
2021-05-19 18:18:18,099 - INFO - URL being requested: GET https://www.googleapis.com/discovery/v1/apis/sheets/v4/rest
2021-05-19 18:18:19,223 - INFO - URL being requested: POST https://sheets.googleapis.com/v4/spreadsheets/1FP6CTlx3jhqdnechmFSVQ9AFyWXPJGkvJJTnRnkoRE8/values/Blad1:append?valueInputOption=RAW&fields=tableRange&alt=json
2021-05-19 18:18:26,395 - INFO - Number of datapoints: 49
2021-05-19 18:18:26,411 - INFO - Currently at 24 of 25
2021-05-19 18:18:26,411 - INFO - Time to upload...
2021-05-19 18:18:26,411 - INFO - URL being requested: GET https://www.googleapis.com/discovery/v1/apis/sheets/v4/rest
2021-05-19 18:18:27,543 - INFO - URL being requested: POST https://sheets.googleapis.com/v4/spreadsheets/1FP6CTlx3jhqdnechmFSVQ9AFyWXPJGkvJJTnRnkoRE8/values/Blad1:append?valueInputOption=RAW&fields=tableRange&alt=json
2021-05-19 18:18:31,887 - INFO - Number of datapoints: 50
2021-05-19 18:18:31,887 - INFO - Currently at 25 of 25
2021-05-19 18:18:31,887 - INFO - Time to upload...
2021-05-19 18:18:31,887 - INFO - URL being requested: GET https://www.googleapis.com/discovery/v1/apis/sheets/v4/rest
2021-05-19 18:18:33,121 - INFO - URL being requested: POST https://sheets.googleapis.com/v4/spreadsheets/1FP6CTlx3jhqdnechmFSVQ9AFyWXPJGkvJJTnRnkoRE8/values/Blad1:append?valueInputOption=RAW&fields=tableRange&alt=json
2021-05-19 18:18:39,164 - INFO - Number of datapoints: 51
2021-05-19 18:18:39,164 - INFO - Currently at 1 of 25
2021-05-19 18:18:39,164 - INFO - Time to upload...
2021-05-19 18:18:39,180 - INFO - URL being requested: GET https://www.googleapis.com/discovery/v1/apis/sheets/v4/rest
2021-05-19 18:18:40,366 - INFO - URL being requested: POST https://sheets.googleapis.com/v4/spreadsheets/1FP6CTlx3jhqdnechmFSVQ9AFyWXPJGkvJJTnRnkoRE8/values/Blad1:append?valueInputOption=RAW&fields=tableRange&alt=json
2021-05-19 18:18:51,484 - INFO - Number of datapoints: 52
2021-05-19 18:18:51,484 - INFO - Currently at 2 of 25
2021-05-19 18:18:51,484 - INFO - Time to upload...
2021-05-19 18:18:51,484 - INFO - URL being requested: GET https://www.googleapis.com/discovery/v1/apis/sheets/v4/rest
2021-05-19 18:18:52,875 - INFO - URL being requested: POST https://sheets.googleapis.com/v4/spreadsheets/1FP6CTlx3jhqdnechmFSVQ9AFyWXPJGkvJJTnRnkoRE8/values/Blad1:append?valueInputOption=RAW&fields=tableRange&alt=json
2021-05-19 18:19:03,140 - INFO - Number of datapoints: 53
2021-05-19 18:19:03,140 - INFO - Currently at 3 of 25
2021-05-19 18:19:03,140 - INFO - Time to upload...
2021-05-19 18:19:03,140 - INFO - URL being requested: GET https://www.googleapis.com/discovery/v1/apis/sheets/v4/rest
2021-05-19 18:19:04,437 - INFO - URL being requested: POST https://sheets.googleapis.com/v4/spreadsheets/1FP6CTlx3jhqdnechmFSVQ9AFyWXPJGkvJJTnRnkoRE8/values/Blad1:append?valueInputOption=RAW&fields=tableRange&alt=json
2021-05-19 18:19:06,921 - INFO - Number of datapoints: 54
2021-05-19 18:19:06,921 - INFO - Currently at 4 of 25
2021-05-19 18:19:06,921 - INFO - Time to upload...
2021-05-19 18:19:06,921 - INFO - URL being requested: GET https://www.googleapis.com/discovery/v1/apis/sheets/v4/rest
2021-05-19 18:19:08,452 - INFO - URL being requested: POST https://sheets.googleapis.com/v4/spreadsheets/1FP6CTlx3jhqdnechmFSVQ9AFyWXPJGkvJJTnRnkoRE8/values/Blad1:append?valueInputOption=RAW&fields=tableRange&alt=json
2021-05-19 18:19:11,192 - INFO - Number of datapoints: 55
2021-05-19 18:19:11,192 - INFO - Currently at 5 of 25
2021-05-19 18:19:11,192 - INFO - Time to upload...
2021-05-19 18:19:11,207 - INFO - URL being requested: GET https://www.googleapis.com/discovery/v1/apis/sheets/v4/rest
2021-05-19 18:19:12,489 - INFO - URL being requested: POST https://sheets.googleapis.com/v4/spreadsheets/1FP6CTlx3jhqdnechmFSVQ9AFyWXPJGkvJJTnRnkoRE8/values/Blad1:append?valueInputOption=RAW&fields=tableRange&alt=json
2021-05-19 18:19:14,376 - INFO - Number of datapoints: 56
2021-05-19 18:19:14,376 - INFO - Currently at 6 of 25
2021-05-19 18:19:14,376 - INFO - Time to upload...
2021-05-19 18:19:14,392 - INFO - URL being requested: GET https://www.googleapis.com/discovery/v1/apis/sheets/v4/rest
2021-05-19 18:19:15,470 - INFO - URL being requested: POST https://sheets.googleapis.com/v4/spreadsheets/1FP6CTlx3jhqdnechmFSVQ9AFyWXPJGkvJJTnRnkoRE8/values/Blad1:append?valueInputOption=RAW&fields=tableRange&alt=json
2021-05-19 18:19:19,828 - INFO - Number of datapoints: 57
2021-05-19 18:19:19,828 - INFO - Currently at 7 of 25
2021-05-19 18:19:19,828 - INFO - Time to upload...
2021-05-19 18:19:19,828 - INFO - URL being requested: GET https://www.googleapis.com/discovery/v1/apis/sheets/v4/rest
2021-05-19 18:19:21,000 - INFO - URL being requested: POST https://sheets.googleapis.com/v4/spreadsheets/1FP6CTlx3jhqdnechmFSVQ9AFyWXPJGkvJJTnRnkoRE8/values/Blad1:append?valueInputOption=RAW&fields=tableRange&alt=json
2021-05-19 18:19:29,168 - INFO - Number of datapoints: 58
2021-05-19 18:19:29,168 - INFO - Currently at 8 of 25
2021-05-19 18:19:29,168 - INFO - Time to upload...
2021-05-19 18:19:29,168 - INFO - URL being requested: GET https://www.googleapis.com/discovery/v1/apis/sheets/v4/rest
2021-05-19 18:19:30,387 - INFO - URL being requested: POST https://sheets.googleapis.com/v4/spreadsheets/1FP6CTlx3jhqdnechmFSVQ9AFyWXPJGkvJJTnRnkoRE8/values/Blad1:append?valueInputOption=RAW&fields=tableRange&alt=json
2021-05-19 18:19:33,324 - INFO - Number of datapoints: 59
2021-05-19 18:19:33,324 - INFO - Currently at 9 of 25
2021-05-19 18:19:33,324 - INFO - Time to upload...
2021-05-19 18:19:33,324 - INFO - URL being requested: GET https://www.googleapis.com/discovery/v1/apis/sheets/v4/rest
2021-05-19 18:19:34,652 - INFO - URL being requested: POST https://sheets.googleapis.com/v4/spreadsheets/1FP6CTlx3jhqdnechmFSVQ9AFyWXPJGkvJJTnRnkoRE8/values/Blad1:append?valueInputOption=RAW&fields=tableRange&alt=json
2021-05-19 18:19:45,798 - INFO - Number of datapoints: 60
2021-05-19 18:19:45,798 - INFO - Currently at 10 of 25
2021-05-19 18:19:45,798 - INFO - Time to upload...
2021-05-19 18:19:45,813 - INFO - URL being requested: GET https://www.googleapis.com/discovery/v1/apis/sheets/v4/rest
2021-05-19 18:19:46,923 - INFO - URL being requested: POST https://sheets.googleapis.com/v4/spreadsheets/1FP6CTlx3jhqdnechmFSVQ9AFyWXPJGkvJJTnRnkoRE8/values/Blad1:append?valueInputOption=RAW&fields=tableRange&alt=json
2021-05-19 18:19:50,313 - INFO - Number of datapoints: 61
2021-05-19 18:19:50,313 - INFO - Currently at 11 of 25
2021-05-19 18:19:50,313 - INFO - Time to upload...
2021-05-19 18:19:50,313 - INFO - URL being requested: GET https://www.googleapis.com/discovery/v1/apis/sheets/v4/rest
2021-05-19 18:19:51,579 - INFO - URL being requested: POST https://sheets.googleapis.com/v4/spreadsheets/1FP6CTlx3jhqdnechmFSVQ9AFyWXPJGkvJJTnRnkoRE8/values/Blad1:append?valueInputOption=RAW&fields=tableRange&alt=json
2021-05-19 18:19:54,121 - INFO - Number of datapoints: 62
2021-05-19 18:19:54,137 - INFO - Currently at 12 of 25
2021-05-19 18:19:54,137 - INFO - Time to upload...
2021-05-19 18:19:54,137 - INFO - URL being requested: GET https://www.googleapis.com/discovery/v1/apis/sheets/v4/rest
2021-05-19 18:19:55,309 - INFO - URL being requested: POST https://sheets.googleapis.com/v4/spreadsheets/1FP6CTlx3jhqdnechmFSVQ9AFyWXPJGkvJJTnRnkoRE8/values/Blad1:append?valueInputOption=RAW&fields=tableRange&alt=json
2021-05-19 18:20:02,998 - INFO - Number of datapoints: 63
2021-05-19 18:20:02,998 - INFO - Currently at 13 of 25
2021-05-19 18:20:02,998 - INFO - Time to upload...
2021-05-19 18:20:03,008 - INFO - URL being requested: GET https://www.googleapis.com/discovery/v1/apis/sheets/v4/rest
2021-05-19 18:20:04,111 - INFO - URL being requested: POST https://sheets.googleapis.com/v4/spreadsheets/1FP6CTlx3jhqdnechmFSVQ9AFyWXPJGkvJJTnRnkoRE8/values/Blad1:append?valueInputOption=RAW&fields=tableRange&alt=json
2021-05-19 18:20:06,345 - INFO - Number of datapoints: 64
2021-05-19 18:20:06,345 - INFO - Currently at 14 of 25
2021-05-19 18:20:06,345 - INFO - Time to upload...
2021-05-19 18:20:06,361 - INFO - URL being requested: GET https://www.googleapis.com/discovery/v1/apis/sheets/v4/rest
2021-05-19 18:20:07,501 - INFO - URL being requested: POST https://sheets.googleapis.com/v4/spreadsheets/1FP6CTlx3jhqdnechmFSVQ9AFyWXPJGkvJJTnRnkoRE8/values/Blad1:append?valueInputOption=RAW&fields=tableRange&alt=json
2021-05-19 18:20:10,798 - INFO - Number of datapoints: 65
2021-05-19 18:20:10,798 - INFO - Currently at 15 of 25
2021-05-19 18:20:10,798 - INFO - Time to upload...
2021-05-19 18:20:10,814 - INFO - URL being requested: GET https://www.googleapis.com/discovery/v1/apis/sheets/v4/rest
2021-05-19 18:20:11,907 - INFO - URL being requested: POST https://sheets.googleapis.com/v4/spreadsheets/1FP6CTlx3jhqdnechmFSVQ9AFyWXPJGkvJJTnRnkoRE8/values/Blad1:append?valueInputOption=RAW&fields=tableRange&alt=json
2021-05-19 18:20:13,938 - INFO - Number of datapoints: 66
2021-05-19 18:20:13,938 - INFO - Currently at 16 of 25
2021-05-19 18:20:13,938 - INFO - Time to upload...
2021-05-19 18:20:13,938 - INFO - URL being requested: GET https://www.googleapis.com/discovery/v1/apis/sheets/v4/rest
2021-05-19 18:20:15,063 - INFO - URL being requested: POST https://sheets.googleapis.com/v4/spreadsheets/1FP6CTlx3jhqdnechmFSVQ9AFyWXPJGkvJJTnRnkoRE8/values/Blad1:append?valueInputOption=RAW&fields=tableRange&alt=json
2021-05-19 18:20:17,709 - INFO - Number of datapoints: 67
2021-05-19 18:20:17,709 - INFO - Currently at 17 of 25
2021-05-19 18:20:17,709 - INFO - Time to upload...
2021-05-19 18:20:17,709 - INFO - URL being requested: GET https://www.googleapis.com/discovery/v1/apis/sheets/v4/rest
2021-05-19 18:20:18,991 - INFO - URL being requested: POST https://sheets.googleapis.com/v4/spreadsheets/1FP6CTlx3jhqdnechmFSVQ9AFyWXPJGkvJJTnRnkoRE8/values/Blad1:append?valueInputOption=RAW&fields=tableRange&alt=json
2021-05-19 18:20:21,319 - INFO - Number of datapoints: 68
2021-05-19 18:20:21,319 - INFO - Currently at 18 of 25
2021-05-19 18:20:21,319 - INFO - Time to upload...
2021-05-19 18:20:21,334 - INFO - URL being requested: GET https://www.googleapis.com/discovery/v1/apis/sheets/v4/rest
2021-05-19 18:20:22,506 - INFO - URL being requested: POST https://sheets.googleapis.com/v4/spreadsheets/1FP6CTlx3jhqdnechmFSVQ9AFyWXPJGkvJJTnRnkoRE8/values/Blad1:append?valueInputOption=RAW&fields=tableRange&alt=json
2021-05-19 18:20:24,990 - INFO - Number of datapoints: 69
2021-05-19 18:20:24,990 - INFO - Currently at 19 of 25
2021-05-19 18:20:24,990 - INFO - Time to upload...
2021-05-19 18:20:24,990 - INFO - URL being requested: GET https://www.googleapis.com/discovery/v1/apis/sheets/v4/rest
2021-05-19 18:20:26,022 - INFO - URL being requested: POST https://sheets.googleapis.com/v4/spreadsheets/1FP6CTlx3jhqdnechmFSVQ9AFyWXPJGkvJJTnRnkoRE8/values/Blad1:append?valueInputOption=RAW&fields=tableRange&alt=json
2021-05-19 18:20:27,928 - INFO - Number of datapoints: 70
2021-05-19 18:20:27,943 - INFO - Currently at 20 of 25
2021-05-19 18:20:27,943 - INFO - Time to upload...
2021-05-19 18:20:27,943 - INFO - URL being requested: GET https://www.googleapis.com/discovery/v1/apis/sheets/v4/rest
2021-05-19 18:20:29,193 - INFO - URL being requested: POST https://sheets.googleapis.com/v4/spreadsheets/1FP6CTlx3jhqdnechmFSVQ9AFyWXPJGkvJJTnRnkoRE8/values/Blad1:append?valueInputOption=RAW&fields=tableRange&alt=json
2021-05-19 18:20:31,443 - INFO - Number of datapoints: 71
2021-05-19 18:20:31,443 - INFO - Currently at 21 of 25
2021-05-19 18:20:31,443 - INFO - Time to upload...
2021-05-19 18:20:31,459 - INFO - URL being requested: GET https://www.googleapis.com/discovery/v1/apis/sheets/v4/rest
2021-05-19 18:20:32,568 - INFO - URL being requested: POST https://sheets.googleapis.com/v4/spreadsheets/1FP6CTlx3jhqdnechmFSVQ9AFyWXPJGkvJJTnRnkoRE8/values/Blad1:append?valueInputOption=RAW&fields=tableRange&alt=json
2021-05-19 18:20:34,974 - INFO - Number of datapoints: 72
2021-05-19 18:20:34,974 - INFO - Currently at 22 of 25
2021-05-19 18:20:34,974 - INFO - Time to upload...
2021-05-19 18:20:34,974 - INFO - URL being requested: GET https://www.googleapis.com/discovery/v1/apis/sheets/v4/rest
2021-05-19 18:20:36,184 - INFO - URL being requested: POST https://sheets.googleapis.com/v4/spreadsheets/1FP6CTlx3jhqdnechmFSVQ9AFyWXPJGkvJJTnRnkoRE8/values/Blad1:append?valueInputOption=RAW&fields=tableRange&alt=json
2021-05-19 18:20:37,896 - INFO - Number of datapoints: 73
2021-05-19 18:20:37,896 - INFO - Currently at 23 of 25
2021-05-19 18:20:37,896 - INFO - Time to upload...
2021-05-19 18:20:37,896 - INFO - URL being requested: GET https://www.googleapis.com/discovery/v1/apis/sheets/v4/rest
2021-05-19 18:20:39,084 - INFO - URL being requested: POST https://sheets.googleapis.com/v4/spreadsheets/1FP6CTlx3jhqdnechmFSVQ9AFyWXPJGkvJJTnRnkoRE8/values/Blad1:append?valueInputOption=RAW&fields=tableRange&alt=json
2021-05-19 18:20:41,771 - INFO - Number of datapoints: 74
2021-05-19 18:20:41,771 - INFO - Currently at 24 of 25
2021-05-19 18:20:41,771 - INFO - Time to upload...
2021-05-19 18:20:41,771 - INFO - URL being requested: GET https://www.googleapis.com/discovery/v1/apis/sheets/v4/rest
2021-05-19 18:20:44,156 - INFO - URL being requested: POST https://sheets.googleapis.com/v4/spreadsheets/1FP6CTlx3jhqdnechmFSVQ9AFyWXPJGkvJJTnRnkoRE8/values/Blad1:append?valueInputOption=RAW&fields=tableRange&alt=json
2021-05-19 18:20:46,671 - INFO - Number of datapoints: 75
2021-05-19 18:20:46,671 - INFO - Currently at 25 of 25
2021-05-19 18:20:46,671 - INFO - Time to upload...
2021-05-19 18:20:46,687 - INFO - URL being requested: GET https://www.googleapis.com/discovery/v1/apis/sheets/v4/rest
2021-05-19 18:20:48,015 - INFO - URL being requested: POST https://sheets.googleapis.com/v4/spreadsheets/1FP6CTlx3jhqdnechmFSVQ9AFyWXPJGkvJJTnRnkoRE8/values/Blad1:append?valueInputOption=RAW&fields=tableRange&alt=json
2021-05-19 18:20:52,939 - INFO - Number of datapoints: 76
2021-05-19 18:20:52,939 - INFO - Currently at 1 of 25
2021-05-19 18:20:52,939 - INFO - Time to upload...
2021-05-19 18:20:52,954 - INFO - URL being requested: GET https://www.googleapis.com/discovery/v1/apis/sheets/v4/rest
2021-05-19 18:20:54,126 - INFO - URL being requested: POST https://sheets.googleapis.com/v4/spreadsheets/1FP6CTlx3jhqdnechmFSVQ9AFyWXPJGkvJJTnRnkoRE8/values/Blad1:append?valueInputOption=RAW&fields=tableRange&alt=json
2021-05-19 18:20:56,707 - INFO - Number of datapoints: 77
2021-05-19 18:20:56,707 - INFO - Currently at 2 of 25
2021-05-19 18:20:56,707 - INFO - Time to upload...
2021-05-19 18:20:56,707 - INFO - URL being requested: GET https://www.googleapis.com/discovery/v1/apis/sheets/v4/rest
2021-05-19 18:20:58,004 - INFO - URL being requested: POST https://sheets.googleapis.com/v4/spreadsheets/1FP6CTlx3jhqdnechmFSVQ9AFyWXPJGkvJJTnRnkoRE8/values/Blad1:append?valueInputOption=RAW&fields=tableRange&alt=json
2021-05-19 18:21:08,051 - INFO - Number of datapoints: 78
2021-05-19 18:21:08,051 - INFO - Currently at 3 of 25
2021-05-19 18:21:08,051 - INFO - Time to upload...
2021-05-19 18:21:08,051 - INFO - URL being requested: GET https://www.googleapis.com/discovery/v1/apis/sheets/v4/rest
2021-05-19 18:21:09,293 - INFO - URL being requested: POST https://sheets.googleapis.com/v4/spreadsheets/1FP6CTlx3jhqdnechmFSVQ9AFyWXPJGkvJJTnRnkoRE8/values/Blad1:append?valueInputOption=RAW&fields=tableRange&alt=json
2021-05-19 18:21:11,470 - INFO - Number of datapoints: 79
2021-05-19 18:21:11,470 - INFO - Currently at 4 of 25
2021-05-19 18:21:11,470 - INFO - Time to upload...
2021-05-19 18:21:11,470 - INFO - URL being requested: GET https://www.googleapis.com/discovery/v1/apis/sheets/v4/rest
2021-05-19 18:21:12,532 - INFO - URL being requested: POST https://sheets.googleapis.com/v4/spreadsheets/1FP6CTlx3jhqdnechmFSVQ9AFyWXPJGkvJJTnRnkoRE8/values/Blad1:append?valueInputOption=RAW&fields=tableRange&alt=json
2021-05-19 18:21:14,579 - INFO - Number of datapoints: 80
2021-05-19 18:21:14,579 - INFO - Currently at 5 of 25
2021-05-19 18:21:14,579 - INFO - Time to upload...
2021-05-19 18:21:14,595 - INFO - URL being requested: GET https://www.googleapis.com/discovery/v1/apis/sheets/v4/rest
2021-05-19 18:21:15,907 - INFO - URL being requested: POST https://sheets.googleapis.com/v4/spreadsheets/1FP6CTlx3jhqdnechmFSVQ9AFyWXPJGkvJJTnRnkoRE8/values/Blad1:append?valueInputOption=RAW&fields=tableRange&alt=json
2021-05-19 18:21:17,938 - INFO - Number of datapoints: 81
2021-05-19 18:21:17,938 - INFO - Currently at 6 of 25
2021-05-19 18:21:17,954 - INFO - Time to upload...
2021-05-19 18:21:17,954 - INFO - URL being requested: GET https://www.googleapis.com/discovery/v1/apis/sheets/v4/rest
2021-05-19 18:21:19,267 - INFO - URL being requested: POST https://sheets.googleapis.com/v4/spreadsheets/1FP6CTlx3jhqdnechmFSVQ9AFyWXPJGkvJJTnRnkoRE8/values/Blad1:append?valueInputOption=RAW&fields=tableRange&alt=json
2021-05-19 18:21:21,532 - INFO - Number of datapoints: 82
2021-05-19 18:21:21,532 - INFO - Currently at 7 of 25
2021-05-19 18:21:21,532 - INFO - Time to upload...
2021-05-19 18:21:21,532 - INFO - URL being requested: GET https://www.googleapis.com/discovery/v1/apis/sheets/v4/rest
2021-05-19 18:21:22,938 - INFO - URL being requested: POST https://sheets.googleapis.com/v4/spreadsheets/1FP6CTlx3jhqdnechmFSVQ9AFyWXPJGkvJJTnRnkoRE8/values/Blad1:append?valueInputOption=RAW&fields=tableRange&alt=json
2021-05-19 18:21:35,123 - INFO - Number of datapoints: 83
2021-05-19 18:21:35,138 - INFO - Currently at 8 of 25
2021-05-19 18:21:35,138 - INFO - Time to upload...
2021-05-19 18:21:35,138 - INFO - URL being requested: GET https://www.googleapis.com/discovery/v1/apis/sheets/v4/rest
2021-05-19 18:21:36,310 - INFO - URL being requested: POST https://sheets.googleapis.com/v4/spreadsheets/1FP6CTlx3jhqdnechmFSVQ9AFyWXPJGkvJJTnRnkoRE8/values/Blad1:append?valueInputOption=RAW&fields=tableRange&alt=json
2021-05-19 18:21:39,013 - INFO - Number of datapoints: 84
2021-05-19 18:21:39,013 - INFO - Currently at 9 of 25
2021-05-19 18:21:39,013 - INFO - Time to upload...
2021-05-19 18:21:39,013 - INFO - URL being requested: GET https://www.googleapis.com/discovery/v1/apis/sheets/v4/rest
2021-05-19 18:21:40,138 - INFO - URL being requested: POST https://sheets.googleapis.com/v4/spreadsheets/1FP6CTlx3jhqdnechmFSVQ9AFyWXPJGkvJJTnRnkoRE8/values/Blad1:append?valueInputOption=RAW&fields=tableRange&alt=json
2021-05-19 18:21:42,312 - INFO - Number of datapoints: 85
2021-05-19 18:21:42,312 - INFO - Currently at 10 of 25
2021-05-19 18:21:42,312 - INFO - Time to upload...
2021-05-19 18:21:42,312 - INFO - URL being requested: GET https://www.googleapis.com/discovery/v1/apis/sheets/v4/rest
2021-05-19 18:21:43,609 - INFO - URL being requested: POST https://sheets.googleapis.com/v4/spreadsheets/1FP6CTlx3jhqdnechmFSVQ9AFyWXPJGkvJJTnRnkoRE8/values/Blad1:append?valueInputOption=RAW&fields=tableRange&alt=json
2021-05-19 18:21:48,121 - INFO - Number of datapoints: 86
2021-05-19 18:21:48,121 - INFO - Currently at 11 of 25
2021-05-19 18:21:48,121 - INFO - Time to upload...
2021-05-19 18:21:48,136 - INFO - URL being requested: GET https://www.googleapis.com/discovery/v1/apis/sheets/v4/rest
2021-05-19 18:21:51,230 - INFO - URL being requested: POST https://sheets.googleapis.com/v4/spreadsheets/1FP6CTlx3jhqdnechmFSVQ9AFyWXPJGkvJJTnRnkoRE8/values/Blad1:append?valueInputOption=RAW&fields=tableRange&alt=json
2021-05-19 18:21:58,199 - INFO - Number of datapoints: 87
2021-05-19 18:21:58,199 - INFO - Currently at 12 of 25
2021-05-19 18:21:58,199 - INFO - Time to upload...
2021-05-19 18:21:58,199 - INFO - URL being requested: GET https://www.googleapis.com/discovery/v1/apis/sheets/v4/rest
2021-05-19 18:21:59,761 - INFO - URL being requested: POST https://sheets.googleapis.com/v4/spreadsheets/1FP6CTlx3jhqdnechmFSVQ9AFyWXPJGkvJJTnRnkoRE8/values/Blad1:append?valueInputOption=RAW&fields=tableRange&alt=json
2021-05-19 18:22:01,964 - INFO - Number of datapoints: 88
2021-05-19 18:22:01,964 - INFO - Currently at 13 of 25
2021-05-19 18:22:01,964 - INFO - Time to upload...
2021-05-19 18:22:01,964 - INFO - URL being requested: GET https://www.googleapis.com/discovery/v1/apis/sheets/v4/rest
2021-05-19 18:22:03,120 - INFO - URL being requested: POST https://sheets.googleapis.com/v4/spreadsheets/1FP6CTlx3jhqdnechmFSVQ9AFyWXPJGkvJJTnRnkoRE8/values/Blad1:append?valueInputOption=RAW&fields=tableRange&alt=json
2021-05-19 18:22:05,108 - INFO - Number of datapoints: 89
2021-05-19 18:22:05,108 - INFO - Currently at 14 of 25
2021-05-19 18:22:05,108 - INFO - Time to upload...
2021-05-19 18:22:05,124 - INFO - URL being requested: GET https://www.googleapis.com/discovery/v1/apis/sheets/v4/rest
2021-05-19 18:22:06,249 - INFO - URL being requested: POST https://sheets.googleapis.com/v4/spreadsheets/1FP6CTlx3jhqdnechmFSVQ9AFyWXPJGkvJJTnRnkoRE8/values/Blad1:append?valueInputOption=RAW&fields=tableRange&alt=json
2021-05-19 18:22:08,608 - INFO - Number of datapoints: 90
2021-05-19 18:22:08,608 - INFO - Currently at 15 of 25
2021-05-19 18:22:08,608 - INFO - Time to upload...
2021-05-19 18:22:08,608 - INFO - URL being requested: GET https://www.googleapis.com/discovery/v1/apis/sheets/v4/rest
2021-05-19 18:22:09,811 - INFO - URL being requested: POST https://sheets.googleapis.com/v4/spreadsheets/1FP6CTlx3jhqdnechmFSVQ9AFyWXPJGkvJJTnRnkoRE8/values/Blad1:append?valueInputOption=RAW&fields=tableRange&alt=json
2021-05-19 18:22:12,467 - INFO - Number of datapoints: 91
2021-05-19 18:22:12,467 - INFO - Currently at 16 of 25
2021-05-19 18:22:12,467 - INFO - Time to upload...
2021-05-19 18:22:12,483 - INFO - URL being requested: GET https://www.googleapis.com/discovery/v1/apis/sheets/v4/rest
2021-05-19 18:22:13,686 - INFO - URL being requested: POST https://sheets.googleapis.com/v4/spreadsheets/1FP6CTlx3jhqdnechmFSVQ9AFyWXPJGkvJJTnRnkoRE8/values/Blad1:append?valueInputOption=RAW&fields=tableRange&alt=json
2021-05-19 18:22:34,268 - INFO - Number of datapoints: 92
2021-05-19 18:22:34,268 - INFO - Currently at 17 of 25
2021-05-19 18:22:34,268 - INFO - Time to upload...
2021-05-19 18:22:34,268 - INFO - URL being requested: GET https://www.googleapis.com/discovery/v1/apis/sheets/v4/rest
2021-05-19 18:22:35,378 - INFO - URL being requested: POST https://sheets.googleapis.com/v4/spreadsheets/1FP6CTlx3jhqdnechmFSVQ9AFyWXPJGkvJJTnRnkoRE8/values/Blad1:append?valueInputOption=RAW&fields=tableRange&alt=json
2021-05-19 18:23:41,387 - INFO - Number of datapoints: 93
2021-05-19 18:23:41,387 - INFO - Currently at 18 of 25
2021-05-19 18:23:41,387 - INFO - Time to upload...
2021-05-19 18:23:41,387 - INFO - URL being requested: GET https://www.googleapis.com/discovery/v1/apis/sheets/v4/rest
2021-05-19 18:23:42,746 - INFO - URL being requested: POST https://sheets.googleapis.com/v4/spreadsheets/1FP6CTlx3jhqdnechmFSVQ9AFyWXPJGkvJJTnRnkoRE8/values/Blad1:append?valueInputOption=RAW&fields=tableRange&alt=json
2021-05-19 18:23:44,636 - INFO - Number of datapoints: 94
2021-05-19 18:23:44,636 - INFO - Currently at 19 of 25
2021-05-19 18:23:44,636 - INFO - Time to upload...
2021-05-19 18:23:44,636 - INFO - URL being requested: GET https://www.googleapis.com/discovery/v1/apis/sheets/v4/rest
2021-05-19 18:23:45,777 - INFO - URL being requested: POST https://sheets.googleapis.com/v4/spreadsheets/1FP6CTlx3jhqdnechmFSVQ9AFyWXPJGkvJJTnRnkoRE8/values/Blad1:append?valueInputOption=RAW&fields=tableRange&alt=json
2021-05-19 18:23:49,527 - INFO - Number of datapoints: 95
2021-05-19 18:23:49,527 - INFO - Currently at 20 of 25
2021-05-19 18:23:49,527 - INFO - Time to upload...
2021-05-19 18:23:49,543 - INFO - URL being requested: GET https://www.googleapis.com/discovery/v1/apis/sheets/v4/rest
2021-05-19 18:23:50,871 - INFO - URL being requested: POST https://sheets.googleapis.com/v4/spreadsheets/1FP6CTlx3jhqdnechmFSVQ9AFyWXPJGkvJJTnRnkoRE8/values/Blad1:append?valueInputOption=RAW&fields=tableRange&alt=json
2021-05-19 18:23:53,027 - INFO - Number of datapoints: 96
2021-05-19 18:23:53,027 - INFO - Currently at 21 of 25
2021-05-19 18:23:53,027 - INFO - Time to upload...
2021-05-19 18:23:53,027 - INFO - URL being requested: GET https://www.googleapis.com/discovery/v1/apis/sheets/v4/rest
2021-05-19 18:23:54,324 - INFO - URL being requested: POST https://sheets.googleapis.com/v4/spreadsheets/1FP6CTlx3jhqdnechmFSVQ9AFyWXPJGkvJJTnRnkoRE8/values/Blad1:append?valueInputOption=RAW&fields=tableRange&alt=json
2021-05-19 18:23:57,152 - INFO - Number of datapoints: 97
2021-05-19 18:23:57,152 - INFO - Currently at 22 of 25
2021-05-19 18:23:57,152 - INFO - Time to upload...
2021-05-19 18:23:57,152 - INFO - URL being requested: GET https://www.googleapis.com/discovery/v1/apis/sheets/v4/rest
2021-05-19 18:23:58,386 - INFO - URL being requested: POST https://sheets.googleapis.com/v4/spreadsheets/1FP6CTlx3jhqdnechmFSVQ9AFyWXPJGkvJJTnRnkoRE8/values/Blad1:append?valueInputOption=RAW&fields=tableRange&alt=json
2021-05-19 18:24:01,262 - INFO - Number of datapoints: 98
2021-05-19 18:24:01,262 - INFO - Currently at 23 of 25
2021-05-19 18:24:01,262 - INFO - Time to upload...
2021-05-19 18:24:01,278 - INFO - URL being requested: GET https://www.googleapis.com/discovery/v1/apis/sheets/v4/rest
2021-05-19 18:24:02,684 - INFO - URL being requested: POST https://sheets.googleapis.com/v4/spreadsheets/1FP6CTlx3jhqdnechmFSVQ9AFyWXPJGkvJJTnRnkoRE8/values/Blad1:append?valueInputOption=RAW&fields=tableRange&alt=json
2021-05-19 18:24:06,531 - INFO - Number of datapoints: 99
2021-05-19 18:24:06,531 - INFO - Currently at 24 of 25
2021-05-19 18:24:06,531 - INFO - Time to upload...
2021-05-19 18:24:06,547 - INFO - URL being requested: GET https://www.googleapis.com/discovery/v1/apis/sheets/v4/rest
2021-05-19 18:24:07,797 - INFO - URL being requested: POST https://sheets.googleapis.com/v4/spreadsheets/1FP6CTlx3jhqdnechmFSVQ9AFyWXPJGkvJJTnRnkoRE8/values/Blad1:append?valueInputOption=RAW&fields=tableRange&alt=json
2021-05-19 18:24:16,863 - INFO - Number of datapoints: 100
2021-05-19 18:24:16,863 - INFO - Currently at 25 of 25
2021-05-19 18:24:16,863 - INFO - Time to upload...
2021-05-19 18:24:16,863 - INFO - URL being requested: GET https://www.googleapis.com/discovery/v1/apis/sheets/v4/rest
2021-05-19 18:24:17,957 - INFO - URL being requested: POST https://sheets.googleapis.com/v4/spreadsheets/1FP6CTlx3jhqdnechmFSVQ9AFyWXPJGkvJJTnRnkoRE8/values/Blad1:append?valueInputOption=RAW&fields=tableRange&alt=json
2021-05-19 18:24:24,091 - INFO - Number of datapoints: 101
2021-05-19 18:24:24,091 - INFO - Currently at 1 of 25
2021-05-19 18:24:24,091 - INFO - Time to upload...
2021-05-19 18:24:24,091 - INFO - URL being requested: GET https://www.googleapis.com/discovery/v1/apis/sheets/v4/rest
2021-05-19 18:24:25,511 - INFO - URL being requested: POST https://sheets.googleapis.com/v4/spreadsheets/1FP6CTlx3jhqdnechmFSVQ9AFyWXPJGkvJJTnRnkoRE8/values/Blad1:append?valueInputOption=RAW&fields=tableRange&alt=json
2021-05-19 18:24:28,261 - INFO - Number of datapoints: 102
2021-05-19 18:24:28,261 - INFO - Currently at 2 of 25
2021-05-19 18:24:28,261 - INFO - Time to upload...
2021-05-19 18:24:28,261 - INFO - URL being requested: GET https://www.googleapis.com/discovery/v1/apis/sheets/v4/rest
2021-05-19 18:24:29,464 - INFO - URL being requested: POST https://sheets.googleapis.com/v4/spreadsheets/1FP6CTlx3jhqdnechmFSVQ9AFyWXPJGkvJJTnRnkoRE8/values/Blad1:append?valueInputOption=RAW&fields=tableRange&alt=json
2021-05-19 18:24:33,043 - INFO - Number of datapoints: 103
2021-05-19 18:24:33,043 - INFO - Currently at 3 of 25
2021-05-19 18:24:33,043 - INFO - Time to upload...
2021-05-19 18:24:33,058 - INFO - URL being requested: GET https://www.googleapis.com/discovery/v1/apis/sheets/v4/rest
2021-05-19 18:24:34,421 - INFO - URL being requested: POST https://sheets.googleapis.com/v4/spreadsheets/1FP6CTlx3jhqdnechmFSVQ9AFyWXPJGkvJJTnRnkoRE8/values/Blad1:append?valueInputOption=RAW&fields=tableRange&alt=json
2021-05-19 18:24:37,233 - INFO - Number of datapoints: 104
2021-05-19 18:24:37,249 - INFO - Currently at 4 of 25
2021-05-19 18:24:37,249 - INFO - Time to upload...
2021-05-19 18:24:37,249 - INFO - URL being requested: GET https://www.googleapis.com/discovery/v1/apis/sheets/v4/rest
2021-05-19 18:24:38,671 - INFO - URL being requested: POST https://sheets.googleapis.com/v4/spreadsheets/1FP6CTlx3jhqdnechmFSVQ9AFyWXPJGkvJJTnRnkoRE8/values/Blad1:append?valueInputOption=RAW&fields=tableRange&alt=json
2021-05-19 18:24:41,467 - INFO - Number of datapoints: 105
2021-05-19 18:24:41,467 - INFO - Currently at 5 of 25
2021-05-19 18:24:41,467 - INFO - Time to upload...
2021-05-19 18:24:41,483 - INFO - URL being requested: GET https://www.googleapis.com/discovery/v1/apis/sheets/v4/rest
2021-05-19 18:24:42,983 - INFO - URL being requested: POST https://sheets.googleapis.com/v4/spreadsheets/1FP6CTlx3jhqdnechmFSVQ9AFyWXPJGkvJJTnRnkoRE8/values/Blad1:append?valueInputOption=RAW&fields=tableRange&alt=json
2021-05-19 18:24:45,061 - INFO - Number of datapoints: 106
2021-05-19 18:24:45,061 - INFO - Currently at 6 of 25
2021-05-19 18:24:45,061 - INFO - Time to upload...
2021-05-19 18:24:45,077 - INFO - URL being requested: GET https://www.googleapis.com/discovery/v1/apis/sheets/v4/rest
2021-05-19 18:24:46,623 - INFO - URL being requested: POST https://sheets.googleapis.com/v4/spreadsheets/1FP6CTlx3jhqdnechmFSVQ9AFyWXPJGkvJJTnRnkoRE8/values/Blad1:append?valueInputOption=RAW&fields=tableRange&alt=json
2021-05-19 18:24:52,733 - INFO - Number of datapoints: 107
2021-05-19 18:24:52,733 - INFO - Currently at 7 of 25
2021-05-19 18:24:52,748 - INFO - Time to upload...
2021-05-19 18:24:52,748 - INFO - URL being requested: GET https://www.googleapis.com/discovery/v1/apis/sheets/v4/rest
2021-05-19 18:24:54,029 - INFO - URL being requested: POST https://sheets.googleapis.com/v4/spreadsheets/1FP6CTlx3jhqdnechmFSVQ9AFyWXPJGkvJJTnRnkoRE8/values/Blad1:append?valueInputOption=RAW&fields=tableRange&alt=json
2021-05-19 18:24:58,382 - INFO - Number of datapoints: 108
2021-05-19 18:24:58,382 - INFO - Currently at 8 of 25
2021-05-19 18:24:58,382 - INFO - Time to upload...
2021-05-19 18:24:58,382 - INFO - URL being requested: GET https://www.googleapis.com/discovery/v1/apis/sheets/v4/rest
2021-05-19 18:24:59,585 - INFO - URL being requested: POST https://sheets.googleapis.com/v4/spreadsheets/1FP6CTlx3jhqdnechmFSVQ9AFyWXPJGkvJJTnRnkoRE8/values/Blad1:append?valueInputOption=RAW&fields=tableRange&alt=json
2021-05-19 18:25:05,241 - INFO - Number of datapoints: 109
2021-05-19 18:25:05,241 - INFO - Currently at 9 of 25
2021-05-19 18:25:05,241 - INFO - Time to upload...
2021-05-19 18:25:05,241 - INFO - URL being requested: GET https://www.googleapis.com/discovery/v1/apis/sheets/v4/rest
2021-05-19 18:25:06,527 - INFO - URL being requested: POST https://sheets.googleapis.com/v4/spreadsheets/1FP6CTlx3jhqdnechmFSVQ9AFyWXPJGkvJJTnRnkoRE8/values/Blad1:append?valueInputOption=RAW&fields=tableRange&alt=json
2021-05-19 18:25:13,053 - INFO - Number of datapoints: 110
2021-05-19 18:25:13,053 - INFO - Currently at 10 of 25
2021-05-19 18:25:13,053 - INFO - Time to upload...
2021-05-19 18:25:13,068 - INFO - URL being requested: GET https://www.googleapis.com/discovery/v1/apis/sheets/v4/rest
2021-05-19 18:25:14,162 - INFO - URL being requested: POST https://sheets.googleapis.com/v4/spreadsheets/1FP6CTlx3jhqdnechmFSVQ9AFyWXPJGkvJJTnRnkoRE8/values/Blad1:append?valueInputOption=RAW&fields=tableRange&alt=json
2021-05-19 18:25:16,912 - INFO - Number of datapoints: 111
2021-05-19 18:25:16,912 - INFO - Currently at 11 of 25
2021-05-19 18:25:16,912 - INFO - Time to upload...
2021-05-19 18:25:16,927 - INFO - URL being requested: GET https://www.googleapis.com/discovery/v1/apis/sheets/v4/rest
2021-05-19 18:25:18,006 - INFO - URL being requested: POST https://sheets.googleapis.com/v4/spreadsheets/1FP6CTlx3jhqdnechmFSVQ9AFyWXPJGkvJJTnRnkoRE8/values/Blad1:append?valueInputOption=RAW&fields=tableRange&alt=json
2021-05-19 18:25:25,166 - INFO - Number of datapoints: 112
2021-05-19 18:25:25,166 - INFO - Currently at 12 of 25
2021-05-19 18:25:25,166 - INFO - Time to upload...
2021-05-19 18:25:25,182 - INFO - URL being requested: GET https://www.googleapis.com/discovery/v1/apis/sheets/v4/rest
2021-05-19 18:25:26,547 - INFO - URL being requested: POST https://sheets.googleapis.com/v4/spreadsheets/1FP6CTlx3jhqdnechmFSVQ9AFyWXPJGkvJJTnRnkoRE8/values/Blad1:append?valueInputOption=RAW&fields=tableRange&alt=json
2021-05-19 18:25:31,147 - INFO - Number of datapoints: 113
2021-05-19 18:25:31,147 - INFO - Currently at 13 of 25
2021-05-19 18:25:31,147 - INFO - Time to upload...
2021-05-19 18:25:31,162 - INFO - URL being requested: GET https://www.googleapis.com/discovery/v1/apis/sheets/v4/rest
2021-05-19 18:25:32,537 - INFO - URL being requested: POST https://sheets.googleapis.com/v4/spreadsheets/1FP6CTlx3jhqdnechmFSVQ9AFyWXPJGkvJJTnRnkoRE8/values/Blad1:append?valueInputOption=RAW&fields=tableRange&alt=json
2021-05-19 18:25:35,365 - INFO - Number of datapoints: 114
2021-05-19 18:25:35,381 - INFO - Currently at 14 of 25
2021-05-19 18:25:35,381 - INFO - Time to upload...
2021-05-19 18:25:35,381 - INFO - URL being requested: GET https://www.googleapis.com/discovery/v1/apis/sheets/v4/rest
2021-05-19 18:25:36,615 - INFO - URL being requested: POST https://sheets.googleapis.com/v4/spreadsheets/1FP6CTlx3jhqdnechmFSVQ9AFyWXPJGkvJJTnRnkoRE8/values/Blad1:append?valueInputOption=RAW&fields=tableRange&alt=json
2021-05-19 18:25:38,912 - INFO - Number of datapoints: 115
2021-05-19 18:25:38,912 - INFO - Currently at 15 of 25
2021-05-19 18:25:38,912 - INFO - Time to upload...
2021-05-19 18:25:38,928 - INFO - URL being requested: GET https://www.googleapis.com/discovery/v1/apis/sheets/v4/rest
2021-05-19 18:25:40,068 - INFO - URL being requested: POST https://sheets.googleapis.com/v4/spreadsheets/1FP6CTlx3jhqdnechmFSVQ9AFyWXPJGkvJJTnRnkoRE8/values/Blad1:append?valueInputOption=RAW&fields=tableRange&alt=json
2021-05-19 18:25:44,787 - INFO - Number of datapoints: 116
2021-05-19 18:25:44,787 - INFO - Currently at 16 of 25
2021-05-19 18:25:44,787 - INFO - Time to upload...
2021-05-19 18:25:44,802 - INFO - URL being requested: GET https://www.googleapis.com/discovery/v1/apis/sheets/v4/rest
2021-05-19 18:25:46,021 - INFO - URL being requested: POST https://sheets.googleapis.com/v4/spreadsheets/1FP6CTlx3jhqdnechmFSVQ9AFyWXPJGkvJJTnRnkoRE8/values/Blad1:append?valueInputOption=RAW&fields=tableRange&alt=json
2021-05-19 18:25:49,787 - INFO - Number of datapoints: 117
2021-05-19 18:25:49,787 - INFO - Currently at 17 of 25
2021-05-19 18:25:49,787 - INFO - Time to upload...
2021-05-19 18:25:49,787 - INFO - URL being requested: GET https://www.googleapis.com/discovery/v1/apis/sheets/v4/rest
2021-05-19 18:25:51,021 - INFO - URL being requested: POST https://sheets.googleapis.com/v4/spreadsheets/1FP6CTlx3jhqdnechmFSVQ9AFyWXPJGkvJJTnRnkoRE8/values/Blad1:append?valueInputOption=RAW&fields=tableRange&alt=json
2021-05-19 18:25:52,912 - INFO - Number of datapoints: 118
2021-05-19 18:25:52,912 - INFO - Currently at 18 of 25
2021-05-19 18:25:52,912 - INFO - Time to upload...
2021-05-19 18:25:52,912 - INFO - URL being requested: GET https://www.googleapis.com/discovery/v1/apis/sheets/v4/rest
2021-05-19 18:25:54,208 - INFO - URL being requested: POST https://sheets.googleapis.com/v4/spreadsheets/1FP6CTlx3jhqdnechmFSVQ9AFyWXPJGkvJJTnRnkoRE8/values/Blad1:append?valueInputOption=RAW&fields=tableRange&alt=json
2021-05-19 18:26:00,437 - INFO - Number of datapoints: 119
2021-05-19 18:26:00,437 - INFO - Currently at 19 of 25
2021-05-19 18:26:00,437 - INFO - Time to upload...
2021-05-19 18:26:00,452 - INFO - URL being requested: GET https://www.googleapis.com/discovery/v1/apis/sheets/v4/rest
2021-05-19 18:26:01,515 - INFO - URL being requested: POST https://sheets.googleapis.com/v4/spreadsheets/1FP6CTlx3jhqdnechmFSVQ9AFyWXPJGkvJJTnRnkoRE8/values/Blad1:append?valueInputOption=RAW&fields=tableRange&alt=json
2021-05-19 18:26:04,343 - INFO - Number of datapoints: 120
2021-05-19 18:26:04,343 - INFO - Currently at 20 of 25
2021-05-19 18:26:04,343 - INFO - Time to upload...
2021-05-19 18:26:04,343 - INFO - URL being requested: GET https://www.googleapis.com/discovery/v1/apis/sheets/v4/rest
2021-05-19 18:26:05,905 - INFO - URL being requested: POST https://sheets.googleapis.com/v4/spreadsheets/1FP6CTlx3jhqdnechmFSVQ9AFyWXPJGkvJJTnRnkoRE8/values/Blad1:append?valueInputOption=RAW&fields=tableRange&alt=json
2021-05-19 18:26:09,468 - INFO - Number of datapoints: 121
2021-05-19 18:26:09,468 - INFO - Currently at 21 of 25
2021-05-19 18:26:09,468 - INFO - Time to upload...
2021-05-19 18:26:09,483 - INFO - URL being requested: GET https://www.googleapis.com/discovery/v1/apis/sheets/v4/rest
2021-05-19 18:26:10,530 - INFO - URL being requested: POST https://sheets.googleapis.com/v4/spreadsheets/1FP6CTlx3jhqdnechmFSVQ9AFyWXPJGkvJJTnRnkoRE8/values/Blad1:append?valueInputOption=RAW&fields=tableRange&alt=json
2021-05-19 18:26:13,093 - INFO - Number of datapoints: 122
2021-05-19 18:26:13,108 - INFO - Currently at 22 of 25
2021-05-19 18:26:13,108 - INFO - Time to upload...
2021-05-19 18:26:13,108 - INFO - URL being requested: GET https://www.googleapis.com/discovery/v1/apis/sheets/v4/rest
2021-05-19 18:26:14,358 - INFO - URL being requested: POST https://sheets.googleapis.com/v4/spreadsheets/1FP6CTlx3jhqdnechmFSVQ9AFyWXPJGkvJJTnRnkoRE8/values/Blad1:append?valueInputOption=RAW&fields=tableRange&alt=json
2021-05-19 18:26:17,738 - INFO - Number of datapoints: 123
2021-05-19 18:26:17,738 - INFO - Currently at 23 of 25
2021-05-19 18:26:17,738 - INFO - Time to upload...
2021-05-19 18:26:17,738 - INFO - URL being requested: GET https://www.googleapis.com/discovery/v1/apis/sheets/v4/rest
2021-05-19 18:26:18,987 - INFO - URL being requested: POST https://sheets.googleapis.com/v4/spreadsheets/1FP6CTlx3jhqdnechmFSVQ9AFyWXPJGkvJJTnRnkoRE8/values/Blad1:append?valueInputOption=RAW&fields=tableRange&alt=json
2021-05-19 18:26:20,972 - INFO - Number of datapoints: 124
2021-05-19 18:26:20,972 - INFO - Currently at 24 of 25
2021-05-19 18:26:20,972 - INFO - Time to upload...
2021-05-19 18:26:20,972 - INFO - URL being requested: GET https://www.googleapis.com/discovery/v1/apis/sheets/v4/rest
2021-05-19 18:26:22,347 - INFO - URL being requested: POST https://sheets.googleapis.com/v4/spreadsheets/1FP6CTlx3jhqdnechmFSVQ9AFyWXPJGkvJJTnRnkoRE8/values/Blad1:append?valueInputOption=RAW&fields=tableRange&alt=json
2021-05-19 18:26:25,753 - INFO - Number of datapoints: 125
2021-05-19 18:26:25,753 - INFO - Currently at 25 of 25
2021-05-19 18:26:25,769 - INFO - Time to upload...
2021-05-19 18:26:25,769 - INFO - URL being requested: GET https://www.googleapis.com/discovery/v1/apis/sheets/v4/rest
2021-05-19 18:26:26,894 - INFO - URL being requested: POST https://sheets.googleapis.com/v4/spreadsheets/1FP6CTlx3jhqdnechmFSVQ9AFyWXPJGkvJJTnRnkoRE8/values/Blad1:append?valueInputOption=RAW&fields=tableRange&alt=json
2021-05-19 18:26:34,826 - ERROR - Exception occurred
Traceback (most recent call last):
  File "C:\Users\Movie Computer\Desktop\certification-data-scraper\Scrapers\base_scraper.py", line 64, in run
    data = self.click_links()
  File "C:\Users\Movie Computer\Desktop\certification-data-scraper\Scrapers\Europe\TED_class2.py", line 59, in click_links
    return self.get_data(links[self.at_opp].get_attribute("href"))
IndexError: list index out of range
2021-05-19 18:26:34,857 - INFO - Stopped at page 6 and on opportunity 1
2021-05-19 18:26:34,857 - INFO - Sheet ID is 1FP6CTlx3jhqdnechmFSVQ9AFyWXPJGkvJJTnRnkoRE8
2021-05-19 18:26:34,873 - WARNING - Retry no. 1
2021-05-19 18:26:36,695 - INFO - Starting at: https://ted.europa.eu/TED/browse/browseByMap.do
2021-05-19 18:41:18,941 - INFO - Running TED....
2021-05-19 18:41:19,116 - INFO - URL being requested: GET https://www.googleapis.com/discovery/v1/apis/drive/v3/rest
2021-05-19 18:41:19,558 - INFO - URL being requested: POST https://www.googleapis.com/drive/v3/files?fields=id&alt=json
2021-05-19 18:41:22,225 - INFO - URL being requested: GET https://www.googleapis.com/discovery/v1/apis/sheets/v4/rest
2021-05-19 18:41:24,062 - INFO - URL being requested: POST https://sheets.googleapis.com/v4/spreadsheets/1RMHRKqAxUgR_Om5zWIv4xSMHZIoWm60od5e6kdRTJbo:batchUpdate?alt=json
2021-05-19 18:41:24,796 - INFO - URL being requested: GET https://www.googleapis.com/discovery/v1/apis/sheets/v4/rest
2021-05-19 18:41:26,452 - INFO - URL being requested: POST https://sheets.googleapis.com/v4/spreadsheets/1RMHRKqAxUgR_Om5zWIv4xSMHZIoWm60od5e6kdRTJbo/values/Blad1:append?valueInputOption=USER_ENTERED&alt=json
2021-05-19 18:41:27,135 - INFO - URL being requested: POST https://sheets.googleapis.com/v4/spreadsheets/1RMHRKqAxUgR_Om5zWIv4xSMHZIoWm60od5e6kdRTJbo:batchUpdate?alt=json
2021-05-19 18:41:34,418 - INFO - Starting at: https://ted.europa.eu/TED/browse/browseByMap.do
2021-05-19 18:42:02,768 - INFO - Number of datapoints: 1
2021-05-19 18:42:02,768 - INFO - Currently at 1 of 25
2021-05-19 18:42:02,768 - INFO - Time to upload...
2021-05-19 18:42:02,768 - INFO - URL being requested: GET https://www.googleapis.com/discovery/v1/apis/sheets/v4/rest
2021-05-19 18:42:03,956 - INFO - URL being requested: POST https://sheets.googleapis.com/v4/spreadsheets/1RMHRKqAxUgR_Om5zWIv4xSMHZIoWm60od5e6kdRTJbo/values/Blad1:append?valueInputOption=RAW&fields=tableRange&alt=json
2021-05-19 18:42:10,635 - INFO - Number of datapoints: 2
2021-05-19 18:42:10,636 - INFO - Currently at 2 of 25
2021-05-19 18:42:10,636 - INFO - Time to upload...
2021-05-19 18:42:10,653 - INFO - URL being requested: GET https://www.googleapis.com/discovery/v1/apis/sheets/v4/rest
2021-05-19 18:42:31,030 - INFO - Running TED....
2021-05-19 18:42:31,062 - INFO - URL being requested: GET https://www.googleapis.com/discovery/v1/apis/drive/v3/rest
2021-05-19 18:42:31,330 - INFO - URL being requested: POST https://www.googleapis.com/drive/v3/files?fields=id&alt=json
2021-05-19 18:42:33,845 - INFO - URL being requested: GET https://www.googleapis.com/discovery/v1/apis/sheets/v4/rest
2021-05-19 18:42:35,222 - INFO - URL being requested: POST https://sheets.googleapis.com/v4/spreadsheets/15IcqA2o6Xt9nmp-_KTD8QFeW5sucr3piUHth5zEBCjo:batchUpdate?alt=json
2021-05-19 18:42:35,996 - INFO - URL being requested: GET https://www.googleapis.com/discovery/v1/apis/sheets/v4/rest
2021-05-19 18:42:37,360 - INFO - URL being requested: POST https://sheets.googleapis.com/v4/spreadsheets/15IcqA2o6Xt9nmp-_KTD8QFeW5sucr3piUHth5zEBCjo/values/Blad1:append?valueInputOption=USER_ENTERED&alt=json
2021-05-19 18:42:38,001 - INFO - URL being requested: POST https://sheets.googleapis.com/v4/spreadsheets/15IcqA2o6Xt9nmp-_KTD8QFeW5sucr3piUHth5zEBCjo:batchUpdate?alt=json
2021-05-19 18:42:43,637 - INFO - Starting at: https://ted.europa.eu/TED/browse/browseByMap.do
2021-05-19 18:43:16,851 - INFO - Number of datapoints: 1
2021-05-19 18:43:16,851 - INFO - Currently at 1 of 25
2021-05-19 18:43:16,851 - INFO - Time to upload...
2021-05-19 18:43:16,861 - INFO - URL being requested: GET https://www.googleapis.com/discovery/v1/apis/sheets/v4/rest
2021-05-19 18:43:18,320 - INFO - URL being requested: POST https://sheets.googleapis.com/v4/spreadsheets/15IcqA2o6Xt9nmp-_KTD8QFeW5sucr3piUHth5zEBCjo/values/Blad1:append?valueInputOption=RAW&fields=tableRange&alt=json
2021-05-19 18:43:24,516 - INFO - Number of datapoints: 2
2021-05-19 18:43:24,531 - INFO - Currently at 2 of 25
2021-05-19 18:43:24,531 - INFO - Time to upload...
2021-05-19 18:43:24,531 - INFO - URL being requested: GET https://www.googleapis.com/discovery/v1/apis/sheets/v4/rest
2021-05-19 18:43:25,781 - INFO - URL being requested: POST https://sheets.googleapis.com/v4/spreadsheets/15IcqA2o6Xt9nmp-_KTD8QFeW5sucr3piUHth5zEBCjo/values/Blad1:append?valueInputOption=RAW&fields=tableRange&alt=json
2021-05-19 18:43:27,922 - INFO - Number of datapoints: 3
2021-05-19 18:43:27,922 - INFO - Currently at 3 of 25
2021-05-19 18:43:27,922 - INFO - Time to upload...
2021-05-19 18:43:27,937 - INFO - URL being requested: GET https://www.googleapis.com/discovery/v1/apis/sheets/v4/rest
2021-05-19 18:43:29,062 - INFO - URL being requested: POST https://sheets.googleapis.com/v4/spreadsheets/15IcqA2o6Xt9nmp-_KTD8QFeW5sucr3piUHth5zEBCjo/values/Blad1:append?valueInputOption=RAW&fields=tableRange&alt=json
2021-05-19 18:43:33,328 - INFO - Number of datapoints: 4
2021-05-19 18:43:33,328 - INFO - Currently at 4 of 25
2021-05-19 18:43:33,328 - INFO - Time to upload...
2021-05-19 18:43:33,328 - INFO - URL being requested: GET https://www.googleapis.com/discovery/v1/apis/sheets/v4/rest
2021-05-19 18:43:35,265 - INFO - URL being requested: POST https://sheets.googleapis.com/v4/spreadsheets/15IcqA2o6Xt9nmp-_KTD8QFeW5sucr3piUHth5zEBCjo/values/Blad1:append?valueInputOption=RAW&fields=tableRange&alt=json
2021-05-19 18:43:44,305 - INFO - Number of datapoints: 5
2021-05-19 18:43:44,305 - INFO - Currently at 5 of 25
2021-05-19 18:43:44,305 - INFO - Time to upload...
2021-05-19 18:43:44,321 - INFO - URL being requested: GET https://www.googleapis.com/discovery/v1/apis/sheets/v4/rest
2021-05-19 18:43:45,475 - INFO - URL being requested: POST https://sheets.googleapis.com/v4/spreadsheets/15IcqA2o6Xt9nmp-_KTD8QFeW5sucr3piUHth5zEBCjo/values/Blad1:append?valueInputOption=RAW&fields=tableRange&alt=json
2021-05-19 18:43:48,116 - INFO - Number of datapoints: 6
2021-05-19 18:43:48,116 - INFO - Currently at 6 of 25
2021-05-19 18:43:48,116 - INFO - Time to upload...
2021-05-19 18:43:48,116 - INFO - URL being requested: GET https://www.googleapis.com/discovery/v1/apis/sheets/v4/rest
2021-05-19 18:43:49,209 - INFO - URL being requested: POST https://sheets.googleapis.com/v4/spreadsheets/15IcqA2o6Xt9nmp-_KTD8QFeW5sucr3piUHth5zEBCjo/values/Blad1:append?valueInputOption=RAW&fields=tableRange&alt=json
2021-05-19 18:43:51,872 - INFO - Number of datapoints: 7
2021-05-19 18:43:51,872 - INFO - Currently at 7 of 25
2021-05-19 18:43:51,872 - INFO - Time to upload...
2021-05-19 18:43:51,887 - INFO - URL being requested: GET https://www.googleapis.com/discovery/v1/apis/sheets/v4/rest
2021-05-19 18:43:52,997 - INFO - URL being requested: POST https://sheets.googleapis.com/v4/spreadsheets/15IcqA2o6Xt9nmp-_KTD8QFeW5sucr3piUHth5zEBCjo/values/Blad1:append?valueInputOption=RAW&fields=tableRange&alt=json
2021-05-19 18:44:03,934 - INFO - Number of datapoints: 8
2021-05-19 18:44:03,934 - INFO - Currently at 8 of 25
2021-05-19 18:44:03,934 - INFO - Time to upload...
2021-05-19 18:44:03,950 - INFO - URL being requested: GET https://www.googleapis.com/discovery/v1/apis/sheets/v4/rest
2021-05-19 18:44:05,121 - INFO - URL being requested: POST https://sheets.googleapis.com/v4/spreadsheets/15IcqA2o6Xt9nmp-_KTD8QFeW5sucr3piUHth5zEBCjo/values/Blad1:append?valueInputOption=RAW&fields=tableRange&alt=json
2021-05-19 18:44:09,387 - INFO - Number of datapoints: 9
2021-05-19 18:44:09,387 - INFO - Currently at 9 of 25
2021-05-19 18:44:09,402 - INFO - Time to upload...
2021-05-19 18:44:09,402 - INFO - URL being requested: GET https://www.googleapis.com/discovery/v1/apis/sheets/v4/rest
2021-05-19 18:44:10,590 - INFO - URL being requested: POST https://sheets.googleapis.com/v4/spreadsheets/15IcqA2o6Xt9nmp-_KTD8QFeW5sucr3piUHth5zEBCjo/values/Blad1:append?valueInputOption=RAW&fields=tableRange&alt=json
2021-05-19 18:44:24,606 - INFO - Number of datapoints: 10
2021-05-19 18:44:24,606 - INFO - Currently at 10 of 25
2021-05-19 18:44:24,606 - INFO - Time to upload...
2021-05-19 18:44:24,622 - INFO - URL being requested: GET https://www.googleapis.com/discovery/v1/apis/sheets/v4/rest
2021-05-19 18:44:25,919 - INFO - URL being requested: POST https://sheets.googleapis.com/v4/spreadsheets/15IcqA2o6Xt9nmp-_KTD8QFeW5sucr3piUHth5zEBCjo/values/Blad1:append?valueInputOption=RAW&fields=tableRange&alt=json
2021-05-19 18:44:29,865 - INFO - Number of datapoints: 11
2021-05-19 18:44:29,865 - INFO - Currently at 11 of 25
2021-05-19 18:44:29,865 - INFO - Time to upload...
2021-05-19 18:44:29,865 - INFO - URL being requested: GET https://www.googleapis.com/discovery/v1/apis/sheets/v4/rest
2021-05-19 18:44:31,162 - INFO - URL being requested: POST https://sheets.googleapis.com/v4/spreadsheets/15IcqA2o6Xt9nmp-_KTD8QFeW5sucr3piUHth5zEBCjo/values/Blad1:append?valueInputOption=RAW&fields=tableRange&alt=json
2021-05-19 18:44:34,084 - INFO - Number of datapoints: 12
2021-05-19 18:44:34,084 - INFO - Currently at 12 of 25
2021-05-19 18:44:34,084 - INFO - Time to upload...
2021-05-19 18:44:34,084 - INFO - URL being requested: GET https://www.googleapis.com/discovery/v1/apis/sheets/v4/rest
2021-05-19 18:44:35,390 - INFO - URL being requested: POST https://sheets.googleapis.com/v4/spreadsheets/15IcqA2o6Xt9nmp-_KTD8QFeW5sucr3piUHth5zEBCjo/values/Blad1:append?valueInputOption=RAW&fields=tableRange&alt=json
2021-05-19 18:44:39,718 - INFO - Number of datapoints: 13
2021-05-19 18:44:39,718 - INFO - Currently at 13 of 25
2021-05-19 18:44:39,718 - INFO - Time to upload...
2021-05-19 18:44:39,718 - INFO - URL being requested: GET https://www.googleapis.com/discovery/v1/apis/sheets/v4/rest
2021-05-19 18:44:40,889 - INFO - URL being requested: POST https://sheets.googleapis.com/v4/spreadsheets/15IcqA2o6Xt9nmp-_KTD8QFeW5sucr3piUHth5zEBCjo/values/Blad1:append?valueInputOption=RAW&fields=tableRange&alt=json
2021-05-19 18:44:52,468 - INFO - Number of datapoints: 14
2021-05-19 18:44:52,484 - INFO - Currently at 14 of 25
2021-05-19 18:44:52,484 - INFO - Time to upload...
2021-05-19 18:44:52,484 - INFO - URL being requested: GET https://www.googleapis.com/discovery/v1/apis/sheets/v4/rest
2021-05-19 18:44:53,749 - INFO - URL being requested: POST https://sheets.googleapis.com/v4/spreadsheets/15IcqA2o6Xt9nmp-_KTD8QFeW5sucr3piUHth5zEBCjo/values/Blad1:append?valueInputOption=RAW&fields=tableRange&alt=json
2021-05-19 18:44:56,325 - INFO - Number of datapoints: 15
2021-05-19 18:44:56,325 - INFO - Currently at 15 of 25
2021-05-19 18:44:56,327 - INFO - Time to upload...
2021-05-19 18:44:56,332 - INFO - URL being requested: GET https://www.googleapis.com/discovery/v1/apis/sheets/v4/rest
2021-05-19 18:44:57,543 - INFO - URL being requested: POST https://sheets.googleapis.com/v4/spreadsheets/15IcqA2o6Xt9nmp-_KTD8QFeW5sucr3piUHth5zEBCjo/values/Blad1:append?valueInputOption=RAW&fields=tableRange&alt=json
2021-05-19 18:44:59,668 - INFO - Number of datapoints: 16
2021-05-19 18:44:59,668 - INFO - Currently at 16 of 25
2021-05-19 18:44:59,668 - INFO - Time to upload...
2021-05-19 18:44:59,683 - INFO - URL being requested: GET https://www.googleapis.com/discovery/v1/apis/sheets/v4/rest
2021-05-19 18:45:00,855 - INFO - URL being requested: POST https://sheets.googleapis.com/v4/spreadsheets/15IcqA2o6Xt9nmp-_KTD8QFeW5sucr3piUHth5zEBCjo/values/Blad1:append?valueInputOption=RAW&fields=tableRange&alt=json
2021-05-19 18:45:08,575 - INFO - Number of datapoints: 17
2021-05-19 18:45:08,575 - INFO - Currently at 17 of 25
2021-05-19 18:45:08,575 - INFO - Time to upload...
2021-05-19 18:45:08,575 - INFO - URL being requested: GET https://www.googleapis.com/discovery/v1/apis/sheets/v4/rest
2021-05-19 18:45:09,910 - INFO - URL being requested: POST https://sheets.googleapis.com/v4/spreadsheets/15IcqA2o6Xt9nmp-_KTD8QFeW5sucr3piUHth5zEBCjo/values/Blad1:append?valueInputOption=RAW&fields=tableRange&alt=json
2021-05-19 18:45:28,582 - INFO - Number of datapoints: 18
2021-05-19 18:45:28,582 - INFO - Currently at 18 of 25
2021-05-19 18:45:28,582 - INFO - Time to upload...
2021-05-19 18:45:28,582 - INFO - URL being requested: GET https://www.googleapis.com/discovery/v1/apis/sheets/v4/rest
2021-05-19 18:45:29,738 - INFO - URL being requested: POST https://sheets.googleapis.com/v4/spreadsheets/15IcqA2o6Xt9nmp-_KTD8QFeW5sucr3piUHth5zEBCjo/values/Blad1:append?valueInputOption=RAW&fields=tableRange&alt=json
2021-05-19 18:45:33,253 - INFO - Number of datapoints: 19
2021-05-19 18:45:33,253 - INFO - Currently at 19 of 25
2021-05-19 18:45:33,253 - INFO - Time to upload...
2021-05-19 18:45:33,269 - INFO - URL being requested: GET https://www.googleapis.com/discovery/v1/apis/sheets/v4/rest
2021-05-19 18:45:34,456 - INFO - URL being requested: POST https://sheets.googleapis.com/v4/spreadsheets/15IcqA2o6Xt9nmp-_KTD8QFeW5sucr3piUHth5zEBCjo/values/Blad1:append?valueInputOption=RAW&fields=tableRange&alt=json
2021-05-19 18:45:39,331 - INFO - Number of datapoints: 20
2021-05-19 18:45:39,331 - INFO - Currently at 20 of 25
2021-05-19 18:45:39,331 - INFO - Time to upload...
2021-05-19 18:45:39,347 - INFO - URL being requested: GET https://www.googleapis.com/discovery/v1/apis/sheets/v4/rest
2021-05-19 18:45:40,534 - INFO - URL being requested: POST https://sheets.googleapis.com/v4/spreadsheets/15IcqA2o6Xt9nmp-_KTD8QFeW5sucr3piUHth5zEBCjo/values/Blad1:append?valueInputOption=RAW&fields=tableRange&alt=json
2021-05-19 18:45:50,866 - INFO - Number of datapoints: 21
2021-05-19 18:45:50,866 - INFO - Currently at 21 of 25
2021-05-19 18:45:50,866 - INFO - Time to upload...
2021-05-19 18:45:50,866 - INFO - URL being requested: GET https://www.googleapis.com/discovery/v1/apis/sheets/v4/rest
2021-05-19 18:45:52,194 - INFO - URL being requested: POST https://sheets.googleapis.com/v4/spreadsheets/15IcqA2o6Xt9nmp-_KTD8QFeW5sucr3piUHth5zEBCjo/values/Blad1:append?valueInputOption=RAW&fields=tableRange&alt=json
2021-05-19 18:45:55,975 - INFO - Number of datapoints: 22
2021-05-19 18:45:55,975 - INFO - Currently at 22 of 25
2021-05-19 18:45:55,975 - INFO - Time to upload...
2021-05-19 18:45:55,975 - INFO - URL being requested: GET https://www.googleapis.com/discovery/v1/apis/sheets/v4/rest
2021-05-19 18:45:57,131 - INFO - URL being requested: POST https://sheets.googleapis.com/v4/spreadsheets/15IcqA2o6Xt9nmp-_KTD8QFeW5sucr3piUHth5zEBCjo/values/Blad1:append?valueInputOption=RAW&fields=tableRange&alt=json
2021-05-19 18:46:00,537 - INFO - Number of datapoints: 23
2021-05-19 18:46:00,537 - INFO - Currently at 23 of 25
2021-05-19 18:46:00,537 - INFO - Time to upload...
2021-05-19 18:46:00,537 - INFO - URL being requested: GET https://www.googleapis.com/discovery/v1/apis/sheets/v4/rest
2021-05-19 18:46:01,615 - INFO - URL being requested: POST https://sheets.googleapis.com/v4/spreadsheets/15IcqA2o6Xt9nmp-_KTD8QFeW5sucr3piUHth5zEBCjo/values/Blad1:append?valueInputOption=RAW&fields=tableRange&alt=json
2021-05-19 18:46:03,787 - INFO - Number of datapoints: 24
2021-05-19 18:46:03,787 - INFO - Currently at 24 of 25
2021-05-19 18:46:03,787 - INFO - Time to upload...
2021-05-19 18:46:03,787 - INFO - URL being requested: GET https://www.googleapis.com/discovery/v1/apis/sheets/v4/rest
2021-05-19 18:46:04,912 - INFO - URL being requested: POST https://sheets.googleapis.com/v4/spreadsheets/15IcqA2o6Xt9nmp-_KTD8QFeW5sucr3piUHth5zEBCjo/values/Blad1:append?valueInputOption=RAW&fields=tableRange&alt=json
2021-05-19 18:46:07,162 - INFO - Number of datapoints: 25
2021-05-19 18:46:07,162 - INFO - Currently at 25 of 25
2021-05-19 18:46:07,162 - INFO - Time to upload...
2021-05-19 18:46:07,178 - INFO - URL being requested: GET https://www.googleapis.com/discovery/v1/apis/sheets/v4/rest
2021-05-19 18:46:08,428 - INFO - URL being requested: POST https://sheets.googleapis.com/v4/spreadsheets/15IcqA2o6Xt9nmp-_KTD8QFeW5sucr3piUHth5zEBCjo/values/Blad1:append?valueInputOption=RAW&fields=tableRange&alt=json
2021-05-19 18:46:20,183 - INFO - Number of datapoints: 26
2021-05-19 18:46:20,183 - INFO - Currently at 1 of 22
2021-05-19 18:46:20,183 - INFO - Time to upload...
2021-05-19 18:46:20,198 - INFO - URL being requested: GET https://www.googleapis.com/discovery/v1/apis/sheets/v4/rest
2021-05-19 18:46:21,401 - INFO - URL being requested: POST https://sheets.googleapis.com/v4/spreadsheets/15IcqA2o6Xt9nmp-_KTD8QFeW5sucr3piUHth5zEBCjo/values/Blad1:append?valueInputOption=RAW&fields=tableRange&alt=json
2021-05-19 18:46:23,729 - INFO - Number of datapoints: 27
2021-05-19 18:46:23,729 - INFO - Currently at 2 of 22
2021-05-19 18:46:23,729 - INFO - Time to upload...
2021-05-19 18:46:23,729 - INFO - URL being requested: GET https://www.googleapis.com/discovery/v1/apis/sheets/v4/rest
2021-05-19 18:46:24,932 - INFO - URL being requested: POST https://sheets.googleapis.com/v4/spreadsheets/15IcqA2o6Xt9nmp-_KTD8QFeW5sucr3piUHth5zEBCjo/values/Blad1:append?valueInputOption=RAW&fields=tableRange&alt=json
2021-05-19 18:46:27,495 - INFO - Number of datapoints: 28
2021-05-19 18:46:27,495 - INFO - Currently at 3 of 22
2021-05-19 18:46:27,495 - INFO - Time to upload...
2021-05-19 18:46:27,495 - INFO - URL being requested: GET https://www.googleapis.com/discovery/v1/apis/sheets/v4/rest
2021-05-19 18:46:28,495 - INFO - URL being requested: POST https://sheets.googleapis.com/v4/spreadsheets/15IcqA2o6Xt9nmp-_KTD8QFeW5sucr3piUHth5zEBCjo/values/Blad1:append?valueInputOption=RAW&fields=tableRange&alt=json
2021-05-19 18:46:30,776 - INFO - Number of datapoints: 29
2021-05-19 18:46:30,776 - INFO - Currently at 4 of 22
2021-05-19 18:46:30,776 - INFO - Time to upload...
2021-05-19 18:46:30,791 - INFO - URL being requested: GET https://www.googleapis.com/discovery/v1/apis/sheets/v4/rest
2021-05-19 18:46:32,135 - INFO - URL being requested: POST https://sheets.googleapis.com/v4/spreadsheets/15IcqA2o6Xt9nmp-_KTD8QFeW5sucr3piUHth5zEBCjo/values/Blad1:append?valueInputOption=RAW&fields=tableRange&alt=json
2021-05-19 18:46:34,682 - INFO - Number of datapoints: 30
2021-05-19 18:46:34,682 - INFO - Currently at 5 of 22
2021-05-19 18:46:34,682 - INFO - Time to upload...
2021-05-19 18:46:34,682 - INFO - URL being requested: GET https://www.googleapis.com/discovery/v1/apis/sheets/v4/rest
2021-05-19 18:46:35,932 - INFO - URL being requested: POST https://sheets.googleapis.com/v4/spreadsheets/15IcqA2o6Xt9nmp-_KTD8QFeW5sucr3piUHth5zEBCjo/values/Blad1:append?valueInputOption=RAW&fields=tableRange&alt=json
2021-05-19 18:46:38,494 - INFO - Number of datapoints: 31
2021-05-19 18:46:38,494 - INFO - Currently at 6 of 22
2021-05-19 18:46:38,494 - INFO - Time to upload...
2021-05-19 18:46:38,494 - INFO - URL being requested: GET https://www.googleapis.com/discovery/v1/apis/sheets/v4/rest
2021-05-19 18:46:39,729 - INFO - URL being requested: POST https://sheets.googleapis.com/v4/spreadsheets/15IcqA2o6Xt9nmp-_KTD8QFeW5sucr3piUHth5zEBCjo/values/Blad1:append?valueInputOption=RAW&fields=tableRange&alt=json
2021-05-19 18:46:44,119 - INFO - Number of datapoints: 32
2021-05-19 18:46:44,119 - INFO - Currently at 7 of 22
2021-05-19 18:46:44,119 - INFO - Time to upload...
2021-05-19 18:46:44,119 - INFO - URL being requested: GET https://www.googleapis.com/discovery/v1/apis/sheets/v4/rest
2021-05-19 18:46:45,322 - INFO - URL being requested: POST https://sheets.googleapis.com/v4/spreadsheets/15IcqA2o6Xt9nmp-_KTD8QFeW5sucr3piUHth5zEBCjo/values/Blad1:append?valueInputOption=RAW&fields=tableRange&alt=json
2021-05-19 18:46:52,405 - INFO - Number of datapoints: 33
2021-05-19 18:46:52,405 - INFO - Currently at 8 of 22
2021-05-19 18:46:52,405 - INFO - Time to upload...
2021-05-19 18:46:52,405 - INFO - URL being requested: GET https://www.googleapis.com/discovery/v1/apis/sheets/v4/rest
2021-05-19 18:46:53,530 - INFO - URL being requested: POST https://sheets.googleapis.com/v4/spreadsheets/15IcqA2o6Xt9nmp-_KTD8QFeW5sucr3piUHth5zEBCjo/values/Blad1:append?valueInputOption=RAW&fields=tableRange&alt=json
2021-05-19 18:46:57,764 - INFO - Number of datapoints: 34
2021-05-19 18:46:57,764 - INFO - Currently at 9 of 22
2021-05-19 18:46:57,764 - INFO - Time to upload...
2021-05-19 18:46:57,764 - INFO - URL being requested: GET https://www.googleapis.com/discovery/v1/apis/sheets/v4/rest
2021-05-19 18:46:58,983 - INFO - URL being requested: POST https://sheets.googleapis.com/v4/spreadsheets/15IcqA2o6Xt9nmp-_KTD8QFeW5sucr3piUHth5zEBCjo/values/Blad1:append?valueInputOption=RAW&fields=tableRange&alt=json
2021-05-19 18:47:20,173 - INFO - Number of datapoints: 35
2021-05-19 18:47:20,173 - INFO - Currently at 10 of 22
2021-05-19 18:47:20,173 - INFO - Time to upload...
2021-05-19 18:47:20,173 - INFO - URL being requested: GET https://www.googleapis.com/discovery/v1/apis/sheets/v4/rest
2021-05-19 18:47:21,517 - INFO - URL being requested: POST https://sheets.googleapis.com/v4/spreadsheets/15IcqA2o6Xt9nmp-_KTD8QFeW5sucr3piUHth5zEBCjo/values/Blad1:append?valueInputOption=RAW&fields=tableRange&alt=json
2021-05-19 18:47:24,029 - INFO - Done with TED!
