2021-06-03 00:25:18,519 - INFO - Running Evergabe....
2021-06-03 00:25:18,857 - INFO - URL being requested: GET https://www.googleapis.com/discovery/v1/apis/drive/v3/rest
2021-06-03 00:25:19,138 - INFO - URL being requested: POST https://www.googleapis.com/drive/v3/files?fields=id&alt=json
2021-06-03 00:25:21,411 - INFO - URL being requested: GET https://www.googleapis.com/discovery/v1/apis/sheets/v4/rest
2021-06-03 00:25:23,177 - INFO - URL being requested: POST https://sheets.googleapis.com/v4/spreadsheets/12Y8ifLwYLmzXn5bhc_taIRI9bDnfDqvur98W12tmGw8:batchUpdate?alt=json
2021-06-03 00:25:24,045 - INFO - URL being requested: GET https://www.googleapis.com/discovery/v1/apis/sheets/v4/rest
2021-06-03 00:25:25,891 - INFO - URL being requested: POST https://sheets.googleapis.com/v4/spreadsheets/12Y8ifLwYLmzXn5bhc_taIRI9bDnfDqvur98W12tmGw8/values/Blad1:append?valueInputOption=USER_ENTERED&alt=json
2021-06-03 00:25:26,638 - INFO - URL being requested: POST https://sheets.googleapis.com/v4/spreadsheets/12Y8ifLwYLmzXn5bhc_taIRI9bDnfDqvur98W12tmGw8:batchUpdate?alt=json
2021-06-03 00:25:31,450 - INFO - Starting at: https://www.evergabe.nrw.de/VMPCenter/common/project/search.do?method=showExtendedSearch&fromExternal=true#eyJjcHZDb2RlcyI6W3sibmFtZSI6IkFyYmVpdHNwbMOkdHplIiwiY29kZSI6IjMwMjE0MDAwLTIifSx7Im5hbWUiOiJCaWxkc2NoaXJtZSIsImNvZGUiOiIzMDIzMTMwMC0wIn0seyJuYW1lIjoiQ29tcHV0ZXJiaWxkc2NoaXJtZSB1bmQgS29uc29sZW4iLCJjb2RlIjoiMzAyMzEwMDAtNyJ9LHsibmFtZSI6IkZlcm5zcHJlY2hrb3BmaMO2cmVyZ2Fybml0dXJlbiIsImNvZGUiOiIzMjU1MTMwMC0zIn0seyJuYW1lIjoiRmlsbXZvcmbDvGhyZ2Vyw6R0ZSIsImNvZGUiOiIzODY1MjAwMC0wIn0seyJuYW1lIjoiUGVyc29uYWxjb21wdXRlciIsImNvZGUiOiIzMDIxMzAwMC01In0seyJuYW1lIjoiVGFibGV0dGNvbXB1dGVyIiwiY29kZSI6IjMwMjEzMjAwLTcifSx7Im5hbWUiOiJUYXNjaGVuY29tcHV0ZXIiLCJjb2RlIjoiMzAyMTM1MDAtMCJ9LHsibmFtZSI6IlRpc2NoY29tcHV0ZXIiLCJjb2RlIjoiMzAyMTMzMDAtOCJ9LHsibmFtZSI6IlRyYWdiYXJlIENvbXB1dGVyIiwiY29kZSI6IjMwMjEzMTAwLTYifV0sImNvbnRyYWN0aW5nUnVsZXMiOlsiVk9MIiwiVk9CIiwiVlNWR1YiLCJTRUtUVk8iLCJPVEhFUiJdLCJwdWJsaWNhdGlvblR5cGVzIjpbIlRlbmRlciJdLCJkaXN0YW5jZSI6MCwicG9zdGFsQ29kZSI6IiIsIm9yZGVyIjoiMCIsInBhZ2UiOiIxIiwic2VhcmNoVGV4dCI6IiIsInNvcnRGaWVsZCI6IlBST0pFQ1RfUFVCTElDQVRJT05fREFURV9MTkcifQ
2021-06-03 00:26:40,428 - INFO - URL being requested: GET https://www.googleapis.com/discovery/v1/apis/drive/v3/rest
2021-06-03 00:26:40,618 - INFO - URL being requested: POST https://www.googleapis.com/drive/v3/files?fields=webViewLink%2C+id&alt=json
2021-06-03 00:26:41,859 - INFO - URL being requested: POST https://www.googleapis.com/upload/drive/v3/files?fields=id&alt=json&uploadType=multipart
2021-06-03 00:26:43,199 - INFO - URL being requested: POST https://www.googleapis.com/upload/drive/v3/files?fields=id&alt=json&uploadType=multipart
2021-06-03 00:26:44,709 - INFO - URL being requested: POST https://www.googleapis.com/upload/drive/v3/files?fields=id&alt=json&uploadType=multipart
2021-06-03 00:26:46,093 - INFO - URL being requested: POST https://www.googleapis.com/upload/drive/v3/files?fields=id&alt=json&uploadType=multipart
2021-06-03 00:26:47,768 - INFO - URL being requested: POST https://www.googleapis.com/upload/drive/v3/files?fields=id&alt=json&uploadType=multipart
2021-06-03 00:26:49,230 - INFO - Number of datapoints: 1
2021-06-03 00:26:49,230 - INFO - Currently at 1 of 15
2021-06-03 00:26:49,231 - INFO - Time to upload...
2021-06-03 00:26:49,239 - INFO - URL being requested: GET https://www.googleapis.com/discovery/v1/apis/sheets/v4/rest
2021-06-03 00:26:50,479 - INFO - URL being requested: POST https://sheets.googleapis.com/v4/spreadsheets/12Y8ifLwYLmzXn5bhc_taIRI9bDnfDqvur98W12tmGw8/values/Blad1:append?valueInputOption=RAW&fields=tableRange&alt=json
2021-06-03 00:26:51,042 - INFO - Done with Evergabe!
