2021-07-06 15:56:34,820 - INFO - Running Bidsearch....
2021-07-06 15:56:35,107 - INFO - URL being requested: GET https://www.googleapis.com/discovery/v1/apis/drive/v3/rest
2021-07-06 15:56:35,343 - INFO - URL being requested: POST https://www.googleapis.com/drive/v3/files?fields=id&alt=json
2021-07-06 15:56:37,549 - INFO - URL being requested: GET https://www.googleapis.com/discovery/v1/apis/sheets/v4/rest
2021-07-06 15:56:39,412 - INFO - URL being requested: POST https://sheets.googleapis.com/v4/spreadsheets/1VxpMhejsuiFI3fDn8Q4_3NOC31HZFkg192VmLjY18lo:batchUpdate?alt=json
2021-07-06 15:56:39,933 - INFO - URL being requested: GET https://www.googleapis.com/discovery/v1/apis/sheets/v4/rest
2021-07-06 15:56:41,955 - INFO - URL being requested: POST https://sheets.googleapis.com/v4/spreadsheets/1VxpMhejsuiFI3fDn8Q4_3NOC31HZFkg192VmLjY18lo/values/Blad1:append?valueInputOption=USER_ENTERED&alt=json
2021-07-06 15:56:42,530 - INFO - URL being requested: POST https://sheets.googleapis.com/v4/spreadsheets/1VxpMhejsuiFI3fDn8Q4_3NOC31HZFkg192VmLjY18lo:batchUpdate?alt=json
2021-07-06 15:56:44,023 - INFO - Starting at: https://app.bidsearch.com/bids?alertId=601040e8bdfada0021033605&title=Search20210126
2021-07-06 16:04:10,684 - INFO - Number of datapoints: 1
2021-07-06 16:04:10,685 - INFO - Currently at 8 of 102
2021-07-06 16:04:10,685 - INFO - Time to upload...
2021-07-06 16:04:10,695 - INFO - URL being requested: GET https://www.googleapis.com/discovery/v1/apis/sheets/v4/rest
2021-07-06 16:04:12,777 - INFO - URL being requested: POST https://sheets.googleapis.com/v4/spreadsheets/1VxpMhejsuiFI3fDn8Q4_3NOC31HZFkg192VmLjY18lo/values/Blad1:append?valueInputOption=RAW&fields=tableRange&alt=json
2021-07-06 16:10:01,910 - INFO - Number of datapoints: 2
2021-07-06 16:10:01,911 - INFO - Currently at 17 of 102
2021-07-06 16:10:01,911 - INFO - Time to upload...
2021-07-06 16:10:01,920 - INFO - URL being requested: GET https://www.googleapis.com/discovery/v1/apis/sheets/v4/rest
2021-07-06 16:10:04,119 - INFO - URL being requested: POST https://sheets.googleapis.com/v4/spreadsheets/1VxpMhejsuiFI3fDn8Q4_3NOC31HZFkg192VmLjY18lo/values/Blad1:append?valueInputOption=RAW&fields=tableRange&alt=json
2021-07-06 16:11:45,189 - INFO - Number of datapoints: 3
2021-07-06 16:11:45,189 - INFO - Currently at 18 of 102
2021-07-06 16:11:45,190 - INFO - Time to upload...
2021-07-06 16:11:45,198 - INFO - URL being requested: GET https://www.googleapis.com/discovery/v1/apis/sheets/v4/rest
2021-07-06 16:11:47,363 - INFO - URL being requested: POST https://sheets.googleapis.com/v4/spreadsheets/1VxpMhejsuiFI3fDn8Q4_3NOC31HZFkg192VmLjY18lo/values/Blad1:append?valueInputOption=RAW&fields=tableRange&alt=json
2021-07-06 16:19:07,240 - INFO - Running Bidsearch....
2021-07-06 16:19:07,307 - INFO - URL being requested: GET https://www.googleapis.com/discovery/v1/apis/drive/v3/rest
2021-07-06 16:19:07,544 - INFO - URL being requested: POST https://www.googleapis.com/drive/v3/files?fields=id&alt=json
2021-07-06 16:19:11,142 - INFO - URL being requested: GET https://www.googleapis.com/discovery/v1/apis/sheets/v4/rest
2021-07-06 16:19:12,860 - INFO - URL being requested: POST https://sheets.googleapis.com/v4/spreadsheets/1TBakTSmrrQ8y3z5B8l7KCM6FUoQenl2PTNES8iIazMY:batchUpdate?alt=json
2021-07-06 16:19:13,723 - INFO - URL being requested: GET https://www.googleapis.com/discovery/v1/apis/sheets/v4/rest
2021-07-06 16:19:15,233 - INFO - URL being requested: POST https://sheets.googleapis.com/v4/spreadsheets/1TBakTSmrrQ8y3z5B8l7KCM6FUoQenl2PTNES8iIazMY/values/Blad1:append?valueInputOption=USER_ENTERED&alt=json
2021-07-06 16:19:15,910 - INFO - URL being requested: POST https://sheets.googleapis.com/v4/spreadsheets/1TBakTSmrrQ8y3z5B8l7KCM6FUoQenl2PTNES8iIazMY:batchUpdate?alt=json
2021-07-06 16:19:17,361 - INFO - Starting at: https://app.bidsearch.com/bids?alertId=601040e8bdfada0021033605&title=Search20210126
2021-07-06 16:23:33,264 - INFO - Number of datapoints: 1
2021-07-06 16:23:33,276 - INFO - Currently at 2 of 102
2021-07-06 16:23:33,281 - INFO - Time to upload...
2021-07-06 16:23:33,371 - INFO - URL being requested: GET https://www.googleapis.com/discovery/v1/apis/sheets/v4/rest
2021-07-06 16:23:36,970 - INFO - URL being requested: POST https://sheets.googleapis.com/v4/spreadsheets/1TBakTSmrrQ8y3z5B8l7KCM6FUoQenl2PTNES8iIazMY/values/Blad1:append?valueInputOption=RAW&fields=tableRange&alt=json
2021-07-06 16:25:20,097 - INFO - Number of datapoints: 2
2021-07-06 16:25:20,098 - INFO - Currently at 3 of 102
2021-07-06 16:25:20,098 - INFO - Time to upload...
2021-07-06 16:25:20,108 - INFO - URL being requested: GET https://www.googleapis.com/discovery/v1/apis/sheets/v4/rest
2021-07-06 16:25:22,467 - INFO - URL being requested: POST https://sheets.googleapis.com/v4/spreadsheets/1TBakTSmrrQ8y3z5B8l7KCM6FUoQenl2PTNES8iIazMY/values/Blad1:append?valueInputOption=RAW&fields=tableRange&alt=json
2021-07-06 16:27:02,748 - INFO - Number of datapoints: 3
2021-07-06 16:27:02,749 - INFO - Currently at 4 of 102
2021-07-06 16:27:02,749 - INFO - Time to upload...
2021-07-06 16:27:02,756 - INFO - URL being requested: GET https://www.googleapis.com/discovery/v1/apis/sheets/v4/rest
2021-07-06 16:27:05,059 - INFO - URL being requested: POST https://sheets.googleapis.com/v4/spreadsheets/1TBakTSmrrQ8y3z5B8l7KCM6FUoQenl2PTNES8iIazMY/values/Blad1:append?valueInputOption=RAW&fields=tableRange&alt=json
2021-07-06 16:31:22,030 - INFO - Number of datapoints: 4
2021-07-06 16:31:22,031 - INFO - Currently at 10 of 102
2021-07-06 16:31:22,031 - INFO - Time to upload...
2021-07-06 16:31:22,040 - INFO - URL being requested: GET https://www.googleapis.com/discovery/v1/apis/sheets/v4/rest
2021-07-06 16:31:25,609 - INFO - URL being requested: POST https://sheets.googleapis.com/v4/spreadsheets/1TBakTSmrrQ8y3z5B8l7KCM6FUoQenl2PTNES8iIazMY/values/Blad1:append?valueInputOption=RAW&fields=tableRange&alt=json
2021-07-06 16:33:08,024 - INFO - Number of datapoints: 5
2021-07-06 16:33:08,025 - INFO - Currently at 11 of 102
2021-07-06 16:33:08,025 - INFO - Time to upload...
2021-07-06 16:33:08,034 - INFO - URL being requested: GET https://www.googleapis.com/discovery/v1/apis/sheets/v4/rest
2021-07-06 16:33:10,271 - INFO - URL being requested: POST https://sheets.googleapis.com/v4/spreadsheets/1TBakTSmrrQ8y3z5B8l7KCM6FUoQenl2PTNES8iIazMY/values/Blad1:append?valueInputOption=RAW&fields=tableRange&alt=json
2021-07-06 16:34:49,827 - INFO - Number of datapoints: 6
2021-07-06 16:34:49,827 - INFO - Currently at 12 of 102
2021-07-06 16:34:49,828 - INFO - Time to upload...
2021-07-06 16:34:49,841 - INFO - URL being requested: GET https://www.googleapis.com/discovery/v1/apis/sheets/v4/rest
2021-07-06 16:34:52,013 - INFO - URL being requested: POST https://sheets.googleapis.com/v4/spreadsheets/1TBakTSmrrQ8y3z5B8l7KCM6FUoQenl2PTNES8iIazMY/values/Blad1:append?valueInputOption=RAW&fields=tableRange&alt=json
2021-07-06 16:36:32,961 - INFO - Number of datapoints: 7
2021-07-06 16:36:32,962 - INFO - Currently at 13 of 102
2021-07-06 16:36:32,962 - INFO - Time to upload...
2021-07-06 16:36:32,970 - INFO - URL being requested: GET https://www.googleapis.com/discovery/v1/apis/sheets/v4/rest
2021-07-06 16:36:35,274 - INFO - URL being requested: POST https://sheets.googleapis.com/v4/spreadsheets/1TBakTSmrrQ8y3z5B8l7KCM6FUoQenl2PTNES8iIazMY/values/Blad1:append?valueInputOption=RAW&fields=tableRange&alt=json
2021-07-06 16:38:19,885 - INFO - Number of datapoints: 8
2021-07-06 16:38:19,886 - INFO - Currently at 14 of 102
2021-07-06 16:38:19,886 - INFO - Time to upload...
2021-07-06 16:38:19,897 - INFO - URL being requested: GET https://www.googleapis.com/discovery/v1/apis/sheets/v4/rest
2021-07-06 16:38:22,003 - INFO - URL being requested: POST https://sheets.googleapis.com/v4/spreadsheets/1TBakTSmrrQ8y3z5B8l7KCM6FUoQenl2PTNES8iIazMY/values/Blad1:append?valueInputOption=RAW&fields=tableRange&alt=json
2021-07-06 16:40:38,471 - INFO - Number of datapoints: 9
2021-07-06 16:40:38,472 - INFO - Currently at 16 of 102
2021-07-06 16:40:38,473 - INFO - Time to upload...
2021-07-06 16:40:38,481 - INFO - URL being requested: GET https://www.googleapis.com/discovery/v1/apis/sheets/v4/rest
2021-07-06 16:40:40,793 - INFO - URL being requested: POST https://sheets.googleapis.com/v4/spreadsheets/1TBakTSmrrQ8y3z5B8l7KCM6FUoQenl2PTNES8iIazMY/values/Blad1:append?valueInputOption=RAW&fields=tableRange&alt=json
2021-07-06 16:42:50,008 - INFO - Number of datapoints: 10
2021-07-06 16:42:50,008 - INFO - Currently at 18 of 102
2021-07-06 16:42:50,009 - INFO - Time to upload...
2021-07-06 16:42:50,017 - INFO - URL being requested: GET https://www.googleapis.com/discovery/v1/apis/sheets/v4/rest
2021-07-06 16:42:52,161 - INFO - URL being requested: POST https://sheets.googleapis.com/v4/spreadsheets/1TBakTSmrrQ8y3z5B8l7KCM6FUoQenl2PTNES8iIazMY/values/Blad1:append?valueInputOption=RAW&fields=tableRange&alt=json
2021-07-06 16:44:32,763 - INFO - Number of datapoints: 11
2021-07-06 16:44:32,763 - INFO - Currently at 19 of 102
2021-07-06 16:44:32,764 - INFO - Time to upload...
2021-07-06 16:44:32,776 - INFO - URL being requested: GET https://www.googleapis.com/discovery/v1/apis/sheets/v4/rest
2021-07-06 16:44:34,830 - INFO - URL being requested: POST https://sheets.googleapis.com/v4/spreadsheets/1TBakTSmrrQ8y3z5B8l7KCM6FUoQenl2PTNES8iIazMY/values/Blad1:append?valueInputOption=RAW&fields=tableRange&alt=json
2021-07-06 16:46:14,819 - INFO - Number of datapoints: 12
2021-07-06 16:46:14,819 - INFO - Currently at 20 of 102
2021-07-06 16:46:14,820 - INFO - Time to upload...
2021-07-06 16:46:14,828 - INFO - URL being requested: GET https://www.googleapis.com/discovery/v1/apis/sheets/v4/rest
2021-07-06 16:46:16,885 - INFO - URL being requested: POST https://sheets.googleapis.com/v4/spreadsheets/1TBakTSmrrQ8y3z5B8l7KCM6FUoQenl2PTNES8iIazMY/values/Blad1:append?valueInputOption=RAW&fields=tableRange&alt=json
2021-07-06 16:48:00,169 - INFO - Number of datapoints: 13
2021-07-06 16:48:00,170 - INFO - Currently at 21 of 102
2021-07-06 16:48:00,170 - INFO - Time to upload...
2021-07-06 16:48:00,181 - INFO - URL being requested: GET https://www.googleapis.com/discovery/v1/apis/sheets/v4/rest
2021-07-06 16:48:02,302 - INFO - URL being requested: POST https://sheets.googleapis.com/v4/spreadsheets/1TBakTSmrrQ8y3z5B8l7KCM6FUoQenl2PTNES8iIazMY/values/Blad1:append?valueInputOption=RAW&fields=tableRange&alt=json
2021-07-06 16:49:43,383 - INFO - Number of datapoints: 14
2021-07-06 16:49:43,384 - INFO - Currently at 22 of 102
2021-07-06 16:49:43,384 - INFO - Time to upload...
2021-07-06 16:49:43,396 - INFO - URL being requested: GET https://www.googleapis.com/discovery/v1/apis/sheets/v4/rest
2021-07-06 16:49:45,611 - INFO - URL being requested: POST https://sheets.googleapis.com/v4/spreadsheets/1TBakTSmrrQ8y3z5B8l7KCM6FUoQenl2PTNES8iIazMY/values/Blad1:append?valueInputOption=RAW&fields=tableRange&alt=json
2021-07-06 16:51:26,936 - INFO - Number of datapoints: 15
2021-07-06 16:51:26,936 - INFO - Currently at 23 of 102
2021-07-06 16:51:26,937 - INFO - Time to upload...
2021-07-06 16:51:26,953 - INFO - URL being requested: GET https://www.googleapis.com/discovery/v1/apis/sheets/v4/rest
2021-07-06 16:51:29,128 - INFO - URL being requested: POST https://sheets.googleapis.com/v4/spreadsheets/1TBakTSmrrQ8y3z5B8l7KCM6FUoQenl2PTNES8iIazMY/values/Blad1:append?valueInputOption=RAW&fields=tableRange&alt=json
2021-07-06 16:53:07,543 - INFO - Number of datapoints: 16
2021-07-06 16:53:07,544 - INFO - Currently at 24 of 102
2021-07-06 16:53:07,544 - INFO - Time to upload...
2021-07-06 16:53:07,553 - INFO - URL being requested: GET https://www.googleapis.com/discovery/v1/apis/sheets/v4/rest
2021-07-06 16:53:09,793 - INFO - URL being requested: POST https://sheets.googleapis.com/v4/spreadsheets/1TBakTSmrrQ8y3z5B8l7KCM6FUoQenl2PTNES8iIazMY/values/Blad1:append?valueInputOption=RAW&fields=tableRange&alt=json
2021-07-06 16:54:52,372 - INFO - Number of datapoints: 17
2021-07-06 16:54:52,373 - INFO - Currently at 25 of 102
2021-07-06 16:54:52,373 - INFO - Time to upload...
2021-07-06 16:54:52,386 - INFO - URL being requested: GET https://www.googleapis.com/discovery/v1/apis/sheets/v4/rest
2021-07-06 16:54:54,418 - INFO - URL being requested: POST https://sheets.googleapis.com/v4/spreadsheets/1TBakTSmrrQ8y3z5B8l7KCM6FUoQenl2PTNES8iIazMY/values/Blad1:append?valueInputOption=RAW&fields=tableRange&alt=json
2021-07-06 16:57:06,119 - INFO - Number of datapoints: 18
2021-07-06 16:57:06,119 - INFO - Currently at 27 of 102
2021-07-06 16:57:06,120 - INFO - Time to upload...
2021-07-06 16:57:06,129 - INFO - URL being requested: GET https://www.googleapis.com/discovery/v1/apis/sheets/v4/rest
2021-07-06 16:57:08,231 - INFO - URL being requested: POST https://sheets.googleapis.com/v4/spreadsheets/1TBakTSmrrQ8y3z5B8l7KCM6FUoQenl2PTNES8iIazMY/values/Blad1:append?valueInputOption=RAW&fields=tableRange&alt=json
2021-07-06 16:58:50,738 - INFO - Number of datapoints: 19
2021-07-06 16:58:50,738 - INFO - Currently at 28 of 102
2021-07-06 16:58:50,739 - INFO - Time to upload...
2021-07-06 16:58:50,752 - INFO - URL being requested: GET https://www.googleapis.com/discovery/v1/apis/sheets/v4/rest
2021-07-06 16:58:52,826 - INFO - URL being requested: POST https://sheets.googleapis.com/v4/spreadsheets/1TBakTSmrrQ8y3z5B8l7KCM6FUoQenl2PTNES8iIazMY/values/Blad1:append?valueInputOption=RAW&fields=tableRange&alt=json
2021-07-06 17:01:02,769 - INFO - Number of datapoints: 20
2021-07-06 17:01:02,770 - INFO - Currently at 30 of 102
2021-07-06 17:01:02,770 - INFO - Time to upload...
2021-07-06 17:01:02,778 - INFO - URL being requested: GET https://www.googleapis.com/discovery/v1/apis/sheets/v4/rest
2021-07-06 17:01:04,999 - INFO - URL being requested: POST https://sheets.googleapis.com/v4/spreadsheets/1TBakTSmrrQ8y3z5B8l7KCM6FUoQenl2PTNES8iIazMY/values/Blad1:append?valueInputOption=RAW&fields=tableRange&alt=json
2021-07-06 17:02:47,121 - INFO - Number of datapoints: 21
2021-07-06 17:02:47,122 - INFO - Currently at 31 of 102
2021-07-06 17:02:47,122 - INFO - Time to upload...
2021-07-06 17:02:47,139 - INFO - URL being requested: GET https://www.googleapis.com/discovery/v1/apis/sheets/v4/rest
2021-07-06 17:02:49,225 - INFO - URL being requested: POST https://sheets.googleapis.com/v4/spreadsheets/1TBakTSmrrQ8y3z5B8l7KCM6FUoQenl2PTNES8iIazMY/values/Blad1:append?valueInputOption=RAW&fields=tableRange&alt=json
2021-07-06 17:04:26,997 - INFO - Number of datapoints: 22
2021-07-06 17:04:26,998 - INFO - Currently at 32 of 102
2021-07-06 17:04:26,998 - INFO - Time to upload...
2021-07-06 17:04:27,026 - INFO - URL being requested: GET https://www.googleapis.com/discovery/v1/apis/sheets/v4/rest
2021-07-06 17:04:29,449 - INFO - URL being requested: POST https://sheets.googleapis.com/v4/spreadsheets/1TBakTSmrrQ8y3z5B8l7KCM6FUoQenl2PTNES8iIazMY/values/Blad1:append?valueInputOption=RAW&fields=tableRange&alt=json
2021-07-06 17:06:11,996 - INFO - Number of datapoints: 23
2021-07-06 17:06:11,996 - INFO - Currently at 33 of 102
2021-07-06 17:06:11,997 - INFO - Time to upload...
2021-07-06 17:06:12,011 - INFO - URL being requested: GET https://www.googleapis.com/discovery/v1/apis/sheets/v4/rest
2021-07-06 17:06:14,215 - INFO - URL being requested: POST https://sheets.googleapis.com/v4/spreadsheets/1TBakTSmrrQ8y3z5B8l7KCM6FUoQenl2PTNES8iIazMY/values/Blad1:append?valueInputOption=RAW&fields=tableRange&alt=json
2021-07-06 17:08:27,229 - INFO - Number of datapoints: 24
2021-07-06 17:08:27,229 - INFO - Currently at 35 of 102
2021-07-06 17:08:27,230 - INFO - Time to upload...
2021-07-06 17:08:27,243 - INFO - URL being requested: GET https://www.googleapis.com/discovery/v1/apis/sheets/v4/rest
2021-07-06 17:08:29,353 - INFO - URL being requested: POST https://sheets.googleapis.com/v4/spreadsheets/1TBakTSmrrQ8y3z5B8l7KCM6FUoQenl2PTNES8iIazMY/values/Blad1:append?valueInputOption=RAW&fields=tableRange&alt=json
2021-07-06 17:10:43,026 - INFO - Number of datapoints: 25
2021-07-06 17:10:43,026 - INFO - Currently at 37 of 102
2021-07-06 17:10:43,027 - INFO - Time to upload...
2021-07-06 17:10:43,036 - INFO - URL being requested: GET https://www.googleapis.com/discovery/v1/apis/sheets/v4/rest
2021-07-06 17:10:45,317 - INFO - URL being requested: POST https://sheets.googleapis.com/v4/spreadsheets/1TBakTSmrrQ8y3z5B8l7KCM6FUoQenl2PTNES8iIazMY/values/Blad1:append?valueInputOption=RAW&fields=tableRange&alt=json
2021-07-06 17:12:27,782 - INFO - Number of datapoints: 26
2021-07-06 17:12:27,783 - INFO - Currently at 38 of 102
2021-07-06 17:12:27,783 - INFO - Time to upload...
2021-07-06 17:12:27,792 - INFO - URL being requested: GET https://www.googleapis.com/discovery/v1/apis/sheets/v4/rest
2021-07-06 17:12:50,302 - INFO - URL being requested: POST https://sheets.googleapis.com/v4/spreadsheets/1TBakTSmrrQ8y3z5B8l7KCM6FUoQenl2PTNES8iIazMY/values/Blad1:append?valueInputOption=RAW&fields=tableRange&alt=json
2021-07-06 17:14:30,572 - INFO - Number of datapoints: 27
2021-07-06 17:14:30,572 - INFO - Currently at 39 of 102
2021-07-06 17:14:30,573 - INFO - Time to upload...
2021-07-06 17:14:30,585 - INFO - URL being requested: GET https://www.googleapis.com/discovery/v1/apis/sheets/v4/rest
2021-07-06 17:14:33,423 - INFO - URL being requested: POST https://sheets.googleapis.com/v4/spreadsheets/1TBakTSmrrQ8y3z5B8l7KCM6FUoQenl2PTNES8iIazMY/values/Blad1:append?valueInputOption=RAW&fields=tableRange&alt=json
2021-07-06 17:16:11,131 - INFO - Number of datapoints: 28
2021-07-06 17:16:11,132 - INFO - Currently at 40 of 102
2021-07-06 17:16:11,132 - INFO - Time to upload...
2021-07-06 17:16:11,146 - INFO - URL being requested: GET https://www.googleapis.com/discovery/v1/apis/sheets/v4/rest
2021-07-06 17:16:13,240 - INFO - URL being requested: POST https://sheets.googleapis.com/v4/spreadsheets/1TBakTSmrrQ8y3z5B8l7KCM6FUoQenl2PTNES8iIazMY/values/Blad1:append?valueInputOption=RAW&fields=tableRange&alt=json
2021-07-06 17:17:55,440 - INFO - Number of datapoints: 29
2021-07-06 17:17:55,441 - INFO - Currently at 41 of 102
2021-07-06 17:17:55,441 - INFO - Time to upload...
2021-07-06 17:17:55,449 - INFO - URL being requested: GET https://www.googleapis.com/discovery/v1/apis/sheets/v4/rest
2021-07-06 17:17:57,417 - INFO - URL being requested: POST https://sheets.googleapis.com/v4/spreadsheets/1TBakTSmrrQ8y3z5B8l7KCM6FUoQenl2PTNES8iIazMY/values/Blad1:append?valueInputOption=RAW&fields=tableRange&alt=json
2021-07-06 17:19:40,825 - INFO - Number of datapoints: 30
2021-07-06 17:19:40,826 - INFO - Currently at 42 of 102
2021-07-06 17:19:40,826 - INFO - Time to upload...
2021-07-06 17:19:40,838 - INFO - URL being requested: GET https://www.googleapis.com/discovery/v1/apis/sheets/v4/rest
2021-07-06 17:19:43,117 - INFO - URL being requested: POST https://sheets.googleapis.com/v4/spreadsheets/1TBakTSmrrQ8y3z5B8l7KCM6FUoQenl2PTNES8iIazMY/values/Blad1:append?valueInputOption=RAW&fields=tableRange&alt=json
2021-07-06 17:21:21,981 - INFO - Number of datapoints: 31
2021-07-06 17:21:21,982 - INFO - Currently at 43 of 102
2021-07-06 17:21:21,982 - INFO - Time to upload...
2021-07-06 17:21:21,998 - INFO - URL being requested: GET https://www.googleapis.com/discovery/v1/apis/sheets/v4/rest
2021-07-06 17:21:24,204 - INFO - URL being requested: POST https://sheets.googleapis.com/v4/spreadsheets/1TBakTSmrrQ8y3z5B8l7KCM6FUoQenl2PTNES8iIazMY/values/Blad1:append?valueInputOption=RAW&fields=tableRange&alt=json
2021-07-06 17:23:04,497 - INFO - Number of datapoints: 32
2021-07-06 17:23:04,497 - INFO - Currently at 44 of 102
2021-07-06 17:23:04,498 - INFO - Time to upload...
2021-07-06 17:23:04,510 - INFO - URL being requested: GET https://www.googleapis.com/discovery/v1/apis/sheets/v4/rest
2021-07-06 17:23:06,679 - INFO - URL being requested: POST https://sheets.googleapis.com/v4/spreadsheets/1TBakTSmrrQ8y3z5B8l7KCM6FUoQenl2PTNES8iIazMY/values/Blad1:append?valueInputOption=RAW&fields=tableRange&alt=json
2021-07-06 17:24:45,009 - INFO - Number of datapoints: 33
2021-07-06 17:24:45,009 - INFO - Currently at 45 of 102
2021-07-06 17:24:45,010 - INFO - Time to upload...
2021-07-06 17:24:45,023 - INFO - URL being requested: GET https://www.googleapis.com/discovery/v1/apis/sheets/v4/rest
2021-07-06 17:24:47,465 - INFO - URL being requested: POST https://sheets.googleapis.com/v4/spreadsheets/1TBakTSmrrQ8y3z5B8l7KCM6FUoQenl2PTNES8iIazMY/values/Blad1:append?valueInputOption=RAW&fields=tableRange&alt=json
2021-07-06 17:26:58,011 - INFO - Number of datapoints: 34
2021-07-06 17:26:58,012 - INFO - Currently at 47 of 102
2021-07-06 17:26:58,012 - INFO - Time to upload...
2021-07-06 17:26:58,025 - INFO - URL being requested: GET https://www.googleapis.com/discovery/v1/apis/sheets/v4/rest
2021-07-06 17:27:00,417 - INFO - URL being requested: POST https://sheets.googleapis.com/v4/spreadsheets/1TBakTSmrrQ8y3z5B8l7KCM6FUoQenl2PTNES8iIazMY/values/Blad1:append?valueInputOption=RAW&fields=tableRange&alt=json
2021-07-06 17:28:41,391 - INFO - Number of datapoints: 35
2021-07-06 17:28:41,391 - INFO - Currently at 48 of 102
2021-07-06 17:28:41,392 - INFO - Time to upload...
2021-07-06 17:28:41,403 - INFO - URL being requested: GET https://www.googleapis.com/discovery/v1/apis/sheets/v4/rest
2021-07-06 17:28:43,655 - INFO - URL being requested: POST https://sheets.googleapis.com/v4/spreadsheets/1TBakTSmrrQ8y3z5B8l7KCM6FUoQenl2PTNES8iIazMY/values/Blad1:append?valueInputOption=RAW&fields=tableRange&alt=json
2021-07-06 17:30:24,728 - INFO - Number of datapoints: 36
2021-07-06 17:30:24,728 - INFO - Currently at 49 of 102
2021-07-06 17:30:24,729 - INFO - Time to upload...
2021-07-06 17:30:24,737 - INFO - URL being requested: GET https://www.googleapis.com/discovery/v1/apis/sheets/v4/rest
2021-07-06 17:30:26,885 - INFO - URL being requested: POST https://sheets.googleapis.com/v4/spreadsheets/1TBakTSmrrQ8y3z5B8l7KCM6FUoQenl2PTNES8iIazMY/values/Blad1:append?valueInputOption=RAW&fields=tableRange&alt=json
2021-07-06 17:32:13,257 - INFO - Number of datapoints: 37
2021-07-06 17:32:13,257 - INFO - Currently at 50 of 102
2021-07-06 17:32:13,258 - INFO - Time to upload...
2021-07-06 17:32:13,268 - INFO - URL being requested: GET https://www.googleapis.com/discovery/v1/apis/sheets/v4/rest
2021-07-06 17:32:15,572 - INFO - URL being requested: POST https://sheets.googleapis.com/v4/spreadsheets/1TBakTSmrrQ8y3z5B8l7KCM6FUoQenl2PTNES8iIazMY/values/Blad1:append?valueInputOption=RAW&fields=tableRange&alt=json
2021-07-06 17:33:57,231 - INFO - Number of datapoints: 38
2021-07-06 17:33:57,232 - INFO - Currently at 51 of 102
2021-07-06 17:33:57,232 - INFO - Time to upload...
2021-07-06 17:33:57,241 - INFO - URL being requested: GET https://www.googleapis.com/discovery/v1/apis/sheets/v4/rest
2021-07-06 17:33:59,472 - INFO - URL being requested: POST https://sheets.googleapis.com/v4/spreadsheets/1TBakTSmrrQ8y3z5B8l7KCM6FUoQenl2PTNES8iIazMY/values/Blad1:append?valueInputOption=RAW&fields=tableRange&alt=json
2021-07-06 17:35:41,817 - INFO - Number of datapoints: 39
2021-07-06 17:35:41,818 - INFO - Currently at 52 of 102
2021-07-06 17:35:41,818 - INFO - Time to upload...
2021-07-06 17:35:41,832 - INFO - URL being requested: GET https://www.googleapis.com/discovery/v1/apis/sheets/v4/rest
2021-07-06 17:35:43,868 - INFO - URL being requested: POST https://sheets.googleapis.com/v4/spreadsheets/1TBakTSmrrQ8y3z5B8l7KCM6FUoQenl2PTNES8iIazMY/values/Blad1:append?valueInputOption=RAW&fields=tableRange&alt=json
2021-07-06 17:38:23,287 - INFO - Number of datapoints: 40
2021-07-06 17:38:23,287 - INFO - Currently at 55 of 102
2021-07-06 17:38:23,288 - INFO - Time to upload...
2021-07-06 17:38:23,301 - INFO - URL being requested: GET https://www.googleapis.com/discovery/v1/apis/sheets/v4/rest
2021-07-06 17:38:25,598 - INFO - URL being requested: POST https://sheets.googleapis.com/v4/spreadsheets/1TBakTSmrrQ8y3z5B8l7KCM6FUoQenl2PTNES8iIazMY/values/Blad1:append?valueInputOption=RAW&fields=tableRange&alt=json
2021-07-06 17:40:07,613 - INFO - Number of datapoints: 41
2021-07-06 17:40:07,613 - INFO - Currently at 56 of 102
2021-07-06 17:40:07,614 - INFO - Time to upload...
2021-07-06 17:40:07,626 - INFO - URL being requested: GET https://www.googleapis.com/discovery/v1/apis/sheets/v4/rest
2021-07-06 17:40:10,212 - INFO - URL being requested: POST https://sheets.googleapis.com/v4/spreadsheets/1TBakTSmrrQ8y3z5B8l7KCM6FUoQenl2PTNES8iIazMY/values/Blad1:append?valueInputOption=RAW&fields=tableRange&alt=json
2021-07-06 17:42:21,734 - INFO - Number of datapoints: 42
2021-07-06 17:42:21,735 - INFO - Currently at 58 of 102
2021-07-06 17:42:21,735 - INFO - Time to upload...
2021-07-06 17:42:21,746 - INFO - URL being requested: GET https://www.googleapis.com/discovery/v1/apis/sheets/v4/rest
2021-07-06 17:42:24,018 - INFO - URL being requested: POST https://sheets.googleapis.com/v4/spreadsheets/1TBakTSmrrQ8y3z5B8l7KCM6FUoQenl2PTNES8iIazMY/values/Blad1:append?valueInputOption=RAW&fields=tableRange&alt=json
2021-07-06 17:44:04,793 - INFO - Number of datapoints: 43
2021-07-06 17:44:04,794 - INFO - Currently at 59 of 102
2021-07-06 17:44:04,794 - INFO - Time to upload...
2021-07-06 17:44:04,804 - INFO - URL being requested: GET https://www.googleapis.com/discovery/v1/apis/sheets/v4/rest
2021-07-06 17:44:07,003 - INFO - URL being requested: POST https://sheets.googleapis.com/v4/spreadsheets/1TBakTSmrrQ8y3z5B8l7KCM6FUoQenl2PTNES8iIazMY/values/Blad1:append?valueInputOption=RAW&fields=tableRange&alt=json
2021-07-06 17:45:47,473 - INFO - Number of datapoints: 44
2021-07-06 17:45:47,473 - INFO - Currently at 60 of 102
2021-07-06 17:45:47,474 - INFO - Time to upload...
2021-07-06 17:45:47,482 - INFO - URL being requested: GET https://www.googleapis.com/discovery/v1/apis/sheets/v4/rest
2021-07-06 17:45:49,486 - INFO - URL being requested: POST https://sheets.googleapis.com/v4/spreadsheets/1TBakTSmrrQ8y3z5B8l7KCM6FUoQenl2PTNES8iIazMY/values/Blad1:append?valueInputOption=RAW&fields=tableRange&alt=json
2021-07-06 17:47:30,598 - INFO - Number of datapoints: 45
2021-07-06 17:47:30,599 - INFO - Currently at 61 of 102
2021-07-06 17:47:30,599 - INFO - Time to upload...
2021-07-06 17:47:30,612 - INFO - URL being requested: GET https://www.googleapis.com/discovery/v1/apis/sheets/v4/rest
2021-07-06 17:47:32,878 - INFO - URL being requested: POST https://sheets.googleapis.com/v4/spreadsheets/1TBakTSmrrQ8y3z5B8l7KCM6FUoQenl2PTNES8iIazMY/values/Blad1:append?valueInputOption=RAW&fields=tableRange&alt=json
2021-07-06 17:50:16,457 - INFO - Number of datapoints: 46
2021-07-06 17:50:16,457 - INFO - Currently at 64 of 102
2021-07-06 17:50:16,458 - INFO - Time to upload...
2021-07-06 17:50:16,466 - INFO - URL being requested: GET https://www.googleapis.com/discovery/v1/apis/sheets/v4/rest
2021-07-06 17:50:18,584 - INFO - URL being requested: POST https://sheets.googleapis.com/v4/spreadsheets/1TBakTSmrrQ8y3z5B8l7KCM6FUoQenl2PTNES8iIazMY/values/Blad1:append?valueInputOption=RAW&fields=tableRange&alt=json
2021-07-06 17:51:59,172 - INFO - Number of datapoints: 47
2021-07-06 17:51:59,172 - INFO - Currently at 65 of 102
2021-07-06 17:51:59,173 - INFO - Time to upload...
2021-07-06 17:51:59,190 - INFO - URL being requested: GET https://www.googleapis.com/discovery/v1/apis/sheets/v4/rest
2021-07-06 17:52:01,508 - INFO - URL being requested: POST https://sheets.googleapis.com/v4/spreadsheets/1TBakTSmrrQ8y3z5B8l7KCM6FUoQenl2PTNES8iIazMY/values/Blad1:append?valueInputOption=RAW&fields=tableRange&alt=json
2021-07-06 17:53:45,337 - INFO - Number of datapoints: 48
2021-07-06 17:53:45,338 - INFO - Currently at 66 of 102
2021-07-06 17:53:45,339 - INFO - Time to upload...
2021-07-06 17:53:45,354 - INFO - URL being requested: GET https://www.googleapis.com/discovery/v1/apis/sheets/v4/rest
2021-07-06 17:53:47,396 - INFO - URL being requested: POST https://sheets.googleapis.com/v4/spreadsheets/1TBakTSmrrQ8y3z5B8l7KCM6FUoQenl2PTNES8iIazMY/values/Blad1:append?valueInputOption=RAW&fields=tableRange&alt=json
2021-07-06 17:55:29,925 - INFO - Number of datapoints: 49
2021-07-06 17:55:29,926 - INFO - Currently at 67 of 102
2021-07-06 17:55:29,926 - INFO - Time to upload...
2021-07-06 17:55:29,935 - INFO - URL being requested: GET https://www.googleapis.com/discovery/v1/apis/sheets/v4/rest
2021-07-06 17:55:32,649 - INFO - URL being requested: POST https://sheets.googleapis.com/v4/spreadsheets/1TBakTSmrrQ8y3z5B8l7KCM6FUoQenl2PTNES8iIazMY/values/Blad1:append?valueInputOption=RAW&fields=tableRange&alt=json
2021-07-06 17:57:11,642 - INFO - Number of datapoints: 50
2021-07-06 17:57:11,643 - INFO - Currently at 68 of 102
2021-07-06 17:57:11,643 - INFO - Time to upload...
2021-07-06 17:57:11,655 - INFO - URL being requested: GET https://www.googleapis.com/discovery/v1/apis/sheets/v4/rest
2021-07-06 17:57:13,999 - INFO - URL being requested: POST https://sheets.googleapis.com/v4/spreadsheets/1TBakTSmrrQ8y3z5B8l7KCM6FUoQenl2PTNES8iIazMY/values/Blad1:append?valueInputOption=RAW&fields=tableRange&alt=json
2021-07-06 17:58:55,180 - INFO - Number of datapoints: 51
2021-07-06 17:58:55,181 - INFO - Currently at 69 of 102
2021-07-06 17:58:55,181 - INFO - Time to upload...
2021-07-06 17:58:55,195 - INFO - URL being requested: GET https://www.googleapis.com/discovery/v1/apis/sheets/v4/rest
2021-07-06 17:58:57,556 - INFO - URL being requested: POST https://sheets.googleapis.com/v4/spreadsheets/1TBakTSmrrQ8y3z5B8l7KCM6FUoQenl2PTNES8iIazMY/values/Blad1:append?valueInputOption=RAW&fields=tableRange&alt=json
2021-07-06 18:00:37,575 - INFO - Number of datapoints: 52
2021-07-06 18:00:37,576 - INFO - Currently at 70 of 102
2021-07-06 18:00:37,576 - INFO - Time to upload...
2021-07-06 18:00:37,585 - INFO - URL being requested: GET https://www.googleapis.com/discovery/v1/apis/sheets/v4/rest
2021-07-06 18:00:39,611 - INFO - URL being requested: POST https://sheets.googleapis.com/v4/spreadsheets/1TBakTSmrrQ8y3z5B8l7KCM6FUoQenl2PTNES8iIazMY/values/Blad1:append?valueInputOption=RAW&fields=tableRange&alt=json
2021-07-06 18:02:19,737 - INFO - Number of datapoints: 53
2021-07-06 18:02:19,737 - INFO - Currently at 71 of 102
2021-07-06 18:02:19,738 - INFO - Time to upload...
2021-07-06 18:02:19,758 - INFO - URL being requested: GET https://www.googleapis.com/discovery/v1/apis/sheets/v4/rest
2021-07-06 18:02:22,136 - INFO - URL being requested: POST https://sheets.googleapis.com/v4/spreadsheets/1TBakTSmrrQ8y3z5B8l7KCM6FUoQenl2PTNES8iIazMY/values/Blad1:append?valueInputOption=RAW&fields=tableRange&alt=json
2021-07-06 18:04:03,136 - INFO - Number of datapoints: 54
2021-07-06 18:04:03,136 - INFO - Currently at 72 of 102
2021-07-06 18:04:03,137 - INFO - Time to upload...
2021-07-06 18:04:03,149 - INFO - URL being requested: GET https://www.googleapis.com/discovery/v1/apis/sheets/v4/rest
2021-07-06 18:04:05,420 - INFO - URL being requested: POST https://sheets.googleapis.com/v4/spreadsheets/1TBakTSmrrQ8y3z5B8l7KCM6FUoQenl2PTNES8iIazMY/values/Blad1:append?valueInputOption=RAW&fields=tableRange&alt=json
2021-07-06 18:06:17,004 - INFO - Number of datapoints: 55
2021-07-06 18:06:17,004 - INFO - Currently at 74 of 102
2021-07-06 18:06:17,005 - INFO - Time to upload...
2021-07-06 18:06:17,018 - INFO - URL being requested: GET https://www.googleapis.com/discovery/v1/apis/sheets/v4/rest
2021-07-06 18:06:19,198 - INFO - URL being requested: POST https://sheets.googleapis.com/v4/spreadsheets/1TBakTSmrrQ8y3z5B8l7KCM6FUoQenl2PTNES8iIazMY/values/Blad1:append?valueInputOption=RAW&fields=tableRange&alt=json
2021-07-06 18:10:05,055 - INFO - Number of datapoints: 56
2021-07-06 18:10:05,056 - INFO - Currently at 79 of 102
2021-07-06 18:10:05,056 - INFO - Time to upload...
2021-07-06 18:10:05,063 - INFO - URL being requested: GET https://www.googleapis.com/discovery/v1/apis/sheets/v4/rest
2021-07-06 18:10:07,209 - INFO - URL being requested: POST https://sheets.googleapis.com/v4/spreadsheets/1TBakTSmrrQ8y3z5B8l7KCM6FUoQenl2PTNES8iIazMY/values/Blad1:append?valueInputOption=RAW&fields=tableRange&alt=json
2021-07-06 18:11:47,953 - INFO - Number of datapoints: 57
2021-07-06 18:11:47,954 - INFO - Currently at 80 of 102
2021-07-06 18:11:47,954 - INFO - Time to upload...
2021-07-06 18:11:47,967 - INFO - URL being requested: GET https://www.googleapis.com/discovery/v1/apis/sheets/v4/rest
2021-07-06 18:11:50,450 - INFO - URL being requested: POST https://sheets.googleapis.com/v4/spreadsheets/1TBakTSmrrQ8y3z5B8l7KCM6FUoQenl2PTNES8iIazMY/values/Blad1:append?valueInputOption=RAW&fields=tableRange&alt=json
2021-07-06 18:13:31,020 - INFO - Number of datapoints: 58
2021-07-06 18:13:31,021 - INFO - Currently at 81 of 102
2021-07-06 18:13:31,021 - INFO - Time to upload...
2021-07-06 18:13:31,033 - INFO - URL being requested: GET https://www.googleapis.com/discovery/v1/apis/sheets/v4/rest
2021-07-06 18:13:33,174 - INFO - URL being requested: POST https://sheets.googleapis.com/v4/spreadsheets/1TBakTSmrrQ8y3z5B8l7KCM6FUoQenl2PTNES8iIazMY/values/Blad1:append?valueInputOption=RAW&fields=tableRange&alt=json
2021-07-06 18:15:41,576 - INFO - Number of datapoints: 59
2021-07-06 18:15:41,577 - INFO - Currently at 83 of 102
2021-07-06 18:15:41,577 - INFO - Time to upload...
2021-07-06 18:15:41,591 - INFO - URL being requested: GET https://www.googleapis.com/discovery/v1/apis/sheets/v4/rest
2021-07-06 18:15:43,752 - INFO - URL being requested: POST https://sheets.googleapis.com/v4/spreadsheets/1TBakTSmrrQ8y3z5B8l7KCM6FUoQenl2PTNES8iIazMY/values/Blad1:append?valueInputOption=RAW&fields=tableRange&alt=json
2021-07-06 18:17:24,122 - INFO - Number of datapoints: 60
2021-07-06 18:17:24,123 - INFO - Currently at 84 of 102
2021-07-06 18:17:24,123 - INFO - Time to upload...
2021-07-06 18:17:24,143 - INFO - URL being requested: GET https://www.googleapis.com/discovery/v1/apis/sheets/v4/rest
2021-07-06 18:17:26,222 - INFO - URL being requested: POST https://sheets.googleapis.com/v4/spreadsheets/1TBakTSmrrQ8y3z5B8l7KCM6FUoQenl2PTNES8iIazMY/values/Blad1:append?valueInputOption=RAW&fields=tableRange&alt=json
2021-07-06 18:19:09,141 - INFO - Number of datapoints: 61
2021-07-06 18:19:09,142 - INFO - Currently at 85 of 102
2021-07-06 18:19:09,142 - INFO - Time to upload...
2021-07-06 18:19:09,155 - INFO - URL being requested: GET https://www.googleapis.com/discovery/v1/apis/sheets/v4/rest
2021-07-06 18:19:11,525 - INFO - URL being requested: POST https://sheets.googleapis.com/v4/spreadsheets/1TBakTSmrrQ8y3z5B8l7KCM6FUoQenl2PTNES8iIazMY/values/Blad1:append?valueInputOption=RAW&fields=tableRange&alt=json
2021-07-06 18:24:29,367 - INFO - Number of datapoints: 62
2021-07-06 18:24:29,367 - INFO - Currently at 93 of 102
2021-07-06 18:24:29,368 - INFO - Time to upload...
2021-07-06 18:24:29,381 - INFO - URL being requested: GET https://www.googleapis.com/discovery/v1/apis/sheets/v4/rest
2021-07-06 18:24:31,722 - INFO - URL being requested: POST https://sheets.googleapis.com/v4/spreadsheets/1TBakTSmrrQ8y3z5B8l7KCM6FUoQenl2PTNES8iIazMY/values/Blad1:append?valueInputOption=RAW&fields=tableRange&alt=json
2021-07-06 18:26:43,955 - INFO - Number of datapoints: 63
2021-07-06 18:26:43,956 - INFO - Currently at 95 of 102
2021-07-06 18:26:43,956 - INFO - Time to upload...
2021-07-06 18:26:43,966 - INFO - URL being requested: GET https://www.googleapis.com/discovery/v1/apis/sheets/v4/rest
2021-07-06 18:26:46,838 - INFO - URL being requested: POST https://sheets.googleapis.com/v4/spreadsheets/1TBakTSmrrQ8y3z5B8l7KCM6FUoQenl2PTNES8iIazMY/values/Blad1:append?valueInputOption=RAW&fields=tableRange&alt=json
