2021-05-18 11:33:22,354 - INFO - Running Merx....
2021-05-18 11:33:22,869 - INFO - URL being requested: GET https://www.googleapis.com/discovery/v1/apis/drive/v3/rest
2021-05-18 11:33:23,259 - INFO - URL being requested: POST https://www.googleapis.com/drive/v3/files?fields=id&alt=json
2021-05-18 11:33:26,780 - INFO - URL being requested: GET https://www.googleapis.com/discovery/v1/apis/sheets/v4/rest
2021-05-18 11:33:28,820 - INFO - URL being requested: POST https://sheets.googleapis.com/v4/spreadsheets/1zVb94BlRwvCr8GsYABXKx2U8_XZOLx07yAzsshFw8xM:batchUpdate?alt=json
2021-05-18 11:33:29,558 - INFO - URL being requested: GET https://www.googleapis.com/discovery/v1/apis/sheets/v4/rest
2021-05-18 11:33:31,128 - INFO - URL being requested: POST https://sheets.googleapis.com/v4/spreadsheets/1zVb94BlRwvCr8GsYABXKx2U8_XZOLx07yAzsshFw8xM/values/Blad1:append?valueInputOption=USER_ENTERED&alt=json
2021-05-18 11:33:31,909 - INFO - URL being requested: POST https://sheets.googleapis.com/v4/spreadsheets/1zVb94BlRwvCr8GsYABXKx2U8_XZOLx07yAzsshFw8xM:batchUpdate?alt=json
2021-05-18 11:33:41,652 - INFO - Starting at: https://merx.com
2021-05-18 11:34:38,824 - ERROR - Exception occurred
Traceback (most recent call last):
  File "C:\Users\Movie Computer\Desktop\certification-data-scraper\Scrapers\base_scraper.py", line 49, in run
    self.login()
  File "C:\Users\Movie Computer\Desktop\certification-data-scraper\Scrapers\US\merx.py", line 42, in login
    self.driver.find_element_by_name("ContinueButton").click()
  File "C:\Users\Movie Computer\AppData\Local\Programs\Python\Python38\lib\site-packages\selenium\webdriver\remote\webdriver.py", line 496, in find_element_by_name
    return self.find_element(by=By.NAME, value=name)
  File "C:\Users\Movie Computer\AppData\Local\Programs\Python\Python38\lib\site-packages\selenium\webdriver\remote\webdriver.py", line 976, in find_element
    return self.execute(Command.FIND_ELEMENT, {
  File "C:\Users\Movie Computer\AppData\Local\Programs\Python\Python38\lib\site-packages\selenium\webdriver\remote\webdriver.py", line 321, in execute
    self.error_handler.check_response(response)
  File "C:\Users\Movie Computer\AppData\Local\Programs\Python\Python38\lib\site-packages\selenium\webdriver\remote\errorhandler.py", line 242, in check_response
    raise exception_class(message, screen, stacktrace)
selenium.common.exceptions.NoSuchElementException: Message: no such element: Unable to locate element: {"method":"css selector","selector":"[name="ContinueButton"]"}
  (Session info: chrome=90.0.4430.93)

2021-05-18 11:34:38,944 - INFO - Stopped at page 1 and on opportunity 6
2021-05-18 11:34:38,945 - INFO - Sheet ID is 1zVb94BlRwvCr8GsYABXKx2U8_XZOLx07yAzsshFw8xM
2021-05-18 11:34:38,954 - WARNING - Retry no. 1
2021-05-18 11:34:44,116 - INFO - Starting at: https://merx.com
2021-05-18 11:35:55,768 - INFO - Number of datapoints: 1
2021-05-18 11:35:55,769 - INFO - Currently at 6 of 0
2021-05-18 11:35:55,769 - INFO - Time to upload...
2021-05-18 11:35:55,781 - INFO - URL being requested: GET https://www.googleapis.com/discovery/v1/apis/sheets/v4/rest
2021-05-18 11:35:57,211 - INFO - URL being requested: POST https://sheets.googleapis.com/v4/spreadsheets/1zVb94BlRwvCr8GsYABXKx2U8_XZOLx07yAzsshFw8xM/values/Blad1:append?valueInputOption=RAW&fields=tableRange&alt=json
2021-05-18 11:37:07,556 - INFO - Number of datapoints: 2
2021-05-18 11:37:07,556 - INFO - Currently at 7 of 0
2021-05-18 11:37:07,557 - INFO - Time to upload...
2021-05-18 11:37:07,567 - INFO - URL being requested: GET https://www.googleapis.com/discovery/v1/apis/sheets/v4/rest
2021-05-18 11:37:08,804 - INFO - URL being requested: POST https://sheets.googleapis.com/v4/spreadsheets/1zVb94BlRwvCr8GsYABXKx2U8_XZOLx07yAzsshFw8xM/values/Blad1:append?valueInputOption=RAW&fields=tableRange&alt=json
2021-05-18 11:38:19,174 - INFO - Number of datapoints: 3
2021-05-18 11:38:19,174 - INFO - Currently at 8 of 0
2021-05-18 11:38:19,175 - INFO - Time to upload...
2021-05-18 11:38:19,182 - INFO - URL being requested: GET https://www.googleapis.com/discovery/v1/apis/sheets/v4/rest
2021-05-18 11:38:20,870 - INFO - URL being requested: POST https://sheets.googleapis.com/v4/spreadsheets/1zVb94BlRwvCr8GsYABXKx2U8_XZOLx07yAzsshFw8xM/values/Blad1:append?valueInputOption=RAW&fields=tableRange&alt=json
2021-05-18 11:39:30,888 - INFO - Number of datapoints: 4
2021-05-18 11:39:30,888 - INFO - Currently at 9 of 0
2021-05-18 11:39:30,889 - INFO - Time to upload...
2021-05-18 11:39:30,899 - INFO - URL being requested: GET https://www.googleapis.com/discovery/v1/apis/sheets/v4/rest
2021-05-18 11:39:32,165 - INFO - URL being requested: POST https://sheets.googleapis.com/v4/spreadsheets/1zVb94BlRwvCr8GsYABXKx2U8_XZOLx07yAzsshFw8xM/values/Blad1:append?valueInputOption=RAW&fields=tableRange&alt=json
2021-05-18 11:40:42,425 - INFO - Number of datapoints: 5
2021-05-18 11:40:42,426 - INFO - Currently at 10 of 0
2021-05-18 11:40:42,426 - INFO - Time to upload...
2021-05-18 11:40:42,434 - INFO - URL being requested: GET https://www.googleapis.com/discovery/v1/apis/sheets/v4/rest
2021-05-18 11:40:43,703 - INFO - URL being requested: POST https://sheets.googleapis.com/v4/spreadsheets/1zVb94BlRwvCr8GsYABXKx2U8_XZOLx07yAzsshFw8xM/values/Blad1:append?valueInputOption=RAW&fields=tableRange&alt=json
2021-05-18 11:41:54,036 - INFO - Number of datapoints: 6
2021-05-18 11:41:54,036 - INFO - Currently at 11 of 0
2021-05-18 11:41:54,037 - INFO - Time to upload...
2021-05-18 11:41:54,047 - INFO - URL being requested: GET https://www.googleapis.com/discovery/v1/apis/sheets/v4/rest
2021-05-18 11:41:55,337 - INFO - URL being requested: POST https://sheets.googleapis.com/v4/spreadsheets/1zVb94BlRwvCr8GsYABXKx2U8_XZOLx07yAzsshFw8xM/values/Blad1:append?valueInputOption=RAW&fields=tableRange&alt=json
2021-05-18 11:43:06,181 - INFO - Number of datapoints: 7
2021-05-18 11:43:06,183 - INFO - Currently at 12 of 0
2021-05-18 11:43:06,183 - INFO - Time to upload...
2021-05-18 11:43:06,192 - INFO - URL being requested: GET https://www.googleapis.com/discovery/v1/apis/sheets/v4/rest
2021-05-18 11:43:07,354 - INFO - URL being requested: POST https://sheets.googleapis.com/v4/spreadsheets/1zVb94BlRwvCr8GsYABXKx2U8_XZOLx07yAzsshFw8xM/values/Blad1:append?valueInputOption=RAW&fields=tableRange&alt=json
2021-05-18 11:44:17,917 - INFO - Number of datapoints: 8
2021-05-18 11:44:17,918 - INFO - Currently at 13 of 0
2021-05-18 11:44:17,918 - INFO - Time to upload...
2021-05-18 11:44:17,925 - INFO - URL being requested: GET https://www.googleapis.com/discovery/v1/apis/sheets/v4/rest
2021-05-18 11:44:19,162 - INFO - URL being requested: POST https://sheets.googleapis.com/v4/spreadsheets/1zVb94BlRwvCr8GsYABXKx2U8_XZOLx07yAzsshFw8xM/values/Blad1:append?valueInputOption=RAW&fields=tableRange&alt=json
2021-05-18 11:45:29,772 - INFO - Number of datapoints: 9
2021-05-18 11:45:29,773 - INFO - Currently at 14 of 0
2021-05-18 11:45:29,774 - INFO - Time to upload...
2021-05-18 11:45:29,779 - INFO - URL being requested: GET https://www.googleapis.com/discovery/v1/apis/sheets/v4/rest
2021-05-18 11:45:31,063 - INFO - URL being requested: POST https://sheets.googleapis.com/v4/spreadsheets/1zVb94BlRwvCr8GsYABXKx2U8_XZOLx07yAzsshFw8xM/values/Blad1:append?valueInputOption=RAW&fields=tableRange&alt=json
2021-05-18 11:46:41,852 - INFO - Number of datapoints: 10
2021-05-18 11:46:41,853 - INFO - Currently at 15 of 0
2021-05-18 11:46:41,853 - INFO - Time to upload...
2021-05-18 11:46:41,863 - INFO - URL being requested: GET https://www.googleapis.com/discovery/v1/apis/sheets/v4/rest
2021-05-18 11:46:43,740 - INFO - URL being requested: POST https://sheets.googleapis.com/v4/spreadsheets/1zVb94BlRwvCr8GsYABXKx2U8_XZOLx07yAzsshFw8xM/values/Blad1:append?valueInputOption=RAW&fields=tableRange&alt=json
2021-05-18 11:47:55,124 - INFO - Number of datapoints: 11
2021-05-18 11:47:55,125 - INFO - Currently at 16 of 0
2021-05-18 11:47:55,125 - INFO - Time to upload...
2021-05-18 11:47:55,132 - INFO - URL being requested: GET https://www.googleapis.com/discovery/v1/apis/sheets/v4/rest
2021-05-18 11:47:56,391 - INFO - URL being requested: POST https://sheets.googleapis.com/v4/spreadsheets/1zVb94BlRwvCr8GsYABXKx2U8_XZOLx07yAzsshFw8xM/values/Blad1:append?valueInputOption=RAW&fields=tableRange&alt=json
2021-05-18 11:49:08,151 - INFO - Number of datapoints: 12
2021-05-18 11:49:08,151 - INFO - Currently at 17 of 0
2021-05-18 11:49:08,152 - INFO - Time to upload...
2021-05-18 11:49:08,159 - INFO - URL being requested: GET https://www.googleapis.com/discovery/v1/apis/sheets/v4/rest
2021-05-18 11:49:09,389 - INFO - URL being requested: POST https://sheets.googleapis.com/v4/spreadsheets/1zVb94BlRwvCr8GsYABXKx2U8_XZOLx07yAzsshFw8xM/values/Blad1:append?valueInputOption=RAW&fields=tableRange&alt=json
2021-05-18 11:50:19,783 - INFO - Number of datapoints: 13
2021-05-18 11:50:19,783 - INFO - Currently at 18 of 0
2021-05-18 11:50:19,784 - INFO - Time to upload...
2021-05-18 11:50:19,793 - INFO - URL being requested: GET https://www.googleapis.com/discovery/v1/apis/sheets/v4/rest
2021-05-18 11:50:21,261 - INFO - URL being requested: POST https://sheets.googleapis.com/v4/spreadsheets/1zVb94BlRwvCr8GsYABXKx2U8_XZOLx07yAzsshFw8xM/values/Blad1:append?valueInputOption=RAW&fields=tableRange&alt=json
2021-05-18 11:51:31,706 - INFO - Number of datapoints: 14
2021-05-18 11:51:31,706 - INFO - Currently at 19 of 0
2021-05-18 11:51:31,707 - INFO - Time to upload...
2021-05-18 11:51:31,723 - INFO - URL being requested: GET https://www.googleapis.com/discovery/v1/apis/sheets/v4/rest
2021-05-18 11:51:32,916 - INFO - URL being requested: POST https://sheets.googleapis.com/v4/spreadsheets/1zVb94BlRwvCr8GsYABXKx2U8_XZOLx07yAzsshFw8xM/values/Blad1:append?valueInputOption=RAW&fields=tableRange&alt=json
2021-05-18 11:52:42,678 - INFO - Number of datapoints: 15
2021-05-18 11:52:42,679 - INFO - Currently at 20 of 0
2021-05-18 11:52:42,679 - INFO - Time to upload...
2021-05-18 11:52:42,692 - INFO - URL being requested: GET https://www.googleapis.com/discovery/v1/apis/sheets/v4/rest
2021-05-18 11:52:43,916 - INFO - URL being requested: POST https://sheets.googleapis.com/v4/spreadsheets/1zVb94BlRwvCr8GsYABXKx2U8_XZOLx07yAzsshFw8xM/values/Blad1:append?valueInputOption=RAW&fields=tableRange&alt=json
2021-05-18 11:52:44,478 - INFO - Done with Merx!
2021-05-18 12:14:16,126 - INFO - Running Bidsearch....
2021-05-18 12:14:16,179 - INFO - URL being requested: GET https://www.googleapis.com/discovery/v1/apis/drive/v3/rest
2021-05-18 12:14:16,695 - INFO - URL being requested: POST https://www.googleapis.com/drive/v3/files?fields=id&alt=json
2021-05-18 12:14:19,208 - INFO - URL being requested: GET https://www.googleapis.com/discovery/v1/apis/sheets/v4/rest
2021-05-18 12:14:20,918 - INFO - URL being requested: POST https://sheets.googleapis.com/v4/spreadsheets/12XY5_SMLDfn4W0Clfvkw9Q-yb8W2Ld-GNrt6ASVrgp8:batchUpdate?alt=json
2021-05-18 12:14:22,331 - INFO - URL being requested: GET https://www.googleapis.com/discovery/v1/apis/sheets/v4/rest
2021-05-18 12:14:24,159 - INFO - URL being requested: POST https://sheets.googleapis.com/v4/spreadsheets/12XY5_SMLDfn4W0Clfvkw9Q-yb8W2Ld-GNrt6ASVrgp8/values/Blad1:append?valueInputOption=USER_ENTERED&alt=json
2021-05-18 12:14:24,728 - INFO - URL being requested: POST https://sheets.googleapis.com/v4/spreadsheets/12XY5_SMLDfn4W0Clfvkw9Q-yb8W2Ld-GNrt6ASVrgp8:batchUpdate?alt=json
2021-05-18 12:14:26,287 - INFO - Starting at: https://app.bidsearch.com/bids?alertId=601040e8bdfada0021033605&title=Search20210126
2021-05-18 12:22:05,355 - INFO - Number of datapoints: 1
2021-05-18 12:22:05,356 - INFO - Currently at 8 of 102
2021-05-18 12:22:05,356 - INFO - Time to upload...
2021-05-18 12:22:05,380 - INFO - URL being requested: GET https://www.googleapis.com/discovery/v1/apis/sheets/v4/rest
2021-05-18 12:22:08,139 - INFO - URL being requested: POST https://sheets.googleapis.com/v4/spreadsheets/12XY5_SMLDfn4W0Clfvkw9Q-yb8W2Ld-GNrt6ASVrgp8/values/Blad1:append?valueInputOption=RAW&fields=tableRange&alt=json
2021-05-18 12:39:24,344 - INFO - URL being requested: GET https://www.googleapis.com/discovery/v1/apis/drive/v3/rest
2021-05-18 12:39:24,619 - INFO - URL being requested: POST https://www.googleapis.com/drive/v3/files?fields=webViewLink%2C+id&alt=json
2021-05-18 12:39:26,036 - INFO - URL being requested: POST https://www.googleapis.com/upload/drive/v3/files?fields=id&alt=json&uploadType=multipart
2021-05-18 12:39:29,566 - INFO - URL being requested: POST https://www.googleapis.com/upload/drive/v3/files?fields=id&alt=json&uploadType=multipart
2021-05-18 12:39:40,045 - INFO - URL being requested: POST https://www.googleapis.com/upload/drive/v3/files?fields=id&alt=json&uploadType=multipart
2021-05-18 12:39:41,618 - INFO - URL being requested: POST https://www.googleapis.com/upload/drive/v3/files?fields=id&alt=json&uploadType=multipart
2021-05-18 12:40:33,962 - INFO - Number of datapoints: 2
2021-05-18 12:40:33,962 - INFO - Currently at 17 of 102
2021-05-18 12:40:33,963 - INFO - Time to upload...
2021-05-18 12:40:33,970 - INFO - URL being requested: GET https://www.googleapis.com/discovery/v1/apis/sheets/v4/rest
2021-05-18 12:40:36,181 - INFO - URL being requested: POST https://sheets.googleapis.com/v4/spreadsheets/12XY5_SMLDfn4W0Clfvkw9Q-yb8W2Ld-GNrt6ASVrgp8/values/Blad1:append?valueInputOption=RAW&fields=tableRange&alt=json
2021-05-18 12:45:11,177 - INFO - URL being requested: GET https://www.googleapis.com/discovery/v1/apis/drive/v3/rest
2021-05-18 12:45:11,474 - INFO - URL being requested: POST https://www.googleapis.com/drive/v3/files?fields=webViewLink%2C+id&alt=json
2021-05-18 12:45:12,932 - INFO - URL being requested: POST https://www.googleapis.com/upload/drive/v3/files?fields=id&alt=json&uploadType=multipart
2021-05-18 12:46:06,767 - INFO - Number of datapoints: 3
2021-05-18 12:46:06,768 - INFO - Currently at 18 of 102
2021-05-18 12:46:06,768 - INFO - Time to upload...
2021-05-18 12:46:06,776 - INFO - URL being requested: GET https://www.googleapis.com/discovery/v1/apis/sheets/v4/rest
2021-05-18 12:46:09,840 - INFO - URL being requested: POST https://sheets.googleapis.com/v4/spreadsheets/12XY5_SMLDfn4W0Clfvkw9Q-yb8W2Ld-GNrt6ASVrgp8/values/Blad1:append?valueInputOption=RAW&fields=tableRange&alt=json
2021-05-18 12:53:07,076 - INFO - URL being requested: GET https://www.googleapis.com/discovery/v1/apis/drive/v3/rest
2021-05-18 12:53:07,366 - INFO - URL being requested: POST https://www.googleapis.com/drive/v3/files?fields=webViewLink%2C+id&alt=json
2021-05-18 12:53:08,358 - INFO - URL being requested: POST https://www.googleapis.com/upload/drive/v3/files?fields=id&alt=json&uploadType=multipart
2021-05-18 12:54:00,253 - INFO - Number of datapoints: 4
2021-05-18 12:54:00,253 - INFO - Currently at 26 of 102
2021-05-18 12:54:00,254 - INFO - Time to upload...
2021-05-18 12:54:00,263 - INFO - URL being requested: GET https://www.googleapis.com/discovery/v1/apis/sheets/v4/rest
2021-05-18 12:54:02,403 - INFO - URL being requested: POST https://sheets.googleapis.com/v4/spreadsheets/12XY5_SMLDfn4W0Clfvkw9Q-yb8W2Ld-GNrt6ASVrgp8/values/Blad1:append?valueInputOption=RAW&fields=tableRange&alt=json
2021-05-18 12:57:33,312 - INFO - URL being requested: GET https://www.googleapis.com/discovery/v1/apis/drive/v3/rest
2021-05-18 12:57:33,673 - INFO - URL being requested: POST https://www.googleapis.com/drive/v3/files?fields=webViewLink%2C+id&alt=json
2021-05-18 12:57:34,699 - INFO - URL being requested: POST https://www.googleapis.com/upload/drive/v3/files?fields=id&alt=json&uploadType=multipart
2021-05-18 12:58:27,002 - INFO - Number of datapoints: 5
2021-05-18 12:58:27,003 - INFO - Currently at 27 of 102
2021-05-18 12:58:27,004 - INFO - Time to upload...
2021-05-18 12:58:27,012 - INFO - URL being requested: GET https://www.googleapis.com/discovery/v1/apis/sheets/v4/rest
2021-05-18 12:58:29,121 - INFO - URL being requested: POST https://sheets.googleapis.com/v4/spreadsheets/12XY5_SMLDfn4W0Clfvkw9Q-yb8W2Ld-GNrt6ASVrgp8/values/Blad1:append?valueInputOption=RAW&fields=tableRange&alt=json
2021-05-18 13:04:56,268 - INFO - URL being requested: GET https://www.googleapis.com/discovery/v1/apis/drive/v3/rest
2021-05-18 13:04:56,524 - INFO - URL being requested: POST https://www.googleapis.com/drive/v3/files?fields=webViewLink%2C+id&alt=json
2021-05-18 13:04:57,573 - INFO - URL being requested: POST https://www.googleapis.com/upload/drive/v3/files?fields=id&alt=json&uploadType=multipart
2021-05-18 13:05:49,709 - INFO - Number of datapoints: 6
2021-05-18 13:05:49,710 - INFO - Currently at 35 of 102
2021-05-18 13:05:49,710 - INFO - Time to upload...
2021-05-18 13:05:49,716 - INFO - URL being requested: GET https://www.googleapis.com/discovery/v1/apis/sheets/v4/rest
2021-05-18 13:05:52,079 - INFO - URL being requested: POST https://sheets.googleapis.com/v4/spreadsheets/12XY5_SMLDfn4W0Clfvkw9Q-yb8W2Ld-GNrt6ASVrgp8/values/Blad1:append?valueInputOption=RAW&fields=tableRange&alt=json
2021-05-18 13:07:38,866 - INFO - Number of datapoints: 7
2021-05-18 13:07:38,866 - INFO - Currently at 36 of 102
2021-05-18 13:07:38,867 - INFO - Time to upload...
2021-05-18 13:07:38,879 - INFO - URL being requested: GET https://www.googleapis.com/discovery/v1/apis/sheets/v4/rest
2021-05-18 13:07:41,054 - INFO - URL being requested: POST https://sheets.googleapis.com/v4/spreadsheets/12XY5_SMLDfn4W0Clfvkw9Q-yb8W2Ld-GNrt6ASVrgp8/values/Blad1:append?valueInputOption=RAW&fields=tableRange&alt=json
2021-05-18 13:14:16,237 - INFO - URL being requested: GET https://www.googleapis.com/discovery/v1/apis/drive/v3/rest
2021-05-18 13:14:16,493 - INFO - URL being requested: POST https://www.googleapis.com/drive/v3/files?fields=webViewLink%2C+id&alt=json
2021-05-18 13:14:17,565 - INFO - URL being requested: POST https://www.googleapis.com/upload/drive/v3/files?fields=id&alt=json&uploadType=multipart
2021-05-18 13:15:10,040 - INFO - Number of datapoints: 8
2021-05-18 13:15:10,041 - INFO - Currently at 44 of 102
2021-05-18 13:15:10,041 - INFO - Time to upload...
2021-05-18 13:15:10,050 - INFO - URL being requested: GET https://www.googleapis.com/discovery/v1/apis/sheets/v4/rest
2021-05-18 13:15:12,331 - INFO - URL being requested: POST https://sheets.googleapis.com/v4/spreadsheets/12XY5_SMLDfn4W0Clfvkw9Q-yb8W2Ld-GNrt6ASVrgp8/values/Blad1:append?valueInputOption=RAW&fields=tableRange&alt=json
2021-05-18 13:18:09,451 - INFO - URL being requested: GET https://www.googleapis.com/discovery/v1/apis/drive/v3/rest
2021-05-18 13:18:09,623 - INFO - URL being requested: POST https://www.googleapis.com/drive/v3/files?fields=webViewLink%2C+id&alt=json
2021-05-18 13:18:10,473 - INFO - URL being requested: POST https://www.googleapis.com/upload/drive/v3/files?fields=id&alt=json&uploadType=multipart
2021-05-18 13:19:02,902 - INFO - Number of datapoints: 9
2021-05-18 13:19:02,903 - INFO - Currently at 45 of 102
2021-05-18 13:19:02,903 - INFO - Time to upload...
2021-05-18 13:19:02,912 - INFO - URL being requested: GET https://www.googleapis.com/discovery/v1/apis/sheets/v4/rest
2021-05-18 13:19:05,186 - INFO - URL being requested: POST https://sheets.googleapis.com/v4/spreadsheets/12XY5_SMLDfn4W0Clfvkw9Q-yb8W2Ld-GNrt6ASVrgp8/values/Blad1:append?valueInputOption=RAW&fields=tableRange&alt=json
2021-05-18 13:25:54,568 - INFO - URL being requested: GET https://www.googleapis.com/discovery/v1/apis/drive/v3/rest
2021-05-18 13:25:54,794 - INFO - URL being requested: POST https://www.googleapis.com/drive/v3/files?fields=webViewLink%2C+id&alt=json
2021-05-18 13:25:55,852 - INFO - URL being requested: POST https://www.googleapis.com/upload/drive/v3/files?fields=id&alt=json&uploadType=multipart
2021-05-18 13:26:47,858 - INFO - Number of datapoints: 10
2021-05-18 13:26:47,858 - INFO - Currently at 53 of 102
2021-05-18 13:26:47,859 - INFO - Time to upload...
2021-05-18 13:26:47,869 - INFO - URL being requested: GET https://www.googleapis.com/discovery/v1/apis/sheets/v4/rest
2021-05-18 13:26:50,009 - INFO - URL being requested: POST https://sheets.googleapis.com/v4/spreadsheets/12XY5_SMLDfn4W0Clfvkw9Q-yb8W2Ld-GNrt6ASVrgp8/values/Blad1:append?valueInputOption=RAW&fields=tableRange&alt=json
2021-05-18 13:27:56,242 - ERROR - Exception occurred
Traceback (most recent call last):
  File "C:\Users\Movie Computer\Desktop\certification-data-scraper\Scrapers\base_scraper.py", line 72, in run
    self.upload(sheet, [data])
  File "C:\Users\Movie Computer\Desktop\certification-data-scraper\Scrapers\base_scraper.py", line 156, in upload
    sheet.append_row(data)
  File "C:\Users\Movie Computer\Desktop\certification-data-scraper\DataUploader\__init__.py", line 147, in append_row
    service.spreadsheets().values().append(
  File "C:\Users\Movie Computer\AppData\Local\Programs\Python\Python38\lib\site-packages\googleapiclient\_helpers.py", line 134, in positional_wrapper
    return wrapped(*args, **kwargs)
  File "C:\Users\Movie Computer\AppData\Local\Programs\Python\Python38\lib\site-packages\googleapiclient\http.py", line 892, in execute
    resp, content = _retry_request(
  File "C:\Users\Movie Computer\AppData\Local\Programs\Python\Python38\lib\site-packages\googleapiclient\http.py", line 204, in _retry_request
    raise exception
  File "C:\Users\Movie Computer\AppData\Local\Programs\Python\Python38\lib\site-packages\googleapiclient\http.py", line 177, in _retry_request
    resp, content = http.request(uri, method, *args, **kwargs)
  File "C:\Users\Movie Computer\AppData\Local\Programs\Python\Python38\lib\site-packages\google_auth_httplib2.py", line 197, in request
    response, content = self.http.request(
  File "C:\Users\Movie Computer\AppData\Local\Programs\Python\Python38\lib\site-packages\httplib2\__init__.py", line 1982, in request
    (response, content) = self._request(
  File "C:\Users\Movie Computer\AppData\Local\Programs\Python\Python38\lib\site-packages\httplib2\__init__.py", line 1650, in _request
    (response, content) = self._conn_request(
  File "C:\Users\Movie Computer\AppData\Local\Programs\Python\Python38\lib\site-packages\httplib2\__init__.py", line 1589, in _conn_request
    response = conn.getresponse()
  File "C:\Users\Movie Computer\AppData\Local\Programs\Python\Python38\lib\http\client.py", line 1322, in getresponse
    response.begin()
  File "C:\Users\Movie Computer\AppData\Local\Programs\Python\Python38\lib\http\client.py", line 303, in begin
    version, status, reason = self._read_status()
  File "C:\Users\Movie Computer\AppData\Local\Programs\Python\Python38\lib\http\client.py", line 264, in _read_status
    line = str(self.fp.readline(_MAXLINE + 1), "iso-8859-1")
  File "C:\Users\Movie Computer\AppData\Local\Programs\Python\Python38\lib\socket.py", line 669, in readinto
    return self._sock.recv_into(b)
  File "C:\Users\Movie Computer\AppData\Local\Programs\Python\Python38\lib\ssl.py", line 1241, in recv_into
    return self.read(nbytes, buffer)
  File "C:\Users\Movie Computer\AppData\Local\Programs\Python\Python38\lib\ssl.py", line 1099, in read
    return self._sslobj.read(len, buffer)
socket.timeout: The read operation timed out
2021-05-18 13:27:56,579 - INFO - Stopped at page 1 and on opportunity 53
2021-05-18 13:27:56,579 - INFO - Sheet ID is 12XY5_SMLDfn4W0Clfvkw9Q-yb8W2Ld-GNrt6ASVrgp8
2021-05-18 13:27:56,586 - WARNING - Retry no. 1
2021-05-18 13:27:57,880 - INFO - Starting at: https://app.bidsearch.com/bids?alertId=601040e8bdfada0021033605&title=Search20210126
2021-05-18 13:30:09,780 - INFO - Number of datapoints: 11
2021-05-18 13:30:09,780 - INFO - Currently at 53 of 102
2021-05-18 13:30:09,781 - INFO - Time to upload...
2021-05-18 13:30:09,799 - INFO - URL being requested: GET https://www.googleapis.com/discovery/v1/apis/sheets/v4/rest
2021-05-18 13:30:12,081 - INFO - URL being requested: POST https://sheets.googleapis.com/v4/spreadsheets/12XY5_SMLDfn4W0Clfvkw9Q-yb8W2Ld-GNrt6ASVrgp8/values/Blad1:append?valueInputOption=RAW&fields=tableRange&alt=json
2021-05-18 13:31:55,178 - INFO - Number of datapoints: 12
2021-05-18 13:31:55,178 - INFO - Currently at 54 of 102
2021-05-18 13:31:55,179 - INFO - Time to upload...
2021-05-18 13:31:55,192 - INFO - URL being requested: GET https://www.googleapis.com/discovery/v1/apis/sheets/v4/rest
2021-05-18 13:31:57,321 - INFO - URL being requested: POST https://sheets.googleapis.com/v4/spreadsheets/12XY5_SMLDfn4W0Clfvkw9Q-yb8W2Ld-GNrt6ASVrgp8/values/Blad1:append?valueInputOption=RAW&fields=tableRange&alt=json
2021-05-18 13:36:57,445 - INFO - URL being requested: GET https://www.googleapis.com/discovery/v1/apis/drive/v3/rest
2021-05-18 13:36:57,671 - INFO - URL being requested: POST https://www.googleapis.com/drive/v3/files?fields=webViewLink%2C+id&alt=json
2021-05-18 13:36:58,695 - INFO - URL being requested: POST https://www.googleapis.com/upload/drive/v3/files?fields=id&alt=json&uploadType=multipart
2021-05-18 13:37:50,769 - INFO - Number of datapoints: 13
2021-05-18 13:37:50,769 - INFO - Currently at 57 of 102
2021-05-18 13:37:50,770 - INFO - Time to upload...
2021-05-18 13:37:50,779 - INFO - URL being requested: GET https://www.googleapis.com/discovery/v1/apis/sheets/v4/rest
2021-05-18 13:37:53,140 - INFO - URL being requested: POST https://sheets.googleapis.com/v4/spreadsheets/12XY5_SMLDfn4W0Clfvkw9Q-yb8W2Ld-GNrt6ASVrgp8/values/Blad1:append?valueInputOption=RAW&fields=tableRange&alt=json
2021-05-18 13:42:15,947 - INFO - URL being requested: GET https://www.googleapis.com/discovery/v1/apis/drive/v3/rest
2021-05-18 13:42:16,295 - INFO - URL being requested: POST https://www.googleapis.com/drive/v3/files?fields=webViewLink%2C+id&alt=json
2021-05-18 13:42:17,177 - INFO - URL being requested: POST https://www.googleapis.com/upload/drive/v3/files?fields=id&alt=json&uploadType=multipart
2021-05-18 13:43:10,087 - INFO - Number of datapoints: 14
2021-05-18 13:43:10,087 - INFO - Currently at 61 of 102
2021-05-18 13:43:10,088 - INFO - Time to upload...
2021-05-18 13:43:10,098 - INFO - URL being requested: GET https://www.googleapis.com/discovery/v1/apis/sheets/v4/rest
2021-05-18 13:43:11,880 - INFO - URL being requested: POST https://sheets.googleapis.com/v4/spreadsheets/12XY5_SMLDfn4W0Clfvkw9Q-yb8W2Ld-GNrt6ASVrgp8/values/Blad1:append?valueInputOption=RAW&fields=tableRange&alt=json
2021-05-18 13:46:00,692 - INFO - URL being requested: GET https://www.googleapis.com/discovery/v1/apis/drive/v3/rest
2021-05-18 13:46:00,912 - INFO - URL being requested: POST https://www.googleapis.com/drive/v3/files?fields=webViewLink%2C+id&alt=json
2021-05-18 13:46:02,063 - INFO - URL being requested: POST https://www.googleapis.com/upload/drive/v3/files?fields=id&alt=json&uploadType=multipart
2021-05-18 13:46:54,526 - INFO - Number of datapoints: 15
2021-05-18 13:46:54,527 - INFO - Currently at 62 of 102
2021-05-18 13:46:54,527 - INFO - Time to upload...
2021-05-18 13:46:54,536 - INFO - URL being requested: GET https://www.googleapis.com/discovery/v1/apis/sheets/v4/rest
2021-05-18 13:46:56,931 - INFO - URL being requested: POST https://sheets.googleapis.com/v4/spreadsheets/12XY5_SMLDfn4W0Clfvkw9Q-yb8W2Ld-GNrt6ASVrgp8/values/Blad1:append?valueInputOption=RAW&fields=tableRange&alt=json
2021-05-18 13:49:10,435 - INFO - Number of datapoints: 16
2021-05-18 13:49:10,436 - INFO - Currently at 64 of 102
2021-05-18 13:49:10,437 - INFO - Time to upload...
2021-05-18 13:49:10,450 - INFO - URL being requested: GET https://www.googleapis.com/discovery/v1/apis/sheets/v4/rest
2021-05-18 13:49:12,512 - INFO - URL being requested: POST https://sheets.googleapis.com/v4/spreadsheets/12XY5_SMLDfn4W0Clfvkw9Q-yb8W2Ld-GNrt6ASVrgp8/values/Blad1:append?valueInputOption=RAW&fields=tableRange&alt=json
2021-05-18 13:52:39,103 - INFO - URL being requested: GET https://www.googleapis.com/discovery/v1/apis/drive/v3/rest
2021-05-18 13:52:39,512 - INFO - URL being requested: POST https://www.googleapis.com/drive/v3/files?fields=webViewLink%2C+id&alt=json
2021-05-18 13:52:40,512 - INFO - URL being requested: POST https://www.googleapis.com/upload/drive/v3/files?fields=id&alt=json&uploadType=multipart
2021-05-18 13:53:32,496 - INFO - Number of datapoints: 17
2021-05-18 13:53:32,497 - INFO - Currently at 66 of 102
2021-05-18 13:53:32,497 - INFO - Time to upload...
2021-05-18 13:53:32,504 - INFO - URL being requested: GET https://www.googleapis.com/discovery/v1/apis/sheets/v4/rest
2021-05-18 13:53:34,453 - INFO - URL being requested: POST https://sheets.googleapis.com/v4/spreadsheets/12XY5_SMLDfn4W0Clfvkw9Q-yb8W2Ld-GNrt6ASVrgp8/values/Blad1:append?valueInputOption=RAW&fields=tableRange&alt=json
2021-05-18 13:56:56,269 - INFO - Number of datapoints: 18
2021-05-18 13:56:56,270 - INFO - Currently at 70 of 102
2021-05-18 13:56:56,271 - INFO - Time to upload...
2021-05-18 13:56:56,281 - INFO - URL being requested: GET https://www.googleapis.com/discovery/v1/apis/sheets/v4/rest
2021-05-18 13:56:58,509 - INFO - URL being requested: POST https://sheets.googleapis.com/v4/spreadsheets/12XY5_SMLDfn4W0Clfvkw9Q-yb8W2Ld-GNrt6ASVrgp8/values/Blad1:append?valueInputOption=RAW&fields=tableRange&alt=json
2021-05-18 14:01:57,977 - INFO - URL being requested: GET https://www.googleapis.com/discovery/v1/apis/drive/v3/rest
2021-05-18 14:01:58,238 - INFO - URL being requested: POST https://www.googleapis.com/drive/v3/files?fields=webViewLink%2C+id&alt=json
2021-05-18 14:01:59,146 - INFO - URL being requested: POST https://www.googleapis.com/upload/drive/v3/files?fields=id&alt=json&uploadType=multipart
2021-05-18 14:02:51,115 - INFO - Number of datapoints: 19
2021-05-18 14:02:51,116 - INFO - Currently at 75 of 102
2021-05-18 14:02:51,116 - INFO - Time to upload...
2021-05-18 14:02:51,126 - INFO - URL being requested: GET https://www.googleapis.com/discovery/v1/apis/sheets/v4/rest
2021-05-18 14:02:53,351 - INFO - URL being requested: POST https://sheets.googleapis.com/v4/spreadsheets/12XY5_SMLDfn4W0Clfvkw9Q-yb8W2Ld-GNrt6ASVrgp8/values/Blad1:append?valueInputOption=RAW&fields=tableRange&alt=json
2021-05-18 14:05:07,830 - INFO - Number of datapoints: 20
2021-05-18 14:05:07,830 - INFO - Currently at 77 of 102
2021-05-18 14:05:07,831 - INFO - Time to upload...
2021-05-18 14:05:07,845 - INFO - URL being requested: GET https://www.googleapis.com/discovery/v1/apis/sheets/v4/rest
2021-05-18 14:05:10,158 - INFO - URL being requested: POST https://sheets.googleapis.com/v4/spreadsheets/12XY5_SMLDfn4W0Clfvkw9Q-yb8W2Ld-GNrt6ASVrgp8/values/Blad1:append?valueInputOption=RAW&fields=tableRange&alt=json
2021-05-18 14:08:06,475 - INFO - URL being requested: GET https://www.googleapis.com/discovery/v1/apis/drive/v3/rest
2021-05-18 14:08:06,675 - INFO - URL being requested: POST https://www.googleapis.com/drive/v3/files?fields=webViewLink%2C+id&alt=json
2021-05-18 14:08:07,592 - INFO - URL being requested: POST https://www.googleapis.com/upload/drive/v3/files?fields=id&alt=json&uploadType=multipart
2021-05-18 14:08:09,238 - INFO - URL being requested: POST https://www.googleapis.com/upload/drive/v3/files?fields=id&alt=json&uploadType=multipart
2021-05-18 14:09:01,110 - INFO - Number of datapoints: 21
2021-05-18 14:09:01,111 - INFO - Currently at 78 of 102
2021-05-18 14:09:01,111 - INFO - Time to upload...
2021-05-18 14:09:01,119 - INFO - URL being requested: GET https://www.googleapis.com/discovery/v1/apis/sheets/v4/rest
2021-05-18 14:09:03,539 - INFO - URL being requested: POST https://sheets.googleapis.com/v4/spreadsheets/12XY5_SMLDfn4W0Clfvkw9Q-yb8W2Ld-GNrt6ASVrgp8/values/Blad1:append?valueInputOption=RAW&fields=tableRange&alt=json
2021-05-18 14:12:01,962 - INFO - URL being requested: GET https://www.googleapis.com/discovery/v1/apis/drive/v3/rest
2021-05-18 14:12:02,234 - INFO - URL being requested: POST https://www.googleapis.com/drive/v3/files?fields=webViewLink%2C+id&alt=json
2021-05-18 14:12:03,188 - INFO - URL being requested: POST https://www.googleapis.com/upload/drive/v3/files?fields=id&alt=json&uploadType=multipart
2021-05-18 14:12:55,740 - INFO - Number of datapoints: 22
2021-05-18 14:12:55,741 - INFO - Currently at 79 of 102
2021-05-18 14:12:55,741 - INFO - Time to upload...
2021-05-18 14:12:55,752 - INFO - URL being requested: GET https://www.googleapis.com/discovery/v1/apis/sheets/v4/rest
2021-05-18 14:12:58,198 - INFO - URL being requested: POST https://sheets.googleapis.com/v4/spreadsheets/12XY5_SMLDfn4W0Clfvkw9Q-yb8W2Ld-GNrt6ASVrgp8/values/Blad1:append?valueInputOption=RAW&fields=tableRange&alt=json
2021-05-18 14:14:45,261 - INFO - Number of datapoints: 23
2021-05-18 14:14:45,262 - INFO - Currently at 80 of 102
2021-05-18 14:14:45,262 - INFO - Time to upload...
2021-05-18 14:14:45,272 - INFO - URL being requested: GET https://www.googleapis.com/discovery/v1/apis/sheets/v4/rest
2021-05-18 14:14:47,460 - INFO - URL being requested: POST https://sheets.googleapis.com/v4/spreadsheets/12XY5_SMLDfn4W0Clfvkw9Q-yb8W2Ld-GNrt6ASVrgp8/values/Blad1:append?valueInputOption=RAW&fields=tableRange&alt=json
2021-05-18 14:17:07,030 - INFO - Number of datapoints: 24
2021-05-18 14:17:07,031 - INFO - Currently at 82 of 102
2021-05-18 14:17:07,031 - INFO - Time to upload...
2021-05-18 14:17:07,045 - INFO - URL being requested: GET https://www.googleapis.com/discovery/v1/apis/sheets/v4/rest
2021-05-18 14:17:09,356 - INFO - URL being requested: POST https://sheets.googleapis.com/v4/spreadsheets/12XY5_SMLDfn4W0Clfvkw9Q-yb8W2Ld-GNrt6ASVrgp8/values/Blad1:append?valueInputOption=RAW&fields=tableRange&alt=json
2021-05-18 14:21:12,965 - INFO - URL being requested: GET https://www.googleapis.com/discovery/v1/apis/drive/v3/rest
2021-05-18 14:21:14,174 - INFO - URL being requested: POST https://www.googleapis.com/drive/v3/files?fields=webViewLink%2C+id&alt=json
2021-05-18 14:21:15,250 - INFO - URL being requested: POST https://www.googleapis.com/upload/drive/v3/files?fields=id&alt=json&uploadType=multipart
2021-05-18 14:22:07,132 - INFO - Number of datapoints: 25
2021-05-18 14:22:07,132 - INFO - Currently at 85 of 102
2021-05-18 14:22:07,133 - INFO - Time to upload...
2021-05-18 14:22:07,144 - INFO - URL being requested: GET https://www.googleapis.com/discovery/v1/apis/sheets/v4/rest
2021-05-18 14:22:09,317 - INFO - URL being requested: POST https://sheets.googleapis.com/v4/spreadsheets/12XY5_SMLDfn4W0Clfvkw9Q-yb8W2Ld-GNrt6ASVrgp8/values/Blad1:append?valueInputOption=RAW&fields=tableRange&alt=json
2021-05-18 14:23:57,176 - INFO - Number of datapoints: 26
2021-05-18 14:23:57,177 - INFO - Currently at 86 of 102
2021-05-18 14:23:57,177 - INFO - Time to upload...
2021-05-18 14:23:57,192 - INFO - URL being requested: GET https://www.googleapis.com/discovery/v1/apis/sheets/v4/rest
2021-05-18 14:23:59,486 - INFO - URL being requested: POST https://sheets.googleapis.com/v4/spreadsheets/12XY5_SMLDfn4W0Clfvkw9Q-yb8W2Ld-GNrt6ASVrgp8/values/Blad1:append?valueInputOption=RAW&fields=tableRange&alt=json
2021-05-18 14:26:14,410 - INFO - Number of datapoints: 27
2021-05-18 14:26:14,411 - INFO - Currently at 88 of 102
2021-05-18 14:26:14,411 - INFO - Time to upload...
2021-05-18 14:26:14,427 - INFO - URL being requested: GET https://www.googleapis.com/discovery/v1/apis/sheets/v4/rest
2021-05-18 14:26:16,818 - INFO - URL being requested: POST https://sheets.googleapis.com/v4/spreadsheets/12XY5_SMLDfn4W0Clfvkw9Q-yb8W2Ld-GNrt6ASVrgp8/values/Blad1:append?valueInputOption=RAW&fields=tableRange&alt=json
2021-05-18 14:29:39,125 - INFO - Number of datapoints: 28
2021-05-18 14:29:39,125 - INFO - Currently at 92 of 102
2021-05-18 14:29:39,126 - INFO - Time to upload...
2021-05-18 14:29:39,135 - INFO - URL being requested: GET https://www.googleapis.com/discovery/v1/apis/sheets/v4/rest
2021-05-18 14:29:41,263 - INFO - URL being requested: POST https://sheets.googleapis.com/v4/spreadsheets/12XY5_SMLDfn4W0Clfvkw9Q-yb8W2Ld-GNrt6ASVrgp8/values/Blad1:append?valueInputOption=RAW&fields=tableRange&alt=json
2021-05-18 14:31:26,040 - INFO - Number of datapoints: 29
2021-05-18 14:31:26,041 - INFO - Currently at 93 of 102
2021-05-18 14:31:26,041 - INFO - Time to upload...
2021-05-18 14:31:26,055 - INFO - URL being requested: GET https://www.googleapis.com/discovery/v1/apis/sheets/v4/rest
2021-05-18 14:31:28,193 - INFO - URL being requested: POST https://sheets.googleapis.com/v4/spreadsheets/12XY5_SMLDfn4W0Clfvkw9Q-yb8W2Ld-GNrt6ASVrgp8/values/Blad1:append?valueInputOption=RAW&fields=tableRange&alt=json
2021-05-18 14:34:51,261 - INFO - URL being requested: GET https://www.googleapis.com/discovery/v1/apis/drive/v3/rest
2021-05-18 14:34:51,440 - INFO - URL being requested: POST https://www.googleapis.com/drive/v3/files?fields=webViewLink%2C+id&alt=json
2021-05-18 14:34:52,468 - INFO - URL being requested: POST https://www.googleapis.com/upload/drive/v3/files?fields=id&alt=json&uploadType=multipart
2021-05-18 14:34:54,537 - INFO - URL being requested: POST https://www.googleapis.com/upload/drive/v3/files?fields=id&alt=json&uploadType=multipart
2021-05-18 14:34:55,959 - INFO - URL being requested: POST https://www.googleapis.com/upload/drive/v3/files?fields=id&alt=json&uploadType=multipart
2021-05-18 14:35:48,304 - INFO - Number of datapoints: 30
2021-05-18 14:35:48,305 - INFO - Currently at 94 of 102
2021-05-18 14:35:48,305 - INFO - Time to upload...
2021-05-18 14:35:48,314 - INFO - URL being requested: GET https://www.googleapis.com/discovery/v1/apis/sheets/v4/rest
2021-05-18 14:35:50,600 - INFO - URL being requested: POST https://sheets.googleapis.com/v4/spreadsheets/12XY5_SMLDfn4W0Clfvkw9Q-yb8W2Ld-GNrt6ASVrgp8/values/Blad1:append?valueInputOption=RAW&fields=tableRange&alt=json
2021-05-18 14:38:53,373 - INFO - URL being requested: GET https://www.googleapis.com/discovery/v1/apis/drive/v3/rest
2021-05-18 14:38:53,700 - INFO - URL being requested: POST https://www.googleapis.com/drive/v3/files?fields=webViewLink%2C+id&alt=json
2021-05-18 14:38:54,659 - INFO - URL being requested: POST https://www.googleapis.com/upload/drive/v3/files?fields=id&alt=json&uploadType=multipart
2021-05-18 14:39:46,783 - INFO - Number of datapoints: 31
2021-05-18 14:39:46,783 - INFO - Currently at 95 of 102
2021-05-18 14:39:46,784 - INFO - Time to upload...
2021-05-18 14:39:46,791 - INFO - URL being requested: GET https://www.googleapis.com/discovery/v1/apis/sheets/v4/rest
2021-05-18 14:39:48,869 - INFO - URL being requested: POST https://sheets.googleapis.com/v4/spreadsheets/12XY5_SMLDfn4W0Clfvkw9Q-yb8W2Ld-GNrt6ASVrgp8/values/Blad1:append?valueInputOption=RAW&fields=tableRange&alt=json
2021-05-18 14:44:24,599 - INFO - URL being requested: GET https://www.googleapis.com/discovery/v1/apis/drive/v3/rest
2021-05-18 14:44:24,894 - INFO - URL being requested: POST https://www.googleapis.com/drive/v3/files?fields=webViewLink%2C+id&alt=json
2021-05-18 14:44:26,022 - INFO - URL being requested: POST https://www.googleapis.com/upload/drive/v3/files?fields=id&alt=json&uploadType=multipart
2021-05-18 14:44:28,580 - INFO - URL being requested: POST https://www.googleapis.com/upload/drive/v3/files?fields=id&alt=json&uploadType=multipart
2021-05-18 14:44:31,019 - INFO - URL being requested: POST https://www.googleapis.com/upload/drive/v3/files?fields=id&alt=json&uploadType=multipart
2021-05-18 14:44:32,835 - INFO - URL being requested: POST https://www.googleapis.com/upload/drive/v3/files?fields=id&alt=json&uploadType=multipart
2021-05-18 14:44:34,201 - INFO - URL being requested: POST https://www.googleapis.com/upload/drive/v3/files?fields=id&alt=json&uploadType=multipart
2021-05-18 14:44:35,617 - INFO - URL being requested: POST https://www.googleapis.com/upload/drive/v3/files?fields=id&alt=json&uploadType=multipart
2021-05-18 14:45:28,138 - INFO - Number of datapoints: 32
2021-05-18 14:45:28,139 - INFO - Currently at 96 of 102
2021-05-18 14:45:28,139 - INFO - Time to upload...
2021-05-18 14:45:28,148 - INFO - URL being requested: GET https://www.googleapis.com/discovery/v1/apis/sheets/v4/rest
2021-05-18 14:45:30,604 - INFO - URL being requested: POST https://sheets.googleapis.com/v4/spreadsheets/12XY5_SMLDfn4W0Clfvkw9Q-yb8W2Ld-GNrt6ASVrgp8/values/Blad1:append?valueInputOption=RAW&fields=tableRange&alt=json
2021-05-18 14:47:07,785 - INFO - Number of datapoints: 33
2021-05-18 14:47:07,786 - INFO - Currently at 97 of 102
2021-05-18 14:47:07,786 - INFO - Time to upload...
2021-05-18 14:47:07,823 - INFO - URL being requested: GET https://www.googleapis.com/discovery/v1/apis/sheets/v4/rest
2021-05-18 14:47:10,056 - INFO - URL being requested: POST https://sheets.googleapis.com/v4/spreadsheets/12XY5_SMLDfn4W0Clfvkw9Q-yb8W2Ld-GNrt6ASVrgp8/values/Blad1:append?valueInputOption=RAW&fields=tableRange&alt=json
2021-05-18 14:50:04,546 - INFO - URL being requested: GET https://www.googleapis.com/discovery/v1/apis/drive/v3/rest
2021-05-18 14:50:04,727 - INFO - URL being requested: POST https://www.googleapis.com/drive/v3/files?fields=webViewLink%2C+id&alt=json
2021-05-18 14:50:06,654 - INFO - URL being requested: POST https://www.googleapis.com/upload/drive/v3/files?fields=id&alt=json&uploadType=multipart
2021-05-18 14:51:03,228 - INFO - Number of datapoints: 34
2021-05-18 14:51:03,228 - INFO - Currently at 98 of 102
2021-05-18 14:51:03,229 - INFO - Time to upload...
2021-05-18 14:51:03,238 - INFO - URL being requested: GET https://www.googleapis.com/discovery/v1/apis/sheets/v4/rest
2021-05-18 14:51:05,990 - INFO - URL being requested: POST https://sheets.googleapis.com/v4/spreadsheets/12XY5_SMLDfn4W0Clfvkw9Q-yb8W2Ld-GNrt6ASVrgp8/values/Blad1:append?valueInputOption=RAW&fields=tableRange&alt=json
2021-05-18 14:54:01,492 - INFO - URL being requested: GET https://www.googleapis.com/discovery/v1/apis/drive/v3/rest
2021-05-18 14:54:01,693 - INFO - URL being requested: POST https://www.googleapis.com/drive/v3/files?fields=webViewLink%2C+id&alt=json
2021-05-18 14:54:02,636 - INFO - URL being requested: POST https://www.googleapis.com/upload/drive/v3/files?fields=id&alt=json&uploadType=multipart
2021-05-18 14:54:54,513 - INFO - Number of datapoints: 35
2021-05-18 14:54:54,514 - INFO - Currently at 99 of 102
2021-05-18 14:54:54,514 - INFO - Time to upload...
2021-05-18 14:54:54,524 - INFO - URL being requested: GET https://www.googleapis.com/discovery/v1/apis/sheets/v4/rest
2021-05-18 14:54:56,706 - INFO - URL being requested: POST https://sheets.googleapis.com/v4/spreadsheets/12XY5_SMLDfn4W0Clfvkw9Q-yb8W2Ld-GNrt6ASVrgp8/values/Blad1:append?valueInputOption=RAW&fields=tableRange&alt=json
2021-05-18 14:56:41,001 - INFO - Number of datapoints: 36
2021-05-18 14:56:41,001 - INFO - Currently at 100 of 102
2021-05-18 14:56:41,002 - INFO - Time to upload...
2021-05-18 14:56:41,015 - INFO - URL being requested: GET https://www.googleapis.com/discovery/v1/apis/sheets/v4/rest
2021-05-18 14:56:43,392 - INFO - URL being requested: POST https://sheets.googleapis.com/v4/spreadsheets/12XY5_SMLDfn4W0Clfvkw9Q-yb8W2Ld-GNrt6ASVrgp8/values/Blad1:append?valueInputOption=RAW&fields=tableRange&alt=json
2021-05-18 14:56:44,149 - INFO - Done with Bidsearch!
2021-05-18 15:14:51,268 - INFO - Running Eprocure-India....
2021-05-18 15:14:51,283 - INFO - URL being requested: GET https://www.googleapis.com/discovery/v1/apis/drive/v3/rest
2021-05-18 15:14:51,611 - INFO - URL being requested: POST https://www.googleapis.com/drive/v3/files?fields=id&alt=json
2021-05-18 15:14:53,818 - INFO - URL being requested: GET https://www.googleapis.com/discovery/v1/apis/sheets/v4/rest
2021-05-18 15:14:55,449 - INFO - URL being requested: POST https://sheets.googleapis.com/v4/spreadsheets/10hxVoqsxWg65lkd__0JhHsV2nHUXjmluevuUU8oZh-k:batchUpdate?alt=json
2021-05-18 15:14:56,104 - INFO - URL being requested: GET https://www.googleapis.com/discovery/v1/apis/sheets/v4/rest
2021-05-18 15:14:57,823 - INFO - URL being requested: POST https://sheets.googleapis.com/v4/spreadsheets/10hxVoqsxWg65lkd__0JhHsV2nHUXjmluevuUU8oZh-k/values/Blad1:append?valueInputOption=USER_ENTERED&alt=json
2021-05-18 15:14:58,437 - INFO - URL being requested: POST https://sheets.googleapis.com/v4/spreadsheets/10hxVoqsxWg65lkd__0JhHsV2nHUXjmluevuUU8oZh-k:batchUpdate?alt=json
2021-05-18 15:15:03,340 - INFO - Starting at: https://eprocure.gov.in/cppp/searchbyproduct/byUjI5dlpITT1BMTNoMVEyOXRjSFYwWlhJZ1NHRnlaSGRoY21VPUExM2gxY0hWaWJHbHphR1ZrWDJSaGRHVT1BMTNoMWMyRnNkQT09
2021-05-18 15:16:33,452 - INFO - URL being requested: GET https://www.googleapis.com/discovery/v1/apis/drive/v3/rest
2021-05-18 15:16:33,738 - INFO - URL being requested: POST https://www.googleapis.com/drive/v3/files?fields=webViewLink%2C+id&alt=json
2021-05-18 15:16:34,895 - INFO - URL being requested: POST https://www.googleapis.com/upload/drive/v3/files?fields=id&alt=json&uploadType=multipart
2021-05-18 15:16:36,647 - INFO - URL being requested: POST https://www.googleapis.com/upload/drive/v3/files?fields=id&alt=json&uploadType=multipart
2021-05-18 15:17:04,994 - INFO - Number of datapoints: 1
2021-05-18 15:17:04,995 - INFO - Currently at 2 of 10
2021-05-18 15:17:04,996 - INFO - Time to upload...
2021-05-18 15:17:05,007 - INFO - URL being requested: GET https://www.googleapis.com/discovery/v1/apis/sheets/v4/rest
2021-05-18 15:17:07,156 - INFO - URL being requested: POST https://sheets.googleapis.com/v4/spreadsheets/10hxVoqsxWg65lkd__0JhHsV2nHUXjmluevuUU8oZh-k/values/Blad1:append?valueInputOption=RAW&fields=tableRange&alt=json
2021-05-18 15:17:39,896 - ERROR - Exception occurred
Traceback (most recent call last):
  File "C:\Users\Movie Computer\Desktop\certification-data-scraper\Scrapers\Asia\eprocure.py", line 91, in download
    self.driver.find_element_by_xpath("//*[contains(text(), 'Download as zip file')]").click()
  File "C:\Users\Movie Computer\AppData\Local\Programs\Python\Python38\lib\site-packages\selenium\webdriver\remote\webdriver.py", line 394, in find_element_by_xpath
    return self.find_element(by=By.XPATH, value=xpath)
  File "C:\Users\Movie Computer\AppData\Local\Programs\Python\Python38\lib\site-packages\selenium\webdriver\remote\webdriver.py", line 976, in find_element
    return self.execute(Command.FIND_ELEMENT, {
  File "C:\Users\Movie Computer\AppData\Local\Programs\Python\Python38\lib\site-packages\selenium\webdriver\remote\webdriver.py", line 321, in execute
    self.error_handler.check_response(response)
  File "C:\Users\Movie Computer\AppData\Local\Programs\Python\Python38\lib\site-packages\selenium\webdriver\remote\errorhandler.py", line 242, in check_response
    raise exception_class(message, screen, stacktrace)
selenium.common.exceptions.NoSuchElementException: Message: no such element: Unable to locate element: {"method":"xpath","selector":"//*[contains(text(), 'Download as zip file')]"}
  (Session info: chrome=90.0.4430.93)

2021-05-18 15:17:39,963 - INFO - URL being requested: GET https://www.googleapis.com/discovery/v1/apis/drive/v3/rest
2021-05-18 15:17:40,200 - INFO - URL being requested: POST https://www.googleapis.com/drive/v3/files?fields=webViewLink%2C+id&alt=json
2021-05-18 15:18:07,811 - INFO - Number of datapoints: 2
2021-05-18 15:18:07,812 - INFO - Currently at 3 of 10
2021-05-18 15:18:07,813 - INFO - Time to upload...
2021-05-18 15:18:07,827 - INFO - URL being requested: GET https://www.googleapis.com/discovery/v1/apis/sheets/v4/rest
2021-05-18 15:18:09,305 - INFO - URL being requested: POST https://sheets.googleapis.com/v4/spreadsheets/10hxVoqsxWg65lkd__0JhHsV2nHUXjmluevuUU8oZh-k/values/Blad1:append?valueInputOption=RAW&fields=tableRange&alt=json
2021-05-18 15:19:32,973 - INFO - URL being requested: GET https://www.googleapis.com/discovery/v1/apis/drive/v3/rest
2021-05-18 15:19:33,194 - INFO - URL being requested: POST https://www.googleapis.com/drive/v3/files?fields=webViewLink%2C+id&alt=json
2021-05-18 15:19:34,095 - INFO - URL being requested: POST https://www.googleapis.com/upload/drive/v3/files?fields=id&alt=json&uploadType=multipart
2021-05-18 15:20:02,976 - INFO - Number of datapoints: 3
2021-05-18 15:20:02,978 - INFO - Currently at 4 of 10
2021-05-18 15:20:02,978 - INFO - Time to upload...
2021-05-18 15:20:02,987 - INFO - URL being requested: GET https://www.googleapis.com/discovery/v1/apis/sheets/v4/rest
2021-05-18 15:20:04,536 - INFO - URL being requested: POST https://sheets.googleapis.com/v4/spreadsheets/10hxVoqsxWg65lkd__0JhHsV2nHUXjmluevuUU8oZh-k/values/Blad1:append?valueInputOption=RAW&fields=tableRange&alt=json
2021-05-18 15:20:39,609 - ERROR - Exception occurred
Traceback (most recent call last):
  File "C:\Users\Movie Computer\Desktop\certification-data-scraper\Scrapers\Asia\eprocure.py", line 93, in download
    self.driver.find_element_by_xpath("//button[@id='captcha']")
  File "C:\Users\Movie Computer\AppData\Local\Programs\Python\Python38\lib\site-packages\selenium\webdriver\remote\webdriver.py", line 394, in find_element_by_xpath
    return self.find_element(by=By.XPATH, value=xpath)
  File "C:\Users\Movie Computer\AppData\Local\Programs\Python\Python38\lib\site-packages\selenium\webdriver\remote\webdriver.py", line 976, in find_element
    return self.execute(Command.FIND_ELEMENT, {
  File "C:\Users\Movie Computer\AppData\Local\Programs\Python\Python38\lib\site-packages\selenium\webdriver\remote\webdriver.py", line 321, in execute
    self.error_handler.check_response(response)
  File "C:\Users\Movie Computer\AppData\Local\Programs\Python\Python38\lib\site-packages\selenium\webdriver\remote\errorhandler.py", line 242, in check_response
    raise exception_class(message, screen, stacktrace)
selenium.common.exceptions.NoSuchElementException: Message: no such element: Unable to locate element: {"method":"xpath","selector":"//button[@id='captcha']"}
  (Session info: chrome=90.0.4430.93)

2021-05-18 15:21:04,672 - INFO - URL being requested: GET https://www.googleapis.com/discovery/v1/apis/drive/v3/rest
2021-05-18 15:21:04,987 - INFO - URL being requested: POST https://www.googleapis.com/drive/v3/files?fields=webViewLink%2C+id&alt=json
2021-05-18 15:21:05,788 - INFO - URL being requested: POST https://www.googleapis.com/upload/drive/v3/files?fields=id&alt=json&uploadType=multipart
2021-05-18 15:21:33,509 - INFO - Number of datapoints: 4
2021-05-18 15:21:33,509 - INFO - Currently at 5 of 10
2021-05-18 15:21:33,511 - INFO - Time to upload...
2021-05-18 15:21:33,519 - INFO - URL being requested: GET https://www.googleapis.com/discovery/v1/apis/sheets/v4/rest
2021-05-18 15:21:35,065 - INFO - URL being requested: POST https://sheets.googleapis.com/v4/spreadsheets/10hxVoqsxWg65lkd__0JhHsV2nHUXjmluevuUU8oZh-k/values/Blad1:append?valueInputOption=RAW&fields=tableRange&alt=json
2021-05-18 15:22:20,105 - ERROR - Exception occurred
Traceback (most recent call last):
  File "C:\Users\Movie Computer\Desktop\certification-data-scraper\Scrapers\Asia\eprocure.py", line 93, in download
    self.driver.find_element_by_xpath("//button[@id='captcha']")
  File "C:\Users\Movie Computer\AppData\Local\Programs\Python\Python38\lib\site-packages\selenium\webdriver\remote\webdriver.py", line 394, in find_element_by_xpath
    return self.find_element(by=By.XPATH, value=xpath)
  File "C:\Users\Movie Computer\AppData\Local\Programs\Python\Python38\lib\site-packages\selenium\webdriver\remote\webdriver.py", line 976, in find_element
    return self.execute(Command.FIND_ELEMENT, {
  File "C:\Users\Movie Computer\AppData\Local\Programs\Python\Python38\lib\site-packages\selenium\webdriver\remote\webdriver.py", line 321, in execute
    self.error_handler.check_response(response)
  File "C:\Users\Movie Computer\AppData\Local\Programs\Python\Python38\lib\site-packages\selenium\webdriver\remote\errorhandler.py", line 242, in check_response
    raise exception_class(message, screen, stacktrace)
selenium.common.exceptions.NoSuchElementException: Message: no such element: Unable to locate element: {"method":"xpath","selector":"//button[@id='captcha']"}
  (Session info: chrome=90.0.4430.93)

2021-05-18 15:22:57,144 - INFO - URL being requested: GET https://www.googleapis.com/discovery/v1/apis/drive/v3/rest
2021-05-18 15:22:57,326 - INFO - URL being requested: POST https://www.googleapis.com/drive/v3/files?fields=webViewLink%2C+id&alt=json
2021-05-18 15:22:58,482 - INFO - URL being requested: POST https://www.googleapis.com/upload/drive/v3/files?fields=id&alt=json&uploadType=multipart
2021-05-18 15:23:01,249 - INFO - URL being requested: POST https://www.googleapis.com/upload/drive/v3/files?fields=id&alt=json&uploadType=multipart
2021-05-18 15:23:30,012 - INFO - Number of datapoints: 5
2021-05-18 15:23:30,013 - INFO - Currently at 6 of 10
2021-05-18 15:23:30,013 - INFO - Time to upload...
2021-05-18 15:23:30,021 - INFO - URL being requested: GET https://www.googleapis.com/discovery/v1/apis/sheets/v4/rest
2021-05-18 15:23:31,551 - INFO - URL being requested: POST https://sheets.googleapis.com/v4/spreadsheets/10hxVoqsxWg65lkd__0JhHsV2nHUXjmluevuUU8oZh-k/values/Blad1:append?valueInputOption=RAW&fields=tableRange&alt=json
2021-05-18 15:24:08,046 - ERROR - Exception occurred
Traceback (most recent call last):
  File "C:\Users\Movie Computer\Desktop\certification-data-scraper\Scrapers\Asia\eprocure.py", line 93, in download
    self.driver.find_element_by_xpath("//button[@id='captcha']")
  File "C:\Users\Movie Computer\AppData\Local\Programs\Python\Python38\lib\site-packages\selenium\webdriver\remote\webdriver.py", line 394, in find_element_by_xpath
    return self.find_element(by=By.XPATH, value=xpath)
  File "C:\Users\Movie Computer\AppData\Local\Programs\Python\Python38\lib\site-packages\selenium\webdriver\remote\webdriver.py", line 976, in find_element
    return self.execute(Command.FIND_ELEMENT, {
  File "C:\Users\Movie Computer\AppData\Local\Programs\Python\Python38\lib\site-packages\selenium\webdriver\remote\webdriver.py", line 321, in execute
    self.error_handler.check_response(response)
  File "C:\Users\Movie Computer\AppData\Local\Programs\Python\Python38\lib\site-packages\selenium\webdriver\remote\errorhandler.py", line 242, in check_response
    raise exception_class(message, screen, stacktrace)
selenium.common.exceptions.NoSuchElementException: Message: no such element: Unable to locate element: {"method":"xpath","selector":"//button[@id='captcha']"}
  (Session info: chrome=90.0.4430.93)

2021-05-18 15:24:38,688 - INFO - URL being requested: GET https://www.googleapis.com/discovery/v1/apis/drive/v3/rest
2021-05-18 15:24:38,898 - INFO - URL being requested: POST https://www.googleapis.com/drive/v3/files?fields=webViewLink%2C+id&alt=json
2021-05-18 15:24:39,795 - INFO - URL being requested: POST https://www.googleapis.com/upload/drive/v3/files?fields=id&alt=json&uploadType=multipart
2021-05-18 15:25:07,682 - INFO - Number of datapoints: 6
2021-05-18 15:25:07,683 - INFO - Currently at 7 of 10
2021-05-18 15:25:07,683 - INFO - Time to upload...
2021-05-18 15:25:07,691 - INFO - URL being requested: GET https://www.googleapis.com/discovery/v1/apis/sheets/v4/rest
2021-05-18 15:25:09,268 - INFO - URL being requested: POST https://sheets.googleapis.com/v4/spreadsheets/10hxVoqsxWg65lkd__0JhHsV2nHUXjmluevuUU8oZh-k/values/Blad1:append?valueInputOption=RAW&fields=tableRange&alt=json
2021-05-18 15:25:44,780 - ERROR - Exception occurred
Traceback (most recent call last):
  File "C:\Users\Movie Computer\Desktop\certification-data-scraper\Scrapers\Asia\eprocure.py", line 93, in download
    self.driver.find_element_by_xpath("//button[@id='captcha']")
  File "C:\Users\Movie Computer\AppData\Local\Programs\Python\Python38\lib\site-packages\selenium\webdriver\remote\webdriver.py", line 394, in find_element_by_xpath
    return self.find_element(by=By.XPATH, value=xpath)
  File "C:\Users\Movie Computer\AppData\Local\Programs\Python\Python38\lib\site-packages\selenium\webdriver\remote\webdriver.py", line 976, in find_element
    return self.execute(Command.FIND_ELEMENT, {
  File "C:\Users\Movie Computer\AppData\Local\Programs\Python\Python38\lib\site-packages\selenium\webdriver\remote\webdriver.py", line 321, in execute
    self.error_handler.check_response(response)
  File "C:\Users\Movie Computer\AppData\Local\Programs\Python\Python38\lib\site-packages\selenium\webdriver\remote\errorhandler.py", line 242, in check_response
    raise exception_class(message, screen, stacktrace)
selenium.common.exceptions.NoSuchElementException: Message: no such element: Unable to locate element: {"method":"xpath","selector":"//button[@id='captcha']"}
  (Session info: chrome=90.0.4430.93)

2021-05-18 15:26:09,252 - INFO - URL being requested: GET https://www.googleapis.com/discovery/v1/apis/drive/v3/rest
2021-05-18 15:26:09,526 - INFO - URL being requested: POST https://www.googleapis.com/drive/v3/files?fields=webViewLink%2C+id&alt=json
2021-05-18 15:26:10,351 - INFO - URL being requested: POST https://www.googleapis.com/upload/drive/v3/files?fields=id&alt=json&uploadType=multipart
2021-05-18 15:26:37,953 - INFO - Number of datapoints: 7
2021-05-18 15:26:37,954 - INFO - Currently at 8 of 10
2021-05-18 15:26:37,954 - INFO - Time to upload...
2021-05-18 15:26:37,964 - INFO - URL being requested: GET https://www.googleapis.com/discovery/v1/apis/sheets/v4/rest
2021-05-18 15:26:39,416 - INFO - URL being requested: POST https://sheets.googleapis.com/v4/spreadsheets/10hxVoqsxWg65lkd__0JhHsV2nHUXjmluevuUU8oZh-k/values/Blad1:append?valueInputOption=RAW&fields=tableRange&alt=json
2021-05-18 15:27:12,365 - ERROR - Exception occurred
Traceback (most recent call last):
  File "C:\Users\Movie Computer\Desktop\certification-data-scraper\Scrapers\Asia\eprocure.py", line 93, in download
    self.driver.find_element_by_xpath("//button[@id='captcha']")
  File "C:\Users\Movie Computer\AppData\Local\Programs\Python\Python38\lib\site-packages\selenium\webdriver\remote\webdriver.py", line 394, in find_element_by_xpath
    return self.find_element(by=By.XPATH, value=xpath)
  File "C:\Users\Movie Computer\AppData\Local\Programs\Python\Python38\lib\site-packages\selenium\webdriver\remote\webdriver.py", line 976, in find_element
    return self.execute(Command.FIND_ELEMENT, {
  File "C:\Users\Movie Computer\AppData\Local\Programs\Python\Python38\lib\site-packages\selenium\webdriver\remote\webdriver.py", line 321, in execute
    self.error_handler.check_response(response)
  File "C:\Users\Movie Computer\AppData\Local\Programs\Python\Python38\lib\site-packages\selenium\webdriver\remote\errorhandler.py", line 242, in check_response
    raise exception_class(message, screen, stacktrace)
selenium.common.exceptions.NoSuchElementException: Message: no such element: Unable to locate element: {"method":"xpath","selector":"//button[@id='captcha']"}
  (Session info: chrome=90.0.4430.93)

2021-05-18 15:28:38,700 - INFO - URL being requested: GET https://www.googleapis.com/discovery/v1/apis/drive/v3/rest
2021-05-18 15:28:39,028 - INFO - URL being requested: POST https://www.googleapis.com/drive/v3/files?fields=webViewLink%2C+id&alt=json
2021-05-18 15:28:39,937 - INFO - URL being requested: POST https://www.googleapis.com/upload/drive/v3/files?fields=id&alt=json&uploadType=multipart
2021-05-18 15:28:42,057 - INFO - URL being requested: POST https://www.googleapis.com/upload/drive/v3/files?fields=id&alt=json&uploadType=multipart
2021-05-18 15:29:10,941 - INFO - Number of datapoints: 8
2021-05-18 15:29:10,941 - INFO - Currently at 9 of 10
2021-05-18 15:29:10,942 - INFO - Time to upload...
2021-05-18 15:29:10,952 - INFO - URL being requested: GET https://www.googleapis.com/discovery/v1/apis/sheets/v4/rest
2021-05-18 15:29:12,520 - INFO - URL being requested: POST https://sheets.googleapis.com/v4/spreadsheets/10hxVoqsxWg65lkd__0JhHsV2nHUXjmluevuUU8oZh-k/values/Blad1:append?valueInputOption=RAW&fields=tableRange&alt=json
2021-05-18 15:29:15,794 - INFO - Done with Eprocure-India!
2021-05-18 15:57:51,524 - INFO - Running Gebiz....
2021-05-18 15:57:51,829 - INFO - URL being requested: GET https://www.googleapis.com/discovery/v1/apis/drive/v3/rest
2021-05-18 15:57:52,314 - INFO - URL being requested: POST https://www.googleapis.com/drive/v3/files?fields=id&alt=json
2021-05-18 15:57:54,747 - INFO - URL being requested: GET https://www.googleapis.com/discovery/v1/apis/sheets/v4/rest
2021-05-18 15:57:56,173 - INFO - URL being requested: POST https://sheets.googleapis.com/v4/spreadsheets/1kidduFyfowXRTubUscoaxyAehMS9eiapNl20whgIs7Q:batchUpdate?alt=json
2021-05-18 15:57:56,994 - INFO - URL being requested: GET https://www.googleapis.com/discovery/v1/apis/sheets/v4/rest
2021-05-18 15:57:58,762 - INFO - URL being requested: POST https://sheets.googleapis.com/v4/spreadsheets/1kidduFyfowXRTubUscoaxyAehMS9eiapNl20whgIs7Q/values/Blad1:append?valueInputOption=USER_ENTERED&alt=json
2021-05-18 15:57:59,387 - INFO - URL being requested: POST https://sheets.googleapis.com/v4/spreadsheets/1kidduFyfowXRTubUscoaxyAehMS9eiapNl20whgIs7Q:batchUpdate?alt=json
2021-05-18 15:58:05,789 - INFO - Starting at: https://www.gebiz.gov.sg/ptn/loginGeBIZID.xhtml
2021-05-18 16:01:29,389 - INFO - URL being requested: GET https://www.googleapis.com/discovery/v1/apis/drive/v3/rest
2021-05-18 16:01:29,825 - INFO - URL being requested: POST https://www.googleapis.com/drive/v3/files?fields=webViewLink%2C+id&alt=json
2021-05-18 16:01:30,823 - INFO - URL being requested: POST https://www.googleapis.com/upload/drive/v3/files?fields=id&alt=json&uploadType=multipart
2021-05-18 16:01:32,363 - INFO - URL being requested: POST https://www.googleapis.com/upload/drive/v3/files?fields=id&alt=json&uploadType=multipart
2021-05-18 16:01:33,719 - INFO - URL being requested: POST https://www.googleapis.com/upload/drive/v3/files?fields=id&alt=json&uploadType=multipart
2021-05-18 16:01:35,326 - INFO - URL being requested: POST https://www.googleapis.com/upload/drive/v3/files?fields=id&alt=json&uploadType=multipart
2021-05-18 16:02:13,355 - INFO - Number of datapoints: 1
2021-05-18 16:02:13,355 - INFO - Currently at 2 of 10
2021-05-18 16:02:13,355 - INFO - Time to upload...
2021-05-18 16:02:13,361 - INFO - URL being requested: GET https://www.googleapis.com/discovery/v1/apis/sheets/v4/rest
2021-05-18 16:02:14,728 - INFO - URL being requested: POST https://sheets.googleapis.com/v4/spreadsheets/1kidduFyfowXRTubUscoaxyAehMS9eiapNl20whgIs7Q/values/Blad1:append?valueInputOption=RAW&fields=tableRange&alt=json
2021-05-18 16:04:18,877 - INFO - URL being requested: GET https://www.googleapis.com/discovery/v1/apis/drive/v3/rest
2021-05-18 16:04:19,061 - INFO - URL being requested: POST https://www.googleapis.com/drive/v3/files?fields=webViewLink%2C+id&alt=json
2021-05-18 16:04:20,096 - INFO - URL being requested: POST https://www.googleapis.com/upload/drive/v3/files?fields=id&alt=json&uploadType=multipart
2021-05-18 16:04:56,624 - INFO - Number of datapoints: 2
2021-05-18 16:04:56,625 - INFO - Currently at 3 of 10
2021-05-18 16:04:56,626 - INFO - Time to upload...
2021-05-18 16:04:56,635 - INFO - URL being requested: GET https://www.googleapis.com/discovery/v1/apis/sheets/v4/rest
2021-05-18 16:04:57,972 - INFO - URL being requested: POST https://sheets.googleapis.com/v4/spreadsheets/1kidduFyfowXRTubUscoaxyAehMS9eiapNl20whgIs7Q/values/Blad1:append?valueInputOption=RAW&fields=tableRange&alt=json
2021-05-18 16:06:48,245 - INFO - URL being requested: GET https://www.googleapis.com/discovery/v1/apis/drive/v3/rest
2021-05-18 16:06:48,508 - INFO - URL being requested: POST https://www.googleapis.com/drive/v3/files?fields=webViewLink%2C+id&alt=json
2021-05-18 16:06:49,517 - INFO - URL being requested: POST https://www.googleapis.com/upload/drive/v3/files?fields=id&alt=json&uploadType=multipart
2021-05-18 16:07:25,640 - INFO - Number of datapoints: 3
2021-05-18 16:07:25,641 - INFO - Currently at 4 of 10
2021-05-18 16:07:25,642 - INFO - Time to upload...
2021-05-18 16:07:25,650 - INFO - URL being requested: GET https://www.googleapis.com/discovery/v1/apis/sheets/v4/rest
2021-05-18 16:07:26,865 - INFO - URL being requested: POST https://sheets.googleapis.com/v4/spreadsheets/1kidduFyfowXRTubUscoaxyAehMS9eiapNl20whgIs7Q/values/Blad1:append?valueInputOption=RAW&fields=tableRange&alt=json
2021-05-18 16:09:10,668 - INFO - URL being requested: GET https://www.googleapis.com/discovery/v1/apis/drive/v3/rest
2021-05-18 16:09:10,859 - INFO - URL being requested: POST https://www.googleapis.com/drive/v3/files?fields=webViewLink%2C+id&alt=json
2021-05-18 16:09:11,657 - INFO - URL being requested: POST https://www.googleapis.com/upload/drive/v3/files?fields=id&alt=json&uploadType=multipart
2021-05-18 16:09:48,471 - INFO - Number of datapoints: 4
2021-05-18 16:09:48,472 - INFO - Currently at 5 of 10
2021-05-18 16:09:48,473 - INFO - Time to upload...
2021-05-18 16:09:48,482 - INFO - URL being requested: GET https://www.googleapis.com/discovery/v1/apis/sheets/v4/rest
2021-05-18 16:09:50,025 - INFO - URL being requested: POST https://sheets.googleapis.com/v4/spreadsheets/1kidduFyfowXRTubUscoaxyAehMS9eiapNl20whgIs7Q/values/Blad1:append?valueInputOption=RAW&fields=tableRange&alt=json
2021-05-18 16:10:16,413 - INFO - Done with Gebiz!
2021-05-18 17:04:44,251 - INFO - Running Evergabe....
2021-05-18 17:04:44,594 - INFO - URL being requested: GET https://www.googleapis.com/discovery/v1/apis/drive/v3/rest
2021-05-18 17:04:44,904 - INFO - URL being requested: POST https://www.googleapis.com/drive/v3/files?fields=id&alt=json
2021-05-18 17:04:47,377 - INFO - URL being requested: GET https://www.googleapis.com/discovery/v1/apis/sheets/v4/rest
2021-05-18 17:04:49,359 - INFO - URL being requested: POST https://sheets.googleapis.com/v4/spreadsheets/1ggEmwfMQ1-pY09S2DNPsj7ldxF5v-G2DES2-la4WQAI:batchUpdate?alt=json
2021-05-18 17:04:50,030 - INFO - URL being requested: GET https://www.googleapis.com/discovery/v1/apis/sheets/v4/rest
2021-05-18 17:04:51,786 - INFO - URL being requested: POST https://sheets.googleapis.com/v4/spreadsheets/1ggEmwfMQ1-pY09S2DNPsj7ldxF5v-G2DES2-la4WQAI/values/Blad1:append?valueInputOption=USER_ENTERED&alt=json
2021-05-18 17:04:52,426 - INFO - URL being requested: POST https://sheets.googleapis.com/v4/spreadsheets/1ggEmwfMQ1-pY09S2DNPsj7ldxF5v-G2DES2-la4WQAI:batchUpdate?alt=json
2021-05-18 17:04:56,293 - INFO - Starting at: https://www.evergabe.nrw.de/VMPCenter/common/project/search.do?method=showExtendedSearch&fromExternal=true#eyJjcHZDb2RlcyI6W3sibmFtZSI6IkFyYmVpdHNwbMOkdHplIiwiY29kZSI6IjMwMjE0MDAwLTIifSx7Im5hbWUiOiJCaWxkc2NoaXJtZSIsImNvZGUiOiIzMDIzMTMwMC0wIn0seyJuYW1lIjoiQ29tcHV0ZXJiaWxkc2NoaXJtZSB1bmQgS29uc29sZW4iLCJjb2RlIjoiMzAyMzEwMDAtNyJ9LHsibmFtZSI6IkZlcm5zcHJlY2hrb3BmaMO2cmVyZ2Fybml0dXJlbiIsImNvZGUiOiIzMjU1MTMwMC0zIn0seyJuYW1lIjoiRmlsbXZvcmbDvGhyZ2Vyw6R0ZSIsImNvZGUiOiIzODY1MjAwMC0wIn0seyJuYW1lIjoiUGVyc29uYWxjb21wdXRlciIsImNvZGUiOiIzMDIxMzAwMC01In0seyJuYW1lIjoiVGFibGV0dGNvbXB1dGVyIiwiY29kZSI6IjMwMjEzMjAwLTcifSx7Im5hbWUiOiJUYXNjaGVuY29tcHV0ZXIiLCJjb2RlIjoiMzAyMTM1MDAtMCJ9LHsibmFtZSI6IlRpc2NoY29tcHV0ZXIiLCJjb2RlIjoiMzAyMTMzMDAtOCJ9LHsibmFtZSI6IlRyYWdiYXJlIENvbXB1dGVyIiwiY29kZSI6IjMwMjEzMTAwLTYifV0sImNvbnRyYWN0aW5nUnVsZXMiOlsiVk9MIiwiVk9CIiwiVlNWR1YiLCJTRUtUVk8iLCJPVEhFUiJdLCJwdWJsaWNhdGlvblR5cGVzIjpbIlRlbmRlciJdLCJkaXN0YW5jZSI6MCwicG9zdGFsQ29kZSI6IiIsIm9yZGVyIjoiMCIsInBhZ2UiOiIxIiwic2VhcmNoVGV4dCI6IiIsInNvcnRGaWVsZCI6IlBST0pFQ1RfUFVCTElDQVRJT05fREFURV9MTkcifQ
2021-05-18 17:06:04,188 - INFO - URL being requested: GET https://www.googleapis.com/discovery/v1/apis/drive/v3/rest
2021-05-18 17:06:04,573 - INFO - URL being requested: POST https://www.googleapis.com/drive/v3/files?fields=webViewLink%2C+id&alt=json
2021-05-18 17:06:05,585 - INFO - URL being requested: POST https://www.googleapis.com/upload/drive/v3/files?fields=id&alt=json&uploadType=multipart
2021-05-18 17:06:07,221 - INFO - URL being requested: POST https://www.googleapis.com/upload/drive/v3/files?fields=id&alt=json&uploadType=multipart
2021-05-18 17:06:08,749 - INFO - URL being requested: POST https://www.googleapis.com/upload/drive/v3/files?fields=id&alt=json&uploadType=multipart
2021-05-18 17:06:10,198 - INFO - URL being requested: POST https://www.googleapis.com/upload/drive/v3/files?fields=id&alt=json&uploadType=multipart
2021-05-18 17:06:11,701 - INFO - URL being requested: POST https://www.googleapis.com/upload/drive/v3/files?fields=id&alt=json&uploadType=multipart
2021-05-18 17:06:13,052 - INFO - URL being requested: POST https://www.googleapis.com/upload/drive/v3/files?fields=id&alt=json&uploadType=multipart
2021-05-18 17:06:14,377 - INFO - URL being requested: POST https://www.googleapis.com/upload/drive/v3/files?fields=id&alt=json&uploadType=multipart
2021-05-18 17:06:15,843 - INFO - URL being requested: POST https://www.googleapis.com/upload/drive/v3/files?fields=id&alt=json&uploadType=multipart
2021-05-18 17:06:17,275 - INFO - URL being requested: POST https://www.googleapis.com/upload/drive/v3/files?fields=id&alt=json&uploadType=multipart
2021-05-18 17:06:18,606 - INFO - URL being requested: POST https://www.googleapis.com/upload/drive/v3/files?fields=id&alt=json&uploadType=multipart
2021-05-18 17:06:20,108 - INFO - URL being requested: POST https://www.googleapis.com/upload/drive/v3/files?fields=id&alt=json&uploadType=multipart
2021-05-18 17:06:21,426 - INFO - URL being requested: POST https://www.googleapis.com/upload/drive/v3/files?fields=id&alt=json&uploadType=multipart
2021-05-18 17:06:22,990 - INFO - Number of datapoints: 1
2021-05-18 17:06:22,991 - INFO - Currently at 1 of 18
2021-05-18 17:06:22,991 - INFO - Time to upload...
2021-05-18 17:06:23,011 - INFO - URL being requested: GET https://www.googleapis.com/discovery/v1/apis/sheets/v4/rest
2021-05-18 17:06:24,443 - INFO - URL being requested: POST https://sheets.googleapis.com/v4/spreadsheets/1ggEmwfMQ1-pY09S2DNPsj7ldxF5v-G2DES2-la4WQAI/values/Blad1:append?valueInputOption=RAW&fields=tableRange&alt=json
2021-05-18 17:06:24,864 - INFO - Done with Evergabe!
