2021-05-13 12:17:41,721 - INFO - Running Evergabe....
2021-05-13 12:17:42,250 - INFO - URL being requested: GET https://www.googleapis.com/discovery/v1/apis/drive/v3/rest
2021-05-13 12:17:42,547 - INFO - URL being requested: POST https://www.googleapis.com/drive/v3/files?fields=id&alt=json
2021-05-13 12:17:46,357 - INFO - URL being requested: GET https://www.googleapis.com/discovery/v1/apis/sheets/v4/rest
2021-05-13 12:17:47,638 - INFO - URL being requested: POST https://sheets.googleapis.com/v4/spreadsheets/1rfupDjuK4tYF6FQtbhjv2UdecvgTLn4RNgqlSb-5qrU:batchUpdate?alt=json
2021-05-13 12:17:48,494 - INFO - URL being requested: GET https://www.googleapis.com/discovery/v1/apis/sheets/v4/rest
2021-05-13 12:17:49,963 - INFO - URL being requested: POST https://sheets.googleapis.com/v4/spreadsheets/1rfupDjuK4tYF6FQtbhjv2UdecvgTLn4RNgqlSb-5qrU/values/Blad1:append?valueInputOption=USER_ENTERED&alt=json
2021-05-13 12:17:50,636 - INFO - URL being requested: POST https://sheets.googleapis.com/v4/spreadsheets/1rfupDjuK4tYF6FQtbhjv2UdecvgTLn4RNgqlSb-5qrU:batchUpdate?alt=json
2021-05-13 12:17:54,886 - INFO - Starting at: https://www.evergabe.nrw.de/VMPCenter/common/project/search.do?method=showExtendedSearch&fromExternal=true#eyJjcHZDb2RlcyI6W3sibmFtZSI6IkFyYmVpdHNwbMOkdHplIiwiY29kZSI6IjMwMjE0MDAwLTIifSx7Im5hbWUiOiJCaWxkc2NoaXJtZSIsImNvZGUiOiIzMDIzMTMwMC0wIn0seyJuYW1lIjoiQ29tcHV0ZXJiaWxkc2NoaXJtZSB1bmQgS29uc29sZW4iLCJjb2RlIjoiMzAyMzEwMDAtNyJ9LHsibmFtZSI6IkZlcm5zcHJlY2hrb3BmaMO2cmVyZ2Fybml0dXJlbiIsImNvZGUiOiIzMjU1MTMwMC0zIn0seyJuYW1lIjoiRmlsbXZvcmbDvGhyZ2Vyw6R0ZSIsImNvZGUiOiIzODY1MjAwMC0wIn0seyJuYW1lIjoiUGVyc29uYWxjb21wdXRlciIsImNvZGUiOiIzMDIxMzAwMC01In0seyJuYW1lIjoiVGFibGV0dGNvbXB1dGVyIiwiY29kZSI6IjMwMjEzMjAwLTcifSx7Im5hbWUiOiJUYXNjaGVuY29tcHV0ZXIiLCJjb2RlIjoiMzAyMTM1MDAtMCJ9LHsibmFtZSI6IlRpc2NoY29tcHV0ZXIiLCJjb2RlIjoiMzAyMTMzMDAtOCJ9LHsibmFtZSI6IlRyYWdiYXJlIENvbXB1dGVyIiwiY29kZSI6IjMwMjEzMTAwLTYifV0sImNvbnRyYWN0aW5nUnVsZXMiOlsiVk9MIiwiVk9CIiwiVlNWR1YiLCJTRUtUVk8iLCJPVEhFUiJdLCJwdWJsaWNhdGlvblR5cGVzIjpbIlRlbmRlciJdLCJkaXN0YW5jZSI6MCwicG9zdGFsQ29kZSI6IiIsIm9yZGVyIjoiMCIsInBhZ2UiOiIxIiwic2VhcmNoVGV4dCI6IiIsInNvcnRGaWVsZCI6IlBST0pFQ1RfUFVCTElDQVRJT05fREFURV9MTkcifQ
2021-05-13 12:18:01,696 - ERROR - Exception occurred
Traceback (most recent call last):
  File "C:\Users\Movie Computer\Desktop\certification-data-scraper\Scrapers\base_scraper.py", line 64, in run
    data = self.click_links()
  File "C:\Users\Movie Computer\Desktop\certification-data-scraper\Scrapers\Europe\vergabe_class.py", line 46, in click_links
    documents[self.at_opp].click()
  File "C:\Users\Movie Computer\AppData\Local\Programs\Python\Python38\lib\site-packages\selenium\webdriver\remote\webelement.py", line 80, in click
    self._execute(Command.CLICK_ELEMENT)
  File "C:\Users\Movie Computer\AppData\Local\Programs\Python\Python38\lib\site-packages\selenium\webdriver\remote\webelement.py", line 633, in _execute
    return self._parent.execute(command, params)
  File "C:\Users\Movie Computer\AppData\Local\Programs\Python\Python38\lib\site-packages\selenium\webdriver\remote\webdriver.py", line 321, in execute
    self.error_handler.check_response(response)
  File "C:\Users\Movie Computer\AppData\Local\Programs\Python\Python38\lib\site-packages\selenium\webdriver\remote\errorhandler.py", line 242, in check_response
    raise exception_class(message, screen, stacktrace)
selenium.common.exceptions.ElementNotInteractableException: Message: element not interactable
  (Session info: chrome=90.0.4430.93)

2021-05-13 12:18:01,852 - INFO - Stopped at page 1 and on opportunity 1
2021-05-13 12:18:01,852 - INFO - Sheet ID is 1rfupDjuK4tYF6FQtbhjv2UdecvgTLn4RNgqlSb-5qrU
2021-05-13 12:18:01,852 - WARNING - Retry no. 1
2021-05-13 12:18:04,297 - INFO - Starting at: https://www.evergabe.nrw.de/VMPCenter/common/project/search.do?method=showExtendedSearch&fromExternal=true#eyJjcHZDb2RlcyI6W3sibmFtZSI6IkFyYmVpdHNwbMOkdHplIiwiY29kZSI6IjMwMjE0MDAwLTIifSx7Im5hbWUiOiJCaWxkc2NoaXJtZSIsImNvZGUiOiIzMDIzMTMwMC0wIn0seyJuYW1lIjoiQ29tcHV0ZXJiaWxkc2NoaXJtZSB1bmQgS29uc29sZW4iLCJjb2RlIjoiMzAyMzEwMDAtNyJ9LHsibmFtZSI6IkZlcm5zcHJlY2hrb3BmaMO2cmVyZ2Fybml0dXJlbiIsImNvZGUiOiIzMjU1MTMwMC0zIn0seyJuYW1lIjoiRmlsbXZvcmbDvGhyZ2Vyw6R0ZSIsImNvZGUiOiIzODY1MjAwMC0wIn0seyJuYW1lIjoiUGVyc29uYWxjb21wdXRlciIsImNvZGUiOiIzMDIxMzAwMC01In0seyJuYW1lIjoiVGFibGV0dGNvbXB1dGVyIiwiY29kZSI6IjMwMjEzMjAwLTcifSx7Im5hbWUiOiJUYXNjaGVuY29tcHV0ZXIiLCJjb2RlIjoiMzAyMTM1MDAtMCJ9LHsibmFtZSI6IlRpc2NoY29tcHV0ZXIiLCJjb2RlIjoiMzAyMTMzMDAtOCJ9LHsibmFtZSI6IlRyYWdiYXJlIENvbXB1dGVyIiwiY29kZSI6IjMwMjEzMTAwLTYifV0sImNvbnRyYWN0aW5nUnVsZXMiOlsiVk9MIiwiVk9CIiwiVlNWR1YiLCJTRUtUVk8iLCJPVEhFUiJdLCJwdWJsaWNhdGlvblR5cGVzIjpbIlRlbmRlciJdLCJkaXN0YW5jZSI6MCwicG9zdGFsQ29kZSI6IiIsIm9yZGVyIjoiMCIsInBhZ2UiOiIxIiwic2VhcmNoVGV4dCI6IiIsInNvcnRGaWVsZCI6IlBST0pFQ1RfUFVCTElDQVRJT05fREFURV9MTkcifQ
2021-05-13 12:18:10,836 - ERROR - Exception occurred
Traceback (most recent call last):
  File "C:\Users\Movie Computer\Desktop\certification-data-scraper\Scrapers\base_scraper.py", line 64, in run
    data = self.click_links()
  File "C:\Users\Movie Computer\Desktop\certification-data-scraper\Scrapers\Europe\vergabe_class.py", line 46, in click_links
    documents[self.at_opp].click()
  File "C:\Users\Movie Computer\AppData\Local\Programs\Python\Python38\lib\site-packages\selenium\webdriver\remote\webelement.py", line 80, in click
    self._execute(Command.CLICK_ELEMENT)
  File "C:\Users\Movie Computer\AppData\Local\Programs\Python\Python38\lib\site-packages\selenium\webdriver\remote\webelement.py", line 633, in _execute
    return self._parent.execute(command, params)
  File "C:\Users\Movie Computer\AppData\Local\Programs\Python\Python38\lib\site-packages\selenium\webdriver\remote\webdriver.py", line 321, in execute
    self.error_handler.check_response(response)
  File "C:\Users\Movie Computer\AppData\Local\Programs\Python\Python38\lib\site-packages\selenium\webdriver\remote\errorhandler.py", line 242, in check_response
    raise exception_class(message, screen, stacktrace)
selenium.common.exceptions.ElementNotInteractableException: Message: element not interactable
  (Session info: chrome=90.0.4430.93)

2021-05-13 12:18:10,836 - INFO - Stopped at page 1 and on opportunity 1
2021-05-13 12:18:10,836 - INFO - Sheet ID is 1rfupDjuK4tYF6FQtbhjv2UdecvgTLn4RNgqlSb-5qrU
2021-05-13 12:18:10,836 - WARNING - Retry no. 2
2021-05-13 12:18:13,957 - INFO - Starting at: https://www.evergabe.nrw.de/VMPCenter/common/project/search.do?method=showExtendedSearch&fromExternal=true#eyJjcHZDb2RlcyI6W3sibmFtZSI6IkFyYmVpdHNwbMOkdHplIiwiY29kZSI6IjMwMjE0MDAwLTIifSx7Im5hbWUiOiJCaWxkc2NoaXJtZSIsImNvZGUiOiIzMDIzMTMwMC0wIn0seyJuYW1lIjoiQ29tcHV0ZXJiaWxkc2NoaXJtZSB1bmQgS29uc29sZW4iLCJjb2RlIjoiMzAyMzEwMDAtNyJ9LHsibmFtZSI6IkZlcm5zcHJlY2hrb3BmaMO2cmVyZ2Fybml0dXJlbiIsImNvZGUiOiIzMjU1MTMwMC0zIn0seyJuYW1lIjoiRmlsbXZvcmbDvGhyZ2Vyw6R0ZSIsImNvZGUiOiIzODY1MjAwMC0wIn0seyJuYW1lIjoiUGVyc29uYWxjb21wdXRlciIsImNvZGUiOiIzMDIxMzAwMC01In0seyJuYW1lIjoiVGFibGV0dGNvbXB1dGVyIiwiY29kZSI6IjMwMjEzMjAwLTcifSx7Im5hbWUiOiJUYXNjaGVuY29tcHV0ZXIiLCJjb2RlIjoiMzAyMTM1MDAtMCJ9LHsibmFtZSI6IlRpc2NoY29tcHV0ZXIiLCJjb2RlIjoiMzAyMTMzMDAtOCJ9LHsibmFtZSI6IlRyYWdiYXJlIENvbXB1dGVyIiwiY29kZSI6IjMwMjEzMTAwLTYifV0sImNvbnRyYWN0aW5nUnVsZXMiOlsiVk9MIiwiVk9CIiwiVlNWR1YiLCJTRUtUVk8iLCJPVEhFUiJdLCJwdWJsaWNhdGlvblR5cGVzIjpbIlRlbmRlciJdLCJkaXN0YW5jZSI6MCwicG9zdGFsQ29kZSI6IiIsIm9yZGVyIjoiMCIsInBhZ2UiOiIxIiwic2VhcmNoVGV4dCI6IiIsInNvcnRGaWVsZCI6IlBST0pFQ1RfUFVCTElDQVRJT05fREFURV9MTkcifQ
2021-05-13 12:18:32,502 - INFO - Running Evergabe....
2021-05-13 12:18:32,567 - INFO - URL being requested: GET https://www.googleapis.com/discovery/v1/apis/drive/v3/rest
2021-05-13 12:18:32,853 - INFO - URL being requested: POST https://www.googleapis.com/drive/v3/files?fields=id&alt=json
2021-05-13 12:18:35,321 - INFO - URL being requested: GET https://www.googleapis.com/discovery/v1/apis/sheets/v4/rest
2021-05-13 12:18:36,730 - INFO - URL being requested: POST https://sheets.googleapis.com/v4/spreadsheets/1Z1Uzdf2rrPXTqNRc7JF4wgxFA7kXTQyG9ZksFMrPSf0:batchUpdate?alt=json
2021-05-13 12:18:37,294 - INFO - URL being requested: GET https://www.googleapis.com/discovery/v1/apis/sheets/v4/rest
2021-05-13 12:18:38,537 - INFO - URL being requested: POST https://sheets.googleapis.com/v4/spreadsheets/1Z1Uzdf2rrPXTqNRc7JF4wgxFA7kXTQyG9ZksFMrPSf0/values/Blad1:append?valueInputOption=USER_ENTERED&alt=json
2021-05-13 12:18:39,037 - INFO - URL being requested: POST https://sheets.googleapis.com/v4/spreadsheets/1Z1Uzdf2rrPXTqNRc7JF4wgxFA7kXTQyG9ZksFMrPSf0:batchUpdate?alt=json
2021-05-13 12:18:43,533 - INFO - Starting at: https://www.evergabe.nrw.de/VMPCenter/common/project/search.do?method=showExtendedSearch&fromExternal=true#eyJjcHZDb2RlcyI6W3sibmFtZSI6IkFyYmVpdHNwbMOkdHplIiwiY29kZSI6IjMwMjE0MDAwLTIifSx7Im5hbWUiOiJCaWxkc2NoaXJtZSIsImNvZGUiOiIzMDIzMTMwMC0wIn0seyJuYW1lIjoiQ29tcHV0ZXJiaWxkc2NoaXJtZSB1bmQgS29uc29sZW4iLCJjb2RlIjoiMzAyMzEwMDAtNyJ9LHsibmFtZSI6IkZlcm5zcHJlY2hrb3BmaMO2cmVyZ2Fybml0dXJlbiIsImNvZGUiOiIzMjU1MTMwMC0zIn0seyJuYW1lIjoiRmlsbXZvcmbDvGhyZ2Vyw6R0ZSIsImNvZGUiOiIzODY1MjAwMC0wIn0seyJuYW1lIjoiUGVyc29uYWxjb21wdXRlciIsImNvZGUiOiIzMDIxMzAwMC01In0seyJuYW1lIjoiVGFibGV0dGNvbXB1dGVyIiwiY29kZSI6IjMwMjEzMjAwLTcifSx7Im5hbWUiOiJUYXNjaGVuY29tcHV0ZXIiLCJjb2RlIjoiMzAyMTM1MDAtMCJ9LHsibmFtZSI6IlRpc2NoY29tcHV0ZXIiLCJjb2RlIjoiMzAyMTMzMDAtOCJ9LHsibmFtZSI6IlRyYWdiYXJlIENvbXB1dGVyIiwiY29kZSI6IjMwMjEzMTAwLTYifV0sImNvbnRyYWN0aW5nUnVsZXMiOlsiVk9MIiwiVk9CIiwiVlNWR1YiLCJTRUtUVk8iLCJPVEhFUiJdLCJwdWJsaWNhdGlvblR5cGVzIjpbIlRlbmRlciJdLCJkaXN0YW5jZSI6MCwicG9zdGFsQ29kZSI6IiIsIm9yZGVyIjoiMCIsInBhZ2UiOiIxIiwic2VhcmNoVGV4dCI6IiIsInNvcnRGaWVsZCI6IlBST0pFQ1RfUFVCTElDQVRJT05fREFURV9MTkcifQ
2021-05-13 12:20:05,572 - INFO - URL being requested: GET https://www.googleapis.com/discovery/v1/apis/drive/v3/rest
2021-05-13 12:20:05,751 - INFO - URL being requested: POST https://www.googleapis.com/drive/v3/files?fields=webViewLink%2C+id&alt=json
2021-05-13 12:20:06,757 - INFO - URL being requested: POST https://www.googleapis.com/upload/drive/v3/files?fields=id&alt=json&uploadType=multipart
2021-05-13 12:20:08,061 - INFO - URL being requested: POST https://www.googleapis.com/upload/drive/v3/files?fields=id&alt=json&uploadType=multipart
2021-05-13 12:20:09,348 - INFO - URL being requested: POST https://www.googleapis.com/upload/drive/v3/files?fields=id&alt=json&uploadType=multipart
2021-05-13 12:20:10,600 - INFO - URL being requested: POST https://www.googleapis.com/upload/drive/v3/files?fields=id&alt=json&uploadType=multipart
2021-05-13 12:20:11,770 - INFO - URL being requested: POST https://www.googleapis.com/upload/drive/v3/files?fields=id&alt=json&uploadType=multipart
2021-05-13 12:20:13,024 - INFO - URL being requested: POST https://www.googleapis.com/upload/drive/v3/files?fields=id&alt=json&uploadType=multipart
2021-05-13 12:20:14,167 - INFO - URL being requested: POST https://www.googleapis.com/upload/drive/v3/files?fields=id&alt=json&uploadType=multipart
2021-05-13 12:20:15,280 - INFO - URL being requested: POST https://www.googleapis.com/upload/drive/v3/files?fields=id&alt=json&uploadType=multipart
2021-05-13 12:20:16,550 - INFO - URL being requested: POST https://www.googleapis.com/upload/drive/v3/files?fields=id&alt=json&uploadType=multipart
2021-05-13 12:20:17,707 - INFO - URL being requested: POST https://www.googleapis.com/upload/drive/v3/files?fields=id&alt=json&uploadType=multipart
2021-05-13 12:20:18,862 - INFO - URL being requested: POST https://www.googleapis.com/upload/drive/v3/files?fields=id&alt=json&uploadType=multipart
2021-05-13 12:20:20,068 - INFO - URL being requested: POST https://www.googleapis.com/upload/drive/v3/files?fields=id&alt=json&uploadType=multipart
2021-05-13 12:20:21,205 - INFO - URL being requested: POST https://www.googleapis.com/upload/drive/v3/files?fields=id&alt=json&uploadType=multipart
2021-05-13 12:20:22,285 - INFO - URL being requested: POST https://www.googleapis.com/upload/drive/v3/files?fields=id&alt=json&uploadType=multipart
2021-05-13 12:20:23,517 - INFO - URL being requested: POST https://www.googleapis.com/upload/drive/v3/files?fields=id&alt=json&uploadType=multipart
2021-05-13 12:20:24,686 - INFO - URL being requested: POST https://www.googleapis.com/upload/drive/v3/files?fields=id&alt=json&uploadType=multipart
2021-05-13 12:20:25,777 - INFO - URL being requested: POST https://www.googleapis.com/upload/drive/v3/files?fields=id&alt=json&uploadType=multipart
2021-05-13 12:20:26,869 - INFO - URL being requested: POST https://www.googleapis.com/upload/drive/v3/files?fields=id&alt=json&uploadType=multipart
2021-05-13 12:20:28,143 - INFO - Number of datapoints: 1
2021-05-13 12:20:28,144 - INFO - Currently at 1 of 19
2021-05-13 12:20:28,144 - INFO - Time to upload...
2021-05-13 12:20:28,168 - INFO - URL being requested: GET https://www.googleapis.com/discovery/v1/apis/sheets/v4/rest
2021-05-13 12:20:29,557 - INFO - URL being requested: POST https://sheets.googleapis.com/v4/spreadsheets/1Z1Uzdf2rrPXTqNRc7JF4wgxFA7kXTQyG9ZksFMrPSf0/values/Blad1:append?valueInputOption=RAW&fields=tableRange&alt=json
2021-05-13 12:21:07,012 - INFO - URL being requested: GET https://www.googleapis.com/discovery/v1/apis/drive/v3/rest
2021-05-13 12:21:07,314 - INFO - URL being requested: POST https://www.googleapis.com/drive/v3/files?fields=webViewLink%2C+id&alt=json
2021-05-13 12:21:08,253 - INFO - Number of datapoints: 2
2021-05-13 12:21:08,253 - INFO - Currently at 2 of 19
2021-05-13 12:21:08,254 - INFO - Time to upload...
2021-05-13 12:21:08,263 - INFO - URL being requested: GET https://www.googleapis.com/discovery/v1/apis/sheets/v4/rest
2021-05-13 12:21:09,687 - INFO - URL being requested: POST https://sheets.googleapis.com/v4/spreadsheets/1Z1Uzdf2rrPXTqNRc7JF4wgxFA7kXTQyG9ZksFMrPSf0/values/Blad1:append?valueInputOption=RAW&fields=tableRange&alt=json
2021-05-13 12:21:45,009 - INFO - URL being requested: GET https://www.googleapis.com/discovery/v1/apis/drive/v3/rest
2021-05-13 12:21:45,231 - INFO - URL being requested: POST https://www.googleapis.com/drive/v3/files?fields=webViewLink%2C+id&alt=json
2021-05-13 12:21:46,221 - INFO - Number of datapoints: 3
2021-05-13 12:21:46,222 - INFO - Currently at 3 of 19
2021-05-13 12:21:46,223 - INFO - Time to upload...
2021-05-13 12:21:46,231 - INFO - URL being requested: GET https://www.googleapis.com/discovery/v1/apis/sheets/v4/rest
2021-05-13 12:21:47,486 - INFO - URL being requested: POST https://sheets.googleapis.com/v4/spreadsheets/1Z1Uzdf2rrPXTqNRc7JF4wgxFA7kXTQyG9ZksFMrPSf0/values/Blad1:append?valueInputOption=RAW&fields=tableRange&alt=json
2021-05-13 12:22:24,627 - INFO - URL being requested: GET https://www.googleapis.com/discovery/v1/apis/drive/v3/rest
2021-05-13 12:22:24,809 - INFO - URL being requested: POST https://www.googleapis.com/drive/v3/files?fields=webViewLink%2C+id&alt=json
2021-05-13 12:22:25,710 - INFO - Number of datapoints: 4
2021-05-13 12:22:25,710 - INFO - Currently at 4 of 19
2021-05-13 12:22:25,711 - INFO - Time to upload...
2021-05-13 12:22:25,722 - INFO - URL being requested: GET https://www.googleapis.com/discovery/v1/apis/sheets/v4/rest
2021-05-13 12:22:26,940 - INFO - URL being requested: POST https://sheets.googleapis.com/v4/spreadsheets/1Z1Uzdf2rrPXTqNRc7JF4wgxFA7kXTQyG9ZksFMrPSf0/values/Blad1:append?valueInputOption=RAW&fields=tableRange&alt=json
2021-05-13 12:22:33,594 - ERROR - Exception occurred
Traceback (most recent call last):
  File "C:\Users\Movie Computer\Desktop\certification-data-scraper\Scrapers\Europe\vergabe_class.py", line 60, in extract_info
    self.driver.find_element_by_xpath("//*[@href='./processdata']").click()
  File "C:\Users\Movie Computer\AppData\Local\Programs\Python\Python38\lib\site-packages\selenium\webdriver\remote\webdriver.py", line 394, in find_element_by_xpath
    return self.find_element(by=By.XPATH, value=xpath)
  File "C:\Users\Movie Computer\AppData\Local\Programs\Python\Python38\lib\site-packages\selenium\webdriver\remote\webdriver.py", line 976, in find_element
    return self.execute(Command.FIND_ELEMENT, {
  File "C:\Users\Movie Computer\AppData\Local\Programs\Python\Python38\lib\site-packages\selenium\webdriver\remote\webdriver.py", line 321, in execute
    self.error_handler.check_response(response)
  File "C:\Users\Movie Computer\AppData\Local\Programs\Python\Python38\lib\site-packages\selenium\webdriver\remote\errorhandler.py", line 242, in check_response
    raise exception_class(message, screen, stacktrace)
selenium.common.exceptions.NoSuchElementException: Message: no such element: Unable to locate element: {"method":"xpath","selector":"//*[@href='./processdata']"}
  (Session info: chrome=90.0.4430.93)

2021-05-13 12:22:33,875 - ERROR - Exception occurred
Traceback (most recent call last):
  File "C:\Users\Movie Computer\Desktop\certification-data-scraper\Scrapers\Europe\vergabe_class.py", line 73, in extract_info
    self.driver.find_element_by_xpath("//*[@href='./documents']").click()
  File "C:\Users\Movie Computer\AppData\Local\Programs\Python\Python38\lib\site-packages\selenium\webdriver\remote\webdriver.py", line 394, in find_element_by_xpath
    return self.find_element(by=By.XPATH, value=xpath)
  File "C:\Users\Movie Computer\AppData\Local\Programs\Python\Python38\lib\site-packages\selenium\webdriver\remote\webdriver.py", line 976, in find_element
    return self.execute(Command.FIND_ELEMENT, {
  File "C:\Users\Movie Computer\AppData\Local\Programs\Python\Python38\lib\site-packages\selenium\webdriver\remote\webdriver.py", line 321, in execute
    self.error_handler.check_response(response)
  File "C:\Users\Movie Computer\AppData\Local\Programs\Python\Python38\lib\site-packages\selenium\webdriver\remote\errorhandler.py", line 242, in check_response
    raise exception_class(message, screen, stacktrace)
selenium.common.exceptions.NoSuchElementException: Message: no such element: Unable to locate element: {"method":"xpath","selector":"//*[@href='./documents']"}
  (Session info: chrome=90.0.4430.93)

2021-05-13 12:22:53,888 - INFO - URL being requested: GET https://www.googleapis.com/discovery/v1/apis/drive/v3/rest
2021-05-13 12:22:54,091 - INFO - URL being requested: POST https://www.googleapis.com/drive/v3/files?fields=webViewLink%2C+id&alt=json
2021-05-13 12:22:55,022 - INFO - Number of datapoints: 5
2021-05-13 12:22:55,023 - INFO - Currently at 5 of 19
2021-05-13 12:22:55,024 - INFO - Time to upload...
2021-05-13 12:22:55,032 - INFO - URL being requested: GET https://www.googleapis.com/discovery/v1/apis/sheets/v4/rest
2021-05-13 12:22:56,176 - INFO - URL being requested: POST https://sheets.googleapis.com/v4/spreadsheets/1Z1Uzdf2rrPXTqNRc7JF4wgxFA7kXTQyG9ZksFMrPSf0/values/Blad1:append?valueInputOption=RAW&fields=tableRange&alt=json
2021-05-13 12:22:56,560 - INFO - Done with Evergabe!
2021-05-13 13:18:37,679 - INFO - Running TED Expanded....
2021-05-13 13:18:38,027 - INFO - URL being requested: GET https://www.googleapis.com/discovery/v1/apis/drive/v3/rest
2021-05-13 13:18:38,324 - INFO - URL being requested: POST https://www.googleapis.com/drive/v3/files?fields=id&alt=json
2021-05-13 13:18:40,873 - INFO - URL being requested: GET https://www.googleapis.com/discovery/v1/apis/sheets/v4/rest
2021-05-13 13:18:42,366 - INFO - URL being requested: POST https://sheets.googleapis.com/v4/spreadsheets/1Yoz9x2bx3xOZm8iObfUEVaXQL03RbN0IN4tO_zMbm-0:batchUpdate?alt=json
2021-05-13 13:18:43,035 - INFO - URL being requested: GET https://www.googleapis.com/discovery/v1/apis/sheets/v4/rest
2021-05-13 13:18:44,251 - INFO - URL being requested: POST https://sheets.googleapis.com/v4/spreadsheets/1Yoz9x2bx3xOZm8iObfUEVaXQL03RbN0IN4tO_zMbm-0/values/Blad1:append?valueInputOption=USER_ENTERED&alt=json
2021-05-13 13:18:44,859 - INFO - URL being requested: POST https://sheets.googleapis.com/v4/spreadsheets/1Yoz9x2bx3xOZm8iObfUEVaXQL03RbN0IN4tO_zMbm-0:batchUpdate?alt=json
2021-05-13 13:18:50,275 - INFO - Starting at: https://ted.europa.eu/TED/browse/browseByMap.do
2021-05-13 13:19:13,747 - INFO - Number of datapoints: 1
2021-05-13 13:19:13,747 - INFO - Currently at 1 of 25
2021-05-13 13:19:13,747 - INFO - Time to upload...
2021-05-13 13:19:13,747 - INFO - URL being requested: GET https://www.googleapis.com/discovery/v1/apis/sheets/v4/rest
2021-05-13 13:19:14,884 - INFO - URL being requested: POST https://sheets.googleapis.com/v4/spreadsheets/1Yoz9x2bx3xOZm8iObfUEVaXQL03RbN0IN4tO_zMbm-0/values/Blad1:append?valueInputOption=RAW&fields=tableRange&alt=json
2021-05-13 13:19:17,103 - INFO - Number of datapoints: 2
2021-05-13 13:19:17,103 - INFO - Currently at 2 of 25
2021-05-13 13:19:17,103 - INFO - Time to upload...
2021-05-13 13:19:17,118 - INFO - URL being requested: GET https://www.googleapis.com/discovery/v1/apis/sheets/v4/rest
2021-05-13 13:19:18,375 - INFO - URL being requested: POST https://sheets.googleapis.com/v4/spreadsheets/1Yoz9x2bx3xOZm8iObfUEVaXQL03RbN0IN4tO_zMbm-0/values/Blad1:append?valueInputOption=RAW&fields=tableRange&alt=json
2021-05-13 13:19:22,509 - INFO - Number of datapoints: 3
2021-05-13 13:19:22,509 - INFO - Currently at 3 of 25
2021-05-13 13:19:22,509 - INFO - Time to upload...
2021-05-13 13:19:22,509 - INFO - URL being requested: GET https://www.googleapis.com/discovery/v1/apis/sheets/v4/rest
2021-05-13 13:19:23,618 - INFO - URL being requested: POST https://sheets.googleapis.com/v4/spreadsheets/1Yoz9x2bx3xOZm8iObfUEVaXQL03RbN0IN4tO_zMbm-0/values/Blad1:append?valueInputOption=RAW&fields=tableRange&alt=json
2021-05-13 13:19:41,379 - INFO - Running TED Expanded....
2021-05-13 13:19:41,475 - INFO - URL being requested: GET https://www.googleapis.com/discovery/v1/apis/drive/v3/rest
2021-05-13 13:19:41,765 - INFO - URL being requested: POST https://www.googleapis.com/drive/v3/files?fields=id&alt=json
2021-05-13 13:19:44,191 - INFO - URL being requested: GET https://www.googleapis.com/discovery/v1/apis/sheets/v4/rest
2021-05-13 13:19:45,563 - INFO - URL being requested: POST https://sheets.googleapis.com/v4/spreadsheets/1yCaWIE2cmlpFdPWaFL2RMdAMOyNZHC4xYO9m1IEbDrI:batchUpdate?alt=json
2021-05-13 13:19:46,315 - INFO - URL being requested: GET https://www.googleapis.com/discovery/v1/apis/sheets/v4/rest
2021-05-13 13:19:47,733 - INFO - URL being requested: POST https://sheets.googleapis.com/v4/spreadsheets/1yCaWIE2cmlpFdPWaFL2RMdAMOyNZHC4xYO9m1IEbDrI/values/Blad1:append?valueInputOption=USER_ENTERED&alt=json
2021-05-13 13:19:48,389 - INFO - URL being requested: POST https://sheets.googleapis.com/v4/spreadsheets/1yCaWIE2cmlpFdPWaFL2RMdAMOyNZHC4xYO9m1IEbDrI:batchUpdate?alt=json
2021-05-13 13:19:53,763 - INFO - Starting at: https://ted.europa.eu/TED/browse/browseByMap.do
2021-05-13 13:20:17,367 - INFO - Number of datapoints: 1
2021-05-13 13:20:17,367 - INFO - Currently at 1 of 25
2021-05-13 13:20:17,367 - INFO - Time to upload...
2021-05-13 13:20:17,367 - INFO - URL being requested: GET https://www.googleapis.com/discovery/v1/apis/sheets/v4/rest
2021-05-13 13:20:18,518 - INFO - URL being requested: POST https://sheets.googleapis.com/v4/spreadsheets/1yCaWIE2cmlpFdPWaFL2RMdAMOyNZHC4xYO9m1IEbDrI/values/Blad1:append?valueInputOption=RAW&fields=tableRange&alt=json
2021-05-13 13:20:20,936 - INFO - Number of datapoints: 2
2021-05-13 13:20:20,936 - INFO - Currently at 2 of 25
2021-05-13 13:20:20,936 - INFO - Time to upload...
2021-05-13 13:20:20,952 - INFO - URL being requested: GET https://www.googleapis.com/discovery/v1/apis/sheets/v4/rest
2021-05-13 13:20:22,155 - INFO - URL being requested: POST https://sheets.googleapis.com/v4/spreadsheets/1yCaWIE2cmlpFdPWaFL2RMdAMOyNZHC4xYO9m1IEbDrI/values/Blad1:append?valueInputOption=RAW&fields=tableRange&alt=json
2021-05-13 13:20:26,378 - INFO - Number of datapoints: 3
2021-05-13 13:20:26,378 - INFO - Currently at 3 of 25
2021-05-13 13:20:26,378 - INFO - Time to upload...
2021-05-13 13:20:26,394 - INFO - URL being requested: GET https://www.googleapis.com/discovery/v1/apis/sheets/v4/rest
2021-05-13 13:20:27,519 - INFO - URL being requested: POST https://sheets.googleapis.com/v4/spreadsheets/1yCaWIE2cmlpFdPWaFL2RMdAMOyNZHC4xYO9m1IEbDrI/values/Blad1:append?valueInputOption=RAW&fields=tableRange&alt=json
2021-05-13 13:20:38,934 - INFO - Number of datapoints: 4
2021-05-13 13:20:38,934 - INFO - Currently at 4 of 25
2021-05-13 13:20:38,934 - INFO - Time to upload...
2021-05-13 13:20:38,950 - INFO - URL being requested: GET https://www.googleapis.com/discovery/v1/apis/sheets/v4/rest
2021-05-13 13:20:40,169 - INFO - URL being requested: POST https://sheets.googleapis.com/v4/spreadsheets/1yCaWIE2cmlpFdPWaFL2RMdAMOyNZHC4xYO9m1IEbDrI/values/Blad1:append?valueInputOption=RAW&fields=tableRange&alt=json
2021-05-13 13:20:47,674 - INFO - Number of datapoints: 5
2021-05-13 13:20:47,674 - INFO - Currently at 5 of 25
2021-05-13 13:20:47,674 - INFO - Time to upload...
2021-05-13 13:20:47,674 - INFO - URL being requested: GET https://www.googleapis.com/discovery/v1/apis/sheets/v4/rest
2021-05-13 13:20:48,956 - INFO - URL being requested: POST https://sheets.googleapis.com/v4/spreadsheets/1yCaWIE2cmlpFdPWaFL2RMdAMOyNZHC4xYO9m1IEbDrI/values/Blad1:append?valueInputOption=RAW&fields=tableRange&alt=json
2021-05-13 13:20:51,752 - INFO - Number of datapoints: 6
2021-05-13 13:20:51,752 - INFO - Currently at 6 of 25
2021-05-13 13:20:51,752 - INFO - Time to upload...
2021-05-13 13:20:51,768 - INFO - URL being requested: GET https://www.googleapis.com/discovery/v1/apis/sheets/v4/rest
2021-05-13 13:20:52,940 - INFO - URL being requested: POST https://sheets.googleapis.com/v4/spreadsheets/1yCaWIE2cmlpFdPWaFL2RMdAMOyNZHC4xYO9m1IEbDrI/values/Blad1:append?valueInputOption=RAW&fields=tableRange&alt=json
2021-05-13 13:20:56,339 - INFO - Number of datapoints: 7
2021-05-13 13:20:56,339 - INFO - Currently at 7 of 25
2021-05-13 13:20:56,339 - INFO - Time to upload...
2021-05-13 13:20:56,355 - INFO - URL being requested: GET https://www.googleapis.com/discovery/v1/apis/sheets/v4/rest
2021-05-13 13:20:57,448 - INFO - URL being requested: POST https://sheets.googleapis.com/v4/spreadsheets/1yCaWIE2cmlpFdPWaFL2RMdAMOyNZHC4xYO9m1IEbDrI/values/Blad1:append?valueInputOption=RAW&fields=tableRange&alt=json
2021-05-13 13:21:02,092 - INFO - Number of datapoints: 8
2021-05-13 13:21:02,092 - INFO - Currently at 8 of 25
2021-05-13 13:21:02,092 - INFO - Time to upload...
2021-05-13 13:21:02,092 - INFO - URL being requested: GET https://www.googleapis.com/discovery/v1/apis/sheets/v4/rest
2021-05-13 13:21:03,186 - INFO - URL being requested: POST https://sheets.googleapis.com/v4/spreadsheets/1yCaWIE2cmlpFdPWaFL2RMdAMOyNZHC4xYO9m1IEbDrI/values/Blad1:append?valueInputOption=RAW&fields=tableRange&alt=json
2021-05-13 13:21:10,756 - INFO - Number of datapoints: 9
2021-05-13 13:21:10,756 - INFO - Currently at 9 of 25
2021-05-13 13:21:10,756 - INFO - Time to upload...
2021-05-13 13:21:10,756 - INFO - URL being requested: GET https://www.googleapis.com/discovery/v1/apis/sheets/v4/rest
2021-05-13 13:21:11,834 - INFO - URL being requested: POST https://sheets.googleapis.com/v4/spreadsheets/1yCaWIE2cmlpFdPWaFL2RMdAMOyNZHC4xYO9m1IEbDrI/values/Blad1:append?valueInputOption=RAW&fields=tableRange&alt=json
2021-05-13 13:21:14,947 - INFO - Number of datapoints: 10
2021-05-13 13:21:14,947 - INFO - Currently at 10 of 25
2021-05-13 13:21:14,947 - INFO - Time to upload...
2021-05-13 13:21:14,963 - INFO - URL being requested: GET https://www.googleapis.com/discovery/v1/apis/sheets/v4/rest
2021-05-13 13:21:16,244 - INFO - URL being requested: POST https://sheets.googleapis.com/v4/spreadsheets/1yCaWIE2cmlpFdPWaFL2RMdAMOyNZHC4xYO9m1IEbDrI/values/Blad1:append?valueInputOption=RAW&fields=tableRange&alt=json
2021-05-13 13:21:18,322 - INFO - Number of datapoints: 11
2021-05-13 13:21:18,322 - INFO - Currently at 11 of 25
2021-05-13 13:21:18,322 - INFO - Time to upload...
2021-05-13 13:21:18,338 - INFO - URL being requested: GET https://www.googleapis.com/discovery/v1/apis/sheets/v4/rest
2021-05-13 13:21:19,624 - INFO - URL being requested: POST https://sheets.googleapis.com/v4/spreadsheets/1yCaWIE2cmlpFdPWaFL2RMdAMOyNZHC4xYO9m1IEbDrI/values/Blad1:append?valueInputOption=RAW&fields=tableRange&alt=json
2021-05-13 13:21:22,404 - INFO - Number of datapoints: 12
2021-05-13 13:21:22,404 - INFO - Currently at 12 of 25
2021-05-13 13:21:22,404 - INFO - Time to upload...
2021-05-13 13:21:22,404 - INFO - URL being requested: GET https://www.googleapis.com/discovery/v1/apis/sheets/v4/rest
2021-05-13 13:21:23,622 - INFO - URL being requested: POST https://sheets.googleapis.com/v4/spreadsheets/1yCaWIE2cmlpFdPWaFL2RMdAMOyNZHC4xYO9m1IEbDrI/values/Blad1:append?valueInputOption=RAW&fields=tableRange&alt=json
2021-05-13 13:21:25,529 - INFO - Number of datapoints: 13
2021-05-13 13:21:25,529 - INFO - Currently at 13 of 25
2021-05-13 13:21:25,529 - INFO - Time to upload...
2021-05-13 13:21:25,544 - INFO - URL being requested: GET https://www.googleapis.com/discovery/v1/apis/sheets/v4/rest
2021-05-13 13:21:26,959 - INFO - URL being requested: POST https://sheets.googleapis.com/v4/spreadsheets/1yCaWIE2cmlpFdPWaFL2RMdAMOyNZHC4xYO9m1IEbDrI/values/Blad1:append?valueInputOption=RAW&fields=tableRange&alt=json
2021-05-13 13:21:30,386 - INFO - Number of datapoints: 14
2021-05-13 13:21:30,386 - INFO - Currently at 14 of 25
2021-05-13 13:21:30,386 - INFO - Time to upload...
2021-05-13 13:21:30,386 - INFO - URL being requested: GET https://www.googleapis.com/discovery/v1/apis/sheets/v4/rest
2021-05-13 13:21:31,824 - INFO - URL being requested: POST https://sheets.googleapis.com/v4/spreadsheets/1yCaWIE2cmlpFdPWaFL2RMdAMOyNZHC4xYO9m1IEbDrI/values/Blad1:append?valueInputOption=RAW&fields=tableRange&alt=json
2021-05-13 13:21:37,619 - INFO - Number of datapoints: 15
2021-05-13 13:21:37,619 - INFO - Currently at 15 of 25
2021-05-13 13:21:37,619 - INFO - Time to upload...
2021-05-13 13:21:37,635 - INFO - URL being requested: GET https://www.googleapis.com/discovery/v1/apis/sheets/v4/rest
2021-05-13 13:21:38,619 - INFO - URL being requested: POST https://sheets.googleapis.com/v4/spreadsheets/1yCaWIE2cmlpFdPWaFL2RMdAMOyNZHC4xYO9m1IEbDrI/values/Blad1:append?valueInputOption=RAW&fields=tableRange&alt=json
2021-05-13 13:21:41,656 - INFO - Number of datapoints: 16
2021-05-13 13:21:41,656 - INFO - Currently at 16 of 25
2021-05-13 13:21:41,656 - INFO - Time to upload...
2021-05-13 13:21:41,671 - INFO - URL being requested: GET https://www.googleapis.com/discovery/v1/apis/sheets/v4/rest
2021-05-13 13:21:42,671 - INFO - URL being requested: POST https://sheets.googleapis.com/v4/spreadsheets/1yCaWIE2cmlpFdPWaFL2RMdAMOyNZHC4xYO9m1IEbDrI/values/Blad1:append?valueInputOption=RAW&fields=tableRange&alt=json
2021-05-13 13:21:47,034 - INFO - Number of datapoints: 17
2021-05-13 13:21:47,034 - INFO - Currently at 17 of 25
2021-05-13 13:21:47,034 - INFO - Time to upload...
2021-05-13 13:21:47,034 - INFO - URL being requested: GET https://www.googleapis.com/discovery/v1/apis/sheets/v4/rest
2021-05-13 13:21:48,065 - INFO - URL being requested: POST https://sheets.googleapis.com/v4/spreadsheets/1yCaWIE2cmlpFdPWaFL2RMdAMOyNZHC4xYO9m1IEbDrI/values/Blad1:append?valueInputOption=RAW&fields=tableRange&alt=json
2021-05-13 13:22:02,203 - INFO - Number of datapoints: 18
2021-05-13 13:22:02,203 - INFO - Currently at 18 of 25
2021-05-13 13:22:02,203 - INFO - Time to upload...
2021-05-13 13:22:02,218 - INFO - URL being requested: GET https://www.googleapis.com/discovery/v1/apis/sheets/v4/rest
2021-05-13 13:22:03,296 - INFO - URL being requested: POST https://sheets.googleapis.com/v4/spreadsheets/1yCaWIE2cmlpFdPWaFL2RMdAMOyNZHC4xYO9m1IEbDrI/values/Blad1:append?valueInputOption=RAW&fields=tableRange&alt=json
2021-05-13 13:22:08,402 - INFO - Number of datapoints: 19
2021-05-13 13:22:08,402 - INFO - Currently at 19 of 25
2021-05-13 13:22:08,402 - INFO - Time to upload...
2021-05-13 13:22:08,402 - INFO - URL being requested: GET https://www.googleapis.com/discovery/v1/apis/sheets/v4/rest
2021-05-13 13:22:09,448 - INFO - URL being requested: POST https://sheets.googleapis.com/v4/spreadsheets/1yCaWIE2cmlpFdPWaFL2RMdAMOyNZHC4xYO9m1IEbDrI/values/Blad1:append?valueInputOption=RAW&fields=tableRange&alt=json
2021-05-13 13:22:14,026 - INFO - Number of datapoints: 20
2021-05-13 13:22:14,026 - INFO - Currently at 20 of 25
2021-05-13 13:22:14,026 - INFO - Time to upload...
2021-05-13 13:22:14,026 - INFO - URL being requested: GET https://www.googleapis.com/discovery/v1/apis/sheets/v4/rest
2021-05-13 13:22:15,105 - INFO - URL being requested: POST https://sheets.googleapis.com/v4/spreadsheets/1yCaWIE2cmlpFdPWaFL2RMdAMOyNZHC4xYO9m1IEbDrI/values/Blad1:append?valueInputOption=RAW&fields=tableRange&alt=json
2021-05-13 13:22:17,216 - INFO - Number of datapoints: 21
2021-05-13 13:22:17,216 - INFO - Currently at 21 of 25
2021-05-13 13:22:17,216 - INFO - Time to upload...
2021-05-13 13:22:17,231 - INFO - URL being requested: GET https://www.googleapis.com/discovery/v1/apis/sheets/v4/rest
2021-05-13 13:22:18,262 - INFO - URL being requested: POST https://sheets.googleapis.com/v4/spreadsheets/1yCaWIE2cmlpFdPWaFL2RMdAMOyNZHC4xYO9m1IEbDrI/values/Blad1:append?valueInputOption=RAW&fields=tableRange&alt=json
2021-05-13 13:22:27,945 - INFO - Number of datapoints: 22
2021-05-13 13:22:27,945 - INFO - Currently at 22 of 25
2021-05-13 13:22:27,945 - INFO - Time to upload...
2021-05-13 13:22:27,960 - INFO - URL being requested: GET https://www.googleapis.com/discovery/v1/apis/sheets/v4/rest
2021-05-13 13:22:29,070 - INFO - URL being requested: POST https://sheets.googleapis.com/v4/spreadsheets/1yCaWIE2cmlpFdPWaFL2RMdAMOyNZHC4xYO9m1IEbDrI/values/Blad1:append?valueInputOption=RAW&fields=tableRange&alt=json
2021-05-13 13:22:53,527 - INFO - Number of datapoints: 23
2021-05-13 13:22:53,527 - INFO - Currently at 23 of 25
2021-05-13 13:22:53,527 - INFO - Time to upload...
2021-05-13 13:22:53,527 - INFO - URL being requested: GET https://www.googleapis.com/discovery/v1/apis/sheets/v4/rest
2021-05-13 13:22:54,762 - INFO - URL being requested: POST https://sheets.googleapis.com/v4/spreadsheets/1yCaWIE2cmlpFdPWaFL2RMdAMOyNZHC4xYO9m1IEbDrI/values/Blad1:append?valueInputOption=RAW&fields=tableRange&alt=json
2021-05-13 13:22:57,449 - INFO - Number of datapoints: 24
2021-05-13 13:22:57,449 - INFO - Currently at 24 of 25
2021-05-13 13:22:57,449 - INFO - Time to upload...
2021-05-13 13:22:57,465 - INFO - URL being requested: GET https://www.googleapis.com/discovery/v1/apis/sheets/v4/rest
2021-05-13 13:22:58,558 - INFO - URL being requested: POST https://sheets.googleapis.com/v4/spreadsheets/1yCaWIE2cmlpFdPWaFL2RMdAMOyNZHC4xYO9m1IEbDrI/values/Blad1:append?valueInputOption=RAW&fields=tableRange&alt=json
2021-05-13 13:23:01,465 - INFO - Number of datapoints: 25
2021-05-13 13:23:01,465 - INFO - Currently at 25 of 25
2021-05-13 13:23:01,480 - INFO - Time to upload...
2021-05-13 13:23:01,480 - INFO - URL being requested: GET https://www.googleapis.com/discovery/v1/apis/sheets/v4/rest
2021-05-13 13:23:02,763 - INFO - URL being requested: POST https://sheets.googleapis.com/v4/spreadsheets/1yCaWIE2cmlpFdPWaFL2RMdAMOyNZHC4xYO9m1IEbDrI/values/Blad1:append?valueInputOption=RAW&fields=tableRange&alt=json
2021-05-13 13:23:06,762 - INFO - Number of datapoints: 26
2021-05-13 13:23:06,762 - INFO - Currently at 1 of 25
2021-05-13 13:23:06,762 - INFO - Time to upload...
2021-05-13 13:23:06,778 - INFO - URL being requested: GET https://www.googleapis.com/discovery/v1/apis/sheets/v4/rest
2021-05-13 13:23:07,931 - INFO - URL being requested: POST https://sheets.googleapis.com/v4/spreadsheets/1yCaWIE2cmlpFdPWaFL2RMdAMOyNZHC4xYO9m1IEbDrI/values/Blad1:append?valueInputOption=RAW&fields=tableRange&alt=json
2021-05-13 13:23:10,068 - INFO - Number of datapoints: 27
2021-05-13 13:23:10,068 - INFO - Currently at 2 of 25
2021-05-13 13:23:10,068 - INFO - Time to upload...
2021-05-13 13:23:10,084 - INFO - URL being requested: GET https://www.googleapis.com/discovery/v1/apis/sheets/v4/rest
2021-05-13 13:23:11,242 - INFO - URL being requested: POST https://sheets.googleapis.com/v4/spreadsheets/1yCaWIE2cmlpFdPWaFL2RMdAMOyNZHC4xYO9m1IEbDrI/values/Blad1:append?valueInputOption=RAW&fields=tableRange&alt=json
2021-05-13 13:23:13,676 - INFO - Number of datapoints: 28
2021-05-13 13:23:13,692 - INFO - Currently at 3 of 25
2021-05-13 13:23:13,692 - INFO - Time to upload...
2021-05-13 13:23:13,692 - INFO - URL being requested: GET https://www.googleapis.com/discovery/v1/apis/sheets/v4/rest
2021-05-13 13:23:15,005 - INFO - URL being requested: POST https://sheets.googleapis.com/v4/spreadsheets/1yCaWIE2cmlpFdPWaFL2RMdAMOyNZHC4xYO9m1IEbDrI/values/Blad1:append?valueInputOption=RAW&fields=tableRange&alt=json
2021-05-13 13:23:20,763 - INFO - Number of datapoints: 29
2021-05-13 13:23:20,763 - INFO - Currently at 4 of 25
2021-05-13 13:23:20,763 - INFO - Time to upload...
2021-05-13 13:23:20,779 - INFO - URL being requested: GET https://www.googleapis.com/discovery/v1/apis/sheets/v4/rest
2021-05-13 13:23:22,045 - INFO - URL being requested: POST https://sheets.googleapis.com/v4/spreadsheets/1yCaWIE2cmlpFdPWaFL2RMdAMOyNZHC4xYO9m1IEbDrI/values/Blad1:append?valueInputOption=RAW&fields=tableRange&alt=json
2021-05-13 13:23:25,451 - INFO - Number of datapoints: 30
2021-05-13 13:23:25,451 - INFO - Currently at 5 of 25
2021-05-13 13:23:25,451 - INFO - Time to upload...
2021-05-13 13:23:25,451 - INFO - URL being requested: GET https://www.googleapis.com/discovery/v1/apis/sheets/v4/rest
2021-05-13 13:23:26,732 - INFO - URL being requested: POST https://sheets.googleapis.com/v4/spreadsheets/1yCaWIE2cmlpFdPWaFL2RMdAMOyNZHC4xYO9m1IEbDrI/values/Blad1:append?valueInputOption=RAW&fields=tableRange&alt=json
2021-05-13 13:23:31,162 - INFO - Number of datapoints: 31
2021-05-13 13:23:31,162 - INFO - Currently at 6 of 25
2021-05-13 13:23:31,162 - INFO - Time to upload...
2021-05-13 13:23:31,162 - INFO - URL being requested: GET https://www.googleapis.com/discovery/v1/apis/sheets/v4/rest
2021-05-13 13:23:32,600 - INFO - URL being requested: POST https://sheets.googleapis.com/v4/spreadsheets/1yCaWIE2cmlpFdPWaFL2RMdAMOyNZHC4xYO9m1IEbDrI/values/Blad1:append?valueInputOption=RAW&fields=tableRange&alt=json
2021-05-13 13:23:34,654 - INFO - Number of datapoints: 32
2021-05-13 13:23:34,654 - INFO - Currently at 7 of 25
2021-05-13 13:23:34,670 - INFO - Time to upload...
2021-05-13 13:23:34,670 - INFO - URL being requested: GET https://www.googleapis.com/discovery/v1/apis/sheets/v4/rest
2021-05-13 13:23:35,842 - INFO - URL being requested: POST https://sheets.googleapis.com/v4/spreadsheets/1yCaWIE2cmlpFdPWaFL2RMdAMOyNZHC4xYO9m1IEbDrI/values/Blad1:append?valueInputOption=RAW&fields=tableRange&alt=json
2021-05-13 13:23:37,701 - INFO - Number of datapoints: 33
2021-05-13 13:23:37,701 - INFO - Currently at 8 of 25
2021-05-13 13:23:37,701 - INFO - Time to upload...
2021-05-13 13:23:37,701 - INFO - URL being requested: GET https://www.googleapis.com/discovery/v1/apis/sheets/v4/rest
2021-05-13 13:23:38,920 - INFO - URL being requested: POST https://sheets.googleapis.com/v4/spreadsheets/1yCaWIE2cmlpFdPWaFL2RMdAMOyNZHC4xYO9m1IEbDrI/values/Blad1:append?valueInputOption=RAW&fields=tableRange&alt=json
2021-05-13 13:23:41,254 - INFO - Number of datapoints: 34
2021-05-13 13:23:41,254 - INFO - Currently at 9 of 25
2021-05-13 13:23:41,254 - INFO - Time to upload...
2021-05-13 13:23:41,269 - INFO - URL being requested: GET https://www.googleapis.com/discovery/v1/apis/sheets/v4/rest
2021-05-13 13:23:42,624 - INFO - URL being requested: POST https://sheets.googleapis.com/v4/spreadsheets/1yCaWIE2cmlpFdPWaFL2RMdAMOyNZHC4xYO9m1IEbDrI/values/Blad1:append?valueInputOption=RAW&fields=tableRange&alt=json
2021-05-13 13:23:44,609 - INFO - Number of datapoints: 35
2021-05-13 13:23:44,609 - INFO - Currently at 10 of 25
2021-05-13 13:23:44,609 - INFO - Time to upload...
2021-05-13 13:23:44,609 - INFO - URL being requested: GET https://www.googleapis.com/discovery/v1/apis/sheets/v4/rest
2021-05-13 13:23:45,827 - INFO - URL being requested: POST https://sheets.googleapis.com/v4/spreadsheets/1yCaWIE2cmlpFdPWaFL2RMdAMOyNZHC4xYO9m1IEbDrI/values/Blad1:append?valueInputOption=RAW&fields=tableRange&alt=json
2021-05-13 13:23:48,076 - INFO - Number of datapoints: 36
2021-05-13 13:23:48,076 - INFO - Currently at 11 of 25
2021-05-13 13:23:48,076 - INFO - Time to upload...
2021-05-13 13:23:48,092 - INFO - URL being requested: GET https://www.googleapis.com/discovery/v1/apis/sheets/v4/rest
2021-05-13 13:23:49,405 - INFO - URL being requested: POST https://sheets.googleapis.com/v4/spreadsheets/1yCaWIE2cmlpFdPWaFL2RMdAMOyNZHC4xYO9m1IEbDrI/values/Blad1:append?valueInputOption=RAW&fields=tableRange&alt=json
2021-05-13 13:24:15,762 - INFO - Number of datapoints: 37
2021-05-13 13:24:15,762 - INFO - Currently at 12 of 25
2021-05-13 13:24:15,762 - INFO - Time to upload...
2021-05-13 13:24:15,762 - INFO - URL being requested: GET https://www.googleapis.com/discovery/v1/apis/sheets/v4/rest
2021-05-13 13:24:17,118 - INFO - URL being requested: POST https://sheets.googleapis.com/v4/spreadsheets/1yCaWIE2cmlpFdPWaFL2RMdAMOyNZHC4xYO9m1IEbDrI/values/Blad1:append?valueInputOption=RAW&fields=tableRange&alt=json
2021-05-13 13:24:22,508 - INFO - Number of datapoints: 38
2021-05-13 13:24:22,508 - INFO - Currently at 13 of 25
2021-05-13 13:24:22,508 - INFO - Time to upload...
2021-05-13 13:24:22,508 - INFO - URL being requested: GET https://www.googleapis.com/discovery/v1/apis/sheets/v4/rest
2021-05-13 13:24:23,680 - INFO - URL being requested: POST https://sheets.googleapis.com/v4/spreadsheets/1yCaWIE2cmlpFdPWaFL2RMdAMOyNZHC4xYO9m1IEbDrI/values/Blad1:append?valueInputOption=RAW&fields=tableRange&alt=json
2021-05-13 13:24:30,940 - INFO - Number of datapoints: 39
2021-05-13 13:24:30,940 - INFO - Currently at 14 of 25
2021-05-13 13:24:30,940 - INFO - Time to upload...
2021-05-13 13:24:30,940 - INFO - URL being requested: GET https://www.googleapis.com/discovery/v1/apis/sheets/v4/rest
2021-05-13 13:24:32,002 - INFO - URL being requested: POST https://sheets.googleapis.com/v4/spreadsheets/1yCaWIE2cmlpFdPWaFL2RMdAMOyNZHC4xYO9m1IEbDrI/values/Blad1:append?valueInputOption=RAW&fields=tableRange&alt=json
2021-05-13 13:24:34,768 - INFO - Number of datapoints: 40
2021-05-13 13:24:34,783 - INFO - Currently at 15 of 25
2021-05-13 13:24:34,783 - INFO - Time to upload...
2021-05-13 13:24:34,783 - INFO - URL being requested: GET https://www.googleapis.com/discovery/v1/apis/sheets/v4/rest
2021-05-13 13:24:36,639 - INFO - URL being requested: POST https://sheets.googleapis.com/v4/spreadsheets/1yCaWIE2cmlpFdPWaFL2RMdAMOyNZHC4xYO9m1IEbDrI/values/Blad1:append?valueInputOption=RAW&fields=tableRange&alt=json
2021-05-13 13:24:40,717 - INFO - Number of datapoints: 41
2021-05-13 13:24:40,717 - INFO - Currently at 16 of 25
2021-05-13 13:24:40,717 - INFO - Time to upload...
2021-05-13 13:24:40,732 - INFO - URL being requested: GET https://www.googleapis.com/discovery/v1/apis/sheets/v4/rest
2021-05-13 13:24:41,917 - INFO - URL being requested: POST https://sheets.googleapis.com/v4/spreadsheets/1yCaWIE2cmlpFdPWaFL2RMdAMOyNZHC4xYO9m1IEbDrI/values/Blad1:append?valueInputOption=RAW&fields=tableRange&alt=json
2021-05-13 13:24:44,308 - INFO - Number of datapoints: 42
2021-05-13 13:24:44,308 - INFO - Currently at 17 of 25
2021-05-13 13:24:44,308 - INFO - Time to upload...
2021-05-13 13:24:44,324 - INFO - URL being requested: GET https://www.googleapis.com/discovery/v1/apis/sheets/v4/rest
2021-05-13 13:24:45,558 - INFO - URL being requested: POST https://sheets.googleapis.com/v4/spreadsheets/1yCaWIE2cmlpFdPWaFL2RMdAMOyNZHC4xYO9m1IEbDrI/values/Blad1:append?valueInputOption=RAW&fields=tableRange&alt=json
2021-05-13 13:24:47,902 - INFO - Number of datapoints: 43
2021-05-13 13:24:47,902 - INFO - Currently at 18 of 25
2021-05-13 13:24:47,902 - INFO - Time to upload...
2021-05-13 13:24:47,902 - INFO - URL being requested: GET https://www.googleapis.com/discovery/v1/apis/sheets/v4/rest
2021-05-13 13:24:49,120 - INFO - URL being requested: POST https://sheets.googleapis.com/v4/spreadsheets/1yCaWIE2cmlpFdPWaFL2RMdAMOyNZHC4xYO9m1IEbDrI/values/Blad1:append?valueInputOption=RAW&fields=tableRange&alt=json
2021-05-13 13:24:51,792 - INFO - Number of datapoints: 44
2021-05-13 13:24:51,792 - INFO - Currently at 19 of 25
2021-05-13 13:24:51,792 - INFO - Time to upload...
2021-05-13 13:24:51,808 - INFO - URL being requested: GET https://www.googleapis.com/discovery/v1/apis/sheets/v4/rest
2021-05-13 13:24:52,886 - INFO - URL being requested: POST https://sheets.googleapis.com/v4/spreadsheets/1yCaWIE2cmlpFdPWaFL2RMdAMOyNZHC4xYO9m1IEbDrI/values/Blad1:append?valueInputOption=RAW&fields=tableRange&alt=json
2021-05-13 13:24:56,058 - INFO - Number of datapoints: 45
2021-05-13 13:24:56,058 - INFO - Currently at 20 of 25
2021-05-13 13:24:56,058 - INFO - Time to upload...
2021-05-13 13:24:56,073 - INFO - URL being requested: GET https://www.googleapis.com/discovery/v1/apis/sheets/v4/rest
2021-05-13 13:24:57,261 - INFO - URL being requested: POST https://sheets.googleapis.com/v4/spreadsheets/1yCaWIE2cmlpFdPWaFL2RMdAMOyNZHC4xYO9m1IEbDrI/values/Blad1:append?valueInputOption=RAW&fields=tableRange&alt=json
2021-05-13 13:24:59,870 - INFO - Number of datapoints: 46
2021-05-13 13:24:59,870 - INFO - Currently at 21 of 25
2021-05-13 13:24:59,870 - INFO - Time to upload...
2021-05-13 13:24:59,870 - INFO - URL being requested: GET https://www.googleapis.com/discovery/v1/apis/sheets/v4/rest
2021-05-13 13:25:00,886 - INFO - URL being requested: POST https://sheets.googleapis.com/v4/spreadsheets/1yCaWIE2cmlpFdPWaFL2RMdAMOyNZHC4xYO9m1IEbDrI/values/Blad1:append?valueInputOption=RAW&fields=tableRange&alt=json
2021-05-13 13:25:03,732 - INFO - Number of datapoints: 47
2021-05-13 13:25:03,732 - INFO - Currently at 22 of 25
2021-05-13 13:25:03,732 - INFO - Time to upload...
2021-05-13 13:25:03,732 - INFO - URL being requested: GET https://www.googleapis.com/discovery/v1/apis/sheets/v4/rest
2021-05-13 13:25:04,873 - INFO - URL being requested: POST https://sheets.googleapis.com/v4/spreadsheets/1yCaWIE2cmlpFdPWaFL2RMdAMOyNZHC4xYO9m1IEbDrI/values/Blad1:append?valueInputOption=RAW&fields=tableRange&alt=json
2021-05-13 13:25:06,872 - INFO - Number of datapoints: 48
2021-05-13 13:25:06,872 - INFO - Currently at 23 of 25
2021-05-13 13:25:06,872 - INFO - Time to upload...
2021-05-13 13:25:06,872 - INFO - URL being requested: GET https://www.googleapis.com/discovery/v1/apis/sheets/v4/rest
2021-05-13 13:25:07,982 - INFO - URL being requested: POST https://sheets.googleapis.com/v4/spreadsheets/1yCaWIE2cmlpFdPWaFL2RMdAMOyNZHC4xYO9m1IEbDrI/values/Blad1:append?valueInputOption=RAW&fields=tableRange&alt=json
2021-05-13 13:25:10,179 - INFO - Number of datapoints: 49
2021-05-13 13:25:10,179 - INFO - Currently at 24 of 25
2021-05-13 13:25:10,179 - INFO - Time to upload...
2021-05-13 13:25:10,194 - INFO - URL being requested: GET https://www.googleapis.com/discovery/v1/apis/sheets/v4/rest
2021-05-13 13:25:11,413 - INFO - URL being requested: POST https://sheets.googleapis.com/v4/spreadsheets/1yCaWIE2cmlpFdPWaFL2RMdAMOyNZHC4xYO9m1IEbDrI/values/Blad1:append?valueInputOption=RAW&fields=tableRange&alt=json
2021-05-13 13:25:14,147 - INFO - Number of datapoints: 50
2021-05-13 13:25:14,147 - INFO - Currently at 25 of 25
2021-05-13 13:25:14,147 - INFO - Time to upload...
2021-05-13 13:25:14,163 - INFO - URL being requested: GET https://www.googleapis.com/discovery/v1/apis/sheets/v4/rest
2021-05-13 13:25:15,413 - INFO - URL being requested: POST https://sheets.googleapis.com/v4/spreadsheets/1yCaWIE2cmlpFdPWaFL2RMdAMOyNZHC4xYO9m1IEbDrI/values/Blad1:append?valueInputOption=RAW&fields=tableRange&alt=json
2021-05-13 13:25:19,149 - INFO - Number of datapoints: 51
2021-05-13 13:25:19,149 - INFO - Currently at 1 of 25
2021-05-13 13:25:19,149 - INFO - Time to upload...
2021-05-13 13:25:19,149 - INFO - URL being requested: GET https://www.googleapis.com/discovery/v1/apis/sheets/v4/rest
2021-05-13 13:25:20,370 - INFO - URL being requested: POST https://sheets.googleapis.com/v4/spreadsheets/1yCaWIE2cmlpFdPWaFL2RMdAMOyNZHC4xYO9m1IEbDrI/values/Blad1:append?valueInputOption=RAW&fields=tableRange&alt=json
2021-05-13 13:25:22,848 - INFO - Number of datapoints: 52
2021-05-13 13:25:22,848 - INFO - Currently at 2 of 25
2021-05-13 13:25:22,848 - INFO - Time to upload...
2021-05-13 13:25:22,848 - INFO - URL being requested: GET https://www.googleapis.com/discovery/v1/apis/sheets/v4/rest
2021-05-13 13:25:23,910 - INFO - URL being requested: POST https://sheets.googleapis.com/v4/spreadsheets/1yCaWIE2cmlpFdPWaFL2RMdAMOyNZHC4xYO9m1IEbDrI/values/Blad1:append?valueInputOption=RAW&fields=tableRange&alt=json
2021-05-13 13:25:26,910 - INFO - Number of datapoints: 53
2021-05-13 13:25:26,910 - INFO - Currently at 3 of 25
2021-05-13 13:25:26,910 - INFO - Time to upload...
2021-05-13 13:25:26,926 - INFO - URL being requested: GET https://www.googleapis.com/discovery/v1/apis/sheets/v4/rest
2021-05-13 13:25:28,035 - INFO - URL being requested: POST https://sheets.googleapis.com/v4/spreadsheets/1yCaWIE2cmlpFdPWaFL2RMdAMOyNZHC4xYO9m1IEbDrI/values/Blad1:append?valueInputOption=RAW&fields=tableRange&alt=json
2021-05-13 13:25:30,118 - INFO - Number of datapoints: 54
2021-05-13 13:25:30,118 - INFO - Currently at 4 of 25
2021-05-13 13:25:30,118 - INFO - Time to upload...
2021-05-13 13:25:30,134 - INFO - URL being requested: GET https://www.googleapis.com/discovery/v1/apis/sheets/v4/rest
2021-05-13 13:25:31,404 - INFO - URL being requested: POST https://sheets.googleapis.com/v4/spreadsheets/1yCaWIE2cmlpFdPWaFL2RMdAMOyNZHC4xYO9m1IEbDrI/values/Blad1:append?valueInputOption=RAW&fields=tableRange&alt=json
2021-05-13 13:25:33,561 - INFO - Number of datapoints: 55
2021-05-13 13:25:33,561 - INFO - Currently at 5 of 25
2021-05-13 13:25:33,561 - INFO - Time to upload...
2021-05-13 13:25:33,561 - INFO - URL being requested: GET https://www.googleapis.com/discovery/v1/apis/sheets/v4/rest
2021-05-13 13:25:34,645 - INFO - URL being requested: POST https://sheets.googleapis.com/v4/spreadsheets/1yCaWIE2cmlpFdPWaFL2RMdAMOyNZHC4xYO9m1IEbDrI/values/Blad1:append?valueInputOption=RAW&fields=tableRange&alt=json
2021-05-13 13:25:37,863 - INFO - Number of datapoints: 56
2021-05-13 13:25:37,863 - INFO - Currently at 6 of 25
2021-05-13 13:25:37,863 - INFO - Time to upload...
2021-05-13 13:25:37,863 - INFO - URL being requested: GET https://www.googleapis.com/discovery/v1/apis/sheets/v4/rest
2021-05-13 13:25:39,020 - INFO - URL being requested: POST https://sheets.googleapis.com/v4/spreadsheets/1yCaWIE2cmlpFdPWaFL2RMdAMOyNZHC4xYO9m1IEbDrI/values/Blad1:append?valueInputOption=RAW&fields=tableRange&alt=json
2021-05-13 13:25:42,646 - INFO - Number of datapoints: 57
2021-05-13 13:25:42,646 - INFO - Currently at 7 of 25
2021-05-13 13:25:42,646 - INFO - Time to upload...
2021-05-13 13:25:42,646 - INFO - URL being requested: GET https://www.googleapis.com/discovery/v1/apis/sheets/v4/rest
2021-05-13 13:25:43,959 - INFO - URL being requested: POST https://sheets.googleapis.com/v4/spreadsheets/1yCaWIE2cmlpFdPWaFL2RMdAMOyNZHC4xYO9m1IEbDrI/values/Blad1:append?valueInputOption=RAW&fields=tableRange&alt=json
2021-05-13 13:25:47,553 - INFO - Number of datapoints: 58
2021-05-13 13:25:47,553 - INFO - Currently at 8 of 25
2021-05-13 13:25:47,553 - INFO - Time to upload...
2021-05-13 13:25:47,553 - INFO - URL being requested: GET https://www.googleapis.com/discovery/v1/apis/sheets/v4/rest
2021-05-13 13:25:49,017 - INFO - URL being requested: POST https://sheets.googleapis.com/v4/spreadsheets/1yCaWIE2cmlpFdPWaFL2RMdAMOyNZHC4xYO9m1IEbDrI/values/Blad1:append?valueInputOption=RAW&fields=tableRange&alt=json
2021-05-13 13:25:50,775 - INFO - Number of datapoints: 59
2021-05-13 13:25:50,775 - INFO - Currently at 9 of 25
2021-05-13 13:25:50,775 - INFO - Time to upload...
2021-05-13 13:25:50,791 - INFO - URL being requested: GET https://www.googleapis.com/discovery/v1/apis/sheets/v4/rest
2021-05-13 13:25:51,853 - INFO - URL being requested: POST https://sheets.googleapis.com/v4/spreadsheets/1yCaWIE2cmlpFdPWaFL2RMdAMOyNZHC4xYO9m1IEbDrI/values/Blad1:append?valueInputOption=RAW&fields=tableRange&alt=json
2021-05-13 13:25:57,539 - INFO - Number of datapoints: 60
2021-05-13 13:25:57,539 - INFO - Currently at 10 of 25
2021-05-13 13:25:57,539 - INFO - Time to upload...
2021-05-13 13:25:57,539 - INFO - URL being requested: GET https://www.googleapis.com/discovery/v1/apis/sheets/v4/rest
2021-05-13 13:25:58,766 - INFO - URL being requested: POST https://sheets.googleapis.com/v4/spreadsheets/1yCaWIE2cmlpFdPWaFL2RMdAMOyNZHC4xYO9m1IEbDrI/values/Blad1:append?valueInputOption=RAW&fields=tableRange&alt=json
2021-05-13 13:26:06,187 - INFO - Number of datapoints: 61
2021-05-13 13:26:06,187 - INFO - Currently at 11 of 25
2021-05-13 13:26:06,187 - INFO - Time to upload...
2021-05-13 13:26:06,187 - INFO - URL being requested: GET https://www.googleapis.com/discovery/v1/apis/sheets/v4/rest
2021-05-13 13:26:07,344 - INFO - URL being requested: POST https://sheets.googleapis.com/v4/spreadsheets/1yCaWIE2cmlpFdPWaFL2RMdAMOyNZHC4xYO9m1IEbDrI/values/Blad1:append?valueInputOption=RAW&fields=tableRange&alt=json
2021-05-13 13:26:10,783 - INFO - Number of datapoints: 62
2021-05-13 13:26:10,783 - INFO - Currently at 12 of 25
2021-05-13 13:26:10,783 - INFO - Time to upload...
2021-05-13 13:26:10,783 - INFO - URL being requested: GET https://www.googleapis.com/discovery/v1/apis/sheets/v4/rest
2021-05-13 13:26:11,875 - INFO - URL being requested: POST https://sheets.googleapis.com/v4/spreadsheets/1yCaWIE2cmlpFdPWaFL2RMdAMOyNZHC4xYO9m1IEbDrI/values/Blad1:append?valueInputOption=RAW&fields=tableRange&alt=json
2021-05-13 13:26:16,374 - INFO - Number of datapoints: 63
2021-05-13 13:26:16,374 - INFO - Currently at 13 of 25
2021-05-13 13:26:16,374 - INFO - Time to upload...
2021-05-13 13:26:16,374 - INFO - URL being requested: GET https://www.googleapis.com/discovery/v1/apis/sheets/v4/rest
2021-05-13 13:26:17,468 - INFO - URL being requested: POST https://sheets.googleapis.com/v4/spreadsheets/1yCaWIE2cmlpFdPWaFL2RMdAMOyNZHC4xYO9m1IEbDrI/values/Blad1:append?valueInputOption=RAW&fields=tableRange&alt=json
2021-05-13 13:26:20,011 - INFO - Number of datapoints: 64
2021-05-13 13:26:20,011 - INFO - Currently at 14 of 25
2021-05-13 13:26:20,011 - INFO - Time to upload...
2021-05-13 13:26:20,011 - INFO - URL being requested: GET https://www.googleapis.com/discovery/v1/apis/sheets/v4/rest
2021-05-13 13:26:21,073 - INFO - URL being requested: POST https://sheets.googleapis.com/v4/spreadsheets/1yCaWIE2cmlpFdPWaFL2RMdAMOyNZHC4xYO9m1IEbDrI/values/Blad1:append?valueInputOption=RAW&fields=tableRange&alt=json
2021-05-13 13:26:25,644 - INFO - Number of datapoints: 65
2021-05-13 13:26:25,644 - INFO - Currently at 15 of 25
2021-05-13 13:26:25,644 - INFO - Time to upload...
2021-05-13 13:26:25,644 - INFO - URL being requested: GET https://www.googleapis.com/discovery/v1/apis/sheets/v4/rest
2021-05-13 13:26:26,816 - INFO - URL being requested: POST https://sheets.googleapis.com/v4/spreadsheets/1yCaWIE2cmlpFdPWaFL2RMdAMOyNZHC4xYO9m1IEbDrI/values/Blad1:append?valueInputOption=RAW&fields=tableRange&alt=json
2021-05-13 13:26:36,782 - INFO - Number of datapoints: 66
2021-05-13 13:26:36,782 - INFO - Currently at 16 of 25
2021-05-13 13:26:36,782 - INFO - Time to upload...
2021-05-13 13:26:36,798 - INFO - URL being requested: GET https://www.googleapis.com/discovery/v1/apis/sheets/v4/rest
2021-05-13 13:26:38,423 - INFO - URL being requested: POST https://sheets.googleapis.com/v4/spreadsheets/1yCaWIE2cmlpFdPWaFL2RMdAMOyNZHC4xYO9m1IEbDrI/values/Blad1:append?valueInputOption=RAW&fields=tableRange&alt=json
2021-05-13 13:26:47,725 - INFO - Number of datapoints: 67
2021-05-13 13:26:47,725 - INFO - Currently at 17 of 25
2021-05-13 13:26:47,741 - INFO - Time to upload...
2021-05-13 13:26:47,741 - INFO - URL being requested: GET https://www.googleapis.com/discovery/v1/apis/sheets/v4/rest
2021-05-13 13:26:48,901 - INFO - URL being requested: POST https://sheets.googleapis.com/v4/spreadsheets/1yCaWIE2cmlpFdPWaFL2RMdAMOyNZHC4xYO9m1IEbDrI/values/Blad1:append?valueInputOption=RAW&fields=tableRange&alt=json
2021-05-13 13:26:51,079 - INFO - Number of datapoints: 68
2021-05-13 13:26:51,079 - INFO - Currently at 18 of 25
2021-05-13 13:26:51,079 - INFO - Time to upload...
2021-05-13 13:26:51,094 - INFO - URL being requested: GET https://www.googleapis.com/discovery/v1/apis/sheets/v4/rest
2021-05-13 13:26:52,266 - INFO - URL being requested: POST https://sheets.googleapis.com/v4/spreadsheets/1yCaWIE2cmlpFdPWaFL2RMdAMOyNZHC4xYO9m1IEbDrI/values/Blad1:append?valueInputOption=RAW&fields=tableRange&alt=json
2021-05-13 13:26:56,273 - INFO - Number of datapoints: 69
2021-05-13 13:26:56,273 - INFO - Currently at 19 of 25
2021-05-13 13:26:56,273 - INFO - Time to upload...
2021-05-13 13:26:56,288 - INFO - URL being requested: GET https://www.googleapis.com/discovery/v1/apis/sheets/v4/rest
2021-05-13 13:26:57,514 - INFO - URL being requested: POST https://sheets.googleapis.com/v4/spreadsheets/1yCaWIE2cmlpFdPWaFL2RMdAMOyNZHC4xYO9m1IEbDrI/values/Blad1:append?valueInputOption=RAW&fields=tableRange&alt=json
2021-05-13 13:27:00,092 - INFO - Number of datapoints: 70
2021-05-13 13:27:00,092 - INFO - Currently at 20 of 25
2021-05-13 13:27:00,092 - INFO - Time to upload...
2021-05-13 13:27:00,108 - INFO - URL being requested: GET https://www.googleapis.com/discovery/v1/apis/sheets/v4/rest
2021-05-13 13:27:01,202 - INFO - URL being requested: POST https://sheets.googleapis.com/v4/spreadsheets/1yCaWIE2cmlpFdPWaFL2RMdAMOyNZHC4xYO9m1IEbDrI/values/Blad1:append?valueInputOption=RAW&fields=tableRange&alt=json
2021-05-13 13:27:07,478 - INFO - Number of datapoints: 71
2021-05-13 13:27:07,478 - INFO - Currently at 21 of 25
2021-05-13 13:27:07,478 - INFO - Time to upload...
2021-05-13 13:27:07,494 - INFO - URL being requested: GET https://www.googleapis.com/discovery/v1/apis/sheets/v4/rest
2021-05-13 13:27:08,666 - INFO - URL being requested: POST https://sheets.googleapis.com/v4/spreadsheets/1yCaWIE2cmlpFdPWaFL2RMdAMOyNZHC4xYO9m1IEbDrI/values/Blad1:append?valueInputOption=RAW&fields=tableRange&alt=json
2021-05-13 13:27:10,728 - INFO - Number of datapoints: 72
2021-05-13 13:27:10,728 - INFO - Currently at 22 of 25
2021-05-13 13:27:10,744 - INFO - Time to upload...
2021-05-13 13:27:10,744 - INFO - URL being requested: GET https://www.googleapis.com/discovery/v1/apis/sheets/v4/rest
2021-05-13 13:27:11,838 - INFO - URL being requested: POST https://sheets.googleapis.com/v4/spreadsheets/1yCaWIE2cmlpFdPWaFL2RMdAMOyNZHC4xYO9m1IEbDrI/values/Blad1:append?valueInputOption=RAW&fields=tableRange&alt=json
2021-05-13 13:27:15,071 - INFO - Number of datapoints: 73
2021-05-13 13:27:15,071 - INFO - Currently at 23 of 25
2021-05-13 13:27:15,071 - INFO - Time to upload...
2021-05-13 13:27:15,071 - INFO - URL being requested: GET https://www.googleapis.com/discovery/v1/apis/sheets/v4/rest
2021-05-13 13:27:16,165 - INFO - URL being requested: POST https://sheets.googleapis.com/v4/spreadsheets/1yCaWIE2cmlpFdPWaFL2RMdAMOyNZHC4xYO9m1IEbDrI/values/Blad1:append?valueInputOption=RAW&fields=tableRange&alt=json
2021-05-13 13:27:18,734 - INFO - Number of datapoints: 74
2021-05-13 13:27:18,734 - INFO - Currently at 24 of 25
2021-05-13 13:27:18,734 - INFO - Time to upload...
2021-05-13 13:27:18,749 - INFO - URL being requested: GET https://www.googleapis.com/discovery/v1/apis/sheets/v4/rest
2021-05-13 13:27:19,921 - INFO - URL being requested: POST https://sheets.googleapis.com/v4/spreadsheets/1yCaWIE2cmlpFdPWaFL2RMdAMOyNZHC4xYO9m1IEbDrI/values/Blad1:append?valueInputOption=RAW&fields=tableRange&alt=json
2021-05-13 13:27:26,039 - INFO - Number of datapoints: 75
2021-05-13 13:27:26,039 - INFO - Currently at 25 of 25
2021-05-13 13:27:26,039 - INFO - Time to upload...
2021-05-13 13:27:26,055 - INFO - URL being requested: GET https://www.googleapis.com/discovery/v1/apis/sheets/v4/rest
2021-05-13 13:27:27,102 - INFO - URL being requested: POST https://sheets.googleapis.com/v4/spreadsheets/1yCaWIE2cmlpFdPWaFL2RMdAMOyNZHC4xYO9m1IEbDrI/values/Blad1:append?valueInputOption=RAW&fields=tableRange&alt=json
2021-05-13 13:27:32,354 - INFO - Number of datapoints: 76
2021-05-13 13:27:32,370 - INFO - Currently at 1 of 25
2021-05-13 13:27:32,370 - INFO - Time to upload...
2021-05-13 13:27:32,370 - INFO - URL being requested: GET https://www.googleapis.com/discovery/v1/apis/sheets/v4/rest
2021-05-13 13:27:33,598 - INFO - URL being requested: POST https://sheets.googleapis.com/v4/spreadsheets/1yCaWIE2cmlpFdPWaFL2RMdAMOyNZHC4xYO9m1IEbDrI/values/Blad1:append?valueInputOption=RAW&fields=tableRange&alt=json
2021-05-13 13:27:45,111 - INFO - Number of datapoints: 77
2021-05-13 13:27:45,111 - INFO - Currently at 2 of 25
2021-05-13 13:27:45,111 - INFO - Time to upload...
2021-05-13 13:27:45,127 - INFO - URL being requested: GET https://www.googleapis.com/discovery/v1/apis/sheets/v4/rest
2021-05-13 13:27:46,392 - INFO - URL being requested: POST https://sheets.googleapis.com/v4/spreadsheets/1yCaWIE2cmlpFdPWaFL2RMdAMOyNZHC4xYO9m1IEbDrI/values/Blad1:append?valueInputOption=RAW&fields=tableRange&alt=json
2021-05-13 13:27:48,349 - INFO - Number of datapoints: 78
2021-05-13 13:27:48,349 - INFO - Currently at 3 of 25
2021-05-13 13:27:48,349 - INFO - Time to upload...
2021-05-13 13:27:48,349 - INFO - URL being requested: GET https://www.googleapis.com/discovery/v1/apis/sheets/v4/rest
2021-05-13 13:27:49,490 - INFO - URL being requested: POST https://sheets.googleapis.com/v4/spreadsheets/1yCaWIE2cmlpFdPWaFL2RMdAMOyNZHC4xYO9m1IEbDrI/values/Blad1:append?valueInputOption=RAW&fields=tableRange&alt=json
2021-05-13 13:27:53,939 - INFO - Number of datapoints: 79
2021-05-13 13:27:53,939 - INFO - Currently at 4 of 25
2021-05-13 13:27:53,939 - INFO - Time to upload...
2021-05-13 13:27:53,939 - INFO - URL being requested: GET https://www.googleapis.com/discovery/v1/apis/sheets/v4/rest
2021-05-13 13:27:54,892 - INFO - URL being requested: POST https://sheets.googleapis.com/v4/spreadsheets/1yCaWIE2cmlpFdPWaFL2RMdAMOyNZHC4xYO9m1IEbDrI/values/Blad1:append?valueInputOption=RAW&fields=tableRange&alt=json
2021-05-13 13:27:57,153 - INFO - Number of datapoints: 80
2021-05-13 13:27:57,153 - INFO - Currently at 5 of 25
2021-05-13 13:27:57,153 - INFO - Time to upload...
2021-05-13 13:27:57,153 - INFO - URL being requested: GET https://www.googleapis.com/discovery/v1/apis/sheets/v4/rest
2021-05-13 13:27:58,434 - INFO - URL being requested: POST https://sheets.googleapis.com/v4/spreadsheets/1yCaWIE2cmlpFdPWaFL2RMdAMOyNZHC4xYO9m1IEbDrI/values/Blad1:append?valueInputOption=RAW&fields=tableRange&alt=json
2021-05-13 13:28:00,626 - INFO - Number of datapoints: 81
2021-05-13 13:28:00,626 - INFO - Currently at 6 of 25
2021-05-13 13:28:00,626 - INFO - Time to upload...
2021-05-13 13:28:00,626 - INFO - URL being requested: GET https://www.googleapis.com/discovery/v1/apis/sheets/v4/rest
2021-05-13 13:28:01,939 - INFO - URL being requested: POST https://sheets.googleapis.com/v4/spreadsheets/1yCaWIE2cmlpFdPWaFL2RMdAMOyNZHC4xYO9m1IEbDrI/values/Blad1:append?valueInputOption=RAW&fields=tableRange&alt=json
2021-05-13 13:28:03,986 - INFO - Number of datapoints: 82
2021-05-13 13:28:04,001 - INFO - Currently at 7 of 25
2021-05-13 13:28:04,001 - INFO - Time to upload...
2021-05-13 13:28:04,001 - INFO - URL being requested: GET https://www.googleapis.com/discovery/v1/apis/sheets/v4/rest
2021-05-13 13:28:05,111 - INFO - URL being requested: POST https://sheets.googleapis.com/v4/spreadsheets/1yCaWIE2cmlpFdPWaFL2RMdAMOyNZHC4xYO9m1IEbDrI/values/Blad1:append?valueInputOption=RAW&fields=tableRange&alt=json
2021-05-13 13:28:06,951 - INFO - Number of datapoints: 83
2021-05-13 13:28:06,951 - INFO - Currently at 8 of 25
2021-05-13 13:28:06,951 - INFO - Time to upload...
2021-05-13 13:28:06,966 - INFO - URL being requested: GET https://www.googleapis.com/discovery/v1/apis/sheets/v4/rest
2021-05-13 13:28:08,216 - INFO - URL being requested: POST https://sheets.googleapis.com/v4/spreadsheets/1yCaWIE2cmlpFdPWaFL2RMdAMOyNZHC4xYO9m1IEbDrI/values/Blad1:append?valueInputOption=RAW&fields=tableRange&alt=json
2021-05-13 13:28:10,451 - INFO - Number of datapoints: 84
2021-05-13 13:28:10,451 - INFO - Currently at 9 of 25
2021-05-13 13:28:10,451 - INFO - Time to upload...
2021-05-13 13:28:10,466 - INFO - URL being requested: GET https://www.googleapis.com/discovery/v1/apis/sheets/v4/rest
2021-05-13 13:28:11,685 - INFO - URL being requested: POST https://sheets.googleapis.com/v4/spreadsheets/1yCaWIE2cmlpFdPWaFL2RMdAMOyNZHC4xYO9m1IEbDrI/values/Blad1:append?valueInputOption=RAW&fields=tableRange&alt=json
2021-05-13 13:28:14,107 - INFO - Number of datapoints: 85
2021-05-13 13:28:14,107 - INFO - Currently at 10 of 25
2021-05-13 13:28:14,107 - INFO - Time to upload...
2021-05-13 13:28:14,122 - INFO - URL being requested: GET https://www.googleapis.com/discovery/v1/apis/sheets/v4/rest
2021-05-13 13:28:15,232 - INFO - URL being requested: POST https://sheets.googleapis.com/v4/spreadsheets/1yCaWIE2cmlpFdPWaFL2RMdAMOyNZHC4xYO9m1IEbDrI/values/Blad1:append?valueInputOption=RAW&fields=tableRange&alt=json
2021-05-13 13:28:18,258 - INFO - Number of datapoints: 86
2021-05-13 13:28:18,258 - INFO - Currently at 11 of 25
2021-05-13 13:28:18,258 - INFO - Time to upload...
2021-05-13 13:28:18,258 - INFO - URL being requested: GET https://www.googleapis.com/discovery/v1/apis/sheets/v4/rest
2021-05-13 13:28:19,530 - INFO - URL being requested: POST https://sheets.googleapis.com/v4/spreadsheets/1yCaWIE2cmlpFdPWaFL2RMdAMOyNZHC4xYO9m1IEbDrI/values/Blad1:append?valueInputOption=RAW&fields=tableRange&alt=json
2021-05-13 13:28:21,889 - INFO - Number of datapoints: 87
2021-05-13 13:28:21,889 - INFO - Currently at 12 of 25
2021-05-13 13:28:21,889 - INFO - Time to upload...
2021-05-13 13:28:21,905 - INFO - URL being requested: GET https://www.googleapis.com/discovery/v1/apis/sheets/v4/rest
2021-05-13 13:28:23,076 - INFO - URL being requested: POST https://sheets.googleapis.com/v4/spreadsheets/1yCaWIE2cmlpFdPWaFL2RMdAMOyNZHC4xYO9m1IEbDrI/values/Blad1:append?valueInputOption=RAW&fields=tableRange&alt=json
2021-05-13 13:28:24,811 - INFO - Number of datapoints: 88
2021-05-13 13:28:24,811 - INFO - Currently at 13 of 25
2021-05-13 13:28:24,811 - INFO - Time to upload...
2021-05-13 13:28:24,826 - INFO - URL being requested: GET https://www.googleapis.com/discovery/v1/apis/sheets/v4/rest
2021-05-13 13:28:25,858 - INFO - URL being requested: POST https://sheets.googleapis.com/v4/spreadsheets/1yCaWIE2cmlpFdPWaFL2RMdAMOyNZHC4xYO9m1IEbDrI/values/Blad1:append?valueInputOption=RAW&fields=tableRange&alt=json
2021-05-13 13:28:32,308 - INFO - Number of datapoints: 89
2021-05-13 13:28:32,308 - INFO - Currently at 14 of 25
2021-05-13 13:28:32,308 - INFO - Time to upload...
2021-05-13 13:28:32,308 - INFO - URL being requested: GET https://www.googleapis.com/discovery/v1/apis/sheets/v4/rest
2021-05-13 13:28:33,355 - INFO - URL being requested: POST https://sheets.googleapis.com/v4/spreadsheets/1yCaWIE2cmlpFdPWaFL2RMdAMOyNZHC4xYO9m1IEbDrI/values/Blad1:append?valueInputOption=RAW&fields=tableRange&alt=json
2021-05-13 13:28:36,480 - INFO - Number of datapoints: 90
2021-05-13 13:28:36,480 - INFO - Currently at 15 of 25
2021-05-13 13:28:36,480 - INFO - Time to upload...
2021-05-13 13:28:36,480 - INFO - URL being requested: GET https://www.googleapis.com/discovery/v1/apis/sheets/v4/rest
2021-05-13 13:28:37,652 - INFO - URL being requested: POST https://sheets.googleapis.com/v4/spreadsheets/1yCaWIE2cmlpFdPWaFL2RMdAMOyNZHC4xYO9m1IEbDrI/values/Blad1:append?valueInputOption=RAW&fields=tableRange&alt=json
2021-05-13 13:28:41,419 - INFO - Number of datapoints: 91
2021-05-13 13:28:41,419 - INFO - Currently at 16 of 25
2021-05-13 13:28:41,419 - INFO - Time to upload...
2021-05-13 13:28:41,435 - INFO - URL being requested: GET https://www.googleapis.com/discovery/v1/apis/sheets/v4/rest
2021-05-13 13:28:43,216 - INFO - URL being requested: POST https://sheets.googleapis.com/v4/spreadsheets/1yCaWIE2cmlpFdPWaFL2RMdAMOyNZHC4xYO9m1IEbDrI/values/Blad1:append?valueInputOption=RAW&fields=tableRange&alt=json
2021-05-13 13:28:46,128 - INFO - Number of datapoints: 92
2021-05-13 13:28:46,128 - INFO - Currently at 17 of 25
2021-05-13 13:28:46,128 - INFO - Time to upload...
2021-05-13 13:28:46,128 - INFO - URL being requested: GET https://www.googleapis.com/discovery/v1/apis/sheets/v4/rest
2021-05-13 13:28:47,456 - INFO - URL being requested: POST https://sheets.googleapis.com/v4/spreadsheets/1yCaWIE2cmlpFdPWaFL2RMdAMOyNZHC4xYO9m1IEbDrI/values/Blad1:append?valueInputOption=RAW&fields=tableRange&alt=json
2021-05-13 13:28:50,492 - INFO - Number of datapoints: 93
2021-05-13 13:28:50,492 - INFO - Currently at 18 of 25
2021-05-13 13:28:50,492 - INFO - Time to upload...
2021-05-13 13:28:50,492 - INFO - URL being requested: GET https://www.googleapis.com/discovery/v1/apis/sheets/v4/rest
2021-05-13 13:28:51,612 - INFO - URL being requested: POST https://sheets.googleapis.com/v4/spreadsheets/1yCaWIE2cmlpFdPWaFL2RMdAMOyNZHC4xYO9m1IEbDrI/values/Blad1:append?valueInputOption=RAW&fields=tableRange&alt=json
2021-05-13 13:28:55,393 - INFO - Number of datapoints: 94
2021-05-13 13:28:55,393 - INFO - Currently at 19 of 25
2021-05-13 13:28:55,393 - INFO - Time to upload...
2021-05-13 13:28:55,409 - INFO - URL being requested: GET https://www.googleapis.com/discovery/v1/apis/sheets/v4/rest
2021-05-13 13:28:56,409 - INFO - URL being requested: POST https://sheets.googleapis.com/v4/spreadsheets/1yCaWIE2cmlpFdPWaFL2RMdAMOyNZHC4xYO9m1IEbDrI/values/Blad1:append?valueInputOption=RAW&fields=tableRange&alt=json
2021-05-13 13:28:59,487 - INFO - Number of datapoints: 95
2021-05-13 13:28:59,502 - INFO - Currently at 20 of 25
2021-05-13 13:28:59,502 - INFO - Time to upload...
2021-05-13 13:28:59,502 - INFO - URL being requested: GET https://www.googleapis.com/discovery/v1/apis/sheets/v4/rest
2021-05-13 13:29:00,596 - INFO - URL being requested: POST https://sheets.googleapis.com/v4/spreadsheets/1yCaWIE2cmlpFdPWaFL2RMdAMOyNZHC4xYO9m1IEbDrI/values/Blad1:append?valueInputOption=RAW&fields=tableRange&alt=json
2021-05-13 13:29:03,768 - INFO - Number of datapoints: 96
2021-05-13 13:29:03,768 - INFO - Currently at 21 of 25
2021-05-13 13:29:03,768 - INFO - Time to upload...
2021-05-13 13:29:03,768 - INFO - URL being requested: GET https://www.googleapis.com/discovery/v1/apis/sheets/v4/rest
2021-05-13 13:29:04,967 - INFO - URL being requested: POST https://sheets.googleapis.com/v4/spreadsheets/1yCaWIE2cmlpFdPWaFL2RMdAMOyNZHC4xYO9m1IEbDrI/values/Blad1:append?valueInputOption=RAW&fields=tableRange&alt=json
2021-05-13 13:29:08,559 - INFO - Number of datapoints: 97
2021-05-13 13:29:08,559 - INFO - Currently at 22 of 25
2021-05-13 13:29:08,559 - INFO - Time to upload...
2021-05-13 13:29:08,559 - INFO - URL being requested: GET https://www.googleapis.com/discovery/v1/apis/sheets/v4/rest
2021-05-13 13:29:09,778 - INFO - URL being requested: POST https://sheets.googleapis.com/v4/spreadsheets/1yCaWIE2cmlpFdPWaFL2RMdAMOyNZHC4xYO9m1IEbDrI/values/Blad1:append?valueInputOption=RAW&fields=tableRange&alt=json
2021-05-13 13:29:12,984 - INFO - Number of datapoints: 98
2021-05-13 13:29:12,984 - INFO - Currently at 23 of 25
2021-05-13 13:29:12,984 - INFO - Time to upload...
2021-05-13 13:29:12,984 - INFO - URL being requested: GET https://www.googleapis.com/discovery/v1/apis/sheets/v4/rest
2021-05-13 13:29:14,093 - INFO - URL being requested: POST https://sheets.googleapis.com/v4/spreadsheets/1yCaWIE2cmlpFdPWaFL2RMdAMOyNZHC4xYO9m1IEbDrI/values/Blad1:append?valueInputOption=RAW&fields=tableRange&alt=json
2021-05-13 13:29:17,116 - INFO - Number of datapoints: 99
2021-05-13 13:29:17,116 - INFO - Currently at 24 of 25
2021-05-13 13:29:17,116 - INFO - Time to upload...
2021-05-13 13:29:17,116 - INFO - URL being requested: GET https://www.googleapis.com/discovery/v1/apis/sheets/v4/rest
2021-05-13 13:29:18,101 - INFO - URL being requested: POST https://sheets.googleapis.com/v4/spreadsheets/1yCaWIE2cmlpFdPWaFL2RMdAMOyNZHC4xYO9m1IEbDrI/values/Blad1:append?valueInputOption=RAW&fields=tableRange&alt=json
2021-05-13 13:29:20,507 - INFO - Number of datapoints: 100
2021-05-13 13:29:20,507 - INFO - Currently at 25 of 25
2021-05-13 13:29:20,507 - INFO - Time to upload...
2021-05-13 13:29:20,507 - INFO - URL being requested: GET https://www.googleapis.com/discovery/v1/apis/sheets/v4/rest
2021-05-13 13:29:21,632 - INFO - URL being requested: POST https://sheets.googleapis.com/v4/spreadsheets/1yCaWIE2cmlpFdPWaFL2RMdAMOyNZHC4xYO9m1IEbDrI/values/Blad1:append?valueInputOption=RAW&fields=tableRange&alt=json
2021-05-13 13:29:33,088 - INFO - Number of datapoints: 101
2021-05-13 13:29:33,088 - INFO - Currently at 1 of 25
2021-05-13 13:29:33,088 - INFO - Time to upload...
2021-05-13 13:29:33,088 - INFO - URL being requested: GET https://www.googleapis.com/discovery/v1/apis/sheets/v4/rest
2021-05-13 13:29:34,166 - INFO - URL being requested: POST https://sheets.googleapis.com/v4/spreadsheets/1yCaWIE2cmlpFdPWaFL2RMdAMOyNZHC4xYO9m1IEbDrI/values/Blad1:append?valueInputOption=RAW&fields=tableRange&alt=json
2021-05-13 13:29:37,493 - INFO - Number of datapoints: 102
2021-05-13 13:29:37,493 - INFO - Currently at 2 of 25
2021-05-13 13:29:37,493 - INFO - Time to upload...
2021-05-13 13:29:37,493 - INFO - URL being requested: GET https://www.googleapis.com/discovery/v1/apis/sheets/v4/rest
2021-05-13 13:29:38,531 - INFO - URL being requested: POST https://sheets.googleapis.com/v4/spreadsheets/1yCaWIE2cmlpFdPWaFL2RMdAMOyNZHC4xYO9m1IEbDrI/values/Blad1:append?valueInputOption=RAW&fields=tableRange&alt=json
2021-05-13 13:30:03,287 - INFO - Number of datapoints: 103
2021-05-13 13:30:03,287 - INFO - Currently at 3 of 25
2021-05-13 13:30:03,287 - INFO - Time to upload...
2021-05-13 13:30:03,287 - INFO - URL being requested: GET https://www.googleapis.com/discovery/v1/apis/sheets/v4/rest
2021-05-13 13:30:04,583 - INFO - URL being requested: POST https://sheets.googleapis.com/v4/spreadsheets/1yCaWIE2cmlpFdPWaFL2RMdAMOyNZHC4xYO9m1IEbDrI/values/Blad1:append?valueInputOption=RAW&fields=tableRange&alt=json
2021-05-13 13:30:08,427 - INFO - Number of datapoints: 104
2021-05-13 13:30:08,427 - INFO - Currently at 4 of 25
2021-05-13 13:30:08,427 - INFO - Time to upload...
2021-05-13 13:30:08,427 - INFO - URL being requested: GET https://www.googleapis.com/discovery/v1/apis/sheets/v4/rest
2021-05-13 13:30:09,614 - INFO - URL being requested: POST https://sheets.googleapis.com/v4/spreadsheets/1yCaWIE2cmlpFdPWaFL2RMdAMOyNZHC4xYO9m1IEbDrI/values/Blad1:append?valueInputOption=RAW&fields=tableRange&alt=json
2021-05-13 13:30:12,183 - INFO - Number of datapoints: 105
2021-05-13 13:30:12,183 - INFO - Currently at 5 of 25
2021-05-13 13:30:12,183 - INFO - Time to upload...
2021-05-13 13:30:12,199 - INFO - URL being requested: GET https://www.googleapis.com/discovery/v1/apis/sheets/v4/rest
2021-05-13 13:30:13,230 - INFO - URL being requested: POST https://sheets.googleapis.com/v4/spreadsheets/1yCaWIE2cmlpFdPWaFL2RMdAMOyNZHC4xYO9m1IEbDrI/values/Blad1:append?valueInputOption=RAW&fields=tableRange&alt=json
2021-05-13 13:30:29,571 - INFO - Number of datapoints: 106
2021-05-13 13:30:29,572 - INFO - Currently at 6 of 25
2021-05-13 13:30:29,572 - INFO - Time to upload...
2021-05-13 13:30:29,581 - INFO - URL being requested: GET https://www.googleapis.com/discovery/v1/apis/sheets/v4/rest
2021-05-13 13:30:30,639 - INFO - URL being requested: POST https://sheets.googleapis.com/v4/spreadsheets/1yCaWIE2cmlpFdPWaFL2RMdAMOyNZHC4xYO9m1IEbDrI/values/Blad1:append?valueInputOption=RAW&fields=tableRange&alt=json
2021-05-13 13:30:39,389 - INFO - Number of datapoints: 107
2021-05-13 13:30:39,389 - INFO - Currently at 7 of 25
2021-05-13 13:30:39,389 - INFO - Time to upload...
2021-05-13 13:30:39,389 - INFO - URL being requested: GET https://www.googleapis.com/discovery/v1/apis/sheets/v4/rest
2021-05-13 13:30:40,405 - INFO - URL being requested: POST https://sheets.googleapis.com/v4/spreadsheets/1yCaWIE2cmlpFdPWaFL2RMdAMOyNZHC4xYO9m1IEbDrI/values/Blad1:append?valueInputOption=RAW&fields=tableRange&alt=json
2021-05-13 13:31:50,775 - INFO - Number of datapoints: 108
2021-05-13 13:31:50,775 - INFO - Currently at 8 of 25
2021-05-13 13:31:50,775 - INFO - Time to upload...
2021-05-13 13:31:50,790 - INFO - URL being requested: GET https://www.googleapis.com/discovery/v1/apis/sheets/v4/rest
2021-05-13 13:31:53,750 - INFO - URL being requested: POST https://sheets.googleapis.com/v4/spreadsheets/1yCaWIE2cmlpFdPWaFL2RMdAMOyNZHC4xYO9m1IEbDrI/values/Blad1:append?valueInputOption=RAW&fields=tableRange&alt=json
2021-05-13 13:31:58,547 - INFO - Number of datapoints: 109
2021-05-13 13:31:58,547 - INFO - Currently at 9 of 25
2021-05-13 13:31:58,547 - INFO - Time to upload...
2021-05-13 13:31:58,547 - INFO - URL being requested: GET https://www.googleapis.com/discovery/v1/apis/sheets/v4/rest
2021-05-13 13:31:59,797 - INFO - URL being requested: POST https://sheets.googleapis.com/v4/spreadsheets/1yCaWIE2cmlpFdPWaFL2RMdAMOyNZHC4xYO9m1IEbDrI/values/Blad1:append?valueInputOption=RAW&fields=tableRange&alt=json
2021-05-13 13:32:11,687 - INFO - Number of datapoints: 110
2021-05-13 13:32:11,687 - INFO - Currently at 10 of 25
2021-05-13 13:32:11,687 - INFO - Time to upload...
2021-05-13 13:32:11,703 - INFO - URL being requested: GET https://www.googleapis.com/discovery/v1/apis/sheets/v4/rest
2021-05-13 13:32:12,968 - INFO - URL being requested: POST https://sheets.googleapis.com/v4/spreadsheets/1yCaWIE2cmlpFdPWaFL2RMdAMOyNZHC4xYO9m1IEbDrI/values/Blad1:append?valueInputOption=RAW&fields=tableRange&alt=json
2021-05-13 13:32:15,124 - INFO - Number of datapoints: 111
2021-05-13 13:32:15,124 - INFO - Currently at 11 of 25
2021-05-13 13:32:15,140 - INFO - Time to upload...
2021-05-13 13:32:15,140 - INFO - URL being requested: GET https://www.googleapis.com/discovery/v1/apis/sheets/v4/rest
2021-05-13 13:32:16,187 - INFO - URL being requested: POST https://sheets.googleapis.com/v4/spreadsheets/1yCaWIE2cmlpFdPWaFL2RMdAMOyNZHC4xYO9m1IEbDrI/values/Blad1:append?valueInputOption=RAW&fields=tableRange&alt=json
2021-05-13 13:32:18,541 - INFO - Number of datapoints: 112
2021-05-13 13:32:18,541 - INFO - Currently at 12 of 25
2021-05-13 13:32:18,541 - INFO - Time to upload...
2021-05-13 13:32:18,556 - INFO - URL being requested: GET https://www.googleapis.com/discovery/v1/apis/sheets/v4/rest
2021-05-13 13:32:19,665 - INFO - URL being requested: POST https://sheets.googleapis.com/v4/spreadsheets/1yCaWIE2cmlpFdPWaFL2RMdAMOyNZHC4xYO9m1IEbDrI/values/Blad1:append?valueInputOption=RAW&fields=tableRange&alt=json
2021-05-13 13:32:21,494 - INFO - Number of datapoints: 113
2021-05-13 13:32:21,494 - INFO - Currently at 13 of 25
2021-05-13 13:32:21,494 - INFO - Time to upload...
2021-05-13 13:32:21,494 - INFO - URL being requested: GET https://www.googleapis.com/discovery/v1/apis/sheets/v4/rest
2021-05-13 13:32:22,759 - INFO - URL being requested: POST https://sheets.googleapis.com/v4/spreadsheets/1yCaWIE2cmlpFdPWaFL2RMdAMOyNZHC4xYO9m1IEbDrI/values/Blad1:append?valueInputOption=RAW&fields=tableRange&alt=json
2021-05-13 13:32:25,087 - INFO - Number of datapoints: 114
2021-05-13 13:32:25,087 - INFO - Currently at 14 of 25
2021-05-13 13:32:25,087 - INFO - Time to upload...
2021-05-13 13:32:25,103 - INFO - URL being requested: GET https://www.googleapis.com/discovery/v1/apis/sheets/v4/rest
2021-05-13 13:32:26,603 - INFO - URL being requested: POST https://sheets.googleapis.com/v4/spreadsheets/1yCaWIE2cmlpFdPWaFL2RMdAMOyNZHC4xYO9m1IEbDrI/values/Blad1:append?valueInputOption=RAW&fields=tableRange&alt=json
2021-05-13 13:32:28,509 - INFO - Number of datapoints: 115
2021-05-13 13:32:28,509 - INFO - Currently at 15 of 25
2021-05-13 13:32:28,509 - INFO - Time to upload...
2021-05-13 13:32:28,525 - INFO - URL being requested: GET https://www.googleapis.com/discovery/v1/apis/sheets/v4/rest
2021-05-13 13:32:29,712 - INFO - URL being requested: POST https://sheets.googleapis.com/v4/spreadsheets/1yCaWIE2cmlpFdPWaFL2RMdAMOyNZHC4xYO9m1IEbDrI/values/Blad1:append?valueInputOption=RAW&fields=tableRange&alt=json
2021-05-13 13:32:31,962 - INFO - Number of datapoints: 116
2021-05-13 13:32:31,978 - INFO - Currently at 16 of 25
2021-05-13 13:32:31,978 - INFO - Time to upload...
2021-05-13 13:32:31,978 - INFO - URL being requested: GET https://www.googleapis.com/discovery/v1/apis/sheets/v4/rest
2021-05-13 13:32:33,212 - INFO - URL being requested: POST https://sheets.googleapis.com/v4/spreadsheets/1yCaWIE2cmlpFdPWaFL2RMdAMOyNZHC4xYO9m1IEbDrI/values/Blad1:append?valueInputOption=RAW&fields=tableRange&alt=json
2021-05-13 13:32:35,774 - INFO - Number of datapoints: 117
2021-05-13 13:32:35,774 - INFO - Currently at 17 of 25
2021-05-13 13:32:35,774 - INFO - Time to upload...
2021-05-13 13:32:35,774 - INFO - URL being requested: GET https://www.googleapis.com/discovery/v1/apis/sheets/v4/rest
2021-05-13 13:32:36,868 - INFO - URL being requested: POST https://sheets.googleapis.com/v4/spreadsheets/1yCaWIE2cmlpFdPWaFL2RMdAMOyNZHC4xYO9m1IEbDrI/values/Blad1:append?valueInputOption=RAW&fields=tableRange&alt=json
2021-05-13 13:32:39,227 - INFO - Number of datapoints: 118
2021-05-13 13:32:39,227 - INFO - Currently at 18 of 25
2021-05-13 13:32:39,227 - INFO - Time to upload...
2021-05-13 13:32:39,227 - INFO - URL being requested: GET https://www.googleapis.com/discovery/v1/apis/sheets/v4/rest
2021-05-13 13:32:40,455 - INFO - URL being requested: POST https://sheets.googleapis.com/v4/spreadsheets/1yCaWIE2cmlpFdPWaFL2RMdAMOyNZHC4xYO9m1IEbDrI/values/Blad1:append?valueInputOption=RAW&fields=tableRange&alt=json
2021-05-13 13:32:44,095 - INFO - Number of datapoints: 119
2021-05-13 13:32:44,095 - INFO - Currently at 19 of 25
2021-05-13 13:32:44,095 - INFO - Time to upload...
2021-05-13 13:32:44,111 - INFO - URL being requested: GET https://www.googleapis.com/discovery/v1/apis/sheets/v4/rest
2021-05-13 13:32:45,252 - INFO - URL being requested: POST https://sheets.googleapis.com/v4/spreadsheets/1yCaWIE2cmlpFdPWaFL2RMdAMOyNZHC4xYO9m1IEbDrI/values/Blad1:append?valueInputOption=RAW&fields=tableRange&alt=json
2021-05-13 13:32:49,827 - INFO - Number of datapoints: 120
2021-05-13 13:32:49,827 - INFO - Currently at 20 of 25
2021-05-13 13:32:49,827 - INFO - Time to upload...
2021-05-13 13:32:49,827 - INFO - URL being requested: GET https://www.googleapis.com/discovery/v1/apis/sheets/v4/rest
2021-05-13 13:32:51,046 - INFO - URL being requested: POST https://sheets.googleapis.com/v4/spreadsheets/1yCaWIE2cmlpFdPWaFL2RMdAMOyNZHC4xYO9m1IEbDrI/values/Blad1:append?valueInputOption=RAW&fields=tableRange&alt=json
2021-05-13 13:32:55,764 - INFO - Number of datapoints: 121
2021-05-13 13:32:55,764 - INFO - Currently at 21 of 25
2021-05-13 13:32:55,764 - INFO - Time to upload...
2021-05-13 13:32:55,764 - INFO - URL being requested: GET https://www.googleapis.com/discovery/v1/apis/sheets/v4/rest
2021-05-13 13:32:56,983 - INFO - URL being requested: POST https://sheets.googleapis.com/v4/spreadsheets/1yCaWIE2cmlpFdPWaFL2RMdAMOyNZHC4xYO9m1IEbDrI/values/Blad1:append?valueInputOption=RAW&fields=tableRange&alt=json
2021-05-13 13:33:03,311 - INFO - Number of datapoints: 122
2021-05-13 13:33:03,311 - INFO - Currently at 22 of 25
2021-05-13 13:33:03,311 - INFO - Time to upload...
2021-05-13 13:33:03,327 - INFO - URL being requested: GET https://www.googleapis.com/discovery/v1/apis/sheets/v4/rest
2021-05-13 13:33:04,373 - INFO - URL being requested: POST https://sheets.googleapis.com/v4/spreadsheets/1yCaWIE2cmlpFdPWaFL2RMdAMOyNZHC4xYO9m1IEbDrI/values/Blad1:append?valueInputOption=RAW&fields=tableRange&alt=json
2021-05-13 13:33:09,217 - INFO - Number of datapoints: 123
2021-05-13 13:33:09,217 - INFO - Currently at 23 of 25
2021-05-13 13:33:09,217 - INFO - Time to upload...
2021-05-13 13:33:09,233 - INFO - URL being requested: GET https://www.googleapis.com/discovery/v1/apis/sheets/v4/rest
2021-05-13 13:33:10,342 - INFO - URL being requested: POST https://sheets.googleapis.com/v4/spreadsheets/1yCaWIE2cmlpFdPWaFL2RMdAMOyNZHC4xYO9m1IEbDrI/values/Blad1:append?valueInputOption=RAW&fields=tableRange&alt=json
2021-05-13 13:33:18,470 - INFO - Number of datapoints: 124
2021-05-13 13:33:18,470 - INFO - Currently at 24 of 25
2021-05-13 13:33:18,470 - INFO - Time to upload...
2021-05-13 13:33:18,470 - INFO - URL being requested: GET https://www.googleapis.com/discovery/v1/apis/sheets/v4/rest
2021-05-13 13:33:19,501 - INFO - URL being requested: POST https://sheets.googleapis.com/v4/spreadsheets/1yCaWIE2cmlpFdPWaFL2RMdAMOyNZHC4xYO9m1IEbDrI/values/Blad1:append?valueInputOption=RAW&fields=tableRange&alt=json
2021-05-13 13:33:24,524 - INFO - Number of datapoints: 125
2021-05-13 13:33:24,524 - INFO - Currently at 25 of 25
2021-05-13 13:33:24,524 - INFO - Time to upload...
2021-05-13 13:33:24,524 - INFO - URL being requested: GET https://www.googleapis.com/discovery/v1/apis/sheets/v4/rest
2021-05-13 13:33:25,585 - INFO - URL being requested: POST https://sheets.googleapis.com/v4/spreadsheets/1yCaWIE2cmlpFdPWaFL2RMdAMOyNZHC4xYO9m1IEbDrI/values/Blad1:append?valueInputOption=RAW&fields=tableRange&alt=json
2021-05-13 13:33:30,348 - INFO - Number of datapoints: 126
2021-05-13 13:33:30,348 - INFO - Currently at 1 of 18
2021-05-13 13:33:30,348 - INFO - Time to upload...
2021-05-13 13:33:30,364 - INFO - URL being requested: GET https://www.googleapis.com/discovery/v1/apis/sheets/v4/rest
2021-05-13 13:33:31,564 - INFO - URL being requested: POST https://sheets.googleapis.com/v4/spreadsheets/1yCaWIE2cmlpFdPWaFL2RMdAMOyNZHC4xYO9m1IEbDrI/values/Blad1:append?valueInputOption=RAW&fields=tableRange&alt=json
2021-05-13 13:33:34,727 - INFO - Number of datapoints: 127
2021-05-13 13:33:34,727 - INFO - Currently at 2 of 18
2021-05-13 13:33:34,727 - INFO - Time to upload...
2021-05-13 13:33:34,727 - INFO - URL being requested: GET https://www.googleapis.com/discovery/v1/apis/sheets/v4/rest
2021-05-13 13:33:35,884 - INFO - URL being requested: POST https://sheets.googleapis.com/v4/spreadsheets/1yCaWIE2cmlpFdPWaFL2RMdAMOyNZHC4xYO9m1IEbDrI/values/Blad1:append?valueInputOption=RAW&fields=tableRange&alt=json
2021-05-13 13:33:38,379 - INFO - Number of datapoints: 128
2021-05-13 13:33:38,379 - INFO - Currently at 3 of 18
2021-05-13 13:33:38,379 - INFO - Time to upload...
2021-05-13 13:33:38,379 - INFO - URL being requested: GET https://www.googleapis.com/discovery/v1/apis/sheets/v4/rest
2021-05-13 13:33:39,373 - INFO - URL being requested: POST https://sheets.googleapis.com/v4/spreadsheets/1yCaWIE2cmlpFdPWaFL2RMdAMOyNZHC4xYO9m1IEbDrI/values/Blad1:append?valueInputOption=RAW&fields=tableRange&alt=json
2021-05-13 13:33:43,519 - INFO - Number of datapoints: 129
2021-05-13 13:33:43,519 - INFO - Currently at 4 of 18
2021-05-13 13:33:43,519 - INFO - Time to upload...
2021-05-13 13:33:43,519 - INFO - URL being requested: GET https://www.googleapis.com/discovery/v1/apis/sheets/v4/rest
2021-05-13 13:33:44,644 - INFO - URL being requested: POST https://sheets.googleapis.com/v4/spreadsheets/1yCaWIE2cmlpFdPWaFL2RMdAMOyNZHC4xYO9m1IEbDrI/values/Blad1:append?valueInputOption=RAW&fields=tableRange&alt=json
2021-05-13 13:33:46,800 - INFO - Number of datapoints: 130
2021-05-13 13:33:46,800 - INFO - Currently at 5 of 18
2021-05-13 13:33:46,800 - INFO - Time to upload...
2021-05-13 13:33:46,800 - INFO - URL being requested: GET https://www.googleapis.com/discovery/v1/apis/sheets/v4/rest
2021-05-13 13:33:47,878 - INFO - URL being requested: POST https://sheets.googleapis.com/v4/spreadsheets/1yCaWIE2cmlpFdPWaFL2RMdAMOyNZHC4xYO9m1IEbDrI/values/Blad1:append?valueInputOption=RAW&fields=tableRange&alt=json
2021-05-13 13:33:50,769 - INFO - Number of datapoints: 131
2021-05-13 13:33:50,769 - INFO - Currently at 6 of 18
2021-05-13 13:33:50,769 - INFO - Time to upload...
2021-05-13 13:33:50,785 - INFO - URL being requested: GET https://www.googleapis.com/discovery/v1/apis/sheets/v4/rest
2021-05-13 13:33:51,925 - INFO - URL being requested: POST https://sheets.googleapis.com/v4/spreadsheets/1yCaWIE2cmlpFdPWaFL2RMdAMOyNZHC4xYO9m1IEbDrI/values/Blad1:append?valueInputOption=RAW&fields=tableRange&alt=json
2021-05-13 13:33:54,331 - INFO - Number of datapoints: 132
2021-05-13 13:33:54,331 - INFO - Currently at 7 of 18
2021-05-13 13:33:54,331 - INFO - Time to upload...
2021-05-13 13:33:54,331 - INFO - URL being requested: GET https://www.googleapis.com/discovery/v1/apis/sheets/v4/rest
2021-05-13 13:33:55,441 - INFO - URL being requested: POST https://sheets.googleapis.com/v4/spreadsheets/1yCaWIE2cmlpFdPWaFL2RMdAMOyNZHC4xYO9m1IEbDrI/values/Blad1:append?valueInputOption=RAW&fields=tableRange&alt=json
2021-05-13 13:34:02,076 - INFO - Number of datapoints: 133
2021-05-13 13:34:02,076 - INFO - Currently at 8 of 18
2021-05-13 13:34:02,076 - INFO - Time to upload...
2021-05-13 13:34:02,076 - INFO - URL being requested: GET https://www.googleapis.com/discovery/v1/apis/sheets/v4/rest
2021-05-13 13:34:03,185 - INFO - URL being requested: POST https://sheets.googleapis.com/v4/spreadsheets/1yCaWIE2cmlpFdPWaFL2RMdAMOyNZHC4xYO9m1IEbDrI/values/Blad1:append?valueInputOption=RAW&fields=tableRange&alt=json
2021-05-13 13:34:08,153 - INFO - Number of datapoints: 134
2021-05-13 13:34:08,153 - INFO - Currently at 9 of 18
2021-05-13 13:34:08,153 - INFO - Time to upload...
2021-05-13 13:34:08,153 - INFO - URL being requested: GET https://www.googleapis.com/discovery/v1/apis/sheets/v4/rest
2021-05-13 13:34:09,341 - INFO - URL being requested: POST https://sheets.googleapis.com/v4/spreadsheets/1yCaWIE2cmlpFdPWaFL2RMdAMOyNZHC4xYO9m1IEbDrI/values/Blad1:append?valueInputOption=RAW&fields=tableRange&alt=json
2021-05-13 13:34:11,325 - INFO - Number of datapoints: 135
2021-05-13 13:34:11,325 - INFO - Currently at 10 of 18
2021-05-13 13:34:11,325 - INFO - Time to upload...
2021-05-13 13:34:11,341 - INFO - URL being requested: GET https://www.googleapis.com/discovery/v1/apis/sheets/v4/rest
2021-05-13 13:34:12,421 - INFO - URL being requested: POST https://sheets.googleapis.com/v4/spreadsheets/1yCaWIE2cmlpFdPWaFL2RMdAMOyNZHC4xYO9m1IEbDrI/values/Blad1:append?valueInputOption=RAW&fields=tableRange&alt=json
2021-05-13 13:34:14,264 - INFO - Done with TED Expanded!
